# nnet-get-egs --left-context=4 --right-context=4 "ark,s,cs:utils/filter_scp.pl --exclude exp/tri4_nnet_3/valid_uttlist data/train/split30/19/feats.scp | apply-cmvn  --utt2spk=ark:data/train/split30/19/utt2spk scp:data/train/split30/19/cmvn.scp scp:- ark:- | splice-feats --left-context=3 --right-context=3 ark:- ark:- | transform-feats exp/tri4_nnet_3/final.mat ark:- ark:- | transform-feats --utt2spk=ark:data/train/split30/19/utt2spk ark:exp/tri3_ali/trans.19 ark:- ark:- |" "ark,s,cs:gunzip -c exp/tri3_ali/ali.19.gz | ali-to-pdf exp/tri3_ali/final.mdl ark:- ark:- | ali-to-post ark:- ark:- |" ark:- | nnet-copy-egs ark:- ark:exp/tri4_nnet_3/egs/egs_orig.1.19.ark ark:exp/tri4_nnet_3/egs/egs_orig.2.19.ark ark:exp/tri4_nnet_3/egs/egs_orig.3.19.ark ark:exp/tri4_nnet_3/egs/egs_orig.4.19.ark ark:exp/tri4_nnet_3/egs/egs_orig.5.19.ark ark:exp/tri4_nnet_3/egs/egs_orig.6.19.ark ark:exp/tri4_nnet_3/egs/egs_orig.7.19.ark ark:exp/tri4_nnet_3/egs/egs_orig.8.19.ark ark:exp/tri4_nnet_3/egs/egs_orig.9.19.ark ark:exp/tri4_nnet_3/egs/egs_orig.10.19.ark ark:exp/tri4_nnet_3/egs/egs_orig.11.19.ark ark:exp/tri4_nnet_3/egs/egs_orig.12.19.ark ark:exp/tri4_nnet_3/egs/egs_orig.13.19.ark ark:exp/tri4_nnet_3/egs/egs_orig.14.19.ark ark:exp/tri4_nnet_3/egs/egs_orig.15.19.ark ark:exp/tri4_nnet_3/egs/egs_orig.16.19.ark ark:exp/tri4_nnet_3/egs/egs_orig.17.19.ark ark:exp/tri4_nnet_3/egs/egs_orig.18.19.ark ark:exp/tri4_nnet_3/egs/egs_orig.19.19.ark ark:exp/tri4_nnet_3/egs/egs_orig.20.19.ark ark:exp/tri4_nnet_3/egs/egs_orig.21.19.ark ark:exp/tri4_nnet_3/egs/egs_orig.22.19.ark ark:exp/tri4_nnet_3/egs/egs_orig.23.19.ark ark:exp/tri4_nnet_3/egs/egs_orig.24.19.ark ark:exp/tri4_nnet_3/egs/egs_orig.25.19.ark ark:exp/tri4_nnet_3/egs/egs_orig.26.19.ark ark:exp/tri4_nnet_3/egs/egs_orig.27.19.ark ark:exp/tri4_nnet_3/egs/egs_orig.28.19.ark ark:exp/tri4_nnet_3/egs/egs_orig.29.19.ark ark:exp/tri4_nnet_3/egs/egs_orig.30.19.ark 
# Started at Wed Jan  6 00:07:50 EST 2021
#
nnet-get-egs --left-context=4 --right-context=4 'ark,s,cs:utils/filter_scp.pl --exclude exp/tri4_nnet_3/valid_uttlist data/train/split30/19/feats.scp | apply-cmvn  --utt2spk=ark:data/train/split30/19/utt2spk scp:data/train/split30/19/cmvn.scp scp:- ark:- | splice-feats --left-context=3 --right-context=3 ark:- ark:- | transform-feats exp/tri4_nnet_3/final.mat ark:- ark:- | transform-feats --utt2spk=ark:data/train/split30/19/utt2spk ark:exp/tri3_ali/trans.19 ark:- ark:- |' 'ark,s,cs:gunzip -c exp/tri3_ali/ali.19.gz | ali-to-pdf exp/tri3_ali/final.mdl ark:- ark:- | ali-to-post ark:- ark:- |' ark:- 
nnet-copy-egs ark:- ark:exp/tri4_nnet_3/egs/egs_orig.1.19.ark ark:exp/tri4_nnet_3/egs/egs_orig.2.19.ark ark:exp/tri4_nnet_3/egs/egs_orig.3.19.ark ark:exp/tri4_nnet_3/egs/egs_orig.4.19.ark ark:exp/tri4_nnet_3/egs/egs_orig.5.19.ark ark:exp/tri4_nnet_3/egs/egs_orig.6.19.ark ark:exp/tri4_nnet_3/egs/egs_orig.7.19.ark ark:exp/tri4_nnet_3/egs/egs_orig.8.19.ark ark:exp/tri4_nnet_3/egs/egs_orig.9.19.ark ark:exp/tri4_nnet_3/egs/egs_orig.10.19.ark ark:exp/tri4_nnet_3/egs/egs_orig.11.19.ark ark:exp/tri4_nnet_3/egs/egs_orig.12.19.ark ark:exp/tri4_nnet_3/egs/egs_orig.13.19.ark ark:exp/tri4_nnet_3/egs/egs_orig.14.19.ark ark:exp/tri4_nnet_3/egs/egs_orig.15.19.ark ark:exp/tri4_nnet_3/egs/egs_orig.16.19.ark ark:exp/tri4_nnet_3/egs/egs_orig.17.19.ark ark:exp/tri4_nnet_3/egs/egs_orig.18.19.ark ark:exp/tri4_nnet_3/egs/egs_orig.19.19.ark ark:exp/tri4_nnet_3/egs/egs_orig.20.19.ark ark:exp/tri4_nnet_3/egs/egs_orig.21.19.ark ark:exp/tri4_nnet_3/egs/egs_orig.22.19.ark ark:exp/tri4_nnet_3/egs/egs_orig.23.19.ark ark:exp/tri4_nnet_3/egs/egs_orig.24.19.ark ark:exp/tri4_nnet_3/egs/egs_orig.25.19.ark ark:exp/tri4_nnet_3/egs/egs_orig.26.19.ark ark:exp/tri4_nnet_3/egs/egs_orig.27.19.ark ark:exp/tri4_nnet_3/egs/egs_orig.28.19.ark ark:exp/tri4_nnet_3/egs/egs_orig.29.19.ark ark:exp/tri4_nnet_3/egs/egs_orig.30.19.ark 
transform-feats exp/tri4_nnet_3/final.mat ark:- ark:- 
apply-cmvn --utt2spk=ark:data/train/split30/19/utt2spk scp:data/train/split30/19/cmvn.scp scp:- ark:- 
transform-feats --utt2spk=ark:data/train/split30/19/utt2spk ark:exp/tri3_ali/trans.19 ark:- ark:- 
splice-feats --left-context=3 --right-context=3 ark:- ark:- 
ali-to-pdf exp/tri3_ali/final.mdl ark:- ark:- 
ali-to-post ark:- ark:- 
LOG (ali-to-pdf[5.5.863~1-813b7]:main():ali-to-pdf.cc:68) Converted 120 alignments to pdf sequences.
LOG (apply-cmvn[5.5.863~1-813b7]:main():apply-cmvn.cc:162) Applied cepstral mean normalization to 103 utterances, errors on 0
LOG (ali-to-post[5.5.863~1-813b7]:main():ali-to-post.cc:73) Converted 120 alignments.
LOG (transform-feats[5.5.863~1-813b7]:main():transform-feats.cc:158) Overall average [pseudo-]logdet is -88.0273 over 31715 frames.
LOG (transform-feats[5.5.863~1-813b7]:main():transform-feats.cc:161) Applied transform to 103 utterances; 0 had errors.
LOG (transform-feats[5.5.863~1-813b7]:main():transform-feats.cc:158) Overall average logdet is 3.06738 over 31715 frames.
LOG (transform-feats[5.5.863~1-813b7]:main():transform-feats.cc:161) Applied transform to 103 utterances; 0 had errors.
LOG (nnet-get-egs[5.5.863~1-813b7]:main():nnet-get-egs.cc:174) Finished generating examples, successfully processed 103 feature files, wrote 31715 examples,  with 31715 egs in total; 0 files had errors.
LOG (nnet-copy-egs[5.5.863~1-813b7]:main():nnet-copy-egs.cc:170) Read 31715 neural-network training examples, wrote 31715
# Accounting: time=4 threads=1
# Ended (code 0) at Wed Jan  6 00:07:54 EST 2021, elapsed time 4 seconds
