# nnet-get-egs --left-context=4 --right-context=4 "ark,s,cs:utils/filter_scp.pl --exclude exp/tri4_nnet_3/valid_uttlist data/train/split30/15/feats.scp | apply-cmvn  --utt2spk=ark:data/train/split30/15/utt2spk scp:data/train/split30/15/cmvn.scp scp:- ark:- | splice-feats --left-context=3 --right-context=3 ark:- ark:- | transform-feats exp/tri4_nnet_3/final.mat ark:- ark:- | transform-feats --utt2spk=ark:data/train/split30/15/utt2spk ark:exp/tri3_ali/trans.15 ark:- ark:- |" "ark,s,cs:gunzip -c exp/tri3_ali/ali.15.gz | ali-to-pdf exp/tri3_ali/final.mdl ark:- ark:- | ali-to-post ark:- ark:- |" ark:- | nnet-copy-egs ark:- ark:exp/tri4_nnet_3/egs/egs_orig.1.15.ark ark:exp/tri4_nnet_3/egs/egs_orig.2.15.ark ark:exp/tri4_nnet_3/egs/egs_orig.3.15.ark ark:exp/tri4_nnet_3/egs/egs_orig.4.15.ark ark:exp/tri4_nnet_3/egs/egs_orig.5.15.ark ark:exp/tri4_nnet_3/egs/egs_orig.6.15.ark ark:exp/tri4_nnet_3/egs/egs_orig.7.15.ark ark:exp/tri4_nnet_3/egs/egs_orig.8.15.ark ark:exp/tri4_nnet_3/egs/egs_orig.9.15.ark ark:exp/tri4_nnet_3/egs/egs_orig.10.15.ark ark:exp/tri4_nnet_3/egs/egs_orig.11.15.ark ark:exp/tri4_nnet_3/egs/egs_orig.12.15.ark ark:exp/tri4_nnet_3/egs/egs_orig.13.15.ark ark:exp/tri4_nnet_3/egs/egs_orig.14.15.ark ark:exp/tri4_nnet_3/egs/egs_orig.15.15.ark ark:exp/tri4_nnet_3/egs/egs_orig.16.15.ark ark:exp/tri4_nnet_3/egs/egs_orig.17.15.ark ark:exp/tri4_nnet_3/egs/egs_orig.18.15.ark ark:exp/tri4_nnet_3/egs/egs_orig.19.15.ark ark:exp/tri4_nnet_3/egs/egs_orig.20.15.ark ark:exp/tri4_nnet_3/egs/egs_orig.21.15.ark ark:exp/tri4_nnet_3/egs/egs_orig.22.15.ark ark:exp/tri4_nnet_3/egs/egs_orig.23.15.ark ark:exp/tri4_nnet_3/egs/egs_orig.24.15.ark ark:exp/tri4_nnet_3/egs/egs_orig.25.15.ark ark:exp/tri4_nnet_3/egs/egs_orig.26.15.ark ark:exp/tri4_nnet_3/egs/egs_orig.27.15.ark ark:exp/tri4_nnet_3/egs/egs_orig.28.15.ark ark:exp/tri4_nnet_3/egs/egs_orig.29.15.ark ark:exp/tri4_nnet_3/egs/egs_orig.30.15.ark 
# Started at Wed Jan  6 00:07:45 EST 2021
#
nnet-get-egs --left-context=4 --right-context=4 'ark,s,cs:utils/filter_scp.pl --exclude exp/tri4_nnet_3/valid_uttlist data/train/split30/15/feats.scp | apply-cmvn  --utt2spk=ark:data/train/split30/15/utt2spk scp:data/train/split30/15/cmvn.scp scp:- ark:- | splice-feats --left-context=3 --right-context=3 ark:- ark:- | transform-feats exp/tri4_nnet_3/final.mat ark:- ark:- | transform-feats --utt2spk=ark:data/train/split30/15/utt2spk ark:exp/tri3_ali/trans.15 ark:- ark:- |' 'ark,s,cs:gunzip -c exp/tri3_ali/ali.15.gz | ali-to-pdf exp/tri3_ali/final.mdl ark:- ark:- | ali-to-post ark:- ark:- |' ark:- 
transform-feats --utt2spk=ark:data/train/split30/15/utt2spk ark:exp/tri3_ali/trans.15 ark:- ark:- 
nnet-copy-egs ark:- ark:exp/tri4_nnet_3/egs/egs_orig.1.15.ark ark:exp/tri4_nnet_3/egs/egs_orig.2.15.ark ark:exp/tri4_nnet_3/egs/egs_orig.3.15.ark ark:exp/tri4_nnet_3/egs/egs_orig.4.15.ark ark:exp/tri4_nnet_3/egs/egs_orig.5.15.ark ark:exp/tri4_nnet_3/egs/egs_orig.6.15.ark ark:exp/tri4_nnet_3/egs/egs_orig.7.15.ark ark:exp/tri4_nnet_3/egs/egs_orig.8.15.ark ark:exp/tri4_nnet_3/egs/egs_orig.9.15.ark ark:exp/tri4_nnet_3/egs/egs_orig.10.15.ark ark:exp/tri4_nnet_3/egs/egs_orig.11.15.ark ark:exp/tri4_nnet_3/egs/egs_orig.12.15.ark ark:exp/tri4_nnet_3/egs/egs_orig.13.15.ark ark:exp/tri4_nnet_3/egs/egs_orig.14.15.ark ark:exp/tri4_nnet_3/egs/egs_orig.15.15.ark ark:exp/tri4_nnet_3/egs/egs_orig.16.15.ark ark:exp/tri4_nnet_3/egs/egs_orig.17.15.ark ark:exp/tri4_nnet_3/egs/egs_orig.18.15.ark ark:exp/tri4_nnet_3/egs/egs_orig.19.15.ark ark:exp/tri4_nnet_3/egs/egs_orig.20.15.ark ark:exp/tri4_nnet_3/egs/egs_orig.21.15.ark ark:exp/tri4_nnet_3/egs/egs_orig.22.15.ark ark:exp/tri4_nnet_3/egs/egs_orig.23.15.ark ark:exp/tri4_nnet_3/egs/egs_orig.24.15.ark ark:exp/tri4_nnet_3/egs/egs_orig.25.15.ark ark:exp/tri4_nnet_3/egs/egs_orig.26.15.ark ark:exp/tri4_nnet_3/egs/egs_orig.27.15.ark ark:exp/tri4_nnet_3/egs/egs_orig.28.15.ark ark:exp/tri4_nnet_3/egs/egs_orig.29.15.ark ark:exp/tri4_nnet_3/egs/egs_orig.30.15.ark 
apply-cmvn --utt2spk=ark:data/train/split30/15/utt2spk scp:data/train/split30/15/cmvn.scp scp:- ark:- 
splice-feats --left-context=3 --right-context=3 ark:- ark:- 
transform-feats exp/tri4_nnet_3/final.mat ark:- ark:- 
ali-to-post ark:- ark:- 
ali-to-pdf exp/tri3_ali/final.mdl ark:- ark:- 
LOG (ali-to-pdf[5.5.863~1-813b7]:main():ali-to-pdf.cc:68) Converted 120 alignments to pdf sequences.
LOG (ali-to-post[5.5.863~1-813b7]:main():ali-to-post.cc:73) Converted 120 alignments.
LOG (apply-cmvn[5.5.863~1-813b7]:main():apply-cmvn.cc:162) Applied cepstral mean normalization to 111 utterances, errors on 0
LOG (transform-feats[5.5.863~1-813b7]:main():transform-feats.cc:158) Overall average [pseudo-]logdet is -88.0273 over 31656 frames.
LOG (transform-feats[5.5.863~1-813b7]:main():transform-feats.cc:161) Applied transform to 111 utterances; 0 had errors.
LOG (transform-feats[5.5.863~1-813b7]:main():transform-feats.cc:158) Overall average logdet is 3.1079 over 31656 frames.
LOG (transform-feats[5.5.863~1-813b7]:main():transform-feats.cc:161) Applied transform to 111 utterances; 0 had errors.
LOG (nnet-get-egs[5.5.863~1-813b7]:main():nnet-get-egs.cc:174) Finished generating examples, successfully processed 111 feature files, wrote 31656 examples,  with 31656 egs in total; 0 files had errors.
LOG (nnet-copy-egs[5.5.863~1-813b7]:main():nnet-copy-egs.cc:170) Read 31656 neural-network training examples, wrote 31656
# Accounting: time=5 threads=1
# Ended (code 0) at Wed Jan  6 00:07:50 EST 2021, elapsed time 5 seconds
