# ali-to-post "ark:gunzip -c exp/tri2/ali.30.gz|" ark:- | weight-silence-post 0.0 1 exp/tri2/4.mdl ark:- ark:- | gmm-acc-mllt --rand-prune=4.0 exp/tri2/4.mdl "ark,s,cs:apply-cmvn  --utt2spk=ark:data/train/split30/30/utt2spk scp:data/train/split30/30/cmvn.scp scp:data/train/split30/30/feats.scp ark:- | splice-feats --left-context=3 --right-context=3 ark:- ark:- | transform-feats exp/tri2/2.mat ark:- ark:- |" ark:- exp/tri2/4.30.macc 
# Started at Tue Jan  5 17:02:10 EST 2021
#
ali-to-post 'ark:gunzip -c exp/tri2/ali.30.gz|' ark:- 
weight-silence-post 0.0 1 exp/tri2/4.mdl ark:- ark:- 
gmm-acc-mllt --rand-prune=4.0 exp/tri2/4.mdl 'ark,s,cs:apply-cmvn  --utt2spk=ark:data/train/split30/30/utt2spk scp:data/train/split30/30/cmvn.scp scp:data/train/split30/30/feats.scp ark:- | splice-feats --left-context=3 --right-context=3 ark:- ark:- | transform-feats exp/tri2/2.mat ark:- ark:- |' ark:- exp/tri2/4.30.macc 
apply-cmvn --utt2spk=ark:data/train/split30/30/utt2spk scp:data/train/split30/30/cmvn.scp scp:data/train/split30/30/feats.scp ark:- 
splice-feats --left-context=3 --right-context=3 ark:- ark:- 
transform-feats exp/tri2/2.mat ark:- ark:- 
LOG (gmm-acc-mllt[5.5.863~1-813b7]:main():gmm-acc-mllt.cc:108) Average like for this file is -49.8324 over 367 frames.
LOG (gmm-acc-mllt[5.5.863~1-813b7]:main():gmm-acc-mllt.cc:108) Average like for this file is -53.9375 over 303 frames.
LOG (gmm-acc-mllt[5.5.863~1-813b7]:main():gmm-acc-mllt.cc:108) Average like for this file is -51.0434 over 249 frames.
LOG (gmm-acc-mllt[5.5.863~1-813b7]:main():gmm-acc-mllt.cc:108) Average like for this file is -52.853 over 186 frames.
LOG (gmm-acc-mllt[5.5.863~1-813b7]:main():gmm-acc-mllt.cc:108) Average like for this file is -51.622 over 268 frames.
LOG (gmm-acc-mllt[5.5.863~1-813b7]:main():gmm-acc-mllt.cc:108) Average like for this file is -48.7734 over 182 frames.
LOG (gmm-acc-mllt[5.5.863~1-813b7]:main():gmm-acc-mllt.cc:108) Average like for this file is -52.5289 over 208 frames.
LOG (gmm-acc-mllt[5.5.863~1-813b7]:main():gmm-acc-mllt.cc:108) Average like for this file is -55.2632 over 185 frames.
LOG (gmm-acc-mllt[5.5.863~1-813b7]:main():gmm-acc-mllt.cc:108) Average like for this file is -52.9421 over 264 frames.
LOG (gmm-acc-mllt[5.5.863~1-813b7]:main():gmm-acc-mllt.cc:108) Average like for this file is -53.3296 over 176 frames.
LOG (gmm-acc-mllt[5.5.863~1-813b7]:main():gmm-acc-mllt.cc:114) Avg like per frame so far is -52.0921
LOG (gmm-acc-mllt[5.5.863~1-813b7]:main():gmm-acc-mllt.cc:108) Average like for this file is -55.1499 over 397 frames.
LOG (gmm-acc-mllt[5.5.863~1-813b7]:main():gmm-acc-mllt.cc:108) Average like for this file is -53.634 over 207 frames.
LOG (gmm-acc-mllt[5.5.863~1-813b7]:main():gmm-acc-mllt.cc:108) Average like for this file is -55.3736 over 326 frames.
LOG (gmm-acc-mllt[5.5.863~1-813b7]:main():gmm-acc-mllt.cc:108) Average like for this file is -54.4674 over 272 frames.
LOG (gmm-acc-mllt[5.5.863~1-813b7]:main():gmm-acc-mllt.cc:108) Average like for this file is -53.9778 over 190 frames.
LOG (gmm-acc-mllt[5.5.863~1-813b7]:main():gmm-acc-mllt.cc:108) Average like for this file is -54.8047 over 305 frames.
LOG (gmm-acc-mllt[5.5.863~1-813b7]:main():gmm-acc-mllt.cc:108) Average like for this file is -56.1714 over 365 frames.
LOG (gmm-acc-mllt[5.5.863~1-813b7]:main():gmm-acc-mllt.cc:108) Average like for this file is -55.0194 over 99 frames.
LOG (gmm-acc-mllt[5.5.863~1-813b7]:main():gmm-acc-mllt.cc:108) Average like for this file is -52.7835 over 228 frames.
LOG (gmm-acc-mllt[5.5.863~1-813b7]:main():gmm-acc-mllt.cc:108) Average like for this file is -53.0132 over 257 frames.
LOG (gmm-acc-mllt[5.5.863~1-813b7]:main():gmm-acc-mllt.cc:114) Avg like per frame so far is -53.4047
LOG (gmm-acc-mllt[5.5.863~1-813b7]:main():gmm-acc-mllt.cc:108) Average like for this file is -55.6371 over 146 frames.
LOG (gmm-acc-mllt[5.5.863~1-813b7]:main():gmm-acc-mllt.cc:108) Average like for this file is -51.3832 over 194 frames.
LOG (gmm-acc-mllt[5.5.863~1-813b7]:main():gmm-acc-mllt.cc:108) Average like for this file is -55.3171 over 197 frames.
LOG (gmm-acc-mllt[5.5.863~1-813b7]:main():gmm-acc-mllt.cc:108) Average like for this file is -54.5502 over 207 frames.
LOG (gmm-acc-mllt[5.5.863~1-813b7]:main():gmm-acc-mllt.cc:108) Average like for this file is -52.4603 over 438 frames.
LOG (gmm-acc-mllt[5.5.863~1-813b7]:main():gmm-acc-mllt.cc:108) Average like for this file is -55.2985 over 292 frames.
LOG (gmm-acc-mllt[5.5.863~1-813b7]:main():gmm-acc-mllt.cc:108) Average like for this file is -53.7979 over 240 frames.
LOG (gmm-acc-mllt[5.5.863~1-813b7]:main():gmm-acc-mllt.cc:108) Average like for this file is -52.3338 over 410 frames.
LOG (gmm-acc-mllt[5.5.863~1-813b7]:main():gmm-acc-mllt.cc:108) Average like for this file is -54.4129 over 414 frames.
LOG (gmm-acc-mllt[5.5.863~1-813b7]:main():gmm-acc-mllt.cc:108) Average like for this file is -51.9224 over 327 frames.
LOG (gmm-acc-mllt[5.5.863~1-813b7]:main():gmm-acc-mllt.cc:114) Avg like per frame so far is -53.4395
LOG (gmm-acc-mllt[5.5.863~1-813b7]:main():gmm-acc-mllt.cc:108) Average like for this file is -54.6047 over 346 frames.
LOG (gmm-acc-mllt[5.5.863~1-813b7]:main():gmm-acc-mllt.cc:108) Average like for this file is -54.5342 over 254 frames.
LOG (gmm-acc-mllt[5.5.863~1-813b7]:main():gmm-acc-mllt.cc:108) Average like for this file is -58.6261 over 289 frames.
LOG (gmm-acc-mllt[5.5.863~1-813b7]:main():gmm-acc-mllt.cc:108) Average like for this file is -52.8253 over 91 frames.
LOG (gmm-acc-mllt[5.5.863~1-813b7]:main():gmm-acc-mllt.cc:108) Average like for this file is -56.6296 over 173 frames.
LOG (gmm-acc-mllt[5.5.863~1-813b7]:main():gmm-acc-mllt.cc:108) Average like for this file is -47.7049 over 218 frames.
LOG (gmm-acc-mllt[5.5.863~1-813b7]:main():gmm-acc-mllt.cc:108) Average like for this file is -54.8445 over 183 frames.
LOG (gmm-acc-mllt[5.5.863~1-813b7]:main():gmm-acc-mllt.cc:108) Average like for this file is -50.6789 over 218 frames.
LOG (gmm-acc-mllt[5.5.863~1-813b7]:main():gmm-acc-mllt.cc:108) Average like for this file is -54.4085 over 313 frames.
LOG (gmm-acc-mllt[5.5.863~1-813b7]:main():gmm-acc-mllt.cc:108) Average like for this file is -55.015 over 115 frames.
LOG (gmm-acc-mllt[5.5.863~1-813b7]:main():gmm-acc-mllt.cc:114) Avg like per frame so far is -53.5946
LOG (gmm-acc-mllt[5.5.863~1-813b7]:main():gmm-acc-mllt.cc:108) Average like for this file is -51.4587 over 437 frames.
LOG (gmm-acc-mllt[5.5.863~1-813b7]:main():gmm-acc-mllt.cc:108) Average like for this file is -46.8847 over 260 frames.
LOG (gmm-acc-mllt[5.5.863~1-813b7]:main():gmm-acc-mllt.cc:108) Average like for this file is -47.325 over 204 frames.
LOG (gmm-acc-mllt[5.5.863~1-813b7]:main():gmm-acc-mllt.cc:108) Average like for this file is -51.4325 over 252 frames.
LOG (gmm-acc-mllt[5.5.863~1-813b7]:main():gmm-acc-mllt.cc:108) Average like for this file is -49.0357 over 245 frames.
LOG (gmm-acc-mllt[5.5.863~1-813b7]:main():gmm-acc-mllt.cc:108) Average like for this file is -47.8322 over 208 frames.
LOG (gmm-acc-mllt[5.5.863~1-813b7]:main():gmm-acc-mllt.cc:108) Average like for this file is -54.4337 over 220 frames.
LOG (gmm-acc-mllt[5.5.863~1-813b7]:main():gmm-acc-mllt.cc:108) Average like for this file is -51.1224 over 309 frames.
LOG (gmm-acc-mllt[5.5.863~1-813b7]:main():gmm-acc-mllt.cc:108) Average like for this file is -51.3342 over 276 frames.
LOG (gmm-acc-mllt[5.5.863~1-813b7]:main():gmm-acc-mllt.cc:108) Average like for this file is -52.9154 over 97 frames.
LOG (gmm-acc-mllt[5.5.863~1-813b7]:main():gmm-acc-mllt.cc:114) Avg like per frame so far is -52.9531
LOG (gmm-acc-mllt[5.5.863~1-813b7]:main():gmm-acc-mllt.cc:108) Average like for this file is -49.5119 over 272 frames.
LOG (gmm-acc-mllt[5.5.863~1-813b7]:main():gmm-acc-mllt.cc:108) Average like for this file is -51.8024 over 163 frames.
LOG (gmm-acc-mllt[5.5.863~1-813b7]:main():gmm-acc-mllt.cc:108) Average like for this file is -49.9169 over 179 frames.
LOG (gmm-acc-mllt[5.5.863~1-813b7]:main():gmm-acc-mllt.cc:108) Average like for this file is -48.8801 over 271 frames.
LOG (gmm-acc-mllt[5.5.863~1-813b7]:main():gmm-acc-mllt.cc:108) Average like for this file is -50.1755 over 261 frames.
LOG (gmm-acc-mllt[5.5.863~1-813b7]:main():gmm-acc-mllt.cc:108) Average like for this file is -53.7651 over 218 frames.
LOG (gmm-acc-mllt[5.5.863~1-813b7]:main():gmm-acc-mllt.cc:108) Average like for this file is -52.1673 over 388 frames.
LOG (gmm-acc-mllt[5.5.863~1-813b7]:main():gmm-acc-mllt.cc:108) Average like for this file is -54.0893 over 189 frames.
LOG (gmm-acc-mllt[5.5.863~1-813b7]:main():gmm-acc-mllt.cc:108) Average like for this file is -54.0953 over 251 frames.
LOG (gmm-acc-mllt[5.5.863~1-813b7]:main():gmm-acc-mllt.cc:108) Average like for this file is -53.7654 over 350 frames.
LOG (gmm-acc-mllt[5.5.863~1-813b7]:main():gmm-acc-mllt.cc:114) Avg like per frame so far is -52.7658
LOG (gmm-acc-mllt[5.5.863~1-813b7]:main():gmm-acc-mllt.cc:108) Average like for this file is -51.9651 over 216 frames.
LOG (gmm-acc-mllt[5.5.863~1-813b7]:main():gmm-acc-mllt.cc:108) Average like for this file is -50.1989 over 260 frames.
LOG (gmm-acc-mllt[5.5.863~1-813b7]:main():gmm-acc-mllt.cc:108) Average like for this file is -54.1878 over 238 frames.
LOG (gmm-acc-mllt[5.5.863~1-813b7]:main():gmm-acc-mllt.cc:108) Average like for this file is -53.5944 over 203 frames.
LOG (gmm-acc-mllt[5.5.863~1-813b7]:main():gmm-acc-mllt.cc:108) Average like for this file is -56.4184 over 267 frames.
LOG (gmm-acc-mllt[5.5.863~1-813b7]:main():gmm-acc-mllt.cc:108) Average like for this file is -53.5998 over 220 frames.
LOG (gmm-acc-mllt[5.5.863~1-813b7]:main():gmm-acc-mllt.cc:108) Average like for this file is -55.9438 over 202 frames.
LOG (gmm-acc-mllt[5.5.863~1-813b7]:main():gmm-acc-mllt.cc:108) Average like for this file is -54.1216 over 242 frames.
LOG (gmm-acc-mllt[5.5.863~1-813b7]:main():gmm-acc-mllt.cc:108) Average like for this file is -53.2042 over 286 frames.
LOG (gmm-acc-mllt[5.5.863~1-813b7]:main():gmm-acc-mllt.cc:108) Average like for this file is -55.6221 over 292 frames.
LOG (gmm-acc-mllt[5.5.863~1-813b7]:main():gmm-acc-mllt.cc:114) Avg like per frame so far is -52.9225
LOG (gmm-acc-mllt[5.5.863~1-813b7]:main():gmm-acc-mllt.cc:108) Average like for this file is -56.4572 over 384 frames.
LOG (gmm-acc-mllt[5.5.863~1-813b7]:main():gmm-acc-mllt.cc:108) Average like for this file is -54.5212 over 325 frames.
LOG (gmm-acc-mllt[5.5.863~1-813b7]:main():gmm-acc-mllt.cc:108) Average like for this file is -51.303 over 216 frames.
LOG (gmm-acc-mllt[5.5.863~1-813b7]:main():gmm-acc-mllt.cc:108) Average like for this file is -48.9939 over 223 frames.
LOG (gmm-acc-mllt[5.5.863~1-813b7]:main():gmm-acc-mllt.cc:108) Average like for this file is -52.3003 over 339 frames.
LOG (gmm-acc-mllt[5.5.863~1-813b7]:main():gmm-acc-mllt.cc:108) Average like for this file is -53.593 over 351 frames.
LOG (gmm-acc-mllt[5.5.863~1-813b7]:main():gmm-acc-mllt.cc:108) Average like for this file is -52.4893 over 218 frames.
LOG (gmm-acc-mllt[5.5.863~1-813b7]:main():gmm-acc-mllt.cc:108) Average like for this file is -49.9866 over 288 frames.
LOG (gmm-acc-mllt[5.5.863~1-813b7]:main():gmm-acc-mllt.cc:108) Average like for this file is -52.0962 over 165 frames.
LOG (gmm-acc-mllt[5.5.863~1-813b7]:main():gmm-acc-mllt.cc:108) Average like for this file is -52.68 over 244 frames.
LOG (gmm-acc-mllt[5.5.863~1-813b7]:main():gmm-acc-mllt.cc:114) Avg like per frame so far is -52.8999
LOG (gmm-acc-mllt[5.5.863~1-813b7]:main():gmm-acc-mllt.cc:108) Average like for this file is -50.3938 over 314 frames.
LOG (gmm-acc-mllt[5.5.863~1-813b7]:main():gmm-acc-mllt.cc:108) Average like for this file is -53.2796 over 130 frames.
LOG (gmm-acc-mllt[5.5.863~1-813b7]:main():gmm-acc-mllt.cc:108) Average like for this file is -53.8486 over 216 frames.
LOG (gmm-acc-mllt[5.5.863~1-813b7]:main():gmm-acc-mllt.cc:108) Average like for this file is -52.7795 over 222 frames.
LOG (gmm-acc-mllt[5.5.863~1-813b7]:main():gmm-acc-mllt.cc:108) Average like for this file is -50.9948 over 330 frames.
LOG (gmm-acc-mllt[5.5.863~1-813b7]:main():gmm-acc-mllt.cc:108) Average like for this file is -54.693 over 259 frames.
LOG (gmm-acc-mllt[5.5.863~1-813b7]:main():gmm-acc-mllt.cc:108) Average like for this file is -51.9689 over 182 frames.
LOG (gmm-acc-mllt[5.5.863~1-813b7]:main():gmm-acc-mllt.cc:108) Average like for this file is -51.9236 over 331 frames.
LOG (gmm-acc-mllt[5.5.863~1-813b7]:main():gmm-acc-mllt.cc:108) Average like for this file is -52.8942 over 370 frames.
LOG (gmm-acc-mllt[5.5.863~1-813b7]:main():gmm-acc-mllt.cc:108) Average like for this file is -50.0187 over 126 frames.
LOG (gmm-acc-mllt[5.5.863~1-813b7]:main():gmm-acc-mllt.cc:114) Avg like per frame so far is -52.8306
LOG (gmm-acc-mllt[5.5.863~1-813b7]:main():gmm-acc-mllt.cc:108) Average like for this file is -53.405 over 352 frames.
LOG (ali-to-post[5.5.863~1-813b7]:main():ali-to-post.cc:73) Converted 120 alignments.
LOG (gmm-acc-mllt[5.5.863~1-813b7]:main():gmm-acc-mllt.cc:108) Average like for this file is -51.0569 over 188 frames.
LOG (gmm-acc-mllt[5.5.863~1-813b7]:main():gmm-acc-mllt.cc:108) Average like for this file is -54.7238 over 207 frames.
LOG (gmm-acc-mllt[5.5.863~1-813b7]:main():gmm-acc-mllt.cc:108) Average like for this file is -51.2885 over 128 frames.
LOG (gmm-acc-mllt[5.5.863~1-813b7]:main():gmm-acc-mllt.cc:108) Average like for this file is -50.8247 over 270 frames.
LOG (gmm-acc-mllt[5.5.863~1-813b7]:main():gmm-acc-mllt.cc:108) Average like for this file is -53.789 over 166 frames.
LOG (gmm-acc-mllt[5.5.863~1-813b7]:main():gmm-acc-mllt.cc:108) Average like for this file is -52.5617 over 159 frames.
LOG (gmm-acc-mllt[5.5.863~1-813b7]:main():gmm-acc-mllt.cc:108) Average like for this file is -53.7849 over 203 frames.
LOG (gmm-acc-mllt[5.5.863~1-813b7]:main():gmm-acc-mllt.cc:108) Average like for this file is -51.1531 over 367 frames.
LOG (gmm-acc-mllt[5.5.863~1-813b7]:main():gmm-acc-mllt.cc:108) Average like for this file is -50.5549 over 186 frames.
LOG (gmm-acc-mllt[5.5.863~1-813b7]:main():gmm-acc-mllt.cc:114) Avg like per frame so far is -52.7823
LOG (gmm-acc-mllt[5.5.863~1-813b7]:main():gmm-acc-mllt.cc:108) Average like for this file is -54.1268 over 177 frames.
LOG (gmm-acc-mllt[5.5.863~1-813b7]:main():gmm-acc-mllt.cc:108) Average like for this file is -52.5441 over 314 frames.
LOG (gmm-acc-mllt[5.5.863~1-813b7]:main():gmm-acc-mllt.cc:108) Average like for this file is -50.3967 over 190 frames.
LOG (gmm-acc-mllt[5.5.863~1-813b7]:main():gmm-acc-mllt.cc:108) Average like for this file is -50.4162 over 226 frames.
LOG (gmm-acc-mllt[5.5.863~1-813b7]:main():gmm-acc-mllt.cc:108) Average like for this file is -50.4276 over 435 frames.
LOG (gmm-acc-mllt[5.5.863~1-813b7]:main():gmm-acc-mllt.cc:108) Average like for this file is -45.4948 over 189 frames.
LOG (gmm-acc-mllt[5.5.863~1-813b7]:main():gmm-acc-mllt.cc:108) Average like for this file is -48.9025 over 406 frames.
LOG (gmm-acc-mllt[5.5.863~1-813b7]:main():gmm-acc-mllt.cc:108) Average like for this file is -52.4218 over 393 frames.
LOG (weight-silence-post[5.5.863~1-813b7]:main():weight-silence-post.cc:95) Done 120 posteriors.
LOG (gmm-acc-mllt[5.5.863~1-813b7]:main():gmm-acc-mllt.cc:108) Average like for this file is -55.1345 over 259 frames.
LOG (gmm-acc-mllt[5.5.863~1-813b7]:main():gmm-acc-mllt.cc:108) Average like for this file is -52.7198 over 344 frames.
LOG (gmm-acc-mllt[5.5.863~1-813b7]:main():gmm-acc-mllt.cc:114) Avg like per frame so far is -52.6266
LOG (gmm-acc-mllt[5.5.863~1-813b7]:main():gmm-acc-mllt.cc:108) Average like for this file is -49.6544 over 225 frames.
LOG (gmm-acc-mllt[5.5.863~1-813b7]:main():gmm-acc-mllt.cc:108) Average like for this file is -51.5465 over 311 frames.
LOG (apply-cmvn[5.5.863~1-813b7]:main():apply-cmvn.cc:162) Applied cepstral mean normalization to 120 utterances, errors on 0
LOG (gmm-acc-mllt[5.5.863~1-813b7]:main():gmm-acc-mllt.cc:108) Average like for this file is -56.8583 over 351 frames.
LOG (gmm-acc-mllt[5.5.863~1-813b7]:main():gmm-acc-mllt.cc:108) Average like for this file is -50.8235 over 166 frames.
LOG (gmm-acc-mllt[5.5.863~1-813b7]:main():gmm-acc-mllt.cc:108) Average like for this file is -55.4853 over 329 frames.
LOG (gmm-acc-mllt[5.5.863~1-813b7]:main():gmm-acc-mllt.cc:108) Average like for this file is -55.147 over 344 frames.
LOG (gmm-acc-mllt[5.5.863~1-813b7]:main():gmm-acc-mllt.cc:108) Average like for this file is -55.9007 over 229 frames.
LOG (gmm-acc-mllt[5.5.863~1-813b7]:main():gmm-acc-mllt.cc:108) Average like for this file is -53.231 over 255 frames.
LOG (transform-feats[5.5.863~1-813b7]:main():transform-feats.cc:158) Overall average [pseudo-]logdet is -89.817 over 35216 frames.
LOG (transform-feats[5.5.863~1-813b7]:main():transform-feats.cc:161) Applied transform to 120 utterances; 0 had errors.
LOG (gmm-acc-mllt[5.5.863~1-813b7]:main():gmm-acc-mllt.cc:108) Average like for this file is -54.1664 over 249 frames.
LOG (gmm-acc-mllt[5.5.863~1-813b7]:main():gmm-acc-mllt.cc:108) Average like for this file is -57.4083 over 202 frames.
LOG (gmm-acc-mllt[5.5.863~1-813b7]:main():gmm-acc-mllt.cc:114) Avg like per frame so far is -52.7651
LOG (gmm-acc-mllt[5.5.863~1-813b7]:main():gmm-acc-mllt.cc:119) Done 120 files, 0 with no posteriors, 0 with other errors.
LOG (gmm-acc-mllt[5.5.863~1-813b7]:main():gmm-acc-mllt.cc:123) Overall avg like per frame (Gaussian only) = -52.7651 over 30628 frames.
LOG (gmm-acc-mllt[5.5.863~1-813b7]:main():gmm-acc-mllt.cc:127) Written accs.
# Accounting: time=0 threads=1
# Ended (code 0) at Tue Jan  5 17:02:10 EST 2021, elapsed time 0 seconds
