# gmm-est --write-occs=exp/tri2/29.occs --mix-up=15000 --power=0.25 exp/tri2/28.mdl "gmm-sum-accs - exp/tri2/28.*.acc |" exp/tri2/29.mdl 
# Started at Tue Jan  5 17:05:33 EST 2021
#
gmm-est --write-occs=exp/tri2/29.occs --mix-up=15000 --power=0.25 exp/tri2/28.mdl 'gmm-sum-accs - exp/tri2/28.*.acc |' exp/tri2/29.mdl 
gmm-sum-accs - exp/tri2/28.1.acc exp/tri2/28.10.acc exp/tri2/28.11.acc exp/tri2/28.12.acc exp/tri2/28.13.acc exp/tri2/28.14.acc exp/tri2/28.15.acc exp/tri2/28.16.acc exp/tri2/28.17.acc exp/tri2/28.18.acc exp/tri2/28.19.acc exp/tri2/28.2.acc exp/tri2/28.20.acc exp/tri2/28.21.acc exp/tri2/28.22.acc exp/tri2/28.23.acc exp/tri2/28.24.acc exp/tri2/28.25.acc exp/tri2/28.26.acc exp/tri2/28.27.acc exp/tri2/28.28.acc exp/tri2/28.29.acc exp/tri2/28.3.acc exp/tri2/28.30.acc exp/tri2/28.4.acc exp/tri2/28.5.acc exp/tri2/28.6.acc exp/tri2/28.7.acc exp/tri2/28.8.acc exp/tri2/28.9.acc 
LOG (gmm-sum-accs[5.5.863~1-813b7]:main():gmm-sum-accs.cc:63) Summed 30 stats, total count 1.1274e+06, avg like/frame -47.5609
LOG (gmm-sum-accs[5.5.863~1-813b7]:main():gmm-sum-accs.cc:66) Total count of stats is 1.1274e+06
LOG (gmm-sum-accs[5.5.863~1-813b7]:main():gmm-sum-accs.cc:67) Written stats to -
LOG (gmm-est[5.5.863~1-813b7]:MleUpdate():transition-model.cc:528) TransitionModel::Update, objf change is 0 per frame over 1.1274e+06 frames. 
LOG (gmm-est[5.5.863~1-813b7]:MleUpdate():transition-model.cc:531) 40 probabilities floored, 2 out of 2055 transition-states skipped due to insuffient data (it is normal to have some skipped.)
LOG (gmm-est[5.5.863~1-813b7]:main():gmm-est.cc:102) Transition model update: Overall 0 log-like improvement per frame over 1.1274e+06 frames.
WARNING (gmm-est[5.5.863~1-813b7]:MleDiagGmmUpdate():mle-diag-gmm.cc:359) Too little data - removing Gaussian (weight 0.062790, occupation count 9.230198, vector size 40)
WARNING (gmm-est[5.5.863~1-813b7]:MleDiagGmmUpdate():mle-diag-gmm.cc:359) Too little data - removing Gaussian (weight 0.068032, occupation count 8.776112, vector size 40)
WARNING (gmm-est[5.5.863~1-813b7]:MleDiagGmmUpdate():mle-diag-gmm.cc:365) Gaussian has too little data but not removing it because it is the last Gaussian: i = 0, occ = 9, weight = 1
WARNING (gmm-est[5.5.863~1-813b7]:MleDiagGmmUpdate():mle-diag-gmm.cc:365) Gaussian has too little data but not removing it because it is the last Gaussian: i = 0, occ = 9, weight = 1
WARNING (gmm-est[5.5.863~1-813b7]:MleDiagGmmUpdate():mle-diag-gmm.cc:365) Gaussian has too little data but not removing it because it is the last Gaussian: i = 0, occ = 9, weight = 1
LOG (gmm-est[5.5.863~1-813b7]:MleAmDiagGmmUpdate():mle-am-diag-gmm.cc:225) 0 variance elements floored in 0 Gaussians, out of 15000
LOG (gmm-est[5.5.863~1-813b7]:MleAmDiagGmmUpdate():mle-am-diag-gmm.cc:229) Removed 2 Gaussians due to counts < --min-gaussian-occupancy=10 and --remove-low-count-gaussians=true
LOG (gmm-est[5.5.863~1-813b7]:main():gmm-est.cc:113) GMM update: Overall 0.04415 objective function improvement per frame over 1.1274e+06 frames
LOG (gmm-est[5.5.863~1-813b7]:main():gmm-est.cc:116) GMM update: Overall avg like per frame = -47.5609 over 1.1274e+06 frames.
LOG (gmm-est[5.5.863~1-813b7]:SplitByCount():am-diag-gmm.cc:116) Split 1984 states with target = 15000, power = 0.25, perturb_factor = 0.01 and min_count = 20, split #Gauss from 15000 to 15002
LOG (gmm-est[5.5.863~1-813b7]:main():gmm-est.cc:146) Written model to exp/tri2/29.mdl
# Accounting: time=3 threads=1
# Ended (code 0) at Tue Jan  5 17:05:36 EST 2021, elapsed time 3 seconds
