# gmm-est --write-occs=exp/tri2/4.occs --mix-up=3500 --power=0.25 exp/tri2/3.mdl "gmm-sum-accs - exp/tri2/3.*.acc |" exp/tri2/4.mdl 
# Started at Tue Jan  5 17:02:02 EST 2021
#
gmm-est --write-occs=exp/tri2/4.occs --mix-up=3500 --power=0.25 exp/tri2/3.mdl 'gmm-sum-accs - exp/tri2/3.*.acc |' exp/tri2/4.mdl 
gmm-sum-accs - exp/tri2/3.1.acc exp/tri2/3.10.acc exp/tri2/3.11.acc exp/tri2/3.12.acc exp/tri2/3.13.acc exp/tri2/3.14.acc exp/tri2/3.15.acc exp/tri2/3.16.acc exp/tri2/3.17.acc exp/tri2/3.18.acc exp/tri2/3.19.acc exp/tri2/3.2.acc exp/tri2/3.20.acc exp/tri2/3.21.acc exp/tri2/3.22.acc exp/tri2/3.23.acc exp/tri2/3.24.acc exp/tri2/3.25.acc exp/tri2/3.26.acc exp/tri2/3.27.acc exp/tri2/3.28.acc exp/tri2/3.29.acc exp/tri2/3.3.acc exp/tri2/3.30.acc exp/tri2/3.4.acc exp/tri2/3.5.acc exp/tri2/3.6.acc exp/tri2/3.7.acc exp/tri2/3.8.acc exp/tri2/3.9.acc 
LOG (gmm-sum-accs[5.5.863~1-813b7]:main():gmm-sum-accs.cc:63) Summed 30 stats, total count 1.1274e+06, avg like/frame -53.0063
LOG (gmm-sum-accs[5.5.863~1-813b7]:main():gmm-sum-accs.cc:66) Total count of stats is 1.1274e+06
LOG (gmm-sum-accs[5.5.863~1-813b7]:main():gmm-sum-accs.cc:67) Written stats to -
LOG (gmm-est[5.5.863~1-813b7]:MleUpdate():transition-model.cc:528) TransitionModel::Update, objf change is 0 per frame over 1.1274e+06 frames. 
LOG (gmm-est[5.5.863~1-813b7]:MleUpdate():transition-model.cc:531) 17 probabilities floored, 2 out of 2055 transition-states skipped due to insuffient data (it is normal to have some skipped.)
LOG (gmm-est[5.5.863~1-813b7]:main():gmm-est.cc:102) Transition model update: Overall 0 log-like improvement per frame over 1.1274e+06 frames.
WARNING (gmm-est[5.5.863~1-813b7]:MleDiagGmmUpdate():mle-diag-gmm.cc:365) Gaussian has too little data but not removing it because it is the last Gaussian: i = 0, occ = 10, weight = 1
WARNING (gmm-est[5.5.863~1-813b7]:MleDiagGmmUpdate():mle-diag-gmm.cc:365) Gaussian has too little data but not removing it because it is the last Gaussian: i = 0, occ = 10, weight = 1
WARNING (gmm-est[5.5.863~1-813b7]:MleDiagGmmUpdate():mle-diag-gmm.cc:365) Gaussian has too little data but not removing it because it is the last Gaussian: i = 0, occ = 10, weight = 1
LOG (gmm-est[5.5.863~1-813b7]:MleAmDiagGmmUpdate():mle-am-diag-gmm.cc:225) 0 variance elements floored in 0 Gaussians, out of 3000
LOG (gmm-est[5.5.863~1-813b7]:MleAmDiagGmmUpdate():mle-am-diag-gmm.cc:229) Removed 0 Gaussians due to counts < --min-gaussian-occupancy=10 and --remove-low-count-gaussians=true
LOG (gmm-est[5.5.863~1-813b7]:main():gmm-est.cc:113) GMM update: Overall 0.0417436 objective function improvement per frame over 1.1274e+06 frames
LOG (gmm-est[5.5.863~1-813b7]:main():gmm-est.cc:116) GMM update: Overall avg like per frame = -53.0063 over 1.1274e+06 frames.
LOG (gmm-est[5.5.863~1-813b7]:SplitByCount():am-diag-gmm.cc:116) Split 1984 states with target = 3500, power = 0.25, perturb_factor = 0.01 and min_count = 20, split #Gauss from 3000 to 3500
LOG (gmm-est[5.5.863~1-813b7]:main():gmm-est.cc:146) Written model to exp/tri2/4.mdl
# Accounting: time=2 threads=1
# Ended (code 0) at Tue Jan  5 17:02:04 EST 2021, elapsed time 2 seconds
