# gmm-est --write-occs=exp/tri2/8.occs --mix-up=5500 --power=0.25 exp/tri2/7.mdl "gmm-sum-accs - exp/tri2/7.*.acc |" exp/tri2/8.mdl 
# Started at Tue Jan  5 17:02:40 EST 2021
#
gmm-est --write-occs=exp/tri2/8.occs --mix-up=5500 --power=0.25 exp/tri2/7.mdl 'gmm-sum-accs - exp/tri2/7.*.acc |' exp/tri2/8.mdl 
gmm-sum-accs - exp/tri2/7.1.acc exp/tri2/7.10.acc exp/tri2/7.11.acc exp/tri2/7.12.acc exp/tri2/7.13.acc exp/tri2/7.14.acc exp/tri2/7.15.acc exp/tri2/7.16.acc exp/tri2/7.17.acc exp/tri2/7.18.acc exp/tri2/7.19.acc exp/tri2/7.2.acc exp/tri2/7.20.acc exp/tri2/7.21.acc exp/tri2/7.22.acc exp/tri2/7.23.acc exp/tri2/7.24.acc exp/tri2/7.25.acc exp/tri2/7.26.acc exp/tri2/7.27.acc exp/tri2/7.28.acc exp/tri2/7.29.acc exp/tri2/7.3.acc exp/tri2/7.30.acc exp/tri2/7.4.acc exp/tri2/7.5.acc exp/tri2/7.6.acc exp/tri2/7.7.acc exp/tri2/7.8.acc exp/tri2/7.9.acc 
LOG (gmm-sum-accs[5.5.863~1-813b7]:main():gmm-sum-accs.cc:63) Summed 30 stats, total count 1.1274e+06, avg like/frame -51.2374
LOG (gmm-sum-accs[5.5.863~1-813b7]:main():gmm-sum-accs.cc:66) Total count of stats is 1.1274e+06
LOG (gmm-sum-accs[5.5.863~1-813b7]:main():gmm-sum-accs.cc:67) Written stats to -
LOG (gmm-est[5.5.863~1-813b7]:MleUpdate():transition-model.cc:528) TransitionModel::Update, objf change is 0 per frame over 1.1274e+06 frames. 
LOG (gmm-est[5.5.863~1-813b7]:MleUpdate():transition-model.cc:531) 17 probabilities floored, 2 out of 2055 transition-states skipped due to insuffient data (it is normal to have some skipped.)
LOG (gmm-est[5.5.863~1-813b7]:main():gmm-est.cc:102) Transition model update: Overall 0 log-like improvement per frame over 1.1274e+06 frames.
WARNING (gmm-est[5.5.863~1-813b7]:MleDiagGmmUpdate():mle-diag-gmm.cc:365) Gaussian has too little data but not removing it because it is the last Gaussian: i = 0, occ = 10, weight = 1
WARNING (gmm-est[5.5.863~1-813b7]:MleDiagGmmUpdate():mle-diag-gmm.cc:365) Gaussian has too little data but not removing it because it is the last Gaussian: i = 0, occ = 10, weight = 1
WARNING (gmm-est[5.5.863~1-813b7]:MleDiagGmmUpdate():mle-diag-gmm.cc:365) Gaussian has too little data but not removing it because it is the last Gaussian: i = 0, occ = 10, weight = 1
LOG (gmm-est[5.5.863~1-813b7]:MleAmDiagGmmUpdate():mle-am-diag-gmm.cc:225) 0 variance elements floored in 0 Gaussians, out of 5000
LOG (gmm-est[5.5.863~1-813b7]:MleAmDiagGmmUpdate():mle-am-diag-gmm.cc:229) Removed 0 Gaussians due to counts < --min-gaussian-occupancy=10 and --remove-low-count-gaussians=true
LOG (gmm-est[5.5.863~1-813b7]:main():gmm-est.cc:113) GMM update: Overall 0.159288 objective function improvement per frame over 1.1274e+06 frames
LOG (gmm-est[5.5.863~1-813b7]:main():gmm-est.cc:116) GMM update: Overall avg like per frame = -51.2374 over 1.1274e+06 frames.
LOG (gmm-est[5.5.863~1-813b7]:SplitByCount():am-diag-gmm.cc:116) Split 1984 states with target = 5500, power = 0.25, perturb_factor = 0.01 and min_count = 20, split #Gauss from 5000 to 5500
LOG (gmm-est[5.5.863~1-813b7]:main():gmm-est.cc:146) Written model to exp/tri2/8.mdl
# Accounting: time=2 threads=1
# Ended (code 0) at Tue Jan  5 17:02:42 EST 2021, elapsed time 2 seconds
