# nnet-subset-egs --n=2000 --randomize-order=true --srand=0 ark:exp/tri4_nnet_1/egs/train_diagnostic.egs ark:- | nnet-combine-fast --use-gpu=no --num-threads=16 --verbose=3 --minibatch-size=125 exp/tri4_nnet_1/1.mdl ark:- exp/tri4_nnet_1/1.mdl 
# Started at Wed Jan  6 06:10:58 EST 2021
#
nnet-subset-egs --n=2000 --randomize-order=true --srand=0 ark:exp/tri4_nnet_1/egs/train_diagnostic.egs ark:- 
nnet-combine-fast --use-gpu=no --num-threads=16 --verbose=3 --minibatch-size=125 exp/tri4_nnet_1/1.mdl ark:- exp/tri4_nnet_1/1.mdl 
LOG (nnet-subset-egs[5.5.863~1-813b7]:main():nnet-subset-egs.cc:92) Selected a subset of 2000 out of 4000 neural-network training examples 
LOG (nnet-combine-fast[5.5.863~1-813b7]:main():nnet-combine-fast.cc:108) Read 2000 examples from the validation set.
VLOG[3] (nnet-combine-fast[5.5.863~1-813b7]:Propagate():nnet-update.cc:114) Stddev of data for component 0 for this minibatch is 1.99598
VLOG[3] (nnet-combine-fast[5.5.863~1-813b7]:Propagate():nnet-update.cc:114) Stddev of data for component 0 for this minibatch is 2.0772
VLOG[3] (nnet-combine-fast[5.5.863~1-813b7]:Propagate():nnet-update.cc:114) Stddev of data for component 0 for this minibatch is 2.06514
VLOG[3] (nnet-combine-fast[5.5.863~1-813b7]:Propagate():nnet-update.cc:114) Stddev of data for component 0 for this minibatch is 2.02232
VLOG[3] (nnet-combine-fast[5.5.863~1-813b7]:Propagate():nnet-update.cc:114) Stddev of data for component 1 for this minibatch is 1.99598
VLOG[3] (nnet-combine-fast[5.5.863~1-813b7]:Propagate():nnet-update.cc:114) Stddev of data for component 1 for this minibatch is 2.06514
VLOG[3] (nnet-combine-fast[5.5.863~1-813b7]:Propagate():nnet-update.cc:114) Stddev of data for component 1 for this minibatch is 2.0772
VLOG[3] (nnet-combine-fast[5.5.863~1-813b7]:Propagate():nnet-update.cc:114) Stddev of data for component 1 for this minibatch is 2.02232
VLOG[3] (nnet-combine-fast[5.5.863~1-813b7]:Propagate():nnet-update.cc:114) Stddev of data for component 2 for this minibatch is 0.128887
VLOG[3] (nnet-combine-fast[5.5.863~1-813b7]:Propagate():nnet-update.cc:114) Stddev of data for component 2 for this minibatch is 0.136855
VLOG[3] (nnet-combine-fast[5.5.863~1-813b7]:Propagate():nnet-update.cc:114) Stddev of data for component 2 for this minibatch is 0.131182
VLOG[3] (nnet-combine-fast[5.5.863~1-813b7]:Propagate():nnet-update.cc:114) Stddev of data for component 3 for this minibatch is 1.69931
VLOG[3] (nnet-combine-fast[5.5.863~1-813b7]:Propagate():nnet-update.cc:114) Stddev of data for component 3 for this minibatch is 1.67802
VLOG[3] (nnet-combine-fast[5.5.863~1-813b7]:Propagate():nnet-update.cc:114) Stddev of data for component 3 for this minibatch is 1.60558
VLOG[3] (nnet-combine-fast[5.5.863~1-813b7]:Propagate():nnet-update.cc:114) Stddev of data for component 2 for this minibatch is 0.121322
VLOG[3] (nnet-combine-fast[5.5.863~1-813b7]:Propagate():nnet-update.cc:114) Stddev of data for component 0 for this minibatch is 1.99742
VLOG[3] (nnet-combine-fast[5.5.863~1-813b7]:Propagate():nnet-update.cc:114) Stddev of data for component 0 for this minibatch is 2.05381
VLOG[3] (nnet-combine-fast[5.5.863~1-813b7]:Propagate():nnet-update.cc:114) Stddev of data for component 1 for this minibatch is 1.99742
VLOG[3] (nnet-combine-fast[5.5.863~1-813b7]:Propagate():nnet-update.cc:114) Stddev of data for component 2 for this minibatch is 0.131926
VLOG[3] (nnet-combine-fast[5.5.863~1-813b7]:Propagate():nnet-update.cc:114) Stddev of data for component 1 for this minibatch is 2.05381
VLOG[3] (nnet-combine-fast[5.5.863~1-813b7]:Propagate():nnet-update.cc:114) Stddev of data for component 3 for this minibatch is 1.66333
VLOG[3] (nnet-combine-fast[5.5.863~1-813b7]:Propagate():nnet-update.cc:114) Stddev of data for component 2 for this minibatch is 0.133496
VLOG[3] (nnet-combine-fast[5.5.863~1-813b7]:Propagate():nnet-update.cc:114) Stddev of data for component 3 for this minibatch is 1.7025
VLOG[3] (nnet-combine-fast[5.5.863~1-813b7]:Propagate():nnet-update.cc:114) Stddev of data for component 3 for this minibatch is 1.58917
VLOG[3] (nnet-combine-fast[5.5.863~1-813b7]:Propagate():nnet-update.cc:114) Stddev of data for component 4 for this minibatch is 0.495417
VLOG[3] (nnet-combine-fast[5.5.863~1-813b7]:Propagate():nnet-update.cc:114) Stddev of data for component 4 for this minibatch is 0.499308
VLOG[3] (nnet-combine-fast[5.5.863~1-813b7]:Propagate():nnet-update.cc:114) Stddev of data for component 4 for this minibatch is 0.484788
VLOG[3] (nnet-combine-fast[5.5.863~1-813b7]:Propagate():nnet-update.cc:114) Stddev of data for component 4 for this minibatch is 0.495309
VLOG[3] (nnet-combine-fast[5.5.863~1-813b7]:Propagate():nnet-update.cc:114) Stddev of data for component 4 for this minibatch is 0.498204
VLOG[3] (nnet-combine-fast[5.5.863~1-813b7]:Propagate():nnet-update.cc:114) Stddev of data for component 5 for this minibatch is 1.36162
VLOG[3] (nnet-combine-fast[5.5.863~1-813b7]:Propagate():nnet-update.cc:114) Stddev of data for component 5 for this minibatch is 1.37635
VLOG[3] (nnet-combine-fast[5.5.863~1-813b7]:Propagate():nnet-update.cc:114) Stddev of data for component 5 for this minibatch is 1.35907
VLOG[3] (nnet-combine-fast[5.5.863~1-813b7]:Propagate():nnet-update.cc:114) Stddev of data for component 0 for this minibatch is 2.0818
VLOG[3] (nnet-combine-fast[5.5.863~1-813b7]:Propagate():nnet-update.cc:114) Stddev of data for component 0 for this minibatch is 1.98096
VLOG[3] (nnet-combine-fast[5.5.863~1-813b7]:Propagate():nnet-update.cc:114) Stddev of data for component 1 for this minibatch is 1.98096
VLOG[3] (nnet-combine-fast[5.5.863~1-813b7]:Propagate():nnet-update.cc:114) Stddev of data for component 1 for this minibatch is 2.0818
VLOG[3] (nnet-combine-fast[5.5.863~1-813b7]:Propagate():nnet-update.cc:114) Stddev of data for component 2 for this minibatch is 0.127635
VLOG[3] (nnet-combine-fast[5.5.863~1-813b7]:Propagate():nnet-update.cc:114) Stddev of data for component 2 for this minibatch is 0.130354
VLOG[3] (nnet-combine-fast[5.5.863~1-813b7]:Propagate():nnet-update.cc:114) Stddev of data for component 3 for this minibatch is 1.6327
VLOG[3] (nnet-combine-fast[5.5.863~1-813b7]:Propagate():nnet-update.cc:114) Stddev of data for component 3 for this minibatch is 1.64263
VLOG[3] (nnet-combine-fast[5.5.863~1-813b7]:Propagate():nnet-update.cc:114) Stddev of data for component 4 for this minibatch is 0.486981
VLOG[3] (nnet-combine-fast[5.5.863~1-813b7]:Propagate():nnet-update.cc:114) Stddev of data for component 0 for this minibatch is 2.09764
VLOG[3] (nnet-combine-fast[5.5.863~1-813b7]:Propagate():nnet-update.cc:114) Stddev of data for component 0 for this minibatch is 2.09804
VLOG[3] (nnet-combine-fast[5.5.863~1-813b7]:Propagate():nnet-update.cc:114) Stddev of data for component 1 for this minibatch is 2.09764
VLOG[3] (nnet-combine-fast[5.5.863~1-813b7]:Propagate():nnet-update.cc:114) Stddev of data for component 1 for this minibatch is 2.09804
VLOG[3] (nnet-combine-fast[5.5.863~1-813b7]:Propagate():nnet-update.cc:114) Stddev of data for component 2 for this minibatch is 0.128959
VLOG[3] (nnet-combine-fast[5.5.863~1-813b7]:Propagate():nnet-update.cc:114) Stddev of data for component 2 for this minibatch is 0.131138
VLOG[3] (nnet-combine-fast[5.5.863~1-813b7]:Propagate():nnet-update.cc:114) Stddev of data for component 3 for this minibatch is 1.65367
VLOG[3] (nnet-combine-fast[5.5.863~1-813b7]:Propagate():nnet-update.cc:114) Stddev of data for component 3 for this minibatch is 1.69277
VLOG[3] (nnet-combine-fast[5.5.863~1-813b7]:Propagate():nnet-update.cc:114) Stddev of data for component 4 for this minibatch is 0.493999
VLOG[3] (nnet-combine-fast[5.5.863~1-813b7]:Propagate():nnet-update.cc:114) Stddev of data for component 5 for this minibatch is 1.35287
VLOG[3] (nnet-combine-fast[5.5.863~1-813b7]:Propagate():nnet-update.cc:114) Stddev of data for component 0 for this minibatch is 2.22531
VLOG[3] (nnet-combine-fast[5.5.863~1-813b7]:Propagate():nnet-update.cc:114) Stddev of data for component 1 for this minibatch is 2.22531
VLOG[3] (nnet-combine-fast[5.5.863~1-813b7]:Propagate():nnet-update.cc:114) Stddev of data for component 0 for this minibatch is 2.02923
VLOG[3] (nnet-combine-fast[5.5.863~1-813b7]:Propagate():nnet-update.cc:114) Stddev of data for component 2 for this minibatch is 0.138945
VLOG[3] (nnet-combine-fast[5.5.863~1-813b7]:Propagate():nnet-update.cc:114) Stddev of data for component 3 for this minibatch is 1.75363
VLOG[3] (nnet-combine-fast[5.5.863~1-813b7]:Propagate():nnet-update.cc:114) Stddev of data for component 1 for this minibatch is 2.02923
VLOG[3] (nnet-combine-fast[5.5.863~1-813b7]:Propagate():nnet-update.cc:114) Stddev of data for component 2 for this minibatch is 0.128886
VLOG[3] (nnet-combine-fast[5.5.863~1-813b7]:Propagate():nnet-update.cc:114) Stddev of data for component 3 for this minibatch is 1.64385
VLOG[3] (nnet-combine-fast[5.5.863~1-813b7]:Propagate():nnet-update.cc:114) Stddev of data for component 5 for this minibatch is 1.36452
VLOG[3] (nnet-combine-fast[5.5.863~1-813b7]:Propagate():nnet-update.cc:114) Stddev of data for component 4 for this minibatch is 0.505103
VLOG[3] (nnet-combine-fast[5.5.863~1-813b7]:Propagate():nnet-update.cc:114) Stddev of data for component 5 for this minibatch is 1.31214
VLOG[3] (nnet-combine-fast[5.5.863~1-813b7]:Propagate():nnet-update.cc:114) Stddev of data for component 0 for this minibatch is 1.91107
VLOG[3] (nnet-combine-fast[5.5.863~1-813b7]:Propagate():nnet-update.cc:114) Stddev of data for component 0 for this minibatch is 2.15495
VLOG[3] (nnet-combine-fast[5.5.863~1-813b7]:Propagate():nnet-update.cc:114) Stddev of data for component 1 for this minibatch is 2.15495
VLOG[3] (nnet-combine-fast[5.5.863~1-813b7]:Propagate():nnet-update.cc:114) Stddev of data for component 4 for this minibatch is 0.498844
VLOG[3] (nnet-combine-fast[5.5.863~1-813b7]:Propagate():nnet-update.cc:114) Stddev of data for component 0 for this minibatch is 1.98202
VLOG[3] (nnet-combine-fast[5.5.863~1-813b7]:Propagate():nnet-update.cc:114) Stddev of data for component 5 for this minibatch is 1.37537
VLOG[3] (nnet-combine-fast[5.5.863~1-813b7]:Propagate():nnet-update.cc:114) Stddev of data for component 1 for this minibatch is 1.98202
VLOG[3] (nnet-combine-fast[5.5.863~1-813b7]:Propagate():nnet-update.cc:114) Stddev of data for component 1 for this minibatch is 1.91107
VLOG[3] (nnet-combine-fast[5.5.863~1-813b7]:Propagate():nnet-update.cc:114) Stddev of data for component 2 for this minibatch is 0.12665
VLOG[3] (nnet-combine-fast[5.5.863~1-813b7]:Propagate():nnet-update.cc:114) Stddev of data for component 2 for this minibatch is 0.137464
VLOG[3] (nnet-combine-fast[5.5.863~1-813b7]:Propagate():nnet-update.cc:114) Stddev of data for component 2 for this minibatch is 0.122673
VLOG[3] (nnet-combine-fast[5.5.863~1-813b7]:Propagate():nnet-update.cc:114) Stddev of data for component 3 for this minibatch is 1.55837
VLOG[3] (nnet-combine-fast[5.5.863~1-813b7]:Propagate():nnet-update.cc:114) Stddev of data for component 4 for this minibatch is 0.495066
VLOG[3] (nnet-combine-fast[5.5.863~1-813b7]:Propagate():nnet-update.cc:114) Stddev of data for component 5 for this minibatch is 1.37825
VLOG[3] (nnet-combine-fast[5.5.863~1-813b7]:Propagate():nnet-update.cc:114) Stddev of data for component 4 for this minibatch is 0.491717
VLOG[3] (nnet-combine-fast[5.5.863~1-813b7]:Propagate():nnet-update.cc:114) Stddev of data for component 4 for this minibatch is 0.483995
VLOG[3] (nnet-combine-fast[5.5.863~1-813b7]:Propagate():nnet-update.cc:114) Stddev of data for component 5 for this minibatch is 1.37149
VLOG[3] (nnet-combine-fast[5.5.863~1-813b7]:Propagate():nnet-update.cc:114) Stddev of data for component 4 for this minibatch is 0.494948
VLOG[3] (nnet-combine-fast[5.5.863~1-813b7]:Propagate():nnet-update.cc:114) Stddev of data for component 3 for this minibatch is 1.62716
VLOG[3] (nnet-combine-fast[5.5.863~1-813b7]:Propagate():nnet-update.cc:114) Stddev of data for component 3 for this minibatch is 1.73506
VLOG[3] (nnet-combine-fast[5.5.863~1-813b7]:Propagate():nnet-update.cc:114) Stddev of data for component 0 for this minibatch is 2.1023
VLOG[3] (nnet-combine-fast[5.5.863~1-813b7]:Propagate():nnet-update.cc:114) Stddev of data for component 5 for this minibatch is 1.36959
VLOG[3] (nnet-combine-fast[5.5.863~1-813b7]:Propagate():nnet-update.cc:114) Stddev of data for component 5 for this minibatch is 1.37855
VLOG[3] (nnet-combine-fast[5.5.863~1-813b7]:Propagate():nnet-update.cc:114) Stddev of data for component 5 for this minibatch is 1.3465
VLOG[3] (nnet-combine-fast[5.5.863~1-813b7]:Propagate():nnet-update.cc:114) Stddev of data for component 1 for this minibatch is 2.1023
VLOG[3] (nnet-combine-fast[5.5.863~1-813b7]:Propagate():nnet-update.cc:114) Stddev of data for component 2 for this minibatch is 0.131494
VLOG[3] (nnet-combine-fast[5.5.863~1-813b7]:Propagate():nnet-update.cc:114) Stddev of data for component 4 for this minibatch is 0.491082
VLOG[3] (nnet-combine-fast[5.5.863~1-813b7]:Propagate():nnet-update.cc:114) Stddev of data for component 4 for this minibatch is 0.502164
VLOG[3] (nnet-combine-fast[5.5.863~1-813b7]:Propagate():nnet-update.cc:114) Stddev of data for component 5 for this minibatch is 1.33607
VLOG[3] (nnet-combine-fast[5.5.863~1-813b7]:Propagate():nnet-update.cc:114) Stddev of data for component 3 for this minibatch is 1.67759
VLOG[3] (nnet-combine-fast[5.5.863~1-813b7]:Propagate():nnet-update.cc:114) Stddev of data for component 5 for this minibatch is 1.34697
VLOG[3] (nnet-combine-fast[5.5.863~1-813b7]:Propagate():nnet-update.cc:114) Stddev of data for component 5 for this minibatch is 1.38775
VLOG[3] (nnet-combine-fast[5.5.863~1-813b7]:Propagate():nnet-update.cc:114) Stddev of data for component 4 for this minibatch is 0.495867
VLOG[3] (nnet-combine-fast[5.5.863~1-813b7]:Propagate():nnet-update.cc:114) Stddev of data for component 5 for this minibatch is 1.37346
VLOG[2] (nnet-combine-fast[5.5.863~1-813b7]:DoBackpropParallel():nnet-update-parallel.cc:264) Did backprop on 2000 examples, average log-prob per frame is -3.45389
LOG (nnet-combine-fast[5.5.863~1-813b7]:GetInitialModel():combine-nnet-fast.cc:403) Objective functions for the source neural nets are  [ -3.45389 ]

LOG (nnet-combine-fast[5.5.863~1-813b7]:GetInitialParams():combine-nnet-fast.cc:282) Initializing with neural net with index 0
VLOG[3] (nnet-combine-fast[5.5.863~1-813b7]:Propagate():nnet-update.cc:114) Stddev of data for component 0 for this minibatch is 2.01532
VLOG[3] (nnet-combine-fast[5.5.863~1-813b7]:Propagate():nnet-update.cc:114) Stddev of data for component 0 for this minibatch is 2.15217
VLOG[3] (nnet-combine-fast[5.5.863~1-813b7]:Propagate():nnet-update.cc:114) Stddev of data for component 0 for this minibatch is 2.06336
VLOG[3] (nnet-combine-fast[5.5.863~1-813b7]:Propagate():nnet-update.cc:114) Stddev of data for component 1 for this minibatch is 2.01532
VLOG[3] (nnet-combine-fast[5.5.863~1-813b7]:Propagate():nnet-update.cc:114) Stddev of data for component 1 for this minibatch is 2.15217
VLOG[2] (nnet-combine-fast[5.5.863~1-813b7]:DoBackpropParallel():nnet-update-parallel.cc:264) Did backprop on 2000 examples, average log-prob per frame is -3.45389
VLOG[2] (nnet-combine-fast[5.5.863~1-813b7]:ComputeObjfAndGradient():combine-nnet-fast.cc:347) Objf is -3.45389, raw gradient is  [ 0.613632 1.49669 ]

VLOG[2] (nnet-combine-fast[5.5.863~1-813b7]:DoBackpropParallel():nnet-update-parallel.cc:264) Did backprop on 2000 examples, average log-prob per frame is -3.444
VLOG[2] (nnet-combine-fast[5.5.863~1-813b7]:ComputeObjfAndGradient():combine-nnet-fast.cc:347) Objf is -3.444, raw gradient is  [ 0.595653 1.46873 ]

VLOG[3] (nnet-combine-fast[5.5.863~1-813b7]:StepSizeIteration():optimization.cc:240) In step size iteration, function value changed -3.45389 to -3.444
VLOG[3] (nnet-combine-fast[5.5.863~1-813b7]:StepSizeIteration():optimization.cc:323) d = 2, iter = 0, action = increase
VLOG[2] (nnet-combine-fast[5.5.863~1-813b7]:DoBackpropParallel():nnet-update-parallel.cc:264) Did backprop on 2000 examples, average log-prob per frame is -3.43436
VLOG[2] (nnet-combine-fast[5.5.863~1-813b7]:ComputeObjfAndGradient():combine-nnet-fast.cc:347) Objf is -3.43436, raw gradient is  [ 0.578094 1.4409 ]

VLOG[3] (nnet-combine-fast[5.5.863~1-813b7]:StepSizeIteration():optimization.cc:240) In step size iteration, function value changed -3.45389 to -3.43436
VLOG[3] (nnet-combine-fast[5.5.863~1-813b7]:StepSizeIteration():optimization.cc:323) d = 2, iter = 0, action = increase
VLOG[2] (nnet-combine-fast[5.5.863~1-813b7]:DoBackpropParallel():nnet-update-parallel.cc:264) Did backprop on 2000 examples, average log-prob per frame is -3.41575
VLOG[2] (nnet-combine-fast[5.5.863~1-813b7]:ComputeObjfAndGradient():combine-nnet-fast.cc:347) Objf is -3.41575, raw gradient is  [ 0.5442 1.38566 ]

VLOG[3] (nnet-combine-fast[5.5.863~1-813b7]:StepSizeIteration():optimization.cc:240) In step size iteration, function value changed -3.45389 to -3.41575
VLOG[3] (nnet-combine-fast[5.5.863~1-813b7]:StepSizeIteration():optimization.cc:323) d = 2, iter = 0, action = increase
VLOG[2] (nnet-combine-fast[5.5.863~1-813b7]:DoBackpropParallel():nnet-update-parallel.cc:264) Did backprop on 2000 examples, average log-prob per frame is -3.38118
VLOG[2] (nnet-combine-fast[5.5.863~1-813b7]:ComputeObjfAndGradient():combine-nnet-fast.cc:347) Objf is -3.38118, raw gradient is  [ 0.48108 1.27698 ]

VLOG[3] (nnet-combine-fast[5.5.863~1-813b7]:StepSizeIteration():optimization.cc:240) In step size iteration, function value changed -3.45389 to -3.38118
VLOG[3] (nnet-combine-fast[5.5.863~1-813b7]:StepSizeIteration():optimization.cc:323) d = 2, iter = 0, action = accept
VLOG[3] (nnet-combine-fast[5.5.863~1-813b7]:AcceptStep():optimization.cc:194) Accepted step; length was 0.0701292, prod was -0.0142922
VLOG[2] (nnet-combine-fast[5.5.863~1-813b7]:DoBackpropParallel():nnet-update-parallel.cc:264) Did backprop on 2000 examples, average log-prob per frame is -8.06894
VLOG[2] (nnet-combine-fast[5.5.863~1-813b7]:ComputeObjfAndGradient():combine-nnet-fast.cc:347) Objf is -8.06894, raw gradient is  [ 19.7644 -0.255493 ]

VLOG[3] (nnet-combine-fast[5.5.863~1-813b7]:StepSizeIteration():optimization.cc:240) In step size iteration, function value changed -3.38118 to -8.06894
VLOG[3] (nnet-combine-fast[5.5.863~1-813b7]:StepSizeIteration():optimization.cc:323) d = 2, iter = 1, action = decrease
VLOG[2] (nnet-combine-fast[5.5.863~1-813b7]:DoBackpropParallel():nnet-update-parallel.cc:264) Did backprop on 2000 examples, average log-prob per frame is -3.41188
VLOG[2] (nnet-combine-fast[5.5.863~1-813b7]:ComputeObjfAndGradient():combine-nnet-fast.cc:347) Objf is -3.41188, raw gradient is  [ 1.73066 0.809813 ]

VLOG[3] (nnet-combine-fast[5.5.863~1-813b7]:StepSizeIteration():optimization.cc:240) In step size iteration, function value changed -3.38118 to -3.41188
VLOG[3] (nnet-combine-fast[5.5.863~1-813b7]:StepSizeIteration():optimization.cc:323) d = 2, iter = 1, action = decrease
VLOG[2] (nnet-combine-fast[5.5.863~1-813b7]:DoBackpropParallel():nnet-update-parallel.cc:264) Did backprop on 2000 examples, average log-prob per frame is -3.30158
VLOG[2] (nnet-combine-fast[5.5.863~1-813b7]:ComputeObjfAndGradient():combine-nnet-fast.cc:347) Objf is -3.30158, raw gradient is  [ 0.675311 0.75521 ]

VLOG[3] (nnet-combine-fast[5.5.863~1-813b7]:StepSizeIteration():optimization.cc:240) In step size iteration, function value changed -3.38118 to -3.30158
VLOG[3] (nnet-combine-fast[5.5.863~1-813b7]:StepSizeIteration():optimization.cc:323) d = 2, iter = 1, action = accept
VLOG[3] (nnet-combine-fast[5.5.863~1-813b7]:AcceptStep():optimization.cc:194) Accepted step; length was 0.169937, prod was -0.1771
VLOG[2] (nnet-combine-fast[5.5.863~1-813b7]:DoBackpropParallel():nnet-update-parallel.cc:264) Did backprop on 2000 examples, average log-prob per frame is -3.1784
VLOG[2] (nnet-combine-fast[5.5.863~1-813b7]:ComputeObjfAndGradient():combine-nnet-fast.cc:347) Objf is -3.1784, raw gradient is  [ 0.0182876 -0.0471855 ]

VLOG[3] (nnet-combine-fast[5.5.863~1-813b7]:StepSizeIteration():optimization.cc:240) In step size iteration, function value changed -3.30158 to -3.1784
VLOG[3] (nnet-combine-fast[5.5.863~1-813b7]:StepSizeIteration():optimization.cc:323) d = 2, iter = 2, action = accept
VLOG[3] (nnet-combine-fast[5.5.863~1-813b7]:AcceptStep():optimization.cc:194) Accepted step; length was 0.32331, prod was -0.303567
VLOG[2] (nnet-combine-fast[5.5.863~1-813b7]:DoBackpropParallel():nnet-update-parallel.cc:264) Did backprop on 2000 examples, average log-prob per frame is -3.17706
VLOG[2] (nnet-combine-fast[5.5.863~1-813b7]:ComputeObjfAndGradient():combine-nnet-fast.cc:347) Objf is -3.17706, raw gradient is  [ 0.026714 -0.0221378 ]

VLOG[3] (nnet-combine-fast[5.5.863~1-813b7]:StepSizeIteration():optimization.cc:240) In step size iteration, function value changed -3.1784 to -3.17706
VLOG[3] (nnet-combine-fast[5.5.863~1-813b7]:StepSizeIteration():optimization.cc:323) d = 2, iter = 3, action = accept
VLOG[3] (nnet-combine-fast[5.5.863~1-813b7]:AcceptStep():optimization.cc:194) Accepted step; length was 0.0137948, prod was -0.000306463
LOG (nnet-combine-fast[5.5.863~1-813b7]:ComputeCurrentNnet():combine-nnet-fast.cc:373) Scale parameters are  [
  1.13809 1.36018 ]

LOG (nnet-combine-fast[5.5.863~1-813b7]:FastNnetCombiner():combine-nnet-fast.cc:152) Combining nnets, objf per frame changed from -3.45389 to -3.17706
LOG (nnet-combine-fast[5.5.863~1-813b7]:main():nnet-combine-fast.cc:124) Finished combining neural nets, wrote model to exp/tri4_nnet_1/1.mdl
# Accounting: time=2 threads=1
# Ended (code 0) at Wed Jan  6 06:11:00 EST 2021, elapsed time 2 seconds
