# nnet-shuffle-egs --buffer-size=5000 --srand=0 ark:exp/tri4_nnet_1/egs/egs.14.0.ark ark:- | nnet-train-parallel --num-threads=16 --minibatch-size=128 --srand=0 exp/tri4_nnet_1/0.mdl ark:- exp/tri4_nnet_1/1.14.mdl 
# Started at Wed Jan  6 06:09:52 EST 2021
#
nnet-train-parallel --num-threads=16 --minibatch-size=128 --srand=0 exp/tri4_nnet_1/0.mdl ark:- exp/tri4_nnet_1/1.14.mdl 
nnet-shuffle-egs --buffer-size=5000 --srand=0 ark:exp/tri4_nnet_1/egs/egs.14.0.ark ark:- 
LOG (nnet-train-parallel[5.5.863~1-813b7]:GetScalingFactor():nnet-component.cc:1535) Limiting step size to 10 using scaling factor 0.647527, for component index 4
LOG (nnet-train-parallel[5.5.863~1-813b7]:GetScalingFactor():nnet-component.cc:1535) Limiting step size to 10 using scaling factor 0.669587, for component index 4
LOG (nnet-train-parallel[5.5.863~1-813b7]:GetScalingFactor():nnet-component.cc:1535) Limiting step size to 10 using scaling factor 0.658959, for component index 4
LOG (nnet-train-parallel[5.5.863~1-813b7]:GetScalingFactor():nnet-component.cc:1535) Limiting step size to 10 using scaling factor 0.645776, for component index 4
LOG (nnet-train-parallel[5.5.863~1-813b7]:GetScalingFactor():nnet-component.cc:1535) Limiting step size to 10 using scaling factor 0.640894, for component index 4
LOG (nnet-train-parallel[5.5.863~1-813b7]:GetScalingFactor():nnet-component.cc:1535) Limiting step size to 10 using scaling factor 0.644357, for component index 4
LOG (nnet-train-parallel[5.5.863~1-813b7]:GetScalingFactor():nnet-component.cc:1535) Limiting step size to 10 using scaling factor 0.64851, for component index 4
LOG (nnet-train-parallel[5.5.863~1-813b7]:GetScalingFactor():nnet-component.cc:1535) Limiting step size to 10 using scaling factor 0.666718, for component index 4
LOG (nnet-train-parallel[5.5.863~1-813b7]:GetScalingFactor():nnet-component.cc:1535) Limiting step size to 10 using scaling factor 0.650978, for component index 4
LOG (nnet-train-parallel[5.5.863~1-813b7]:GetScalingFactor():nnet-component.cc:1535) Limiting step size to 10 using scaling factor 0.650179, for component index 4
LOG (nnet-shuffle-egs[5.5.863~1-813b7]:main():nnet-shuffle-egs.cc:102) Shuffled order of 34420 neural-network training examples using a buffer (partial randomization)
LOG (nnet-train-parallel[5.5.863~1-813b7]:DoBackpropParallel():nnet-update-parallel.cc:194) Did backprop on 34420 examples, average log-prob per frame is -5.06222
LOG (nnet-train-parallel[5.5.863~1-813b7]:DoBackpropParallel():nnet-update-parallel.cc:196) [this line is to be parsed by a script:] log-prob-per-frame=-5.06222
LOG (nnet-train-parallel[5.5.863~1-813b7]:main():nnet-train-parallel.cc:102) Finished training, processed 34420 training examples (weighted).  Wrote model to exp/tri4_nnet_1/1.14.mdl
# Accounting: time=14 threads=1
# Ended (code 0) at Wed Jan  6 06:10:06 EST 2021, elapsed time 14 seconds
