# nnet-get-egs --left-context=4 --right-context=4 "ark,s,cs:utils/filter_scp.pl --exclude exp/tri4_nnet_3/valid_uttlist data/train/split30/13/feats.scp | apply-cmvn  --utt2spk=ark:data/train/split30/13/utt2spk scp:data/train/split30/13/cmvn.scp scp:- ark:- | splice-feats --left-context=3 --right-context=3 ark:- ark:- | transform-feats exp/tri4_nnet_3/final.mat ark:- ark:- | transform-feats --utt2spk=ark:data/train/split30/13/utt2spk ark:exp/tri3_ali/trans.13 ark:- ark:- |" "ark,s,cs:gunzip -c exp/tri3_ali/ali.13.gz | ali-to-pdf exp/tri3_ali/final.mdl ark:- ark:- | ali-to-post ark:- ark:- |" ark:- | nnet-copy-egs ark:- ark:exp/tri4_nnet_3/egs/egs_orig.1.13.ark ark:exp/tri4_nnet_3/egs/egs_orig.2.13.ark ark:exp/tri4_nnet_3/egs/egs_orig.3.13.ark ark:exp/tri4_nnet_3/egs/egs_orig.4.13.ark ark:exp/tri4_nnet_3/egs/egs_orig.5.13.ark ark:exp/tri4_nnet_3/egs/egs_orig.6.13.ark ark:exp/tri4_nnet_3/egs/egs_orig.7.13.ark ark:exp/tri4_nnet_3/egs/egs_orig.8.13.ark ark:exp/tri4_nnet_3/egs/egs_orig.9.13.ark ark:exp/tri4_nnet_3/egs/egs_orig.10.13.ark ark:exp/tri4_nnet_3/egs/egs_orig.11.13.ark ark:exp/tri4_nnet_3/egs/egs_orig.12.13.ark ark:exp/tri4_nnet_3/egs/egs_orig.13.13.ark ark:exp/tri4_nnet_3/egs/egs_orig.14.13.ark ark:exp/tri4_nnet_3/egs/egs_orig.15.13.ark ark:exp/tri4_nnet_3/egs/egs_orig.16.13.ark ark:exp/tri4_nnet_3/egs/egs_orig.17.13.ark ark:exp/tri4_nnet_3/egs/egs_orig.18.13.ark ark:exp/tri4_nnet_3/egs/egs_orig.19.13.ark ark:exp/tri4_nnet_3/egs/egs_orig.20.13.ark ark:exp/tri4_nnet_3/egs/egs_orig.21.13.ark ark:exp/tri4_nnet_3/egs/egs_orig.22.13.ark ark:exp/tri4_nnet_3/egs/egs_orig.23.13.ark ark:exp/tri4_nnet_3/egs/egs_orig.24.13.ark ark:exp/tri4_nnet_3/egs/egs_orig.25.13.ark ark:exp/tri4_nnet_3/egs/egs_orig.26.13.ark ark:exp/tri4_nnet_3/egs/egs_orig.27.13.ark ark:exp/tri4_nnet_3/egs/egs_orig.28.13.ark ark:exp/tri4_nnet_3/egs/egs_orig.29.13.ark ark:exp/tri4_nnet_3/egs/egs_orig.30.13.ark 
# Started at Wed Jan  6 08:31:49 EST 2021
#
nnet-get-egs --left-context=4 --right-context=4 'ark,s,cs:utils/filter_scp.pl --exclude exp/tri4_nnet_3/valid_uttlist data/train/split30/13/feats.scp | apply-cmvn  --utt2spk=ark:data/train/split30/13/utt2spk scp:data/train/split30/13/cmvn.scp scp:- ark:- | splice-feats --left-context=3 --right-context=3 ark:- ark:- | transform-feats exp/tri4_nnet_3/final.mat ark:- ark:- | transform-feats --utt2spk=ark:data/train/split30/13/utt2spk ark:exp/tri3_ali/trans.13 ark:- ark:- |' 'ark,s,cs:gunzip -c exp/tri3_ali/ali.13.gz | ali-to-pdf exp/tri3_ali/final.mdl ark:- ark:- | ali-to-post ark:- ark:- |' ark:- 
apply-cmvn --utt2spk=ark:data/train/split30/13/utt2spk scp:data/train/split30/13/cmvn.scp scp:- ark:- 
nnet-copy-egs ark:- ark:exp/tri4_nnet_3/egs/egs_orig.1.13.ark ark:exp/tri4_nnet_3/egs/egs_orig.2.13.ark ark:exp/tri4_nnet_3/egs/egs_orig.3.13.ark ark:exp/tri4_nnet_3/egs/egs_orig.4.13.ark ark:exp/tri4_nnet_3/egs/egs_orig.5.13.ark ark:exp/tri4_nnet_3/egs/egs_orig.6.13.ark ark:exp/tri4_nnet_3/egs/egs_orig.7.13.ark ark:exp/tri4_nnet_3/egs/egs_orig.8.13.ark ark:exp/tri4_nnet_3/egs/egs_orig.9.13.ark ark:exp/tri4_nnet_3/egs/egs_orig.10.13.ark ark:exp/tri4_nnet_3/egs/egs_orig.11.13.ark ark:exp/tri4_nnet_3/egs/egs_orig.12.13.ark ark:exp/tri4_nnet_3/egs/egs_orig.13.13.ark ark:exp/tri4_nnet_3/egs/egs_orig.14.13.ark ark:exp/tri4_nnet_3/egs/egs_orig.15.13.ark ark:exp/tri4_nnet_3/egs/egs_orig.16.13.ark ark:exp/tri4_nnet_3/egs/egs_orig.17.13.ark ark:exp/tri4_nnet_3/egs/egs_orig.18.13.ark ark:exp/tri4_nnet_3/egs/egs_orig.19.13.ark ark:exp/tri4_nnet_3/egs/egs_orig.20.13.ark ark:exp/tri4_nnet_3/egs/egs_orig.21.13.ark ark:exp/tri4_nnet_3/egs/egs_orig.22.13.ark ark:exp/tri4_nnet_3/egs/egs_orig.23.13.ark ark:exp/tri4_nnet_3/egs/egs_orig.24.13.ark ark:exp/tri4_nnet_3/egs/egs_orig.25.13.ark ark:exp/tri4_nnet_3/egs/egs_orig.26.13.ark ark:exp/tri4_nnet_3/egs/egs_orig.27.13.ark ark:exp/tri4_nnet_3/egs/egs_orig.28.13.ark ark:exp/tri4_nnet_3/egs/egs_orig.29.13.ark ark:exp/tri4_nnet_3/egs/egs_orig.30.13.ark 
transform-feats exp/tri4_nnet_3/final.mat ark:- ark:- 
splice-feats --left-context=3 --right-context=3 ark:- ark:- 
transform-feats --utt2spk=ark:data/train/split30/13/utt2spk ark:exp/tri3_ali/trans.13 ark:- ark:- 
ali-to-pdf exp/tri3_ali/final.mdl ark:- ark:- 
ali-to-post ark:- ark:- 
LOG (ali-to-pdf[5.5.863~1-813b7]:main():ali-to-pdf.cc:68) Converted 128 alignments to pdf sequences.
LOG (ali-to-post[5.5.863~1-813b7]:main():ali-to-post.cc:73) Converted 128 alignments.
LOG (apply-cmvn[5.5.863~1-813b7]:main():apply-cmvn.cc:162) Applied cepstral mean normalization to 120 utterances, errors on 0
LOG (transform-feats[5.5.863~1-813b7]:main():transform-feats.cc:158) Overall average [pseudo-]logdet is -88.0273 over 36739 frames.
LOG (transform-feats[5.5.863~1-813b7]:main():transform-feats.cc:161) Applied transform to 120 utterances; 0 had errors.
LOG (transform-feats[5.5.863~1-813b7]:main():transform-feats.cc:158) Overall average logdet is 2.45687 over 36739 frames.
LOG (transform-feats[5.5.863~1-813b7]:main():transform-feats.cc:161) Applied transform to 120 utterances; 0 had errors.
LOG (nnet-get-egs[5.5.863~1-813b7]:main():nnet-get-egs.cc:174) Finished generating examples, successfully processed 120 feature files, wrote 36739 examples,  with 36739 egs in total; 0 files had errors.
LOG (nnet-copy-egs[5.5.863~1-813b7]:main():nnet-copy-egs.cc:170) Read 36739 neural-network training examples, wrote 36739
# Accounting: time=4 threads=1
# Ended (code 0) at Wed Jan  6 08:31:53 EST 2021, elapsed time 4 seconds
