# ali-to-post "ark:gunzip -c exp/tri3_ali/ali.27.gz|" ark:- | weight-silence-post 0.0 1 exp/tri3_ali/final.mdl ark:- ark:- | acc-lda --rand-prune=4.0 exp/tri3_ali/final.mdl "ark,s,cs:utils/subset_scp.pl --quiet 333 data/train/split30/27/feats.scp | apply-cmvn  --utt2spk=ark:data/train/split30/27/utt2spk scp:data/train/split30/27/cmvn.scp scp:- ark:- | splice-feats --left-context=3 --right-context=3 ark:- ark:- | transform-feats exp/tri4_nnet_3/final.mat ark:- ark:- | transform-feats --utt2spk=ark:data/train/split30/27/utt2spk ark:exp/tri3_ali/trans.27 ark:- ark:- | splice-feats --left-context=4 --right-context=4 ark:- ark:- |" ark,s,cs:- exp/tri4_nnet_3/lda.27.acc 
# Started at Wed Jan  6 08:30:41 EST 2021
#
weight-silence-post 0.0 1 exp/tri3_ali/final.mdl ark:- ark:- 
acc-lda --rand-prune=4.0 exp/tri3_ali/final.mdl 'ark,s,cs:utils/subset_scp.pl --quiet 333 data/train/split30/27/feats.scp | apply-cmvn  --utt2spk=ark:data/train/split30/27/utt2spk scp:data/train/split30/27/cmvn.scp scp:- ark:- | splice-feats --left-context=3 --right-context=3 ark:- ark:- | transform-feats exp/tri4_nnet_3/final.mat ark:- ark:- | transform-feats --utt2spk=ark:data/train/split30/27/utt2spk ark:exp/tri3_ali/trans.27 ark:- ark:- | splice-feats --left-context=4 --right-context=4 ark:- ark:- |' ark,s,cs:- exp/tri4_nnet_3/lda.27.acc 
ali-to-post 'ark:gunzip -c exp/tri3_ali/ali.27.gz|' ark:- 
transform-feats exp/tri4_nnet_3/final.mat ark:- ark:- 
splice-feats --left-context=4 --right-context=4 ark:- ark:- 
splice-feats --left-context=3 --right-context=3 ark:- ark:- 
apply-cmvn --utt2spk=ark:data/train/split30/27/utt2spk scp:data/train/split30/27/cmvn.scp scp:- ark:- 
transform-feats --utt2spk=ark:data/train/split30/27/utt2spk ark:exp/tri3_ali/trans.27 ark:- ark:- 
LOG (ali-to-post[5.5.863~1-813b7]:main():ali-to-post.cc:73) Converted 120 alignments.
LOG (acc-lda[5.5.863~1-813b7]:main():acc-lda.cc:114) Done 100 utterances.
LOG (weight-silence-post[5.5.863~1-813b7]:main():weight-silence-post.cc:95) Done 120 posteriors.
LOG (apply-cmvn[5.5.863~1-813b7]:main():apply-cmvn.cc:162) Applied cepstral mean normalization to 120 utterances, errors on 0
LOG (transform-feats[5.5.863~1-813b7]:main():transform-feats.cc:158) Overall average [pseudo-]logdet is -88.0273 over 37417 frames.
LOG (transform-feats[5.5.863~1-813b7]:main():transform-feats.cc:161) Applied transform to 120 utterances; 0 had errors.
LOG (transform-feats[5.5.863~1-813b7]:main():transform-feats.cc:158) Overall average logdet is 2.70037 over 37417 frames.
LOG (transform-feats[5.5.863~1-813b7]:main():transform-feats.cc:161) Applied transform to 120 utterances; 0 had errors.
LOG (acc-lda[5.5.863~1-813b7]:main():acc-lda.cc:117) Done 120 files, failed for 0
LOG (acc-lda[5.5.863~1-813b7]:main():acc-lda.cc:122) Written statistics.
# Accounting: time=1 threads=1
# Ended (code 0) at Wed Jan  6 08:30:42 EST 2021, elapsed time 1 seconds
