# gmm-acc-stats-ali exp/tri3/14.mdl "ark,s,cs:apply-cmvn  --utt2spk=ark:data/train/split30/9/utt2spk scp:data/train/split30/9/cmvn.scp scp:data/train/split30/9/feats.scp ark:- | splice-feats --left-context=3 --right-context=3 ark:- ark:- | transform-feats exp/tri2_ali/final.mat ark:- ark:- | transform-feats --utt2spk=ark:data/train/split30/9/utt2spk ark:exp/tri3/trans.9 ark:- ark:- |" "ark,s,cs:gunzip -c exp/tri3/ali.9.gz|" exp/tri3/14.9.acc 
# Started at Tue Jan  5 17:11:35 EST 2021
#
gmm-acc-stats-ali exp/tri3/14.mdl 'ark,s,cs:apply-cmvn  --utt2spk=ark:data/train/split30/9/utt2spk scp:data/train/split30/9/cmvn.scp scp:data/train/split30/9/feats.scp ark:- | splice-feats --left-context=3 --right-context=3 ark:- ark:- | transform-feats exp/tri2_ali/final.mat ark:- ark:- | transform-feats --utt2spk=ark:data/train/split30/9/utt2spk ark:exp/tri3/trans.9 ark:- ark:- |' 'ark,s,cs:gunzip -c exp/tri3/ali.9.gz|' exp/tri3/14.9.acc 
splice-feats --left-context=3 --right-context=3 ark:- ark:- 
transform-feats exp/tri2_ali/final.mat ark:- ark:- 
transform-feats --utt2spk=ark:data/train/split30/9/utt2spk ark:exp/tri3/trans.9 ark:- ark:- 
apply-cmvn --utt2spk=ark:data/train/split30/9/utt2spk scp:data/train/split30/9/cmvn.scp scp:data/train/split30/9/feats.scp ark:- 
LOG (gmm-acc-stats-ali[5.5.863~1-813b7]:main():gmm-acc-stats-ali.cc:105) Processed 50 utterances; for utterance FTBR0_SI2181 avg. like is -42.0163 over 244 frames.
LOG (gmm-acc-stats-ali[5.5.863~1-813b7]:main():gmm-acc-stats-ali.cc:105) Processed 100 utterances; for utterance FVMH0_SX116 avg. like is -47.4881 over 199 frames.
LOG (apply-cmvn[5.5.863~1-813b7]:main():apply-cmvn.cc:162) Applied cepstral mean normalization to 120 utterances, errors on 0
LOG (transform-feats[5.5.863~1-813b7]:main():transform-feats.cc:158) Overall average [pseudo-]logdet is -88.5311 over 35574 frames.
LOG (transform-feats[5.5.863~1-813b7]:main():transform-feats.cc:161) Applied transform to 120 utterances; 0 had errors.
LOG (transform-feats[5.5.863~1-813b7]:main():transform-feats.cc:158) Overall average logdet is 2.83756 over 35574 frames.
LOG (transform-feats[5.5.863~1-813b7]:main():transform-feats.cc:161) Applied transform to 120 utterances; 0 had errors.
LOG (gmm-acc-stats-ali[5.5.863~1-813b7]:main():gmm-acc-stats-ali.cc:112) Done 120 files, 0 with errors.
LOG (gmm-acc-stats-ali[5.5.863~1-813b7]:main():gmm-acc-stats-ali.cc:115) Overall avg like per frame (Gaussian only) = -47.5015 over 35574 frames.
LOG (gmm-acc-stats-ali[5.5.863~1-813b7]:main():gmm-acc-stats-ali.cc:123) Written accs.
# Accounting: time=1 threads=1
# Ended (code 0) at Tue Jan  5 17:11:36 EST 2021, elapsed time 1 seconds
