# ali-to-post "ark:gunzip -c exp/tri3/ali.16.gz|" ark:- | gmm-acc-stats-twofeats exp/tri3/35.mdl "ark,s,cs:apply-cmvn  --utt2spk=ark:data/train/split30/16/utt2spk scp:data/train/split30/16/cmvn.scp scp:data/train/split30/16/feats.scp ark:- | splice-feats --left-context=3 --right-context=3 ark:- ark:- | transform-feats exp/tri2_ali/final.mat ark:- ark:- | transform-feats --utt2spk=ark:data/train/split30/16/utt2spk ark:exp/tri3/trans.16 ark:- ark:- |" "ark,s,cs:apply-cmvn  --utt2spk=ark:data/train/split30/16/utt2spk scp:data/train/split30/16/cmvn.scp scp:data/train/split30/16/feats.scp ark:- | splice-feats --left-context=3 --right-context=3 ark:- ark:- | transform-feats exp/tri2_ali/final.mat ark:- ark:- |" ark,s,cs:- exp/tri3/35.16.acc 
# Started at Tue Jan  5 17:14:40 EST 2021
#
ali-to-post 'ark:gunzip -c exp/tri3/ali.16.gz|' ark:- 
gmm-acc-stats-twofeats exp/tri3/35.mdl 'ark,s,cs:apply-cmvn  --utt2spk=ark:data/train/split30/16/utt2spk scp:data/train/split30/16/cmvn.scp scp:data/train/split30/16/feats.scp ark:- | splice-feats --left-context=3 --right-context=3 ark:- ark:- | transform-feats exp/tri2_ali/final.mat ark:- ark:- | transform-feats --utt2spk=ark:data/train/split30/16/utt2spk ark:exp/tri3/trans.16 ark:- ark:- |' 'ark,s,cs:apply-cmvn  --utt2spk=ark:data/train/split30/16/utt2spk scp:data/train/split30/16/cmvn.scp scp:data/train/split30/16/feats.scp ark:- | splice-feats --left-context=3 --right-context=3 ark:- ark:- | transform-feats exp/tri2_ali/final.mat ark:- ark:- |' ark,s,cs:- exp/tri3/35.16.acc 
splice-feats --left-context=3 --right-context=3 ark:- ark:- 
transform-feats --utt2spk=ark:data/train/split30/16/utt2spk ark:exp/tri3/trans.16 ark:- ark:- 
apply-cmvn --utt2spk=ark:data/train/split30/16/utt2spk scp:data/train/split30/16/cmvn.scp scp:data/train/split30/16/feats.scp ark:- 
transform-feats exp/tri2_ali/final.mat ark:- ark:- 
transform-feats exp/tri2_ali/final.mat ark:- ark:- 
apply-cmvn --utt2spk=ark:data/train/split30/16/utt2spk scp:data/train/split30/16/cmvn.scp scp:data/train/split30/16/feats.scp ark:- 
splice-feats --left-context=3 --right-context=3 ark:- ark:- 
LOG (gmm-acc-stats-twofeats[5.5.863~1-813b7]:main():gmm-acc-stats-twofeats.cc:140) Average like for this file is -45.2757 over 370 frames.
LOG (gmm-acc-stats-twofeats[5.5.863~1-813b7]:main():gmm-acc-stats-twofeats.cc:140) Average like for this file is -47.5504 over 216 frames.
LOG (gmm-acc-stats-twofeats[5.5.863~1-813b7]:main():gmm-acc-stats-twofeats.cc:140) Average like for this file is -43.5087 over 249 frames.
LOG (gmm-acc-stats-twofeats[5.5.863~1-813b7]:main():gmm-acc-stats-twofeats.cc:140) Average like for this file is -43.5858 over 296 frames.
LOG (gmm-acc-stats-twofeats[5.5.863~1-813b7]:main():gmm-acc-stats-twofeats.cc:140) Average like for this file is -50.3875 over 336 frames.
LOG (gmm-acc-stats-twofeats[5.5.863~1-813b7]:main():gmm-acc-stats-twofeats.cc:140) Average like for this file is -46.9345 over 401 frames.
LOG (gmm-acc-stats-twofeats[5.5.863~1-813b7]:main():gmm-acc-stats-twofeats.cc:140) Average like for this file is -42.1411 over 305 frames.
LOG (gmm-acc-stats-twofeats[5.5.863~1-813b7]:main():gmm-acc-stats-twofeats.cc:140) Average like for this file is -45.3941 over 237 frames.
LOG (gmm-acc-stats-twofeats[5.5.863~1-813b7]:main():gmm-acc-stats-twofeats.cc:140) Average like for this file is -45.7283 over 442 frames.
LOG (gmm-acc-stats-twofeats[5.5.863~1-813b7]:main():gmm-acc-stats-twofeats.cc:140) Average like for this file is -48.753 over 372 frames.
LOG (gmm-acc-stats-twofeats[5.5.863~1-813b7]:main():gmm-acc-stats-twofeats.cc:146) Avg like per frame so far is -46.051
LOG (gmm-acc-stats-twofeats[5.5.863~1-813b7]:main():gmm-acc-stats-twofeats.cc:140) Average like for this file is -46.2093 over 210 frames.
LOG (gmm-acc-stats-twofeats[5.5.863~1-813b7]:main():gmm-acc-stats-twofeats.cc:140) Average like for this file is -46.3579 over 351 frames.
LOG (gmm-acc-stats-twofeats[5.5.863~1-813b7]:main():gmm-acc-stats-twofeats.cc:140) Average like for this file is -49.1624 over 276 frames.
LOG (gmm-acc-stats-twofeats[5.5.863~1-813b7]:main():gmm-acc-stats-twofeats.cc:140) Average like for this file is -48.2257 over 205 frames.
LOG (gmm-acc-stats-twofeats[5.5.863~1-813b7]:main():gmm-acc-stats-twofeats.cc:140) Average like for this file is -45.3282 over 210 frames.
LOG (gmm-acc-stats-twofeats[5.5.863~1-813b7]:main():gmm-acc-stats-twofeats.cc:140) Average like for this file is -46.7869 over 217 frames.
LOG (gmm-acc-stats-twofeats[5.5.863~1-813b7]:main():gmm-acc-stats-twofeats.cc:140) Average like for this file is -42.4787 over 130 frames.
LOG (gmm-acc-stats-twofeats[5.5.863~1-813b7]:main():gmm-acc-stats-twofeats.cc:140) Average like for this file is -46.057 over 145 frames.
LOG (gmm-acc-stats-twofeats[5.5.863~1-813b7]:main():gmm-acc-stats-twofeats.cc:140) Average like for this file is -48.3436 over 345 frames.
LOG (gmm-acc-stats-twofeats[5.5.863~1-813b7]:main():gmm-acc-stats-twofeats.cc:140) Average like for this file is -48.1659 over 185 frames.
LOG (gmm-acc-stats-twofeats[5.5.863~1-813b7]:main():gmm-acc-stats-twofeats.cc:146) Avg like per frame so far is -46.4461
LOG (gmm-acc-stats-twofeats[5.5.863~1-813b7]:main():gmm-acc-stats-twofeats.cc:140) Average like for this file is -49.5073 over 229 frames.
LOG (gmm-acc-stats-twofeats[5.5.863~1-813b7]:main():gmm-acc-stats-twofeats.cc:140) Average like for this file is -50.4501 over 438 frames.
LOG (gmm-acc-stats-twofeats[5.5.863~1-813b7]:main():gmm-acc-stats-twofeats.cc:140) Average like for this file is -48.0751 over 236 frames.
LOG (gmm-acc-stats-twofeats[5.5.863~1-813b7]:main():gmm-acc-stats-twofeats.cc:140) Average like for this file is -49.4337 over 316 frames.
LOG (gmm-acc-stats-twofeats[5.5.863~1-813b7]:main():gmm-acc-stats-twofeats.cc:140) Average like for this file is -46.7552 over 282 frames.
LOG (gmm-acc-stats-twofeats[5.5.863~1-813b7]:main():gmm-acc-stats-twofeats.cc:140) Average like for this file is -46.7594 over 315 frames.
LOG (gmm-acc-stats-twofeats[5.5.863~1-813b7]:main():gmm-acc-stats-twofeats.cc:140) Average like for this file is -48.0825 over 324 frames.
LOG (gmm-acc-stats-twofeats[5.5.863~1-813b7]:main():gmm-acc-stats-twofeats.cc:140) Average like for this file is -45.3465 over 374 frames.
LOG (gmm-acc-stats-twofeats[5.5.863~1-813b7]:main():gmm-acc-stats-twofeats.cc:140) Average like for this file is -45.2476 over 306 frames.
LOG (gmm-acc-stats-twofeats[5.5.863~1-813b7]:main():gmm-acc-stats-twofeats.cc:140) Average like for this file is -39.531 over 347 frames.
LOG (gmm-acc-stats-twofeats[5.5.863~1-813b7]:main():gmm-acc-stats-twofeats.cc:146) Avg like per frame so far is -46.5986
LOG (gmm-acc-stats-twofeats[5.5.863~1-813b7]:main():gmm-acc-stats-twofeats.cc:140) Average like for this file is -45.2845 over 449 frames.
LOG (gmm-acc-stats-twofeats[5.5.863~1-813b7]:main():gmm-acc-stats-twofeats.cc:140) Average like for this file is -41.7828 over 298 frames.
LOG (gmm-acc-stats-twofeats[5.5.863~1-813b7]:main():gmm-acc-stats-twofeats.cc:140) Average like for this file is -45.0527 over 237 frames.
LOG (gmm-acc-stats-twofeats[5.5.863~1-813b7]:main():gmm-acc-stats-twofeats.cc:140) Average like for this file is -47.5219 over 274 frames.
LOG (gmm-acc-stats-twofeats[5.5.863~1-813b7]:main():gmm-acc-stats-twofeats.cc:140) Average like for this file is -44.3769 over 383 frames.
LOG (gmm-acc-stats-twofeats[5.5.863~1-813b7]:main():gmm-acc-stats-twofeats.cc:140) Average like for this file is -50.8177 over 249 frames.
LOG (gmm-acc-stats-twofeats[5.5.863~1-813b7]:main():gmm-acc-stats-twofeats.cc:140) Average like for this file is -43.2387 over 124 frames.
LOG (gmm-acc-stats-twofeats[5.5.863~1-813b7]:main():gmm-acc-stats-twofeats.cc:140) Average like for this file is -47.1607 over 546 frames.
LOG (gmm-acc-stats-twofeats[5.5.863~1-813b7]:main():gmm-acc-stats-twofeats.cc:140) Average like for this file is -43.1062 over 294 frames.
LOG (gmm-acc-stats-twofeats[5.5.863~1-813b7]:main():gmm-acc-stats-twofeats.cc:140) Average like for this file is -45.8929 over 200 frames.
LOG (gmm-acc-stats-twofeats[5.5.863~1-813b7]:main():gmm-acc-stats-twofeats.cc:146) Avg like per frame so far is -46.3242
LOG (gmm-acc-stats-twofeats[5.5.863~1-813b7]:main():gmm-acc-stats-twofeats.cc:140) Average like for this file is -49.6039 over 429 frames.
LOG (gmm-acc-stats-twofeats[5.5.863~1-813b7]:main():gmm-acc-stats-twofeats.cc:140) Average like for this file is -47.0714 over 248 frames.
LOG (gmm-acc-stats-twofeats[5.5.863~1-813b7]:main():gmm-acc-stats-twofeats.cc:140) Average like for this file is -48.1138 over 328 frames.
LOG (gmm-acc-stats-twofeats[5.5.863~1-813b7]:main():gmm-acc-stats-twofeats.cc:140) Average like for this file is -52.5875 over 359 frames.
LOG (gmm-acc-stats-twofeats[5.5.863~1-813b7]:main():gmm-acc-stats-twofeats.cc:140) Average like for this file is -43.8238 over 203 frames.
LOG (gmm-acc-stats-twofeats[5.5.863~1-813b7]:main():gmm-acc-stats-twofeats.cc:140) Average like for this file is -47.2996 over 470 frames.
LOG (gmm-acc-stats-twofeats[5.5.863~1-813b7]:main():gmm-acc-stats-twofeats.cc:140) Average like for this file is -43.7926 over 329 frames.
LOG (gmm-acc-stats-twofeats[5.5.863~1-813b7]:main():gmm-acc-stats-twofeats.cc:140) Average like for this file is -44.2454 over 319 frames.
LOG (gmm-acc-stats-twofeats[5.5.863~1-813b7]:main():gmm-acc-stats-twofeats.cc:140) Average like for this file is -46.5058 over 463 frames.
LOG (gmm-acc-stats-twofeats[5.5.863~1-813b7]:main():gmm-acc-stats-twofeats.cc:140) Average like for this file is -48.1478 over 314 frames.
LOG (gmm-acc-stats-twofeats[5.5.863~1-813b7]:main():gmm-acc-stats-twofeats.cc:146) Avg like per frame so far is -46.5573
LOG (gmm-acc-stats-twofeats[5.5.863~1-813b7]:main():gmm-acc-stats-twofeats.cc:140) Average like for this file is -44.8872 over 417 frames.
LOG (gmm-acc-stats-twofeats[5.5.863~1-813b7]:main():gmm-acc-stats-twofeats.cc:140) Average like for this file is -45.731 over 210 frames.
LOG (gmm-acc-stats-twofeats[5.5.863~1-813b7]:main():gmm-acc-stats-twofeats.cc:140) Average like for this file is -45.826 over 286 frames.
LOG (gmm-acc-stats-twofeats[5.5.863~1-813b7]:main():gmm-acc-stats-twofeats.cc:140) Average like for this file is -45.7668 over 276 frames.
LOG (gmm-acc-stats-twofeats[5.5.863~1-813b7]:main():gmm-acc-stats-twofeats.cc:140) Average like for this file is -44.8158 over 271 frames.
LOG (gmm-acc-stats-twofeats[5.5.863~1-813b7]:main():gmm-acc-stats-twofeats.cc:140) Average like for this file is -47.4208 over 392 frames.
LOG (gmm-acc-stats-twofeats[5.5.863~1-813b7]:main():gmm-acc-stats-twofeats.cc:140) Average like for this file is -48.7731 over 289 frames.
LOG (gmm-acc-stats-twofeats[5.5.863~1-813b7]:main():gmm-acc-stats-twofeats.cc:140) Average like for this file is -44.1636 over 230 frames.
LOG (gmm-acc-stats-twofeats[5.5.863~1-813b7]:main():gmm-acc-stats-twofeats.cc:140) Average like for this file is -47.4911 over 437 frames.
LOG (gmm-acc-stats-twofeats[5.5.863~1-813b7]:main():gmm-acc-stats-twofeats.cc:140) Average like for this file is -48.3138 over 378 frames.
LOG (gmm-acc-stats-twofeats[5.5.863~1-813b7]:main():gmm-acc-stats-twofeats.cc:146) Avg like per frame so far is -46.5427
LOG (gmm-acc-stats-twofeats[5.5.863~1-813b7]:main():gmm-acc-stats-twofeats.cc:140) Average like for this file is -47.207 over 284 frames.
LOG (gmm-acc-stats-twofeats[5.5.863~1-813b7]:main():gmm-acc-stats-twofeats.cc:140) Average like for this file is -48.2859 over 293 frames.
LOG (gmm-acc-stats-twofeats[5.5.863~1-813b7]:main():gmm-acc-stats-twofeats.cc:140) Average like for this file is -51.0193 over 359 frames.
LOG (gmm-acc-stats-twofeats[5.5.863~1-813b7]:main():gmm-acc-stats-twofeats.cc:140) Average like for this file is -43.9402 over 350 frames.
LOG (gmm-acc-stats-twofeats[5.5.863~1-813b7]:main():gmm-acc-stats-twofeats.cc:140) Average like for this file is -48.0941 over 454 frames.
LOG (gmm-acc-stats-twofeats[5.5.863~1-813b7]:main():gmm-acc-stats-twofeats.cc:140) Average like for this file is -46.9208 over 296 frames.
LOG (gmm-acc-stats-twofeats[5.5.863~1-813b7]:main():gmm-acc-stats-twofeats.cc:140) Average like for this file is -48.971 over 459 frames.
LOG (gmm-acc-stats-twofeats[5.5.863~1-813b7]:main():gmm-acc-stats-twofeats.cc:140) Average like for this file is -50.7323 over 234 frames.
LOG (gmm-acc-stats-twofeats[5.5.863~1-813b7]:main():gmm-acc-stats-twofeats.cc:140) Average like for this file is -45.8259 over 274 frames.
LOG (gmm-acc-stats-twofeats[5.5.863~1-813b7]:main():gmm-acc-stats-twofeats.cc:140) Average like for this file is -47.8773 over 342 frames.
LOG (gmm-acc-stats-twofeats[5.5.863~1-813b7]:main():gmm-acc-stats-twofeats.cc:146) Avg like per frame so far is -46.753
LOG (gmm-acc-stats-twofeats[5.5.863~1-813b7]:main():gmm-acc-stats-twofeats.cc:140) Average like for this file is -48.7664 over 287 frames.
LOG (gmm-acc-stats-twofeats[5.5.863~1-813b7]:main():gmm-acc-stats-twofeats.cc:140) Average like for this file is -48.0052 over 275 frames.
LOG (gmm-acc-stats-twofeats[5.5.863~1-813b7]:main():gmm-acc-stats-twofeats.cc:140) Average like for this file is -43.6632 over 259 frames.
LOG (gmm-acc-stats-twofeats[5.5.863~1-813b7]:main():gmm-acc-stats-twofeats.cc:140) Average like for this file is -43.4513 over 298 frames.
LOG (gmm-acc-stats-twofeats[5.5.863~1-813b7]:main():gmm-acc-stats-twofeats.cc:140) Average like for this file is -47.4608 over 422 frames.
LOG (gmm-acc-stats-twofeats[5.5.863~1-813b7]:main():gmm-acc-stats-twofeats.cc:140) Average like for this file is -46.6869 over 286 frames.
LOG (gmm-acc-stats-twofeats[5.5.863~1-813b7]:main():gmm-acc-stats-twofeats.cc:140) Average like for this file is -42.615 over 186 frames.
LOG (gmm-acc-stats-twofeats[5.5.863~1-813b7]:main():gmm-acc-stats-twofeats.cc:140) Average like for this file is -44.7192 over 245 frames.
LOG (gmm-acc-stats-twofeats[5.5.863~1-813b7]:main():gmm-acc-stats-twofeats.cc:140) Average like for this file is -47.4085 over 242 frames.
LOG (gmm-acc-stats-twofeats[5.5.863~1-813b7]:main():gmm-acc-stats-twofeats.cc:140) Average like for this file is -46.1416 over 241 frames.
LOG (gmm-acc-stats-twofeats[5.5.863~1-813b7]:main():gmm-acc-stats-twofeats.cc:146) Avg like per frame so far is -46.6778
LOG (gmm-acc-stats-twofeats[5.5.863~1-813b7]:main():gmm-acc-stats-twofeats.cc:140) Average like for this file is -45.8864 over 290 frames.
LOG (gmm-acc-stats-twofeats[5.5.863~1-813b7]:main():gmm-acc-stats-twofeats.cc:140) Average like for this file is -46.7157 over 205 frames.
LOG (gmm-acc-stats-twofeats[5.5.863~1-813b7]:main():gmm-acc-stats-twofeats.cc:140) Average like for this file is -44.977 over 471 frames.
LOG (gmm-acc-stats-twofeats[5.5.863~1-813b7]:main():gmm-acc-stats-twofeats.cc:140) Average like for this file is -45.1146 over 358 frames.
LOG (gmm-acc-stats-twofeats[5.5.863~1-813b7]:main():gmm-acc-stats-twofeats.cc:140) Average like for this file is -45.2884 over 233 frames.
LOG (gmm-acc-stats-twofeats[5.5.863~1-813b7]:main():gmm-acc-stats-twofeats.cc:140) Average like for this file is -46.3254 over 308 frames.
LOG (gmm-acc-stats-twofeats[5.5.863~1-813b7]:main():gmm-acc-stats-twofeats.cc:140) Average like for this file is -42.8722 over 277 frames.
LOG (gmm-acc-stats-twofeats[5.5.863~1-813b7]:main():gmm-acc-stats-twofeats.cc:140) Average like for this file is -50.4752 over 264 frames.
LOG (gmm-acc-stats-twofeats[5.5.863~1-813b7]:main():gmm-acc-stats-twofeats.cc:140) Average like for this file is -49.144 over 230 frames.
LOG (gmm-acc-stats-twofeats[5.5.863~1-813b7]:main():gmm-acc-stats-twofeats.cc:140) Average like for this file is -45.8329 over 289 frames.
LOG (gmm-acc-stats-twofeats[5.5.863~1-813b7]:main():gmm-acc-stats-twofeats.cc:146) Avg like per frame so far is -46.6141
LOG (gmm-acc-stats-twofeats[5.5.863~1-813b7]:main():gmm-acc-stats-twofeats.cc:140) Average like for this file is -47.8011 over 397 frames.
LOG (gmm-acc-stats-twofeats[5.5.863~1-813b7]:main():gmm-acc-stats-twofeats.cc:140) Average like for this file is -42.6712 over 215 frames.
LOG (gmm-acc-stats-twofeats[5.5.863~1-813b7]:main():gmm-acc-stats-twofeats.cc:140) Average like for this file is -45.1934 over 159 frames.
LOG (gmm-acc-stats-twofeats[5.5.863~1-813b7]:main():gmm-acc-stats-twofeats.cc:140) Average like for this file is -46.8264 over 196 frames.
LOG (gmm-acc-stats-twofeats[5.5.863~1-813b7]:main():gmm-acc-stats-twofeats.cc:140) Average like for this file is -48.2623 over 177 frames.
LOG (gmm-acc-stats-twofeats[5.5.863~1-813b7]:main():gmm-acc-stats-twofeats.cc:140) Average like for this file is -48.8105 over 252 frames.
LOG (gmm-acc-stats-twofeats[5.5.863~1-813b7]:main():gmm-acc-stats-twofeats.cc:140) Average like for this file is -38.1619 over 271 frames.
LOG (gmm-acc-stats-twofeats[5.5.863~1-813b7]:main():gmm-acc-stats-twofeats.cc:140) Average like for this file is -45.8275 over 265 frames.
LOG (gmm-acc-stats-twofeats[5.5.863~1-813b7]:main():gmm-acc-stats-twofeats.cc:140) Average like for this file is -46.5674 over 462 frames.
LOG (gmm-acc-stats-twofeats[5.5.863~1-813b7]:main():gmm-acc-stats-twofeats.cc:140) Average like for this file is -46.1625 over 224 frames.
LOG (gmm-acc-stats-twofeats[5.5.863~1-813b7]:main():gmm-acc-stats-twofeats.cc:146) Avg like per frame so far is -46.5362
LOG (gmm-acc-stats-twofeats[5.5.863~1-813b7]:main():gmm-acc-stats-twofeats.cc:140) Average like for this file is -39.8017 over 262 frames.
LOG (gmm-acc-stats-twofeats[5.5.863~1-813b7]:main():gmm-acc-stats-twofeats.cc:140) Average like for this file is -39.3225 over 171 frames.
LOG (gmm-acc-stats-twofeats[5.5.863~1-813b7]:main():gmm-acc-stats-twofeats.cc:140) Average like for this file is -49.5333 over 257 frames.
LOG (gmm-acc-stats-twofeats[5.5.863~1-813b7]:main():gmm-acc-stats-twofeats.cc:140) Average like for this file is -43.9548 over 283 frames.
LOG (gmm-acc-stats-twofeats[5.5.863~1-813b7]:main():gmm-acc-stats-twofeats.cc:140) Average like for this file is -47.6038 over 252 frames.
LOG (ali-to-post[5.5.863~1-813b7]:main():ali-to-post.cc:73) Converted 120 alignments.
LOG (gmm-acc-stats-twofeats[5.5.863~1-813b7]:main():gmm-acc-stats-twofeats.cc:140) Average like for this file is -44.8289 over 452 frames.
LOG (gmm-acc-stats-twofeats[5.5.863~1-813b7]:main():gmm-acc-stats-twofeats.cc:140) Average like for this file is -43.4628 over 328 frames.
LOG (gmm-acc-stats-twofeats[5.5.863~1-813b7]:main():gmm-acc-stats-twofeats.cc:140) Average like for this file is -40.3492 over 295 frames.
LOG (gmm-acc-stats-twofeats[5.5.863~1-813b7]:main():gmm-acc-stats-twofeats.cc:140) Average like for this file is -45.121 over 367 frames.
LOG (gmm-acc-stats-twofeats[5.5.863~1-813b7]:main():gmm-acc-stats-twofeats.cc:140) Average like for this file is -45.6982 over 305 frames.
LOG (gmm-acc-stats-twofeats[5.5.863~1-813b7]:main():gmm-acc-stats-twofeats.cc:146) Avg like per frame so far is -46.3218
LOG (apply-cmvn[5.5.863~1-813b7]:main():apply-cmvn.cc:162) Applied cepstral mean normalization to 120 utterances, errors on 0
LOG (gmm-acc-stats-twofeats[5.5.863~1-813b7]:main():gmm-acc-stats-twofeats.cc:140) Average like for this file is -48.0856 over 262 frames.
LOG (gmm-acc-stats-twofeats[5.5.863~1-813b7]:main():gmm-acc-stats-twofeats.cc:140) Average like for this file is -43.4714 over 238 frames.
LOG (apply-cmvn[5.5.863~1-813b7]:main():apply-cmvn.cc:162) Applied cepstral mean normalization to 120 utterances, errors on 0
LOG (gmm-acc-stats-twofeats[5.5.863~1-813b7]:main():gmm-acc-stats-twofeats.cc:140) Average like for this file is -50.7567 over 170 frames.
LOG (gmm-acc-stats-twofeats[5.5.863~1-813b7]:main():gmm-acc-stats-twofeats.cc:140) Average like for this file is -47.7299 over 279 frames.
LOG (gmm-acc-stats-twofeats[5.5.863~1-813b7]:main():gmm-acc-stats-twofeats.cc:140) Average like for this file is -49.9185 over 309 frames.
LOG (gmm-acc-stats-twofeats[5.5.863~1-813b7]:main():gmm-acc-stats-twofeats.cc:140) Average like for this file is -49.3008 over 270 frames.
LOG (transform-feats[5.5.863~1-813b7]:main():transform-feats.cc:158) Overall average [pseudo-]logdet is -88.5311 over 35752 frames.
LOG (transform-feats[5.5.863~1-813b7]:main():transform-feats.cc:161) Applied transform to 120 utterances; 0 had errors.
LOG (gmm-acc-stats-twofeats[5.5.863~1-813b7]:main():gmm-acc-stats-twofeats.cc:140) Average like for this file is -51.1686 over 237 frames.
LOG (gmm-acc-stats-twofeats[5.5.863~1-813b7]:main():gmm-acc-stats-twofeats.cc:140) Average like for this file is -48.9661 over 304 frames.
LOG (transform-feats[5.5.863~1-813b7]:main():transform-feats.cc:158) Overall average logdet is 3.27142 over 35752 frames.
LOG (transform-feats[5.5.863~1-813b7]:main():transform-feats.cc:161) Applied transform to 120 utterances; 0 had errors.
LOG (transform-feats[5.5.863~1-813b7]:main():transform-feats.cc:158) Overall average [pseudo-]logdet is -88.5311 over 35752 frames.
LOG (transform-feats[5.5.863~1-813b7]:main():transform-feats.cc:161) Applied transform to 120 utterances; 0 had errors.
LOG (gmm-acc-stats-twofeats[5.5.863~1-813b7]:main():gmm-acc-stats-twofeats.cc:140) Average like for this file is -48.1035 over 381 frames.
LOG (gmm-acc-stats-twofeats[5.5.863~1-813b7]:main():gmm-acc-stats-twofeats.cc:140) Average like for this file is -48.6081 over 334 frames.
LOG (gmm-acc-stats-twofeats[5.5.863~1-813b7]:main():gmm-acc-stats-twofeats.cc:146) Avg like per frame so far is -46.4964
LOG (gmm-acc-stats-twofeats[5.5.863~1-813b7]:main():gmm-acc-stats-twofeats.cc:150) Done 120 files, 0 with no posteriors, 0 with no second features, 0 with other errors.
LOG (gmm-acc-stats-twofeats[5.5.863~1-813b7]:main():gmm-acc-stats-twofeats.cc:155) Overall avg like per frame (Gaussian only) = -46.4964 over 35752 frames.
LOG (gmm-acc-stats-twofeats[5.5.863~1-813b7]:main():gmm-acc-stats-twofeats.cc:163) Written accs.
# Accounting: time=0 threads=1
# Ended (code 0) at Tue Jan  5 17:14:40 EST 2021, elapsed time 0 seconds
