# ali-to-post "ark:gunzip -c exp/tri3/ali.27.gz|" ark:- | gmm-acc-stats-twofeats exp/tri3/35.mdl "ark,s,cs:apply-cmvn  --utt2spk=ark:data/train/split30/27/utt2spk scp:data/train/split30/27/cmvn.scp scp:data/train/split30/27/feats.scp ark:- | splice-feats --left-context=3 --right-context=3 ark:- ark:- | transform-feats exp/tri2_ali/final.mat ark:- ark:- | transform-feats --utt2spk=ark:data/train/split30/27/utt2spk ark:exp/tri3/trans.27 ark:- ark:- |" "ark,s,cs:apply-cmvn  --utt2spk=ark:data/train/split30/27/utt2spk scp:data/train/split30/27/cmvn.scp scp:data/train/split30/27/feats.scp ark:- | splice-feats --left-context=3 --right-context=3 ark:- ark:- | transform-feats exp/tri2_ali/final.mat ark:- ark:- |" ark,s,cs:- exp/tri3/35.27.acc 
# Started at Tue Jan  5 17:14:42 EST 2021
#
ali-to-post 'ark:gunzip -c exp/tri3/ali.27.gz|' ark:- 
gmm-acc-stats-twofeats exp/tri3/35.mdl 'ark,s,cs:apply-cmvn  --utt2spk=ark:data/train/split30/27/utt2spk scp:data/train/split30/27/cmvn.scp scp:data/train/split30/27/feats.scp ark:- | splice-feats --left-context=3 --right-context=3 ark:- ark:- | transform-feats exp/tri2_ali/final.mat ark:- ark:- | transform-feats --utt2spk=ark:data/train/split30/27/utt2spk ark:exp/tri3/trans.27 ark:- ark:- |' 'ark,s,cs:apply-cmvn  --utt2spk=ark:data/train/split30/27/utt2spk scp:data/train/split30/27/cmvn.scp scp:data/train/split30/27/feats.scp ark:- | splice-feats --left-context=3 --right-context=3 ark:- ark:- | transform-feats exp/tri2_ali/final.mat ark:- ark:- |' ark,s,cs:- exp/tri3/35.27.acc 
splice-feats --left-context=3 --right-context=3 ark:- ark:- 
transform-feats exp/tri2_ali/final.mat ark:- ark:- 
apply-cmvn --utt2spk=ark:data/train/split30/27/utt2spk scp:data/train/split30/27/cmvn.scp scp:data/train/split30/27/feats.scp ark:- 
transform-feats --utt2spk=ark:data/train/split30/27/utt2spk ark:exp/tri3/trans.27 ark:- ark:- 
apply-cmvn --utt2spk=ark:data/train/split30/27/utt2spk scp:data/train/split30/27/cmvn.scp scp:data/train/split30/27/feats.scp ark:- 
splice-feats --left-context=3 --right-context=3 ark:- ark:- 
transform-feats exp/tri2_ali/final.mat ark:- ark:- 
LOG (gmm-acc-stats-twofeats[5.5.863~1-813b7]:main():gmm-acc-stats-twofeats.cc:140) Average like for this file is -41.451 over 324 frames.
LOG (gmm-acc-stats-twofeats[5.5.863~1-813b7]:main():gmm-acc-stats-twofeats.cc:140) Average like for this file is -43.9995 over 264 frames.
LOG (gmm-acc-stats-twofeats[5.5.863~1-813b7]:main():gmm-acc-stats-twofeats.cc:140) Average like for this file is -49.0971 over 262 frames.
LOG (gmm-acc-stats-twofeats[5.5.863~1-813b7]:main():gmm-acc-stats-twofeats.cc:140) Average like for this file is -42.3488 over 382 frames.
LOG (gmm-acc-stats-twofeats[5.5.863~1-813b7]:main():gmm-acc-stats-twofeats.cc:140) Average like for this file is -42.357 over 242 frames.
LOG (gmm-acc-stats-twofeats[5.5.863~1-813b7]:main():gmm-acc-stats-twofeats.cc:140) Average like for this file is -45.0385 over 280 frames.
LOG (gmm-acc-stats-twofeats[5.5.863~1-813b7]:main():gmm-acc-stats-twofeats.cc:140) Average like for this file is -40.3763 over 285 frames.
LOG (gmm-acc-stats-twofeats[5.5.863~1-813b7]:main():gmm-acc-stats-twofeats.cc:140) Average like for this file is -47.0957 over 270 frames.
LOG (gmm-acc-stats-twofeats[5.5.863~1-813b7]:main():gmm-acc-stats-twofeats.cc:140) Average like for this file is -47.7571 over 377 frames.
LOG (gmm-acc-stats-twofeats[5.5.863~1-813b7]:main():gmm-acc-stats-twofeats.cc:140) Average like for this file is -49.4199 over 191 frames.
LOG (gmm-acc-stats-twofeats[5.5.863~1-813b7]:main():gmm-acc-stats-twofeats.cc:146) Avg like per frame so far is -44.7044
LOG (gmm-acc-stats-twofeats[5.5.863~1-813b7]:main():gmm-acc-stats-twofeats.cc:140) Average like for this file is -47.5447 over 196 frames.
LOG (gmm-acc-stats-twofeats[5.5.863~1-813b7]:main():gmm-acc-stats-twofeats.cc:140) Average like for this file is -49.9857 over 209 frames.
LOG (gmm-acc-stats-twofeats[5.5.863~1-813b7]:main():gmm-acc-stats-twofeats.cc:140) Average like for this file is -44.9959 over 142 frames.
LOG (gmm-acc-stats-twofeats[5.5.863~1-813b7]:main():gmm-acc-stats-twofeats.cc:140) Average like for this file is -49.4045 over 176 frames.
LOG (gmm-acc-stats-twofeats[5.5.863~1-813b7]:main():gmm-acc-stats-twofeats.cc:140) Average like for this file is -44.5808 over 207 frames.
LOG (gmm-acc-stats-twofeats[5.5.863~1-813b7]:main():gmm-acc-stats-twofeats.cc:140) Average like for this file is -51.371 over 226 frames.
LOG (gmm-acc-stats-twofeats[5.5.863~1-813b7]:main():gmm-acc-stats-twofeats.cc:140) Average like for this file is -46.6545 over 125 frames.
LOG (gmm-acc-stats-twofeats[5.5.863~1-813b7]:main():gmm-acc-stats-twofeats.cc:140) Average like for this file is -45.9447 over 141 frames.
LOG (gmm-acc-stats-twofeats[5.5.863~1-813b7]:main():gmm-acc-stats-twofeats.cc:140) Average like for this file is -43.6247 over 448 frames.
LOG (gmm-acc-stats-twofeats[5.5.863~1-813b7]:main():gmm-acc-stats-twofeats.cc:140) Average like for this file is -44.7185 over 438 frames.
LOG (gmm-acc-stats-twofeats[5.5.863~1-813b7]:main():gmm-acc-stats-twofeats.cc:146) Avg like per frame so far is -45.4665
LOG (gmm-acc-stats-twofeats[5.5.863~1-813b7]:main():gmm-acc-stats-twofeats.cc:140) Average like for this file is -45.3125 over 297 frames.
LOG (gmm-acc-stats-twofeats[5.5.863~1-813b7]:main():gmm-acc-stats-twofeats.cc:140) Average like for this file is -44.0791 over 398 frames.
LOG (gmm-acc-stats-twofeats[5.5.863~1-813b7]:main():gmm-acc-stats-twofeats.cc:140) Average like for this file is -44.8422 over 369 frames.
LOG (gmm-acc-stats-twofeats[5.5.863~1-813b7]:main():gmm-acc-stats-twofeats.cc:140) Average like for this file is -48.5737 over 214 frames.
LOG (gmm-acc-stats-twofeats[5.5.863~1-813b7]:main():gmm-acc-stats-twofeats.cc:140) Average like for this file is -46.9568 over 572 frames.
LOG (gmm-acc-stats-twofeats[5.5.863~1-813b7]:main():gmm-acc-stats-twofeats.cc:140) Average like for this file is -44.6903 over 341 frames.
LOG (gmm-acc-stats-twofeats[5.5.863~1-813b7]:main():gmm-acc-stats-twofeats.cc:140) Average like for this file is -48.5679 over 371 frames.
LOG (gmm-acc-stats-twofeats[5.5.863~1-813b7]:main():gmm-acc-stats-twofeats.cc:140) Average like for this file is -48.4929 over 207 frames.
LOG (gmm-acc-stats-twofeats[5.5.863~1-813b7]:main():gmm-acc-stats-twofeats.cc:140) Average like for this file is -46.519 over 422 frames.
LOG (gmm-acc-stats-twofeats[5.5.863~1-813b7]:main():gmm-acc-stats-twofeats.cc:140) Average like for this file is -45.3592 over 459 frames.
LOG (gmm-acc-stats-twofeats[5.5.863~1-813b7]:main():gmm-acc-stats-twofeats.cc:146) Avg like per frame so far is -45.7604
LOG (gmm-acc-stats-twofeats[5.5.863~1-813b7]:main():gmm-acc-stats-twofeats.cc:140) Average like for this file is -47.5911 over 260 frames.
LOG (gmm-acc-stats-twofeats[5.5.863~1-813b7]:main():gmm-acc-stats-twofeats.cc:140) Average like for this file is -49.0252 over 292 frames.
LOG (gmm-acc-stats-twofeats[5.5.863~1-813b7]:main():gmm-acc-stats-twofeats.cc:140) Average like for this file is -46.9862 over 324 frames.
LOG (gmm-acc-stats-twofeats[5.5.863~1-813b7]:main():gmm-acc-stats-twofeats.cc:140) Average like for this file is -45.4361 over 545 frames.
LOG (gmm-acc-stats-twofeats[5.5.863~1-813b7]:main():gmm-acc-stats-twofeats.cc:140) Average like for this file is -46.3743 over 685 frames.
LOG (gmm-acc-stats-twofeats[5.5.863~1-813b7]:main():gmm-acc-stats-twofeats.cc:140) Average like for this file is -45.2705 over 378 frames.
LOG (gmm-acc-stats-twofeats[5.5.863~1-813b7]:main():gmm-acc-stats-twofeats.cc:140) Average like for this file is -46.6488 over 244 frames.
LOG (gmm-acc-stats-twofeats[5.5.863~1-813b7]:main():gmm-acc-stats-twofeats.cc:140) Average like for this file is -43.6936 over 306 frames.
LOG (gmm-acc-stats-twofeats[5.5.863~1-813b7]:main():gmm-acc-stats-twofeats.cc:140) Average like for this file is -45.4117 over 389 frames.
LOG (gmm-acc-stats-twofeats[5.5.863~1-813b7]:main():gmm-acc-stats-twofeats.cc:140) Average like for this file is -45.7247 over 299 frames.
LOG (gmm-acc-stats-twofeats[5.5.863~1-813b7]:main():gmm-acc-stats-twofeats.cc:146) Avg like per frame so far is -45.8657
LOG (gmm-acc-stats-twofeats[5.5.863~1-813b7]:main():gmm-acc-stats-twofeats.cc:140) Average like for this file is -48.0438 over 366 frames.
LOG (gmm-acc-stats-twofeats[5.5.863~1-813b7]:main():gmm-acc-stats-twofeats.cc:140) Average like for this file is -43.5074 over 175 frames.
LOG (gmm-acc-stats-twofeats[5.5.863~1-813b7]:main():gmm-acc-stats-twofeats.cc:140) Average like for this file is -47.5125 over 294 frames.
LOG (gmm-acc-stats-twofeats[5.5.863~1-813b7]:main():gmm-acc-stats-twofeats.cc:140) Average like for this file is -51.0717 over 276 frames.
LOG (gmm-acc-stats-twofeats[5.5.863~1-813b7]:main():gmm-acc-stats-twofeats.cc:140) Average like for this file is -44.5388 over 268 frames.
LOG (gmm-acc-stats-twofeats[5.5.863~1-813b7]:main():gmm-acc-stats-twofeats.cc:140) Average like for this file is -49.1582 over 311 frames.
LOG (gmm-acc-stats-twofeats[5.5.863~1-813b7]:main():gmm-acc-stats-twofeats.cc:140) Average like for this file is -44.7141 over 241 frames.
LOG (gmm-acc-stats-twofeats[5.5.863~1-813b7]:main():gmm-acc-stats-twofeats.cc:140) Average like for this file is -49.1559 over 173 frames.
LOG (gmm-acc-stats-twofeats[5.5.863~1-813b7]:main():gmm-acc-stats-twofeats.cc:140) Average like for this file is -39.6162 over 331 frames.
LOG (gmm-acc-stats-twofeats[5.5.863~1-813b7]:main():gmm-acc-stats-twofeats.cc:140) Average like for this file is -42.6299 over 577 frames.
LOG (gmm-acc-stats-twofeats[5.5.863~1-813b7]:main():gmm-acc-stats-twofeats.cc:146) Avg like per frame so far is -45.8227
LOG (gmm-acc-stats-twofeats[5.5.863~1-813b7]:main():gmm-acc-stats-twofeats.cc:140) Average like for this file is -45.7286 over 312 frames.
LOG (gmm-acc-stats-twofeats[5.5.863~1-813b7]:main():gmm-acc-stats-twofeats.cc:140) Average like for this file is -46.7778 over 405 frames.
LOG (gmm-acc-stats-twofeats[5.5.863~1-813b7]:main():gmm-acc-stats-twofeats.cc:140) Average like for this file is -43.8319 over 354 frames.
LOG (gmm-acc-stats-twofeats[5.5.863~1-813b7]:main():gmm-acc-stats-twofeats.cc:140) Average like for this file is -45.9617 over 271 frames.
LOG (gmm-acc-stats-twofeats[5.5.863~1-813b7]:main():gmm-acc-stats-twofeats.cc:140) Average like for this file is -46.9438 over 442 frames.
LOG (gmm-acc-stats-twofeats[5.5.863~1-813b7]:main():gmm-acc-stats-twofeats.cc:140) Average like for this file is -48.9093 over 283 frames.
LOG (gmm-acc-stats-twofeats[5.5.863~1-813b7]:main():gmm-acc-stats-twofeats.cc:140) Average like for this file is -44.4158 over 227 frames.
LOG (gmm-acc-stats-twofeats[5.5.863~1-813b7]:main():gmm-acc-stats-twofeats.cc:140) Average like for this file is -44.2883 over 392 frames.
LOG (gmm-acc-stats-twofeats[5.5.863~1-813b7]:main():gmm-acc-stats-twofeats.cc:140) Average like for this file is -48.853 over 470 frames.
LOG (gmm-acc-stats-twofeats[5.5.863~1-813b7]:main():gmm-acc-stats-twofeats.cc:140) Average like for this file is -47.6279 over 269 frames.
LOG (gmm-acc-stats-twofeats[5.5.863~1-813b7]:main():gmm-acc-stats-twofeats.cc:146) Avg like per frame so far is -45.9305
LOG (gmm-acc-stats-twofeats[5.5.863~1-813b7]:main():gmm-acc-stats-twofeats.cc:140) Average like for this file is -45.3756 over 271 frames.
LOG (gmm-acc-stats-twofeats[5.5.863~1-813b7]:main():gmm-acc-stats-twofeats.cc:140) Average like for this file is -43.6663 over 358 frames.
LOG (gmm-acc-stats-twofeats[5.5.863~1-813b7]:main():gmm-acc-stats-twofeats.cc:140) Average like for this file is -45.2237 over 395 frames.
LOG (gmm-acc-stats-twofeats[5.5.863~1-813b7]:main():gmm-acc-stats-twofeats.cc:140) Average like for this file is -46.7627 over 341 frames.
LOG (gmm-acc-stats-twofeats[5.5.863~1-813b7]:main():gmm-acc-stats-twofeats.cc:140) Average like for this file is -47.8819 over 475 frames.
LOG (gmm-acc-stats-twofeats[5.5.863~1-813b7]:main():gmm-acc-stats-twofeats.cc:140) Average like for this file is -44.9568 over 213 frames.
LOG (gmm-acc-stats-twofeats[5.5.863~1-813b7]:main():gmm-acc-stats-twofeats.cc:140) Average like for this file is -45.3162 over 276 frames.
LOG (gmm-acc-stats-twofeats[5.5.863~1-813b7]:main():gmm-acc-stats-twofeats.cc:140) Average like for this file is -48.0096 over 335 frames.
LOG (gmm-acc-stats-twofeats[5.5.863~1-813b7]:main():gmm-acc-stats-twofeats.cc:140) Average like for this file is -44.6456 over 268 frames.
LOG (gmm-acc-stats-twofeats[5.5.863~1-813b7]:main():gmm-acc-stats-twofeats.cc:140) Average like for this file is -47.8846 over 416 frames.
LOG (gmm-acc-stats-twofeats[5.5.863~1-813b7]:main():gmm-acc-stats-twofeats.cc:146) Avg like per frame so far is -45.9645
LOG (gmm-acc-stats-twofeats[5.5.863~1-813b7]:main():gmm-acc-stats-twofeats.cc:140) Average like for this file is -45.2392 over 339 frames.
LOG (gmm-acc-stats-twofeats[5.5.863~1-813b7]:main():gmm-acc-stats-twofeats.cc:140) Average like for this file is -46.8202 over 256 frames.
LOG (gmm-acc-stats-twofeats[5.5.863~1-813b7]:main():gmm-acc-stats-twofeats.cc:140) Average like for this file is -43.8828 over 252 frames.
LOG (gmm-acc-stats-twofeats[5.5.863~1-813b7]:main():gmm-acc-stats-twofeats.cc:140) Average like for this file is -48.7676 over 405 frames.
LOG (gmm-acc-stats-twofeats[5.5.863~1-813b7]:main():gmm-acc-stats-twofeats.cc:140) Average like for this file is -48.0703 over 356 frames.
LOG (gmm-acc-stats-twofeats[5.5.863~1-813b7]:main():gmm-acc-stats-twofeats.cc:140) Average like for this file is -46.4345 over 343 frames.
LOG (gmm-acc-stats-twofeats[5.5.863~1-813b7]:main():gmm-acc-stats-twofeats.cc:140) Average like for this file is -38.7557 over 207 frames.
LOG (gmm-acc-stats-twofeats[5.5.863~1-813b7]:main():gmm-acc-stats-twofeats.cc:140) Average like for this file is -43.4235 over 284 frames.
LOG (gmm-acc-stats-twofeats[5.5.863~1-813b7]:main():gmm-acc-stats-twofeats.cc:140) Average like for this file is -44.0746 over 292 frames.
LOG (gmm-acc-stats-twofeats[5.5.863~1-813b7]:main():gmm-acc-stats-twofeats.cc:140) Average like for this file is -45.9945 over 311 frames.
LOG (gmm-acc-stats-twofeats[5.5.863~1-813b7]:main():gmm-acc-stats-twofeats.cc:146) Avg like per frame so far is -45.9148
LOG (gmm-acc-stats-twofeats[5.5.863~1-813b7]:main():gmm-acc-stats-twofeats.cc:140) Average like for this file is -47.8324 over 521 frames.
LOG (gmm-acc-stats-twofeats[5.5.863~1-813b7]:main():gmm-acc-stats-twofeats.cc:140) Average like for this file is -45.6927 over 266 frames.
LOG (gmm-acc-stats-twofeats[5.5.863~1-813b7]:main():gmm-acc-stats-twofeats.cc:140) Average like for this file is -44.5285 over 254 frames.
LOG (gmm-acc-stats-twofeats[5.5.863~1-813b7]:main():gmm-acc-stats-twofeats.cc:140) Average like for this file is -49.147 over 288 frames.
LOG (gmm-acc-stats-twofeats[5.5.863~1-813b7]:main():gmm-acc-stats-twofeats.cc:140) Average like for this file is -42.717 over 294 frames.
LOG (gmm-acc-stats-twofeats[5.5.863~1-813b7]:main():gmm-acc-stats-twofeats.cc:140) Average like for this file is -43.246 over 230 frames.
LOG (gmm-acc-stats-twofeats[5.5.863~1-813b7]:main():gmm-acc-stats-twofeats.cc:140) Average like for this file is -44.4777 over 241 frames.
LOG (gmm-acc-stats-twofeats[5.5.863~1-813b7]:main():gmm-acc-stats-twofeats.cc:140) Average like for this file is -48.1059 over 280 frames.
LOG (gmm-acc-stats-twofeats[5.5.863~1-813b7]:main():gmm-acc-stats-twofeats.cc:140) Average like for this file is -43.8265 over 427 frames.
LOG (gmm-acc-stats-twofeats[5.5.863~1-813b7]:main():gmm-acc-stats-twofeats.cc:140) Average like for this file is -46.4792 over 244 frames.
LOG (gmm-acc-stats-twofeats[5.5.863~1-813b7]:main():gmm-acc-stats-twofeats.cc:146) Avg like per frame so far is -45.8964
LOG (gmm-acc-stats-twofeats[5.5.863~1-813b7]:main():gmm-acc-stats-twofeats.cc:140) Average like for this file is -49.0547 over 338 frames.
LOG (gmm-acc-stats-twofeats[5.5.863~1-813b7]:main():gmm-acc-stats-twofeats.cc:140) Average like for this file is -42.4972 over 344 frames.
LOG (gmm-acc-stats-twofeats[5.5.863~1-813b7]:main():gmm-acc-stats-twofeats.cc:140) Average like for this file is -45.0966 over 232 frames.
LOG (gmm-acc-stats-twofeats[5.5.863~1-813b7]:main():gmm-acc-stats-twofeats.cc:140) Average like for this file is -45.6282 over 289 frames.
LOG (gmm-acc-stats-twofeats[5.5.863~1-813b7]:main():gmm-acc-stats-twofeats.cc:140) Average like for this file is -46.7145 over 273 frames.
LOG (gmm-acc-stats-twofeats[5.5.863~1-813b7]:main():gmm-acc-stats-twofeats.cc:140) Average like for this file is -48.1844 over 254 frames.
LOG (gmm-acc-stats-twofeats[5.5.863~1-813b7]:main():gmm-acc-stats-twofeats.cc:140) Average like for this file is -46.2049 over 388 frames.
LOG (gmm-acc-stats-twofeats[5.5.863~1-813b7]:main():gmm-acc-stats-twofeats.cc:140) Average like for this file is -44.6035 over 152 frames.
LOG (gmm-acc-stats-twofeats[5.5.863~1-813b7]:main():gmm-acc-stats-twofeats.cc:140) Average like for this file is -48.3682 over 397 frames.
LOG (gmm-acc-stats-twofeats[5.5.863~1-813b7]:main():gmm-acc-stats-twofeats.cc:140) Average like for this file is -46.7729 over 289 frames.
LOG (gmm-acc-stats-twofeats[5.5.863~1-813b7]:main():gmm-acc-stats-twofeats.cc:146) Avg like per frame so far is -45.9473
LOG (gmm-acc-stats-twofeats[5.5.863~1-813b7]:main():gmm-acc-stats-twofeats.cc:140) Average like for this file is -42.0916 over 146 frames.
LOG (gmm-acc-stats-twofeats[5.5.863~1-813b7]:main():gmm-acc-stats-twofeats.cc:140) Average like for this file is -45.0511 over 339 frames.
LOG (gmm-acc-stats-twofeats[5.5.863~1-813b7]:main():gmm-acc-stats-twofeats.cc:140) Average like for this file is -46.3604 over 290 frames.
LOG (gmm-acc-stats-twofeats[5.5.863~1-813b7]:main():gmm-acc-stats-twofeats.cc:140) Average like for this file is -50.9354 over 231 frames.
LOG (gmm-acc-stats-twofeats[5.5.863~1-813b7]:main():gmm-acc-stats-twofeats.cc:140) Average like for this file is -46.1421 over 267 frames.
LOG (ali-to-post[5.5.863~1-813b7]:main():ali-to-post.cc:73) Converted 120 alignments.
LOG (gmm-acc-stats-twofeats[5.5.863~1-813b7]:main():gmm-acc-stats-twofeats.cc:140) Average like for this file is -46.9011 over 416 frames.
LOG (gmm-acc-stats-twofeats[5.5.863~1-813b7]:main():gmm-acc-stats-twofeats.cc:140) Average like for this file is -48.1205 over 442 frames.
LOG (gmm-acc-stats-twofeats[5.5.863~1-813b7]:main():gmm-acc-stats-twofeats.cc:140) Average like for this file is -47.8962 over 372 frames.
LOG (gmm-acc-stats-twofeats[5.5.863~1-813b7]:main():gmm-acc-stats-twofeats.cc:140) Average like for this file is -39.8039 over 143 frames.
LOG (gmm-acc-stats-twofeats[5.5.863~1-813b7]:main():gmm-acc-stats-twofeats.cc:140) Average like for this file is -48.3574 over 181 frames.
LOG (gmm-acc-stats-twofeats[5.5.863~1-813b7]:main():gmm-acc-stats-twofeats.cc:146) Avg like per frame so far is -46.0086
LOG (apply-cmvn[5.5.863~1-813b7]:main():apply-cmvn.cc:162) Applied cepstral mean normalization to 120 utterances, errors on 0
LOG (gmm-acc-stats-twofeats[5.5.863~1-813b7]:main():gmm-acc-stats-twofeats.cc:140) Average like for this file is -46.8145 over 314 frames.
LOG (gmm-acc-stats-twofeats[5.5.863~1-813b7]:main():gmm-acc-stats-twofeats.cc:140) Average like for this file is -48.9839 over 288 frames.
LOG (gmm-acc-stats-twofeats[5.5.863~1-813b7]:main():gmm-acc-stats-twofeats.cc:140) Average like for this file is -48.2033 over 333 frames.
LOG (apply-cmvn[5.5.863~1-813b7]:main():apply-cmvn.cc:162) Applied cepstral mean normalization to 120 utterances, errors on 0
LOG (gmm-acc-stats-twofeats[5.5.863~1-813b7]:main():gmm-acc-stats-twofeats.cc:140) Average like for this file is -45.2367 over 194 frames.
LOG (gmm-acc-stats-twofeats[5.5.863~1-813b7]:main():gmm-acc-stats-twofeats.cc:140) Average like for this file is -46.2076 over 483 frames.
LOG (gmm-acc-stats-twofeats[5.5.863~1-813b7]:main():gmm-acc-stats-twofeats.cc:140) Average like for this file is -50.4762 over 358 frames.
LOG (transform-feats[5.5.863~1-813b7]:main():transform-feats.cc:158) Overall average [pseudo-]logdet is -88.5311 over 37417 frames.
LOG (transform-feats[5.5.863~1-813b7]:main():transform-feats.cc:161) Applied transform to 120 utterances; 0 had errors.
LOG (gmm-acc-stats-twofeats[5.5.863~1-813b7]:main():gmm-acc-stats-twofeats.cc:140) Average like for this file is -50.9783 over 286 frames.
LOG (gmm-acc-stats-twofeats[5.5.863~1-813b7]:main():gmm-acc-stats-twofeats.cc:140) Average like for this file is -48.6097 over 289 frames.
LOG (transform-feats[5.5.863~1-813b7]:main():transform-feats.cc:158) Overall average logdet is 3.1658 over 37417 frames.
LOG (transform-feats[5.5.863~1-813b7]:main():transform-feats.cc:161) Applied transform to 120 utterances; 0 had errors.
LOG (transform-feats[5.5.863~1-813b7]:main():transform-feats.cc:158) Overall average [pseudo-]logdet is -88.5311 over 37417 frames.
LOG (transform-feats[5.5.863~1-813b7]:main():transform-feats.cc:161) Applied transform to 120 utterances; 0 had errors.
LOG (gmm-acc-stats-twofeats[5.5.863~1-813b7]:main():gmm-acc-stats-twofeats.cc:140) Average like for this file is -48.9365 over 399 frames.
LOG (gmm-acc-stats-twofeats[5.5.863~1-813b7]:main():gmm-acc-stats-twofeats.cc:140) Average like for this file is -52.1733 over 258 frames.
LOG (gmm-acc-stats-twofeats[5.5.863~1-813b7]:main():gmm-acc-stats-twofeats.cc:146) Avg like per frame so far is -46.2309
LOG (gmm-acc-stats-twofeats[5.5.863~1-813b7]:main():gmm-acc-stats-twofeats.cc:150) Done 120 files, 0 with no posteriors, 0 with no second features, 0 with other errors.
LOG (gmm-acc-stats-twofeats[5.5.863~1-813b7]:main():gmm-acc-stats-twofeats.cc:155) Overall avg like per frame (Gaussian only) = -46.2309 over 37417 frames.
LOG (gmm-acc-stats-twofeats[5.5.863~1-813b7]:main():gmm-acc-stats-twofeats.cc:163) Written accs.
# Accounting: time=1 threads=1
# Ended (code 0) at Tue Jan  5 17:14:43 EST 2021, elapsed time 1 seconds
