# ali-to-post "ark:gunzip -c exp/tri3/ali.18.gz|" ark:- | weight-silence-post 0.0 1 exp/tri3/6.mdl ark:- ark:- | gmm-est-fmllr --fmllr-update-type=full --spk2utt=ark:data/train/split30/18/spk2utt exp/tri3/6.mdl "ark,s,cs:apply-cmvn  --utt2spk=ark:data/train/split30/18/utt2spk scp:data/train/split30/18/cmvn.scp scp:data/train/split30/18/feats.scp ark:- | splice-feats --left-context=3 --right-context=3 ark:- ark:- | transform-feats exp/tri2_ali/final.mat ark:- ark:- | transform-feats --utt2spk=ark:data/train/split30/18/utt2spk ark:exp/tri3/trans.18 ark:- ark:- |" ark:- ark:exp/tri3/tmp_trans.18 
# Started at Tue Jan  5 17:09:41 EST 2021
#
weight-silence-post 0.0 1 exp/tri3/6.mdl ark:- ark:- 
ali-to-post 'ark:gunzip -c exp/tri3/ali.18.gz|' ark:- 
gmm-est-fmllr --fmllr-update-type=full --spk2utt=ark:data/train/split30/18/spk2utt exp/tri3/6.mdl 'ark,s,cs:apply-cmvn  --utt2spk=ark:data/train/split30/18/utt2spk scp:data/train/split30/18/cmvn.scp scp:data/train/split30/18/feats.scp ark:- | splice-feats --left-context=3 --right-context=3 ark:- ark:- | transform-feats exp/tri2_ali/final.mat ark:- ark:- | transform-feats --utt2spk=ark:data/train/split30/18/utt2spk ark:exp/tri3/trans.18 ark:- ark:- |' ark:- ark:exp/tri3/tmp_trans.18 
transform-feats --utt2spk=ark:data/train/split30/18/utt2spk ark:exp/tri3/trans.18 ark:- ark:- 
splice-feats --left-context=3 --right-context=3 ark:- ark:- 
apply-cmvn --utt2spk=ark:data/train/split30/18/utt2spk scp:data/train/split30/18/cmvn.scp scp:data/train/split30/18/feats.scp ark:- 
transform-feats exp/tri2_ali/final.mat ark:- ark:- 
LOG (gmm-est-fmllr[5.5.863~1-813b7]:ComputeFmllrMatrixDiagGmmFull():fmllr-diag-gmm.cc:262) fMLLR objf improvement is 0.0745451 per frame over 2226 frames.
LOG (gmm-est-fmllr[5.5.863~1-813b7]:main():gmm-est-fmllr.cc:143) For speaker MJHI0, auxf-impr from fMLLR is 0.0745451, over 2226 frames.
LOG (gmm-est-fmllr[5.5.863~1-813b7]:ComputeFmllrMatrixDiagGmmFull():fmllr-diag-gmm.cc:262) fMLLR objf improvement is 0.0673863 per frame over 2222 frames.
LOG (gmm-est-fmllr[5.5.863~1-813b7]:main():gmm-est-fmllr.cc:143) For speaker MJJB0, auxf-impr from fMLLR is 0.0673863, over 2222 frames.
LOG (gmm-est-fmllr[5.5.863~1-813b7]:ComputeFmllrMatrixDiagGmmFull():fmllr-diag-gmm.cc:262) fMLLR objf improvement is 0.0787185 per frame over 2149 frames.
LOG (gmm-est-fmllr[5.5.863~1-813b7]:main():gmm-est-fmllr.cc:143) For speaker MJJJ0, auxf-impr from fMLLR is 0.0787185, over 2149 frames.
LOG (gmm-est-fmllr[5.5.863~1-813b7]:ComputeFmllrMatrixDiagGmmFull():fmllr-diag-gmm.cc:262) fMLLR objf improvement is 0.069041 per frame over 1940 frames.
LOG (gmm-est-fmllr[5.5.863~1-813b7]:main():gmm-est-fmllr.cc:143) For speaker MJJM0, auxf-impr from fMLLR is 0.069041, over 1940 frames.
LOG (gmm-est-fmllr[5.5.863~1-813b7]:ComputeFmllrMatrixDiagGmmFull():fmllr-diag-gmm.cc:262) fMLLR objf improvement is 0.0692606 per frame over 2256 frames.
LOG (gmm-est-fmllr[5.5.863~1-813b7]:main():gmm-est-fmllr.cc:143) For speaker MJKR0, auxf-impr from fMLLR is 0.0692606, over 2256 frames.
LOG (gmm-est-fmllr[5.5.863~1-813b7]:ComputeFmllrMatrixDiagGmmFull():fmllr-diag-gmm.cc:262) fMLLR objf improvement is 0.085411 per frame over 2018 frames.
LOG (gmm-est-fmllr[5.5.863~1-813b7]:main():gmm-est-fmllr.cc:143) For speaker MJLB0, auxf-impr from fMLLR is 0.085411, over 2018 frames.
LOG (gmm-est-fmllr[5.5.863~1-813b7]:ComputeFmllrMatrixDiagGmmFull():fmllr-diag-gmm.cc:262) fMLLR objf improvement is 0.0719563 per frame over 1932 frames.
LOG (gmm-est-fmllr[5.5.863~1-813b7]:main():gmm-est-fmllr.cc:143) For speaker MJLG1, auxf-impr from fMLLR is 0.0719563, over 1932 frames.
LOG (gmm-est-fmllr[5.5.863~1-813b7]:ComputeFmllrMatrixDiagGmmFull():fmllr-diag-gmm.cc:262) fMLLR objf improvement is 0.073267 per frame over 2239 frames.
LOG (gmm-est-fmllr[5.5.863~1-813b7]:main():gmm-est-fmllr.cc:143) For speaker MJLS0, auxf-impr from fMLLR is 0.0732671, over 2239 frames.
LOG (gmm-est-fmllr[5.5.863~1-813b7]:ComputeFmllrMatrixDiagGmmFull():fmllr-diag-gmm.cc:262) fMLLR objf improvement is 0.0650128 per frame over 2073 frames.
LOG (gmm-est-fmllr[5.5.863~1-813b7]:main():gmm-est-fmllr.cc:143) For speaker MJMA0, auxf-impr from fMLLR is 0.0650128, over 2073 frames.
LOG (gmm-est-fmllr[5.5.863~1-813b7]:ComputeFmllrMatrixDiagGmmFull():fmllr-diag-gmm.cc:262) fMLLR objf improvement is 0.0726766 per frame over 1920 frames.
LOG (gmm-est-fmllr[5.5.863~1-813b7]:main():gmm-est-fmllr.cc:143) For speaker MJMD0, auxf-impr from fMLLR is 0.0726766, over 1920 frames.
LOG (gmm-est-fmllr[5.5.863~1-813b7]:ComputeFmllrMatrixDiagGmmFull():fmllr-diag-gmm.cc:262) fMLLR objf improvement is 0.0785104 per frame over 2007 frames.
LOG (gmm-est-fmllr[5.5.863~1-813b7]:main():gmm-est-fmllr.cc:143) For speaker MJMM0, auxf-impr from fMLLR is 0.0785104, over 2007 frames.
LOG (ali-to-post[5.5.863~1-813b7]:main():ali-to-post.cc:73) Converted 120 alignments.
LOG (gmm-est-fmllr[5.5.863~1-813b7]:ComputeFmllrMatrixDiagGmmFull():fmllr-diag-gmm.cc:262) fMLLR objf improvement is 0.100759 per frame over 1808 frames.
LOG (gmm-est-fmllr[5.5.863~1-813b7]:main():gmm-est-fmllr.cc:143) For speaker MJPG0, auxf-impr from fMLLR is 0.100759, over 1808 frames.
LOG (gmm-est-fmllr[5.5.863~1-813b7]:ComputeFmllrMatrixDiagGmmFull():fmllr-diag-gmm.cc:262) fMLLR objf improvement is 0.0619556 per frame over 2052 frames.
LOG (gmm-est-fmllr[5.5.863~1-813b7]:main():gmm-est-fmllr.cc:143) For speaker MJPM0, auxf-impr from fMLLR is 0.0619556, over 2052 frames.
LOG (weight-silence-post[5.5.863~1-813b7]:main():weight-silence-post.cc:95) Done 120 posteriors.
LOG (apply-cmvn[5.5.863~1-813b7]:main():apply-cmvn.cc:162) Applied cepstral mean normalization to 120 utterances, errors on 0
LOG (gmm-est-fmllr[5.5.863~1-813b7]:ComputeFmllrMatrixDiagGmmFull():fmllr-diag-gmm.cc:262) fMLLR objf improvement is 0.0806559 per frame over 2177 frames.
LOG (gmm-est-fmllr[5.5.863~1-813b7]:main():gmm-est-fmllr.cc:143) For speaker MJPM1, auxf-impr from fMLLR is 0.0806559, over 2177 frames.
LOG (transform-feats[5.5.863~1-813b7]:main():transform-feats.cc:158) Overall average [pseudo-]logdet is -88.5311 over 35352 frames.
LOG (transform-feats[5.5.863~1-813b7]:main():transform-feats.cc:161) Applied transform to 120 utterances; 0 had errors.
LOG (transform-feats[5.5.863~1-813b7]:main():transform-feats.cc:158) Overall average logdet is 2.00715 over 35352 frames.
LOG (transform-feats[5.5.863~1-813b7]:main():transform-feats.cc:161) Applied transform to 120 utterances; 0 had errors.
LOG (gmm-est-fmllr[5.5.863~1-813b7]:ComputeFmllrMatrixDiagGmmFull():fmllr-diag-gmm.cc:262) fMLLR objf improvement is 0.0676016 per frame over 2116 frames.
LOG (gmm-est-fmllr[5.5.863~1-813b7]:main():gmm-est-fmllr.cc:143) For speaker MJRA0, auxf-impr from fMLLR is 0.0676016, over 2116 frames.
LOG (gmm-est-fmllr[5.5.863~1-813b7]:main():gmm-est-fmllr.cc:188) Done 120 files, 0 with no posts, 0 with other errors.
LOG (gmm-est-fmllr[5.5.863~1-813b7]:main():gmm-est-fmllr.cc:190) Overall fMLLR auxf impr per frame is 0.0742017 over 31135 frames.
# Accounting: time=3 threads=1
# Ended (code 0) at Tue Jan  5 17:09:44 EST 2021, elapsed time 3 seconds
