# ali-to-post "ark:gunzip -c exp/tri2/ali.5.gz|" ark:- | weight-silence-post 0.0 1 exp/tri2/12.mdl ark:- ark:- | gmm-acc-mllt --rand-prune=4.0 exp/tri2/12.mdl "ark,s,cs:apply-cmvn  --utt2spk=ark:data/train/split30/5/utt2spk scp:data/train/split30/5/cmvn.scp scp:data/train/split30/5/feats.scp ark:- | splice-feats --left-context=3 --right-context=3 ark:- ark:- | transform-feats exp/tri2/6.mat ark:- ark:- |" ark:- exp/tri2/12.5.macc 
# Started at Wed Jan  6 05:47:48 EST 2021
#
ali-to-post 'ark:gunzip -c exp/tri2/ali.5.gz|' ark:- 
weight-silence-post 0.0 1 exp/tri2/12.mdl ark:- ark:- 
gmm-acc-mllt --rand-prune=4.0 exp/tri2/12.mdl 'ark,s,cs:apply-cmvn  --utt2spk=ark:data/train/split30/5/utt2spk scp:data/train/split30/5/cmvn.scp scp:data/train/split30/5/feats.scp ark:- | splice-feats --left-context=3 --right-context=3 ark:- ark:- | transform-feats exp/tri2/6.mat ark:- ark:- |' ark:- exp/tri2/12.5.macc 
apply-cmvn --utt2spk=ark:data/train/split30/5/utt2spk scp:data/train/split30/5/cmvn.scp scp:data/train/split30/5/feats.scp ark:- 
splice-feats --left-context=3 --right-context=3 ark:- ark:- 
transform-feats exp/tri2/6.mat ark:- ark:- 
LOG (gmm-acc-mllt[5.5.863~1-813b7]:main():gmm-acc-mllt.cc:108) Average like for this file is -55.3269 over 374 frames.
LOG (gmm-acc-mllt[5.5.863~1-813b7]:main():gmm-acc-mllt.cc:108) Average like for this file is -51.1564 over 425 frames.
LOG (gmm-acc-mllt[5.5.863~1-813b7]:main():gmm-acc-mllt.cc:108) Average like for this file is -57.0425 over 243 frames.
LOG (gmm-acc-mllt[5.5.863~1-813b7]:main():gmm-acc-mllt.cc:108) Average like for this file is -52.4565 over 170 frames.
LOG (gmm-acc-mllt[5.5.863~1-813b7]:main():gmm-acc-mllt.cc:108) Average like for this file is -54.1276 over 167 frames.
LOG (gmm-acc-mllt[5.5.863~1-813b7]:main():gmm-acc-mllt.cc:108) Average like for this file is -47.9882 over 161 frames.
LOG (gmm-acc-mllt[5.5.863~1-813b7]:main():gmm-acc-mllt.cc:108) Average like for this file is -58.7979 over 232 frames.
LOG (gmm-acc-mllt[5.5.863~1-813b7]:main():gmm-acc-mllt.cc:108) Average like for this file is -54.3899 over 262 frames.
LOG (gmm-acc-mllt[5.5.863~1-813b7]:main():gmm-acc-mllt.cc:108) Average like for this file is -51.0551 over 431 frames.
LOG (gmm-acc-mllt[5.5.863~1-813b7]:main():gmm-acc-mllt.cc:108) Average like for this file is -50.8435 over 197 frames.
LOG (gmm-acc-mllt[5.5.863~1-813b7]:main():gmm-acc-mllt.cc:114) Avg like per frame so far is -53.3021
LOG (gmm-acc-mllt[5.5.863~1-813b7]:main():gmm-acc-mllt.cc:108) Average like for this file is -50.477 over 316 frames.
LOG (gmm-acc-mllt[5.5.863~1-813b7]:main():gmm-acc-mllt.cc:108) Average like for this file is -48.3554 over 211 frames.
LOG (gmm-acc-mllt[5.5.863~1-813b7]:main():gmm-acc-mllt.cc:108) Average like for this file is -52.136 over 316 frames.
LOG (gmm-acc-mllt[5.5.863~1-813b7]:main():gmm-acc-mllt.cc:108) Average like for this file is -53.265 over 341 frames.
LOG (gmm-acc-mllt[5.5.863~1-813b7]:main():gmm-acc-mllt.cc:108) Average like for this file is -50.0399 over 468 frames.
LOG (gmm-acc-mllt[5.5.863~1-813b7]:main():gmm-acc-mllt.cc:108) Average like for this file is -51.1129 over 222 frames.
LOG (gmm-acc-mllt[5.5.863~1-813b7]:main():gmm-acc-mllt.cc:108) Average like for this file is -49.4555 over 429 frames.
LOG (gmm-acc-mllt[5.5.863~1-813b7]:main():gmm-acc-mllt.cc:108) Average like for this file is -50.1182 over 470 frames.
LOG (gmm-acc-mllt[5.5.863~1-813b7]:main():gmm-acc-mllt.cc:108) Average like for this file is -52.7933 over 252 frames.
LOG (gmm-acc-mllt[5.5.863~1-813b7]:main():gmm-acc-mllt.cc:108) Average like for this file is -48.7846 over 307 frames.
LOG (gmm-acc-mllt[5.5.863~1-813b7]:main():gmm-acc-mllt.cc:114) Avg like per frame so far is -51.8019
LOG (gmm-acc-mllt[5.5.863~1-813b7]:main():gmm-acc-mllt.cc:108) Average like for this file is -50.7657 over 187 frames.
LOG (gmm-acc-mllt[5.5.863~1-813b7]:main():gmm-acc-mllt.cc:108) Average like for this file is -56.792 over 166 frames.
LOG (gmm-acc-mllt[5.5.863~1-813b7]:main():gmm-acc-mllt.cc:108) Average like for this file is -53.2722 over 216 frames.
LOG (gmm-acc-mllt[5.5.863~1-813b7]:main():gmm-acc-mllt.cc:108) Average like for this file is -52.7221 over 272 frames.
LOG (gmm-acc-mllt[5.5.863~1-813b7]:main():gmm-acc-mllt.cc:108) Average like for this file is -45.705 over 163 frames.
LOG (gmm-acc-mllt[5.5.863~1-813b7]:main():gmm-acc-mllt.cc:108) Average like for this file is -46.1863 over 182 frames.
LOG (gmm-acc-mllt[5.5.863~1-813b7]:main():gmm-acc-mllt.cc:108) Average like for this file is -48.2023 over 486 frames.
LOG (gmm-acc-mllt[5.5.863~1-813b7]:main():gmm-acc-mllt.cc:108) Average like for this file is -43.07 over 455 frames.
LOG (gmm-acc-mllt[5.5.863~1-813b7]:main():gmm-acc-mllt.cc:108) Average like for this file is -45.1526 over 300 frames.
LOG (gmm-acc-mllt[5.5.863~1-813b7]:main():gmm-acc-mllt.cc:108) Average like for this file is -43.6709 over 246 frames.
LOG (gmm-acc-mllt[5.5.863~1-813b7]:main():gmm-acc-mllt.cc:114) Avg like per frame so far is -50.5869
LOG (gmm-acc-mllt[5.5.863~1-813b7]:main():gmm-acc-mllt.cc:108) Average like for this file is -44.5244 over 263 frames.
LOG (gmm-acc-mllt[5.5.863~1-813b7]:main():gmm-acc-mllt.cc:108) Average like for this file is -44.834 over 246 frames.
LOG (gmm-acc-mllt[5.5.863~1-813b7]:main():gmm-acc-mllt.cc:108) Average like for this file is -46.7411 over 410 frames.
LOG (gmm-acc-mllt[5.5.863~1-813b7]:main():gmm-acc-mllt.cc:108) Average like for this file is -47.7565 over 121 frames.
LOG (gmm-acc-mllt[5.5.863~1-813b7]:main():gmm-acc-mllt.cc:108) Average like for this file is -47.2393 over 154 frames.
LOG (gmm-acc-mllt[5.5.863~1-813b7]:main():gmm-acc-mllt.cc:108) Average like for this file is -49.8885 over 250 frames.
LOG (gmm-acc-mllt[5.5.863~1-813b7]:main():gmm-acc-mllt.cc:108) Average like for this file is -49.6371 over 219 frames.
LOG (gmm-acc-mllt[5.5.863~1-813b7]:main():gmm-acc-mllt.cc:108) Average like for this file is -47.0757 over 302 frames.
LOG (gmm-acc-mllt[5.5.863~1-813b7]:main():gmm-acc-mllt.cc:108) Average like for this file is -47.5091 over 300 frames.
LOG (gmm-acc-mllt[5.5.863~1-813b7]:main():gmm-acc-mllt.cc:108) Average like for this file is -46.6275 over 354 frames.
LOG (gmm-acc-mllt[5.5.863~1-813b7]:main():gmm-acc-mllt.cc:114) Avg like per frame so far is -49.7706
LOG (gmm-acc-mllt[5.5.863~1-813b7]:main():gmm-acc-mllt.cc:108) Average like for this file is -50.4153 over 499 frames.
LOG (gmm-acc-mllt[5.5.863~1-813b7]:main():gmm-acc-mllt.cc:108) Average like for this file is -49.615 over 121 frames.
LOG (gmm-acc-mllt[5.5.863~1-813b7]:main():gmm-acc-mllt.cc:108) Average like for this file is -52.2704 over 254 frames.
LOG (gmm-acc-mllt[5.5.863~1-813b7]:main():gmm-acc-mllt.cc:108) Average like for this file is -51.8998 over 177 frames.
LOG (gmm-acc-mllt[5.5.863~1-813b7]:main():gmm-acc-mllt.cc:108) Average like for this file is -48.7358 over 317 frames.
LOG (gmm-acc-mllt[5.5.863~1-813b7]:main():gmm-acc-mllt.cc:108) Average like for this file is -52.2815 over 336 frames.
LOG (gmm-acc-mllt[5.5.863~1-813b7]:main():gmm-acc-mllt.cc:108) Average like for this file is -52.9725 over 222 frames.
LOG (gmm-acc-mllt[5.5.863~1-813b7]:main():gmm-acc-mllt.cc:108) Average like for this file is -55.1192 over 246 frames.
LOG (gmm-acc-mllt[5.5.863~1-813b7]:main():gmm-acc-mllt.cc:108) Average like for this file is -52.7585 over 272 frames.
LOG (gmm-acc-mllt[5.5.863~1-813b7]:main():gmm-acc-mllt.cc:108) Average like for this file is -53.7512 over 281 frames.
LOG (gmm-acc-mllt[5.5.863~1-813b7]:main():gmm-acc-mllt.cc:114) Avg like per frame so far is -50.1837
LOG (gmm-acc-mllt[5.5.863~1-813b7]:main():gmm-acc-mllt.cc:108) Average like for this file is -55.3355 over 239 frames.
LOG (gmm-acc-mllt[5.5.863~1-813b7]:main():gmm-acc-mllt.cc:108) Average like for this file is -58.1015 over 352 frames.
LOG (gmm-acc-mllt[5.5.863~1-813b7]:main():gmm-acc-mllt.cc:108) Average like for this file is -55.1519 over 183 frames.
LOG (gmm-acc-mllt[5.5.863~1-813b7]:main():gmm-acc-mllt.cc:108) Average like for this file is -52.0203 over 372 frames.
LOG (gmm-acc-mllt[5.5.863~1-813b7]:main():gmm-acc-mllt.cc:108) Average like for this file is -55.8088 over 239 frames.
LOG (gmm-acc-mllt[5.5.863~1-813b7]:main():gmm-acc-mllt.cc:108) Average like for this file is -52.0705 over 255 frames.
LOG (gmm-acc-mllt[5.5.863~1-813b7]:main():gmm-acc-mllt.cc:108) Average like for this file is -53.4556 over 442 frames.
LOG (gmm-acc-mllt[5.5.863~1-813b7]:main():gmm-acc-mllt.cc:108) Average like for this file is -55.5206 over 129 frames.
LOG (gmm-acc-mllt[5.5.863~1-813b7]:main():gmm-acc-mllt.cc:108) Average like for this file is -50.9792 over 152 frames.
LOG (gmm-acc-mllt[5.5.863~1-813b7]:main():gmm-acc-mllt.cc:108) Average like for this file is -51.5384 over 292 frames.
LOG (gmm-acc-mllt[5.5.863~1-813b7]:main():gmm-acc-mllt.cc:114) Avg like per frame so far is -50.789
LOG (gmm-acc-mllt[5.5.863~1-813b7]:main():gmm-acc-mllt.cc:108) Average like for this file is -51.2654 over 219 frames.
LOG (gmm-acc-mllt[5.5.863~1-813b7]:main():gmm-acc-mllt.cc:108) Average like for this file is -52.7394 over 235 frames.
LOG (gmm-acc-mllt[5.5.863~1-813b7]:main():gmm-acc-mllt.cc:108) Average like for this file is -53.5569 over 332 frames.
LOG (gmm-acc-mllt[5.5.863~1-813b7]:main():gmm-acc-mllt.cc:108) Average like for this file is -56.4189 over 234 frames.
LOG (gmm-acc-mllt[5.5.863~1-813b7]:main():gmm-acc-mllt.cc:108) Average like for this file is -50.208 over 484 frames.
LOG (gmm-acc-mllt[5.5.863~1-813b7]:main():gmm-acc-mllt.cc:108) Average like for this file is -47.1752 over 187 frames.
LOG (gmm-acc-mllt[5.5.863~1-813b7]:main():gmm-acc-mllt.cc:108) Average like for this file is -56.6408 over 417 frames.
LOG (gmm-acc-mllt[5.5.863~1-813b7]:main():gmm-acc-mllt.cc:108) Average like for this file is -51.8734 over 290 frames.
LOG (gmm-acc-mllt[5.5.863~1-813b7]:main():gmm-acc-mllt.cc:108) Average like for this file is -48.9732 over 252 frames.
LOG (gmm-acc-mllt[5.5.863~1-813b7]:main():gmm-acc-mllt.cc:108) Average like for this file is -46.5055 over 215 frames.
LOG (gmm-acc-mllt[5.5.863~1-813b7]:main():gmm-acc-mllt.cc:114) Avg like per frame so far is -50.9538
LOG (gmm-acc-mllt[5.5.863~1-813b7]:main():gmm-acc-mllt.cc:108) Average like for this file is -50.2778 over 274 frames.
LOG (gmm-acc-mllt[5.5.863~1-813b7]:main():gmm-acc-mllt.cc:108) Average like for this file is -50.7553 over 230 frames.
LOG (gmm-acc-mllt[5.5.863~1-813b7]:main():gmm-acc-mllt.cc:108) Average like for this file is -49.1934 over 402 frames.
LOG (gmm-acc-mllt[5.5.863~1-813b7]:main():gmm-acc-mllt.cc:108) Average like for this file is -50.414 over 218 frames.
LOG (gmm-acc-mllt[5.5.863~1-813b7]:main():gmm-acc-mllt.cc:108) Average like for this file is -44.8394 over 181 frames.
LOG (gmm-acc-mllt[5.5.863~1-813b7]:main():gmm-acc-mllt.cc:108) Average like for this file is -48.3358 over 315 frames.
LOG (gmm-acc-mllt[5.5.863~1-813b7]:main():gmm-acc-mllt.cc:108) Average like for this file is -48.489 over 257 frames.
LOG (gmm-acc-mllt[5.5.863~1-813b7]:main():gmm-acc-mllt.cc:108) Average like for this file is -46.2886 over 271 frames.
LOG (gmm-acc-mllt[5.5.863~1-813b7]:main():gmm-acc-mllt.cc:108) Average like for this file is -46.9642 over 287 frames.
LOG (gmm-acc-mllt[5.5.863~1-813b7]:main():gmm-acc-mllt.cc:108) Average like for this file is -46.2133 over 303 frames.
LOG (gmm-acc-mllt[5.5.863~1-813b7]:main():gmm-acc-mllt.cc:114) Avg like per frame so far is -50.6185
LOG (gmm-acc-mllt[5.5.863~1-813b7]:main():gmm-acc-mllt.cc:108) Average like for this file is -57.0385 over 291 frames.
LOG (gmm-acc-mllt[5.5.863~1-813b7]:main():gmm-acc-mllt.cc:108) Average like for this file is -53.5163 over 299 frames.
LOG (gmm-acc-mllt[5.5.863~1-813b7]:main():gmm-acc-mllt.cc:108) Average like for this file is -55.6474 over 392 frames.
LOG (gmm-acc-mllt[5.5.863~1-813b7]:main():gmm-acc-mllt.cc:108) Average like for this file is -55.1325 over 247 frames.
LOG (gmm-acc-mllt[5.5.863~1-813b7]:main():gmm-acc-mllt.cc:108) Average like for this file is -50.2268 over 137 frames.
LOG (gmm-acc-mllt[5.5.863~1-813b7]:main():gmm-acc-mllt.cc:108) Average like for this file is -49.2181 over 197 frames.
LOG (gmm-acc-mllt[5.5.863~1-813b7]:main():gmm-acc-mllt.cc:108) Average like for this file is -54.0834 over 278 frames.
LOG (gmm-acc-mllt[5.5.863~1-813b7]:main():gmm-acc-mllt.cc:108) Average like for this file is -50.7582 over 245 frames.
LOG (gmm-acc-mllt[5.5.863~1-813b7]:main():gmm-acc-mllt.cc:108) Average like for this file is -51.6563 over 239 frames.
LOG (gmm-acc-mllt[5.5.863~1-813b7]:main():gmm-acc-mllt.cc:108) Average like for this file is -54.6896 over 158 frames.
LOG (gmm-acc-mllt[5.5.863~1-813b7]:main():gmm-acc-mllt.cc:114) Avg like per frame so far is -50.9166
LOG (gmm-acc-mllt[5.5.863~1-813b7]:main():gmm-acc-mllt.cc:108) Average like for this file is -49.2014 over 248 frames.
LOG (gmm-acc-mllt[5.5.863~1-813b7]:main():gmm-acc-mllt.cc:108) Average like for this file is -51.6203 over 358 frames.
LOG (gmm-acc-mllt[5.5.863~1-813b7]:main():gmm-acc-mllt.cc:108) Average like for this file is -49.7565 over 259 frames.
LOG (gmm-acc-mllt[5.5.863~1-813b7]:main():gmm-acc-mllt.cc:108) Average like for this file is -52.2464 over 217 frames.
LOG (gmm-acc-mllt[5.5.863~1-813b7]:main():gmm-acc-mllt.cc:108) Average like for this file is -52.5593 over 261 frames.
LOG (ali-to-post[5.5.863~1-813b7]:main():ali-to-post.cc:73) Converted 120 alignments.
LOG (gmm-acc-mllt[5.5.863~1-813b7]:main():gmm-acc-mllt.cc:108) Average like for this file is -49.6587 over 309 frames.
LOG (gmm-acc-mllt[5.5.863~1-813b7]:main():gmm-acc-mllt.cc:108) Average like for this file is -45.4006 over 513 frames.
LOG (gmm-acc-mllt[5.5.863~1-813b7]:main():gmm-acc-mllt.cc:108) Average like for this file is -46.5788 over 134 frames.
LOG (gmm-acc-mllt[5.5.863~1-813b7]:main():gmm-acc-mllt.cc:108) Average like for this file is -50.3604 over 148 frames.
LOG (gmm-acc-mllt[5.5.863~1-813b7]:main():gmm-acc-mllt.cc:108) Average like for this file is -50.9652 over 378 frames.
LOG (gmm-acc-mllt[5.5.863~1-813b7]:main():gmm-acc-mllt.cc:114) Avg like per frame so far is -50.7854
LOG (gmm-acc-mllt[5.5.863~1-813b7]:main():gmm-acc-mllt.cc:108) Average like for this file is -49.4839 over 355 frames.
LOG (gmm-acc-mllt[5.5.863~1-813b7]:main():gmm-acc-mllt.cc:108) Average like for this file is -46.4636 over 272 frames.
LOG (gmm-acc-mllt[5.5.863~1-813b7]:main():gmm-acc-mllt.cc:108) Average like for this file is -47.8313 over 225 frames.
LOG (gmm-acc-mllt[5.5.863~1-813b7]:main():gmm-acc-mllt.cc:108) Average like for this file is -49.4178 over 338 frames.
LOG (gmm-acc-mllt[5.5.863~1-813b7]:main():gmm-acc-mllt.cc:108) Average like for this file is -46.45 over 399 frames.
LOG (gmm-acc-mllt[5.5.863~1-813b7]:main():gmm-acc-mllt.cc:108) Average like for this file is -51.981 over 217 frames.
LOG (gmm-acc-mllt[5.5.863~1-813b7]:main():gmm-acc-mllt.cc:108) Average like for this file is -55.3193 over 169 frames.
LOG (gmm-acc-mllt[5.5.863~1-813b7]:main():gmm-acc-mllt.cc:108) Average like for this file is -51.9425 over 380 frames.
LOG (weight-silence-post[5.5.863~1-813b7]:main():weight-silence-post.cc:95) Done 120 posteriors.
LOG (gmm-acc-mllt[5.5.863~1-813b7]:main():gmm-acc-mllt.cc:108) Average like for this file is -53.094 over 240 frames.
LOG (gmm-acc-mllt[5.5.863~1-813b7]:main():gmm-acc-mllt.cc:108) Average like for this file is -51.1062 over 312 frames.
LOG (gmm-acc-mllt[5.5.863~1-813b7]:main():gmm-acc-mllt.cc:114) Avg like per frame so far is -50.7075
LOG (gmm-acc-mllt[5.5.863~1-813b7]:main():gmm-acc-mllt.cc:108) Average like for this file is -53.1635 over 162 frames.
LOG (gmm-acc-mllt[5.5.863~1-813b7]:main():gmm-acc-mllt.cc:108) Average like for this file is -51.0305 over 274 frames.
LOG (gmm-acc-mllt[5.5.863~1-813b7]:main():gmm-acc-mllt.cc:108) Average like for this file is -52.7507 over 301 frames.
LOG (gmm-acc-mllt[5.5.863~1-813b7]:main():gmm-acc-mllt.cc:108) Average like for this file is -55.5668 over 180 frames.
LOG (apply-cmvn[5.5.863~1-813b7]:main():apply-cmvn.cc:162) Applied cepstral mean normalization to 120 utterances, errors on 0
LOG (gmm-acc-mllt[5.5.863~1-813b7]:main():gmm-acc-mllt.cc:108) Average like for this file is -54.9738 over 422 frames.
LOG (gmm-acc-mllt[5.5.863~1-813b7]:main():gmm-acc-mllt.cc:108) Average like for this file is -51.8416 over 408 frames.
LOG (gmm-acc-mllt[5.5.863~1-813b7]:main():gmm-acc-mllt.cc:108) Average like for this file is -52.6711 over 185 frames.
LOG (gmm-acc-mllt[5.5.863~1-813b7]:main():gmm-acc-mllt.cc:108) Average like for this file is -53.3022 over 392 frames.
LOG (transform-feats[5.5.863~1-813b7]:main():transform-feats.cc:158) Overall average [pseudo-]logdet is -88.2856 over 37414 frames.
LOG (transform-feats[5.5.863~1-813b7]:main():transform-feats.cc:161) Applied transform to 120 utterances; 0 had errors.
LOG (gmm-acc-mllt[5.5.863~1-813b7]:main():gmm-acc-mllt.cc:108) Average like for this file is -57.2882 over 300 frames.
LOG (gmm-acc-mllt[5.5.863~1-813b7]:main():gmm-acc-mllt.cc:108) Average like for this file is -52.7114 over 249 frames.
LOG (gmm-acc-mllt[5.5.863~1-813b7]:main():gmm-acc-mllt.cc:114) Avg like per frame so far is -50.9501
LOG (gmm-acc-mllt[5.5.863~1-813b7]:main():gmm-acc-mllt.cc:119) Done 120 files, 0 with no posteriors, 0 with other errors.
LOG (gmm-acc-mllt[5.5.863~1-813b7]:main():gmm-acc-mllt.cc:123) Overall avg like per frame (Gaussian only) = -50.9501 over 33357 frames.
LOG (gmm-acc-mllt[5.5.863~1-813b7]:main():gmm-acc-mllt.cc:127) Written accs.
# Accounting: time=1 threads=1
# Ended (code 0) at Wed Jan  6 05:47:49 EST 2021, elapsed time 1 seconds
