# gmm-est --write-occs=exp/tri2/27.occs --mix-up=15000 --power=0.25 exp/tri2/26.mdl "gmm-sum-accs - exp/tri2/26.*.acc |" exp/tri2/27.mdl 
# Started at Wed Jan  6 05:49:48 EST 2021
#
gmm-est --write-occs=exp/tri2/27.occs --mix-up=15000 --power=0.25 exp/tri2/26.mdl 'gmm-sum-accs - exp/tri2/26.*.acc |' exp/tri2/27.mdl 
gmm-sum-accs - exp/tri2/26.1.acc exp/tri2/26.10.acc exp/tri2/26.11.acc exp/tri2/26.12.acc exp/tri2/26.13.acc exp/tri2/26.14.acc exp/tri2/26.15.acc exp/tri2/26.16.acc exp/tri2/26.17.acc exp/tri2/26.18.acc exp/tri2/26.19.acc exp/tri2/26.2.acc exp/tri2/26.20.acc exp/tri2/26.21.acc exp/tri2/26.22.acc exp/tri2/26.23.acc exp/tri2/26.24.acc exp/tri2/26.25.acc exp/tri2/26.26.acc exp/tri2/26.27.acc exp/tri2/26.28.acc exp/tri2/26.29.acc exp/tri2/26.3.acc exp/tri2/26.30.acc exp/tri2/26.4.acc exp/tri2/26.5.acc exp/tri2/26.6.acc exp/tri2/26.7.acc exp/tri2/26.8.acc exp/tri2/26.9.acc 
LOG (gmm-sum-accs[5.5.863~1-813b7]:main():gmm-sum-accs.cc:63) Summed 30 stats, total count 1.12482e+06, avg like/frame -47.7044
LOG (gmm-sum-accs[5.5.863~1-813b7]:main():gmm-sum-accs.cc:66) Total count of stats is 1.12482e+06
LOG (gmm-sum-accs[5.5.863~1-813b7]:main():gmm-sum-accs.cc:67) Written stats to -
LOG (gmm-est[5.5.863~1-813b7]:MleUpdate():transition-model.cc:528) TransitionModel::Update, objf change is 0 per frame over 1.12482e+06 frames. 
LOG (gmm-est[5.5.863~1-813b7]:MleUpdate():transition-model.cc:531) 47 probabilities floored, 0 out of 2081 transition-states skipped due to insuffient data (it is normal to have some skipped.)
LOG (gmm-est[5.5.863~1-813b7]:main():gmm-est.cc:102) Transition model update: Overall 0 log-like improvement per frame over 1.12482e+06 frames.
WARNING (gmm-est[5.5.863~1-813b7]:MleDiagGmmUpdate():mle-diag-gmm.cc:365) Gaussian has too little data but not removing it because it is the last Gaussian: i = 0, occ = 7, weight = 1
WARNING (gmm-est[5.5.863~1-813b7]:MleDiagGmmUpdate():mle-diag-gmm.cc:365) Gaussian has too little data but not removing it because it is the last Gaussian: i = 0, occ = 7, weight = 1
WARNING (gmm-est[5.5.863~1-813b7]:MleDiagGmmUpdate():mle-diag-gmm.cc:365) Gaussian has too little data but not removing it because it is the last Gaussian: i = 0, occ = 9, weight = 1
WARNING (gmm-est[5.5.863~1-813b7]:MleDiagGmmUpdate():mle-diag-gmm.cc:365) Gaussian has too little data but not removing it because it is the last Gaussian: i = 0, occ = 8, weight = 1
WARNING (gmm-est[5.5.863~1-813b7]:MleDiagGmmUpdate():mle-diag-gmm.cc:365) Gaussian has too little data but not removing it because it is the last Gaussian: i = 0, occ = 9, weight = 1
LOG (gmm-est[5.5.863~1-813b7]:MleAmDiagGmmUpdate():mle-am-diag-gmm.cc:225) 0 variance elements floored in 0 Gaussians, out of 14500
LOG (gmm-est[5.5.863~1-813b7]:MleAmDiagGmmUpdate():mle-am-diag-gmm.cc:229) Removed 0 Gaussians due to counts < --min-gaussian-occupancy=10 and --remove-low-count-gaussians=true
LOG (gmm-est[5.5.863~1-813b7]:main():gmm-est.cc:113) GMM update: Overall 0.0465249 objective function improvement per frame over 1.12482e+06 frames
LOG (gmm-est[5.5.863~1-813b7]:main():gmm-est.cc:116) GMM update: Overall avg like per frame = -47.7044 over 1.12482e+06 frames.
LOG (gmm-est[5.5.863~1-813b7]:SplitByCount():am-diag-gmm.cc:116) Split 2008 states with target = 15000, power = 0.25, perturb_factor = 0.01 and min_count = 20, split #Gauss from 14500 to 15000
LOG (gmm-est[5.5.863~1-813b7]:main():gmm-est.cc:146) Written model to exp/tri2/27.mdl
# Accounting: time=3 threads=1
# Ended (code 0) at Wed Jan  6 05:49:51 EST 2021, elapsed time 3 seconds
