# compute-mfcc-feats --write-utt2dur=ark,t:exp/make_mfcc/train/utt2dur.8 --verbose=2 --config=conf/mfcc.conf scp,p:exp/make_mfcc/train/wav_train.8.scp ark:- | copy-feats --write-num-frames=ark,t:exp/make_mfcc/train/utt2num_frames.8 --compress=true ark:- ark,scp:/home/christopher/kaldi/egs/timit/unadapted_with/mfcc/raw_mfcc_train.8.ark,/home/christopher/kaldi/egs/timit/unadapted_with/mfcc/raw_mfcc_train.8.scp 
# Started at Tue Jan  5 21:05:48 EST 2021
#
copy-feats --write-num-frames=ark,t:exp/make_mfcc/train/utt2num_frames.8 --compress=true ark:- ark,scp:/home/christopher/kaldi/egs/timit/unadapted_with/mfcc/raw_mfcc_train.8.ark,/home/christopher/kaldi/egs/timit/unadapted_with/mfcc/raw_mfcc_train.8.scp 
compute-mfcc-feats --write-utt2dur=ark,t:exp/make_mfcc/train/utt2dur.8 --verbose=2 --config=conf/mfcc.conf scp,p:exp/make_mfcc/train/wav_train.8.scp ark:- 
VLOG[2] (compute-mfcc-feats[5.5.863~1-813b7]:main():compute-mfcc-feats.cc:182) Processed features for key MMEB0_SX367
VLOG[2] (compute-mfcc-feats[5.5.863~1-813b7]:main():compute-mfcc-feats.cc:182) Processed features for key MMEB0_SX7
VLOG[2] (compute-mfcc-feats[5.5.863~1-813b7]:main():compute-mfcc-feats.cc:182) Processed features for key MMEB0_SX97
VLOG[2] (compute-mfcc-feats[5.5.863~1-813b7]:main():compute-mfcc-feats.cc:182) Processed features for key MMGC0_SI1305
VLOG[2] (compute-mfcc-feats[5.5.863~1-813b7]:main():compute-mfcc-feats.cc:182) Processed features for key MMGC0_SI1935
VLOG[2] (compute-mfcc-feats[5.5.863~1-813b7]:main():compute-mfcc-feats.cc:182) Processed features for key MMGC0_SI2184
VLOG[2] (compute-mfcc-feats[5.5.863~1-813b7]:main():compute-mfcc-feats.cc:182) Processed features for key MMGC0_SX135
VLOG[2] (compute-mfcc-feats[5.5.863~1-813b7]:main():compute-mfcc-feats.cc:182) Processed features for key MMGC0_SX225
VLOG[2] (compute-mfcc-feats[5.5.863~1-813b7]:main():compute-mfcc-feats.cc:182) Processed features for key MMGC0_SX315
LOG (compute-mfcc-feats[5.5.863~1-813b7]:main():compute-mfcc-feats.cc:181) Processed 10 utterances
VLOG[2] (compute-mfcc-feats[5.5.863~1-813b7]:main():compute-mfcc-feats.cc:182) Processed features for key MMGC0_SX405
VLOG[2] (compute-mfcc-feats[5.5.863~1-813b7]:main():compute-mfcc-feats.cc:182) Processed features for key MMGC0_SX45
VLOG[2] (compute-mfcc-feats[5.5.863~1-813b7]:main():compute-mfcc-feats.cc:182) Processed features for key MMGG0_SI1079
VLOG[2] (compute-mfcc-feats[5.5.863~1-813b7]:main():compute-mfcc-feats.cc:182) Processed features for key MMGG0_SI1709
VLOG[2] (compute-mfcc-feats[5.5.863~1-813b7]:main():compute-mfcc-feats.cc:182) Processed features for key MMGG0_SI2339
VLOG[2] (compute-mfcc-feats[5.5.863~1-813b7]:main():compute-mfcc-feats.cc:182) Processed features for key MMGG0_SX179
VLOG[2] (compute-mfcc-feats[5.5.863~1-813b7]:main():compute-mfcc-feats.cc:182) Processed features for key MMGG0_SX269
VLOG[2] (compute-mfcc-feats[5.5.863~1-813b7]:main():compute-mfcc-feats.cc:182) Processed features for key MMGG0_SX359
VLOG[2] (compute-mfcc-feats[5.5.863~1-813b7]:main():compute-mfcc-feats.cc:182) Processed features for key MMGG0_SX449
VLOG[2] (compute-mfcc-feats[5.5.863~1-813b7]:main():compute-mfcc-feats.cc:182) Processed features for key MMGG0_SX89
LOG (compute-mfcc-feats[5.5.863~1-813b7]:main():compute-mfcc-feats.cc:181) Processed 20 utterances
VLOG[2] (compute-mfcc-feats[5.5.863~1-813b7]:main():compute-mfcc-feats.cc:182) Processed features for key MMGK0_SI1322
VLOG[2] (compute-mfcc-feats[5.5.863~1-813b7]:main():compute-mfcc-feats.cc:182) Processed features for key MMGK0_SI1952
VLOG[2] (compute-mfcc-feats[5.5.863~1-813b7]:main():compute-mfcc-feats.cc:182) Processed features for key MMGK0_SI692
VLOG[2] (compute-mfcc-feats[5.5.863~1-813b7]:main():compute-mfcc-feats.cc:182) Processed features for key MMGK0_SX152
VLOG[2] (compute-mfcc-feats[5.5.863~1-813b7]:main():compute-mfcc-feats.cc:182) Processed features for key MMGK0_SX242
VLOG[2] (compute-mfcc-feats[5.5.863~1-813b7]:main():compute-mfcc-feats.cc:182) Processed features for key MMGK0_SX332
VLOG[2] (compute-mfcc-feats[5.5.863~1-813b7]:main():compute-mfcc-feats.cc:182) Processed features for key MMGK0_SX422
VLOG[2] (compute-mfcc-feats[5.5.863~1-813b7]:main():compute-mfcc-feats.cc:182) Processed features for key MMGK0_SX62
VLOG[2] (compute-mfcc-feats[5.5.863~1-813b7]:main():compute-mfcc-feats.cc:182) Processed features for key MMJB1_SI1408
VLOG[2] (compute-mfcc-feats[5.5.863~1-813b7]:main():compute-mfcc-feats.cc:182) Processed features for key MMJB1_SI2038
LOG (compute-mfcc-feats[5.5.863~1-813b7]:main():compute-mfcc-feats.cc:181) Processed 30 utterances
VLOG[2] (compute-mfcc-feats[5.5.863~1-813b7]:main():compute-mfcc-feats.cc:182) Processed features for key MMJB1_SI778
VLOG[2] (compute-mfcc-feats[5.5.863~1-813b7]:main():compute-mfcc-feats.cc:182) Processed features for key MMJB1_SX148
VLOG[2] (compute-mfcc-feats[5.5.863~1-813b7]:main():compute-mfcc-feats.cc:182) Processed features for key MMJB1_SX238
VLOG[2] (compute-mfcc-feats[5.5.863~1-813b7]:main():compute-mfcc-feats.cc:182) Processed features for key MMJB1_SX328
VLOG[2] (compute-mfcc-feats[5.5.863~1-813b7]:main():compute-mfcc-feats.cc:182) Processed features for key MMJB1_SX418
VLOG[2] (compute-mfcc-feats[5.5.863~1-813b7]:main():compute-mfcc-feats.cc:182) Processed features for key MMJB1_SX58
VLOG[2] (compute-mfcc-feats[5.5.863~1-813b7]:main():compute-mfcc-feats.cc:182) Processed features for key MMLM0_SI1527
VLOG[2] (compute-mfcc-feats[5.5.863~1-813b7]:main():compute-mfcc-feats.cc:182) Processed features for key MMLM0_SI2150
VLOG[2] (compute-mfcc-feats[5.5.863~1-813b7]:main():compute-mfcc-feats.cc:182) Processed features for key MMLM0_SI897
VLOG[2] (compute-mfcc-feats[5.5.863~1-813b7]:main():compute-mfcc-feats.cc:182) Processed features for key MMLM0_SX177
LOG (compute-mfcc-feats[5.5.863~1-813b7]:main():compute-mfcc-feats.cc:181) Processed 40 utterances
VLOG[2] (compute-mfcc-feats[5.5.863~1-813b7]:main():compute-mfcc-feats.cc:182) Processed features for key MMLM0_SX267
VLOG[2] (compute-mfcc-feats[5.5.863~1-813b7]:main():compute-mfcc-feats.cc:182) Processed features for key MMLM0_SX357
VLOG[2] (compute-mfcc-feats[5.5.863~1-813b7]:main():compute-mfcc-feats.cc:182) Processed features for key MMLM0_SX447
VLOG[2] (compute-mfcc-feats[5.5.863~1-813b7]:main():compute-mfcc-feats.cc:182) Processed features for key MMLM0_SX87
VLOG[2] (compute-mfcc-feats[5.5.863~1-813b7]:main():compute-mfcc-feats.cc:182) Processed features for key MMPM0_SI1061
VLOG[2] (compute-mfcc-feats[5.5.863~1-813b7]:main():compute-mfcc-feats.cc:182) Processed features for key MMPM0_SI1691
VLOG[2] (compute-mfcc-feats[5.5.863~1-813b7]:main():compute-mfcc-feats.cc:182) Processed features for key MMPM0_SI2321
VLOG[2] (compute-mfcc-feats[5.5.863~1-813b7]:main():compute-mfcc-feats.cc:182) Processed features for key MMPM0_SX161
VLOG[2] (compute-mfcc-feats[5.5.863~1-813b7]:main():compute-mfcc-feats.cc:182) Processed features for key MMPM0_SX251
VLOG[2] (compute-mfcc-feats[5.5.863~1-813b7]:main():compute-mfcc-feats.cc:182) Processed features for key MMPM0_SX341
LOG (compute-mfcc-feats[5.5.863~1-813b7]:main():compute-mfcc-feats.cc:181) Processed 50 utterances
VLOG[2] (compute-mfcc-feats[5.5.863~1-813b7]:main():compute-mfcc-feats.cc:182) Processed features for key MMPM0_SX431
VLOG[2] (compute-mfcc-feats[5.5.863~1-813b7]:main():compute-mfcc-feats.cc:182) Processed features for key MMPM0_SX71
VLOG[2] (compute-mfcc-feats[5.5.863~1-813b7]:main():compute-mfcc-feats.cc:182) Processed features for key MMRP0_SI2034
VLOG[2] (compute-mfcc-feats[5.5.863~1-813b7]:main():compute-mfcc-feats.cc:182) Processed features for key MMRP0_SI717
VLOG[2] (compute-mfcc-feats[5.5.863~1-813b7]:main():compute-mfcc-feats.cc:182) Processed features for key MMRP0_SI774
VLOG[2] (compute-mfcc-feats[5.5.863~1-813b7]:main():compute-mfcc-feats.cc:182) Processed features for key MMRP0_SX144
VLOG[2] (compute-mfcc-feats[5.5.863~1-813b7]:main():compute-mfcc-feats.cc:182) Processed features for key MMRP0_SX234
VLOG[2] (compute-mfcc-feats[5.5.863~1-813b7]:main():compute-mfcc-feats.cc:182) Processed features for key MMRP0_SX324
VLOG[2] (compute-mfcc-feats[5.5.863~1-813b7]:main():compute-mfcc-feats.cc:182) Processed features for key MMRP0_SX414
VLOG[2] (compute-mfcc-feats[5.5.863~1-813b7]:main():compute-mfcc-feats.cc:182) Processed features for key MMRP0_SX54
LOG (compute-mfcc-feats[5.5.863~1-813b7]:main():compute-mfcc-feats.cc:181) Processed 60 utterances
VLOG[2] (compute-mfcc-feats[5.5.863~1-813b7]:main():compute-mfcc-feats.cc:182) Processed features for key MMSM0_SI1106
VLOG[2] (compute-mfcc-feats[5.5.863~1-813b7]:main():compute-mfcc-feats.cc:182) Processed features for key MMSM0_SI1736
VLOG[2] (compute-mfcc-feats[5.5.863~1-813b7]:main():compute-mfcc-feats.cc:182) Processed features for key MMSM0_SI476
VLOG[2] (compute-mfcc-feats[5.5.863~1-813b7]:main():compute-mfcc-feats.cc:182) Processed features for key MMSM0_SX116
VLOG[2] (compute-mfcc-feats[5.5.863~1-813b7]:main():compute-mfcc-feats.cc:182) Processed features for key MMSM0_SX206
VLOG[2] (compute-mfcc-feats[5.5.863~1-813b7]:main():compute-mfcc-feats.cc:182) Processed features for key MMSM0_SX26
VLOG[2] (compute-mfcc-feats[5.5.863~1-813b7]:main():compute-mfcc-feats.cc:182) Processed features for key MMSM0_SX296
VLOG[2] (compute-mfcc-feats[5.5.863~1-813b7]:main():compute-mfcc-feats.cc:182) Processed features for key MMSM0_SX386
VLOG[2] (compute-mfcc-feats[5.5.863~1-813b7]:main():compute-mfcc-feats.cc:182) Processed features for key MMVP0_SI1284
VLOG[2] (compute-mfcc-feats[5.5.863~1-813b7]:main():compute-mfcc-feats.cc:182) Processed features for key MMVP0_SI1914
LOG (compute-mfcc-feats[5.5.863~1-813b7]:main():compute-mfcc-feats.cc:181) Processed 70 utterances
VLOG[2] (compute-mfcc-feats[5.5.863~1-813b7]:main():compute-mfcc-feats.cc:182) Processed features for key MMVP0_SI654
VLOG[2] (compute-mfcc-feats[5.5.863~1-813b7]:main():compute-mfcc-feats.cc:182) Processed features for key MMVP0_SX114
VLOG[2] (compute-mfcc-feats[5.5.863~1-813b7]:main():compute-mfcc-feats.cc:182) Processed features for key MMVP0_SX204
VLOG[2] (compute-mfcc-feats[5.5.863~1-813b7]:main():compute-mfcc-feats.cc:182) Processed features for key MMVP0_SX294
VLOG[2] (compute-mfcc-feats[5.5.863~1-813b7]:main():compute-mfcc-feats.cc:182) Processed features for key MMVP0_SX347
VLOG[2] (compute-mfcc-feats[5.5.863~1-813b7]:main():compute-mfcc-feats.cc:182) Processed features for key MMVP0_SX384
VLOG[2] (compute-mfcc-feats[5.5.863~1-813b7]:main():compute-mfcc-feats.cc:182) Processed features for key MMWB0_SI1619
VLOG[2] (compute-mfcc-feats[5.5.863~1-813b7]:main():compute-mfcc-feats.cc:182) Processed features for key MMWB0_SI2249
VLOG[2] (compute-mfcc-feats[5.5.863~1-813b7]:main():compute-mfcc-feats.cc:182) Processed features for key MMWB0_SI989
VLOG[2] (compute-mfcc-feats[5.5.863~1-813b7]:main():compute-mfcc-feats.cc:182) Processed features for key MMWB0_SX179
LOG (compute-mfcc-feats[5.5.863~1-813b7]:main():compute-mfcc-feats.cc:181) Processed 80 utterances
VLOG[2] (compute-mfcc-feats[5.5.863~1-813b7]:main():compute-mfcc-feats.cc:182) Processed features for key MMWB0_SX269
VLOG[2] (compute-mfcc-feats[5.5.863~1-813b7]:main():compute-mfcc-feats.cc:182) Processed features for key MMWB0_SX359
VLOG[2] (compute-mfcc-feats[5.5.863~1-813b7]:main():compute-mfcc-feats.cc:182) Processed features for key MMWB0_SX449
VLOG[2] (compute-mfcc-feats[5.5.863~1-813b7]:main():compute-mfcc-feats.cc:182) Processed features for key MMWB0_SX89
VLOG[2] (compute-mfcc-feats[5.5.863~1-813b7]:main():compute-mfcc-feats.cc:182) Processed features for key MMWS0_SI1518
VLOG[2] (compute-mfcc-feats[5.5.863~1-813b7]:main():compute-mfcc-feats.cc:182) Processed features for key MMWS0_SI559
VLOG[2] (compute-mfcc-feats[5.5.863~1-813b7]:main():compute-mfcc-feats.cc:182) Processed features for key MMWS0_SI888
VLOG[2] (compute-mfcc-feats[5.5.863~1-813b7]:main():compute-mfcc-feats.cc:182) Processed features for key MMWS0_SX168
VLOG[2] (compute-mfcc-feats[5.5.863~1-813b7]:main():compute-mfcc-feats.cc:182) Processed features for key MMWS0_SX258
VLOG[2] (compute-mfcc-feats[5.5.863~1-813b7]:main():compute-mfcc-feats.cc:182) Processed features for key MMWS0_SX348
LOG (compute-mfcc-feats[5.5.863~1-813b7]:main():compute-mfcc-feats.cc:181) Processed 90 utterances
VLOG[2] (compute-mfcc-feats[5.5.863~1-813b7]:main():compute-mfcc-feats.cc:182) Processed features for key MMWS0_SX438
VLOG[2] (compute-mfcc-feats[5.5.863~1-813b7]:main():compute-mfcc-feats.cc:182) Processed features for key MMWS0_SX78
VLOG[2] (compute-mfcc-feats[5.5.863~1-813b7]:main():compute-mfcc-feats.cc:182) Processed features for key MMWS1_SI1071
VLOG[2] (compute-mfcc-feats[5.5.863~1-813b7]:main():compute-mfcc-feats.cc:182) Processed features for key MMWS1_SI1701
VLOG[2] (compute-mfcc-feats[5.5.863~1-813b7]:main():compute-mfcc-feats.cc:182) Processed features for key MMWS1_SI2331
VLOG[2] (compute-mfcc-feats[5.5.863~1-813b7]:main():compute-mfcc-feats.cc:182) Processed features for key MMWS1_SX261
VLOG[2] (compute-mfcc-feats[5.5.863~1-813b7]:main():compute-mfcc-feats.cc:182) Processed features for key MMWS1_SX27
VLOG[2] (compute-mfcc-feats[5.5.863~1-813b7]:main():compute-mfcc-feats.cc:182) Processed features for key MMWS1_SX351
VLOG[2] (compute-mfcc-feats[5.5.863~1-813b7]:main():compute-mfcc-feats.cc:182) Processed features for key MMWS1_SX441
VLOG[2] (compute-mfcc-feats[5.5.863~1-813b7]:main():compute-mfcc-feats.cc:182) Processed features for key MMWS1_SX81
LOG (compute-mfcc-feats[5.5.863~1-813b7]:main():compute-mfcc-feats.cc:181) Processed 100 utterances
VLOG[2] (compute-mfcc-feats[5.5.863~1-813b7]:main():compute-mfcc-feats.cc:182) Processed features for key MMXS0_SI2136
VLOG[2] (compute-mfcc-feats[5.5.863~1-813b7]:main():compute-mfcc-feats.cc:182) Processed features for key MMXS0_SI629
VLOG[2] (compute-mfcc-feats[5.5.863~1-813b7]:main():compute-mfcc-feats.cc:182) Processed features for key MMXS0_SI876
VLOG[2] (compute-mfcc-feats[5.5.863~1-813b7]:main():compute-mfcc-feats.cc:182) Processed features for key MMXS0_SX156
VLOG[2] (compute-mfcc-feats[5.5.863~1-813b7]:main():compute-mfcc-feats.cc:182) Processed features for key MMXS0_SX246
VLOG[2] (compute-mfcc-feats[5.5.863~1-813b7]:main():compute-mfcc-feats.cc:182) Processed features for key MMXS0_SX336
VLOG[2] (compute-mfcc-feats[5.5.863~1-813b7]:main():compute-mfcc-feats.cc:182) Processed features for key MMXS0_SX426
VLOG[2] (compute-mfcc-feats[5.5.863~1-813b7]:main():compute-mfcc-feats.cc:182) Processed features for key MMXS0_SX66
VLOG[2] (compute-mfcc-feats[5.5.863~1-813b7]:main():compute-mfcc-feats.cc:182) Processed features for key MNET0_SI1446
VLOG[2] (compute-mfcc-feats[5.5.863~1-813b7]:main():compute-mfcc-feats.cc:182) Processed features for key MNET0_SI2076
LOG (compute-mfcc-feats[5.5.863~1-813b7]:main():compute-mfcc-feats.cc:181) Processed 110 utterances
VLOG[2] (compute-mfcc-feats[5.5.863~1-813b7]:main():compute-mfcc-feats.cc:182) Processed features for key MNET0_SI816
VLOG[2] (compute-mfcc-feats[5.5.863~1-813b7]:main():compute-mfcc-feats.cc:182) Processed features for key MNET0_SX186
VLOG[2] (compute-mfcc-feats[5.5.863~1-813b7]:main():compute-mfcc-feats.cc:182) Processed features for key MNET0_SX276
VLOG[2] (compute-mfcc-feats[5.5.863~1-813b7]:main():compute-mfcc-feats.cc:182) Processed features for key MNET0_SX366
VLOG[2] (compute-mfcc-feats[5.5.863~1-813b7]:main():compute-mfcc-feats.cc:182) Processed features for key MNET0_SX6
VLOG[2] (compute-mfcc-feats[5.5.863~1-813b7]:main():compute-mfcc-feats.cc:182) Processed features for key MNET0_SX96
VLOG[2] (compute-mfcc-feats[5.5.863~1-813b7]:main():compute-mfcc-feats.cc:182) Processed features for key MNTW0_SI1068
VLOG[2] (compute-mfcc-feats[5.5.863~1-813b7]:main():compute-mfcc-feats.cc:182) Processed features for key MNTW0_SI1698
VLOG[2] (compute-mfcc-feats[5.5.863~1-813b7]:main():compute-mfcc-feats.cc:182) Processed features for key MNTW0_SI2328
VLOG[2] (compute-mfcc-feats[5.5.863~1-813b7]:main():compute-mfcc-feats.cc:182) Processed features for key MNTW0_SX168
LOG (compute-mfcc-feats[5.5.863~1-813b7]:main():compute-mfcc-feats.cc:181) Processed 120 utterances
VLOG[2] (compute-mfcc-feats[5.5.863~1-813b7]:main():compute-mfcc-feats.cc:182) Processed features for key MNTW0_SX202
VLOG[2] (compute-mfcc-feats[5.5.863~1-813b7]:main():compute-mfcc-feats.cc:182) Processed features for key MNTW0_SX258
VLOG[2] (compute-mfcc-feats[5.5.863~1-813b7]:main():compute-mfcc-feats.cc:182) Processed features for key MNTW0_SX348
VLOG[2] (compute-mfcc-feats[5.5.863~1-813b7]:main():compute-mfcc-feats.cc:182) Processed features for key MNTW0_SX78
VLOG[2] (compute-mfcc-feats[5.5.863~1-813b7]:main():compute-mfcc-feats.cc:182) Processed features for key MPAR0_SI1576
VLOG[2] (compute-mfcc-feats[5.5.863~1-813b7]:main():compute-mfcc-feats.cc:182) Processed features for key MPAR0_SI2206
VLOG[2] (compute-mfcc-feats[5.5.863~1-813b7]:main():compute-mfcc-feats.cc:182) Processed features for key MPAR0_SI946
VLOG[2] (compute-mfcc-feats[5.5.863~1-813b7]:main():compute-mfcc-feats.cc:182) Processed features for key MPAR0_SX136
VLOG[2] (compute-mfcc-feats[5.5.863~1-813b7]:main():compute-mfcc-feats.cc:182) Processed features for key MPAR0_SX226
VLOG[2] (compute-mfcc-feats[5.5.863~1-813b7]:main():compute-mfcc-feats.cc:182) Processed features for key MPAR0_SX316
LOG (compute-mfcc-feats[5.5.863~1-813b7]:main():compute-mfcc-feats.cc:181) Processed 130 utterances
VLOG[2] (compute-mfcc-feats[5.5.863~1-813b7]:main():compute-mfcc-feats.cc:182) Processed features for key MPAR0_SX406
VLOG[2] (compute-mfcc-feats[5.5.863~1-813b7]:main():compute-mfcc-feats.cc:182) Processed features for key MPAR0_SX46
VLOG[2] (compute-mfcc-feats[5.5.863~1-813b7]:main():compute-mfcc-feats.cc:182) Processed features for key MPEB0_SI1034
VLOG[2] (compute-mfcc-feats[5.5.863~1-813b7]:main():compute-mfcc-feats.cc:182) Processed features for key MPEB0_SI1860
VLOG[2] (compute-mfcc-feats[5.5.863~1-813b7]:main():compute-mfcc-feats.cc:182) Processed features for key MPEB0_SI600
VLOG[2] (compute-mfcc-feats[5.5.863~1-813b7]:main():compute-mfcc-feats.cc:182) Processed features for key MPEB0_SX150
VLOG[2] (compute-mfcc-feats[5.5.863~1-813b7]:main():compute-mfcc-feats.cc:182) Processed features for key MPEB0_SX240
VLOG[2] (compute-mfcc-feats[5.5.863~1-813b7]:main():compute-mfcc-feats.cc:182) Processed features for key MPEB0_SX330
VLOG[2] (compute-mfcc-feats[5.5.863~1-813b7]:main():compute-mfcc-feats.cc:182) Processed features for key MPEB0_SX420
VLOG[2] (compute-mfcc-feats[5.5.863~1-813b7]:main():compute-mfcc-feats.cc:182) Processed features for key MPEB0_SX60
LOG (compute-mfcc-feats[5.5.863~1-813b7]:main():compute-mfcc-feats.cc:181) Processed 140 utterances
VLOG[2] (compute-mfcc-feats[5.5.863~1-813b7]:main():compute-mfcc-feats.cc:182) Processed features for key MPFU0_SI1258
VLOG[2] (compute-mfcc-feats[5.5.863~1-813b7]:main():compute-mfcc-feats.cc:182) Processed features for key MPFU0_SI1888
VLOG[2] (compute-mfcc-feats[5.5.863~1-813b7]:main():compute-mfcc-feats.cc:182) Processed features for key MPFU0_SI628
VLOG[2] (compute-mfcc-feats[5.5.863~1-813b7]:main():compute-mfcc-feats.cc:182) Processed features for key MPFU0_SX178
VLOG[2] (compute-mfcc-feats[5.5.863~1-813b7]:main():compute-mfcc-feats.cc:182) Processed features for key MPFU0_SX268
VLOG[2] (compute-mfcc-feats[5.5.863~1-813b7]:main():compute-mfcc-feats.cc:182) Processed features for key MPFU0_SX358
VLOG[2] (compute-mfcc-feats[5.5.863~1-813b7]:main():compute-mfcc-feats.cc:182) Processed features for key MPFU0_SX448
VLOG[2] (compute-mfcc-feats[5.5.863~1-813b7]:main():compute-mfcc-feats.cc:182) Processed features for key MPFU0_SX88
VLOG[2] (compute-mfcc-feats[5.5.863~1-813b7]:main():compute-mfcc-feats.cc:182) Processed features for key MPGH0_SI1554
VLOG[2] (compute-mfcc-feats[5.5.863~1-813b7]:main():compute-mfcc-feats.cc:182) Processed features for key MPGH0_SI675
LOG (compute-mfcc-feats[5.5.863~1-813b7]:main():compute-mfcc-feats.cc:181) Processed 150 utterances
VLOG[2] (compute-mfcc-feats[5.5.863~1-813b7]:main():compute-mfcc-feats.cc:182) Processed features for key MPGH0_SI924
VLOG[2] (compute-mfcc-feats[5.5.863~1-813b7]:main():compute-mfcc-feats.cc:182) Processed features for key MPGH0_SX114
VLOG[2] (compute-mfcc-feats[5.5.863~1-813b7]:main():compute-mfcc-feats.cc:182) Processed features for key MPGH0_SX204
VLOG[2] (compute-mfcc-feats[5.5.863~1-813b7]:main():compute-mfcc-feats.cc:182) Processed features for key MPGH0_SX24
VLOG[2] (compute-mfcc-feats[5.5.863~1-813b7]:main():compute-mfcc-feats.cc:182) Processed features for key MPGH0_SX294
VLOG[2] (compute-mfcc-feats[5.5.863~1-813b7]:main():compute-mfcc-feats.cc:182) Processed features for key MPGH0_SX384
VLOG[2] (compute-mfcc-feats[5.5.863~1-813b7]:main():compute-mfcc-feats.cc:182) Processed features for key MPGR0_SI1410
VLOG[2] (compute-mfcc-feats[5.5.863~1-813b7]:main():compute-mfcc-feats.cc:182) Processed features for key MPGR0_SI2040
VLOG[2] (compute-mfcc-feats[5.5.863~1-813b7]:main():compute-mfcc-feats.cc:182) Processed features for key MPGR0_SI780
VLOG[2] (compute-mfcc-feats[5.5.863~1-813b7]:main():compute-mfcc-feats.cc:182) Processed features for key MPGR0_SX150
LOG (compute-mfcc-feats[5.5.863~1-813b7]:main():compute-mfcc-feats.cc:181) Processed 160 utterances
VLOG[2] (compute-mfcc-feats[5.5.863~1-813b7]:main():compute-mfcc-feats.cc:182) Processed features for key MPGR0_SX240
VLOG[2] (compute-mfcc-feats[5.5.863~1-813b7]:main():compute-mfcc-feats.cc:182) Processed features for key MPGR0_SX330
VLOG[2] (compute-mfcc-feats[5.5.863~1-813b7]:main():compute-mfcc-feats.cc:182) Processed features for key MPGR0_SX420
VLOG[2] (compute-mfcc-feats[5.5.863~1-813b7]:main():compute-mfcc-feats.cc:182) Processed features for key MPGR0_SX60
VLOG[2] (compute-mfcc-feats[5.5.863~1-813b7]:main():compute-mfcc-feats.cc:182) Processed features for key MPGR1_SI1269
VLOG[2] (compute-mfcc-feats[5.5.863~1-813b7]:main():compute-mfcc-feats.cc:182) Processed features for key MPGR1_SI1499
VLOG[2] (compute-mfcc-feats[5.5.863~1-813b7]:main():compute-mfcc-feats.cc:182) Processed features for key MPGR1_SI2129
VLOG[2] (compute-mfcc-feats[5.5.863~1-813b7]:main():compute-mfcc-feats.cc:182) Processed features for key MPGR1_SX149
VLOG[2] (compute-mfcc-feats[5.5.863~1-813b7]:main():compute-mfcc-feats.cc:182) Processed features for key MPGR1_SX239
VLOG[2] (compute-mfcc-feats[5.5.863~1-813b7]:main():compute-mfcc-feats.cc:182) Processed features for key MPGR1_SX329
LOG (compute-mfcc-feats[5.5.863~1-813b7]:main():compute-mfcc-feats.cc:181) Processed 170 utterances
VLOG[2] (compute-mfcc-feats[5.5.863~1-813b7]:main():compute-mfcc-feats.cc:182) Processed features for key MPGR1_SX419
VLOG[2] (compute-mfcc-feats[5.5.863~1-813b7]:main():compute-mfcc-feats.cc:182) Processed features for key MPGR1_SX59
VLOG[2] (compute-mfcc-feats[5.5.863~1-813b7]:main():compute-mfcc-feats.cc:182) Processed features for key MPMB0_SI1501
VLOG[2] (compute-mfcc-feats[5.5.863~1-813b7]:main():compute-mfcc-feats.cc:182) Processed features for key MPMB0_SI2131
VLOG[2] (compute-mfcc-feats[5.5.863~1-813b7]:main():compute-mfcc-feats.cc:182) Processed features for key MPMB0_SI871
VLOG[2] (compute-mfcc-feats[5.5.863~1-813b7]:main():compute-mfcc-feats.cc:182) Processed features for key MPMB0_SX151
VLOG[2] (compute-mfcc-feats[5.5.863~1-813b7]:main():compute-mfcc-feats.cc:182) Processed features for key MPMB0_SX241
VLOG[2] (compute-mfcc-feats[5.5.863~1-813b7]:main():compute-mfcc-feats.cc:182) Processed features for key MPMB0_SX331
VLOG[2] (compute-mfcc-feats[5.5.863~1-813b7]:main():compute-mfcc-feats.cc:182) Processed features for key MPMB0_SX421
VLOG[2] (compute-mfcc-feats[5.5.863~1-813b7]:main():compute-mfcc-feats.cc:182) Processed features for key MPMB0_SX61
LOG (compute-mfcc-feats[5.5.863~1-813b7]:main():compute-mfcc-feats.cc:181) Processed 180 utterances
VLOG[2] (compute-mfcc-feats[5.5.863~1-813b7]:main():compute-mfcc-feats.cc:182) Processed features for key MPPC0_SI1412
VLOG[2] (compute-mfcc-feats[5.5.863~1-813b7]:main():compute-mfcc-feats.cc:182) Processed features for key MPPC0_SI2042
VLOG[2] (compute-mfcc-feats[5.5.863~1-813b7]:main():compute-mfcc-feats.cc:182) Processed features for key MPPC0_SI782
VLOG[2] (compute-mfcc-feats[5.5.863~1-813b7]:main():compute-mfcc-feats.cc:182) Processed features for key MPPC0_SX152
VLOG[2] (compute-mfcc-feats[5.5.863~1-813b7]:main():compute-mfcc-feats.cc:182) Processed features for key MPPC0_SX242
VLOG[2] (compute-mfcc-feats[5.5.863~1-813b7]:main():compute-mfcc-feats.cc:182) Processed features for key MPPC0_SX332
VLOG[2] (compute-mfcc-feats[5.5.863~1-813b7]:main():compute-mfcc-feats.cc:182) Processed features for key MPPC0_SX422
VLOG[2] (compute-mfcc-feats[5.5.863~1-813b7]:main():compute-mfcc-feats.cc:182) Processed features for key MPPC0_SX62
VLOG[2] (compute-mfcc-feats[5.5.863~1-813b7]:main():compute-mfcc-feats.cc:182) Processed features for key MPRB0_SI1205
VLOG[2] (compute-mfcc-feats[5.5.863~1-813b7]:main():compute-mfcc-feats.cc:182) Processed features for key MPRB0_SI1215
LOG (compute-mfcc-feats[5.5.863~1-813b7]:main():compute-mfcc-feats.cc:181) Processed 190 utterances
VLOG[2] (compute-mfcc-feats[5.5.863~1-813b7]:main():compute-mfcc-feats.cc:182) Processed features for key MPRB0_SI575
VLOG[2] (compute-mfcc-feats[5.5.863~1-813b7]:main():compute-mfcc-feats.cc:182) Processed features for key MPRB0_SX125
VLOG[2] (compute-mfcc-feats[5.5.863~1-813b7]:main():compute-mfcc-feats.cc:182) Processed features for key MPRB0_SX215
VLOG[2] (compute-mfcc-feats[5.5.863~1-813b7]:main():compute-mfcc-feats.cc:182) Processed features for key MPRB0_SX305
VLOG[2] (compute-mfcc-feats[5.5.863~1-813b7]:main():compute-mfcc-feats.cc:182) Processed features for key MPRB0_SX35
VLOG[2] (compute-mfcc-feats[5.5.863~1-813b7]:main():compute-mfcc-feats.cc:182) Processed features for key MPRB0_SX395
VLOG[2] (compute-mfcc-feats[5.5.863~1-813b7]:main():compute-mfcc-feats.cc:182) Processed features for key MPRD0_SI1431
VLOG[2] (compute-mfcc-feats[5.5.863~1-813b7]:main():compute-mfcc-feats.cc:182) Processed features for key MPRD0_SI2061
VLOG[2] (compute-mfcc-feats[5.5.863~1-813b7]:main():compute-mfcc-feats.cc:182) Processed features for key MPRD0_SI801
VLOG[2] (compute-mfcc-feats[5.5.863~1-813b7]:main():compute-mfcc-feats.cc:182) Processed features for key MPRD0_SX171
LOG (compute-mfcc-feats[5.5.863~1-813b7]:main():compute-mfcc-feats.cc:181) Processed 200 utterances
VLOG[2] (compute-mfcc-feats[5.5.863~1-813b7]:main():compute-mfcc-feats.cc:182) Processed features for key MPRD0_SX261
VLOG[2] (compute-mfcc-feats[5.5.863~1-813b7]:main():compute-mfcc-feats.cc:182) Processed features for key MPRD0_SX351
VLOG[2] (compute-mfcc-feats[5.5.863~1-813b7]:main():compute-mfcc-feats.cc:182) Processed features for key MPRD0_SX441
VLOG[2] (compute-mfcc-feats[5.5.863~1-813b7]:main():compute-mfcc-feats.cc:182) Processed features for key MPRD0_SX81
VLOG[2] (compute-mfcc-feats[5.5.863~1-813b7]:main():compute-mfcc-feats.cc:182) Processed features for key MPRK0_SI1097
VLOG[2] (compute-mfcc-feats[5.5.863~1-813b7]:main():compute-mfcc-feats.cc:182) Processed features for key MPRK0_SI1727
VLOG[2] (compute-mfcc-feats[5.5.863~1-813b7]:main():compute-mfcc-feats.cc:182) Processed features for key MPRK0_SI467
VLOG[2] (compute-mfcc-feats[5.5.863~1-813b7]:main():compute-mfcc-feats.cc:182) Processed features for key MPRK0_SX107
VLOG[2] (compute-mfcc-feats[5.5.863~1-813b7]:main():compute-mfcc-feats.cc:182) Processed features for key MPRK0_SX17
VLOG[2] (compute-mfcc-feats[5.5.863~1-813b7]:main():compute-mfcc-feats.cc:182) Processed features for key MPRK0_SX197
LOG (compute-mfcc-feats[5.5.863~1-813b7]:main():compute-mfcc-feats.cc:181) Processed 210 utterances
VLOG[2] (compute-mfcc-feats[5.5.863~1-813b7]:main():compute-mfcc-feats.cc:182) Processed features for key MPRK0_SX287
VLOG[2] (compute-mfcc-feats[5.5.863~1-813b7]:main():compute-mfcc-feats.cc:182) Processed features for key MPRK0_SX377
VLOG[2] (compute-mfcc-feats[5.5.863~1-813b7]:main():compute-mfcc-feats.cc:182) Processed features for key MPRT0_SI1210
VLOG[2] (compute-mfcc-feats[5.5.863~1-813b7]:main():compute-mfcc-feats.cc:182) Processed features for key MPRT0_SI495
VLOG[2] (compute-mfcc-feats[5.5.863~1-813b7]:main():compute-mfcc-feats.cc:182) Processed features for key MPRT0_SI580
VLOG[2] (compute-mfcc-feats[5.5.863~1-813b7]:main():compute-mfcc-feats.cc:182) Processed features for key MPRT0_SX130
VLOG[2] (compute-mfcc-feats[5.5.863~1-813b7]:main():compute-mfcc-feats.cc:182) Processed features for key MPRT0_SX220
VLOG[2] (compute-mfcc-feats[5.5.863~1-813b7]:main():compute-mfcc-feats.cc:182) Processed features for key MPRT0_SX310
VLOG[2] (compute-mfcc-feats[5.5.863~1-813b7]:main():compute-mfcc-feats.cc:182) Processed features for key MPRT0_SX40
VLOG[2] (compute-mfcc-feats[5.5.863~1-813b7]:main():compute-mfcc-feats.cc:182) Processed features for key MPRT0_SX400
LOG (compute-mfcc-feats[5.5.863~1-813b7]:main():compute-mfcc-feats.cc:181) Processed 220 utterances
VLOG[2] (compute-mfcc-feats[5.5.863~1-813b7]:main():compute-mfcc-feats.cc:182) Processed features for key MPSW0_SI1067
VLOG[2] (compute-mfcc-feats[5.5.863~1-813b7]:main():compute-mfcc-feats.cc:182) Processed features for key MPSW0_SI1697
VLOG[2] (compute-mfcc-feats[5.5.863~1-813b7]:main():compute-mfcc-feats.cc:182) Processed features for key MPSW0_SI2327
VLOG[2] (compute-mfcc-feats[5.5.863~1-813b7]:main():compute-mfcc-feats.cc:182) Processed features for key MPSW0_SX167
VLOG[2] (compute-mfcc-feats[5.5.863~1-813b7]:main():compute-mfcc-feats.cc:182) Processed features for key MPSW0_SX24
VLOG[2] (compute-mfcc-feats[5.5.863~1-813b7]:main():compute-mfcc-feats.cc:182) Processed features for key MPSW0_SX257
VLOG[2] (compute-mfcc-feats[5.5.863~1-813b7]:main():compute-mfcc-feats.cc:182) Processed features for key MPSW0_SX437
VLOG[2] (compute-mfcc-feats[5.5.863~1-813b7]:main():compute-mfcc-feats.cc:182) Processed features for key MPSW0_SX77
VLOG[2] (compute-mfcc-feats[5.5.863~1-813b7]:main():compute-mfcc-feats.cc:182) Processed features for key MRAB0_SI1224
VLOG[2] (compute-mfcc-feats[5.5.863~1-813b7]:main():compute-mfcc-feats.cc:182) Processed features for key MRAB0_SI1854
LOG (compute-mfcc-feats[5.5.863~1-813b7]:main():compute-mfcc-feats.cc:181) Processed 230 utterances
VLOG[2] (compute-mfcc-feats[5.5.863~1-813b7]:main():compute-mfcc-feats.cc:182) Processed features for key MRAB0_SI594
VLOG[2] (compute-mfcc-feats[5.5.863~1-813b7]:main():compute-mfcc-feats.cc:182) Processed features for key MRAB0_SX144
VLOG[2] (compute-mfcc-feats[5.5.863~1-813b7]:main():compute-mfcc-feats.cc:182) Processed features for key MRAB0_SX234
VLOG[2] (compute-mfcc-feats[5.5.863~1-813b7]:main():compute-mfcc-feats.cc:182) Processed features for key MRAB0_SX324
VLOG[2] (compute-mfcc-feats[5.5.863~1-813b7]:main():compute-mfcc-feats.cc:182) Processed features for key MRAB0_SX414
VLOG[2] (compute-mfcc-feats[5.5.863~1-813b7]:main():compute-mfcc-feats.cc:182) Processed features for key MRAB0_SX54
VLOG[2] (compute-mfcc-feats[5.5.863~1-813b7]:main():compute-mfcc-feats.cc:182) Processed features for key MRAB1_SI1478
VLOG[2] (compute-mfcc-feats[5.5.863~1-813b7]:main():compute-mfcc-feats.cc:182) Processed features for key MRAB1_SI2108
VLOG[2] (compute-mfcc-feats[5.5.863~1-813b7]:main():compute-mfcc-feats.cc:182) Processed features for key MRAB1_SI848
VLOG[2] (compute-mfcc-feats[5.5.863~1-813b7]:main():compute-mfcc-feats.cc:182) Processed features for key MRAB1_SX128
LOG (compute-mfcc-feats[5.5.863~1-813b7]:main():compute-mfcc-feats.cc:181) Processed 240 utterances
VLOG[2] (compute-mfcc-feats[5.5.863~1-813b7]:main():compute-mfcc-feats.cc:182) Processed features for key MRAB1_SX218
VLOG[2] (compute-mfcc-feats[5.5.863~1-813b7]:main():compute-mfcc-feats.cc:182) Processed features for key MRAB1_SX308
VLOG[2] (compute-mfcc-feats[5.5.863~1-813b7]:main():compute-mfcc-feats.cc:182) Processed features for key MRAB1_SX38
VLOG[2] (compute-mfcc-feats[5.5.863~1-813b7]:main():compute-mfcc-feats.cc:182) Processed features for key MRAB1_SX398
VLOG[2] (compute-mfcc-feats[5.5.863~1-813b7]:main():compute-mfcc-feats.cc:182) Processed features for key MRAI0_SI1954
VLOG[2] (compute-mfcc-feats[5.5.863~1-813b7]:main():compute-mfcc-feats.cc:182) Processed features for key MRAI0_SI2052
VLOG[2] (compute-mfcc-feats[5.5.863~1-813b7]:main():compute-mfcc-feats.cc:182) Processed features for key MRAI0_SI792
VLOG[2] (compute-mfcc-feats[5.5.863~1-813b7]:main():compute-mfcc-feats.cc:182) Processed features for key MRAI0_SX162
VLOG[2] (compute-mfcc-feats[5.5.863~1-813b7]:main():compute-mfcc-feats.cc:182) Processed features for key MRAI0_SX252
VLOG[2] (compute-mfcc-feats[5.5.863~1-813b7]:main():compute-mfcc-feats.cc:182) Processed features for key MRAI0_SX342
LOG (compute-mfcc-feats[5.5.863~1-813b7]:main():compute-mfcc-feats.cc:181) Processed 250 utterances
VLOG[2] (compute-mfcc-feats[5.5.863~1-813b7]:main():compute-mfcc-feats.cc:182) Processed features for key MRAI0_SX432
VLOG[2] (compute-mfcc-feats[5.5.863~1-813b7]:main():compute-mfcc-feats.cc:182) Processed features for key MRAI0_SX72
VLOG[2] (compute-mfcc-feats[5.5.863~1-813b7]:main():compute-mfcc-feats.cc:182) Processed features for key MRAM0_SI1275
VLOG[2] (compute-mfcc-feats[5.5.863~1-813b7]:main():compute-mfcc-feats.cc:182) Processed features for key MRAM0_SI1905
VLOG[2] (compute-mfcc-feats[5.5.863~1-813b7]:main():compute-mfcc-feats.cc:182) Processed features for key MRAM0_SI1951
VLOG[2] (compute-mfcc-feats[5.5.863~1-813b7]:main():compute-mfcc-feats.cc:182) Processed features for key MRAM0_SX105
VLOG[2] (compute-mfcc-feats[5.5.863~1-813b7]:main():compute-mfcc-feats.cc:182) Processed features for key MRAM0_SX15
VLOG[2] (compute-mfcc-feats[5.5.863~1-813b7]:main():compute-mfcc-feats.cc:182) Processed features for key MRAM0_SX195
VLOG[2] (compute-mfcc-feats[5.5.863~1-813b7]:main():compute-mfcc-feats.cc:182) Processed features for key MRAM0_SX285
VLOG[2] (compute-mfcc-feats[5.5.863~1-813b7]:main():compute-mfcc-feats.cc:182) Processed features for key MRAM0_SX375
LOG (compute-mfcc-feats[5.5.863~1-813b7]:main():compute-mfcc-feats.cc:181) Processed 260 utterances
VLOG[2] (compute-mfcc-feats[5.5.863~1-813b7]:main():compute-mfcc-feats.cc:182) Processed features for key MRAV0_SI1008
VLOG[2] (compute-mfcc-feats[5.5.863~1-813b7]:main():compute-mfcc-feats.cc:182) Processed features for key MRAV0_SI1638
VLOG[2] (compute-mfcc-feats[5.5.863~1-813b7]:main():compute-mfcc-feats.cc:182) Processed features for key MRAV0_SI2268
VLOG[2] (compute-mfcc-feats[5.5.863~1-813b7]:main():compute-mfcc-feats.cc:182) Processed features for key MRAV0_SX108
VLOG[2] (compute-mfcc-feats[5.5.863~1-813b7]:main():compute-mfcc-feats.cc:182) Processed features for key MRAV0_SX18
VLOG[2] (compute-mfcc-feats[5.5.863~1-813b7]:main():compute-mfcc-feats.cc:182) Processed features for key MRAV0_SX198
VLOG[2] (compute-mfcc-feats[5.5.863~1-813b7]:main():compute-mfcc-feats.cc:182) Processed features for key MRAV0_SX288
VLOG[2] (compute-mfcc-feats[5.5.863~1-813b7]:main():compute-mfcc-feats.cc:182) Processed features for key MRAV0_SX378
VLOG[2] (compute-mfcc-feats[5.5.863~1-813b7]:main():compute-mfcc-feats.cc:182) Processed features for key MRBC0_SI1665
VLOG[2] (compute-mfcc-feats[5.5.863~1-813b7]:main():compute-mfcc-feats.cc:182) Processed features for key MRBC0_SI1859
LOG (compute-mfcc-feats[5.5.863~1-813b7]:main():compute-mfcc-feats.cc:181) Processed 270 utterances
VLOG[2] (compute-mfcc-feats[5.5.863~1-813b7]:main():compute-mfcc-feats.cc:182) Processed features for key MRBC0_SI599
VLOG[2] (compute-mfcc-feats[5.5.863~1-813b7]:main():compute-mfcc-feats.cc:182) Processed features for key MRBC0_SX149
VLOG[2] (compute-mfcc-feats[5.5.863~1-813b7]:main():compute-mfcc-feats.cc:182) Processed features for key MRBC0_SX239
VLOG[2] (compute-mfcc-feats[5.5.863~1-813b7]:main():compute-mfcc-feats.cc:182) Processed features for key MRBC0_SX329
VLOG[2] (compute-mfcc-feats[5.5.863~1-813b7]:main():compute-mfcc-feats.cc:182) Processed features for key MRBC0_SX419
VLOG[2] (compute-mfcc-feats[5.5.863~1-813b7]:main():compute-mfcc-feats.cc:182) Processed features for key MRBC0_SX59
VLOG[2] (compute-mfcc-feats[5.5.863~1-813b7]:main():compute-mfcc-feats.cc:182) Processed features for key MRCG0_SI1428
VLOG[2] (compute-mfcc-feats[5.5.863~1-813b7]:main():compute-mfcc-feats.cc:182) Processed features for key MRCG0_SI2058
VLOG[2] (compute-mfcc-feats[5.5.863~1-813b7]:main():compute-mfcc-feats.cc:182) Processed features for key MRCG0_SI798
VLOG[2] (compute-mfcc-feats[5.5.863~1-813b7]:main():compute-mfcc-feats.cc:182) Processed features for key MRCG0_SX168
LOG (compute-mfcc-feats[5.5.863~1-813b7]:main():compute-mfcc-feats.cc:181) Processed 280 utterances
VLOG[2] (compute-mfcc-feats[5.5.863~1-813b7]:main():compute-mfcc-feats.cc:182) Processed features for key MRCG0_SX258
VLOG[2] (compute-mfcc-feats[5.5.863~1-813b7]:main():compute-mfcc-feats.cc:182) Processed features for key MRCG0_SX348
VLOG[2] (compute-mfcc-feats[5.5.863~1-813b7]:main():compute-mfcc-feats.cc:182) Processed features for key MRCG0_SX438
VLOG[2] (compute-mfcc-feats[5.5.863~1-813b7]:main():compute-mfcc-feats.cc:182) Processed features for key MRCG0_SX78
VLOG[2] (compute-mfcc-feats[5.5.863~1-813b7]:main():compute-mfcc-feats.cc:182) Processed features for key MRCW0_SI1371
VLOG[2] (compute-mfcc-feats[5.5.863~1-813b7]:main():compute-mfcc-feats.cc:182) Processed features for key MRCW0_SI2001
VLOG[2] (compute-mfcc-feats[5.5.863~1-813b7]:main():compute-mfcc-feats.cc:182) Processed features for key MRCW0_SI741
VLOG[2] (compute-mfcc-feats[5.5.863~1-813b7]:main():compute-mfcc-feats.cc:182) Processed features for key MRCW0_SX111
VLOG[2] (compute-mfcc-feats[5.5.863~1-813b7]:main():compute-mfcc-feats.cc:182) Processed features for key MRCW0_SX201
VLOG[2] (compute-mfcc-feats[5.5.863~1-813b7]:main():compute-mfcc-feats.cc:182) Processed features for key MRCW0_SX21
LOG (compute-mfcc-feats[5.5.863~1-813b7]:main():compute-mfcc-feats.cc:181) Processed 290 utterances
VLOG[2] (compute-mfcc-feats[5.5.863~1-813b7]:main():compute-mfcc-feats.cc:182) Processed features for key MRCW0_SX291
VLOG[2] (compute-mfcc-feats[5.5.863~1-813b7]:main():compute-mfcc-feats.cc:182) Processed features for key MRCW0_SX381
VLOG[2] (compute-mfcc-feats[5.5.863~1-813b7]:main():compute-mfcc-feats.cc:182) Processed features for key MRDD0_SI1050
VLOG[2] (compute-mfcc-feats[5.5.863~1-813b7]:main():compute-mfcc-feats.cc:182) Processed features for key MRDD0_SI1680
VLOG[2] (compute-mfcc-feats[5.5.863~1-813b7]:main():compute-mfcc-feats.cc:182) Processed features for key MRDD0_SI2310
VLOG[2] (compute-mfcc-feats[5.5.863~1-813b7]:main():compute-mfcc-feats.cc:182) Processed features for key MRDD0_SX150
VLOG[2] (compute-mfcc-feats[5.5.863~1-813b7]:main():compute-mfcc-feats.cc:182) Processed features for key MRDD0_SX240
VLOG[2] (compute-mfcc-feats[5.5.863~1-813b7]:main():compute-mfcc-feats.cc:182) Processed features for key MRDD0_SX277
VLOG[2] (compute-mfcc-feats[5.5.863~1-813b7]:main():compute-mfcc-feats.cc:182) Processed features for key MRDD0_SX330
VLOG[2] (compute-mfcc-feats[5.5.863~1-813b7]:main():compute-mfcc-feats.cc:182) Processed features for key MRDD0_SX60
LOG (compute-mfcc-feats[5.5.863~1-813b7]:main():compute-mfcc-feats.cc:181) Processed 300 utterances
VLOG[2] (compute-mfcc-feats[5.5.863~1-813b7]:main():compute-mfcc-feats.cc:182) Processed features for key MRDM0_SI1044
VLOG[2] (compute-mfcc-feats[5.5.863~1-813b7]:main():compute-mfcc-feats.cc:182) Processed features for key MRDM0_SI1595
VLOG[2] (compute-mfcc-feats[5.5.863~1-813b7]:main():compute-mfcc-feats.cc:182) Processed features for key MRDM0_SI965
VLOG[2] (compute-mfcc-feats[5.5.863~1-813b7]:main():compute-mfcc-feats.cc:182) Processed features for key MRDM0_SX155
VLOG[2] (compute-mfcc-feats[5.5.863~1-813b7]:main():compute-mfcc-feats.cc:182) Processed features for key MRDM0_SX245
VLOG[2] (compute-mfcc-feats[5.5.863~1-813b7]:main():compute-mfcc-feats.cc:182) Processed features for key MRDM0_SX335
VLOG[2] (compute-mfcc-feats[5.5.863~1-813b7]:main():compute-mfcc-feats.cc:182) Processed features for key MRDM0_SX425
VLOG[2] (compute-mfcc-feats[5.5.863~1-813b7]:main():compute-mfcc-feats.cc:182) Processed features for key MRDM0_SX65
VLOG[2] (compute-mfcc-feats[5.5.863~1-813b7]:main():compute-mfcc-feats.cc:182) Processed features for key MRDS0_SI1167
VLOG[2] (compute-mfcc-feats[5.5.863~1-813b7]:main():compute-mfcc-feats.cc:182) Processed features for key MRDS0_SI1797
LOG (compute-mfcc-feats[5.5.863~1-813b7]:main():compute-mfcc-feats.cc:181) Processed 310 utterances
VLOG[2] (compute-mfcc-feats[5.5.863~1-813b7]:main():compute-mfcc-feats.cc:182) Processed features for key MRDS0_SI537
VLOG[2] (compute-mfcc-feats[5.5.863~1-813b7]:main():compute-mfcc-feats.cc:182) Processed features for key MRDS0_SX177
VLOG[2] (compute-mfcc-feats[5.5.863~1-813b7]:main():compute-mfcc-feats.cc:182) Processed features for key MRDS0_SX267
VLOG[2] (compute-mfcc-feats[5.5.863~1-813b7]:main():compute-mfcc-feats.cc:182) Processed features for key MRDS0_SX357
VLOG[2] (compute-mfcc-feats[5.5.863~1-813b7]:main():compute-mfcc-feats.cc:182) Processed features for key MRDS0_SX447
VLOG[2] (compute-mfcc-feats[5.5.863~1-813b7]:main():compute-mfcc-feats.cc:182) Processed features for key MRDS0_SX87
VLOG[2] (compute-mfcc-feats[5.5.863~1-813b7]:main():compute-mfcc-feats.cc:182) Processed features for key MREE0_SI1104
VLOG[2] (compute-mfcc-feats[5.5.863~1-813b7]:main():compute-mfcc-feats.cc:182) Processed features for key MREE0_SI1734
VLOG[2] (compute-mfcc-feats[5.5.863~1-813b7]:main():compute-mfcc-feats.cc:182) Processed features for key MREE0_SI1959
VLOG[2] (compute-mfcc-feats[5.5.863~1-813b7]:main():compute-mfcc-feats.cc:182) Processed features for key MREE0_SX114
LOG (compute-mfcc-feats[5.5.863~1-813b7]:main():compute-mfcc-feats.cc:181) Processed 320 utterances
VLOG[2] (compute-mfcc-feats[5.5.863~1-813b7]:main():compute-mfcc-feats.cc:182) Processed features for key MREE0_SX204
VLOG[2] (compute-mfcc-feats[5.5.863~1-813b7]:main():compute-mfcc-feats.cc:182) Processed features for key MREE0_SX24
VLOG[2] (compute-mfcc-feats[5.5.863~1-813b7]:main():compute-mfcc-feats.cc:182) Processed features for key MREE0_SX294
VLOG[2] (compute-mfcc-feats[5.5.863~1-813b7]:main():compute-mfcc-feats.cc:182) Processed features for key MREE0_SX384
VLOG[2] (compute-mfcc-feats[5.5.863~1-813b7]:main():compute-mfcc-feats.cc:182) Processed features for key MREH1_SI1599
VLOG[2] (compute-mfcc-feats[5.5.863~1-813b7]:main():compute-mfcc-feats.cc:182) Processed features for key MREH1_SI2229
VLOG[2] (compute-mfcc-feats[5.5.863~1-813b7]:main():compute-mfcc-feats.cc:182) Processed features for key MREH1_SI969
VLOG[2] (compute-mfcc-feats[5.5.863~1-813b7]:main():compute-mfcc-feats.cc:182) Processed features for key MREH1_SX159
VLOG[2] (compute-mfcc-feats[5.5.863~1-813b7]:main():compute-mfcc-feats.cc:182) Processed features for key MREH1_SX249
VLOG[2] (compute-mfcc-feats[5.5.863~1-813b7]:main():compute-mfcc-feats.cc:182) Processed features for key MREH1_SX339
LOG (compute-mfcc-feats[5.5.863~1-813b7]:main():compute-mfcc-feats.cc:181) Processed 330 utterances
VLOG[2] (compute-mfcc-feats[5.5.863~1-813b7]:main():compute-mfcc-feats.cc:182) Processed features for key MREH1_SX429
VLOG[2] (compute-mfcc-feats[5.5.863~1-813b7]:main():compute-mfcc-feats.cc:182) Processed features for key MREH1_SX69
VLOG[2] (compute-mfcc-feats[5.5.863~1-813b7]:main():compute-mfcc-feats.cc:182) Processed features for key MREM0_SI1591
VLOG[2] (compute-mfcc-feats[5.5.863~1-813b7]:main():compute-mfcc-feats.cc:182) Processed features for key MREM0_SI511
VLOG[2] (compute-mfcc-feats[5.5.863~1-813b7]:main():compute-mfcc-feats.cc:182) Processed features for key MREM0_SI961
VLOG[2] (compute-mfcc-feats[5.5.863~1-813b7]:main():compute-mfcc-feats.cc:182) Processed features for key MREM0_SX151
VLOG[2] (compute-mfcc-feats[5.5.863~1-813b7]:main():compute-mfcc-feats.cc:182) Processed features for key MREM0_SX241
VLOG[2] (compute-mfcc-feats[5.5.863~1-813b7]:main():compute-mfcc-feats.cc:182) Processed features for key MREM0_SX331
VLOG[2] (compute-mfcc-feats[5.5.863~1-813b7]:main():compute-mfcc-feats.cc:182) Processed features for key MREM0_SX421
VLOG[2] (compute-mfcc-feats[5.5.863~1-813b7]:main():compute-mfcc-feats.cc:182) Processed features for key MREM0_SX61
LOG (compute-mfcc-feats[5.5.863~1-813b7]:main():compute-mfcc-feats.cc:181) Processed 340 utterances
VLOG[2] (compute-mfcc-feats[5.5.863~1-813b7]:main():compute-mfcc-feats.cc:182) Processed features for key MREW1_SI1500
VLOG[2] (compute-mfcc-feats[5.5.863~1-813b7]:main():compute-mfcc-feats.cc:182) Processed features for key MREW1_SI2130
VLOG[2] (compute-mfcc-feats[5.5.863~1-813b7]:main():compute-mfcc-feats.cc:182) Processed features for key MREW1_SI870
VLOG[2] (compute-mfcc-feats[5.5.863~1-813b7]:main():compute-mfcc-feats.cc:182) Processed features for key MREW1_SX150
VLOG[2] (compute-mfcc-feats[5.5.863~1-813b7]:main():compute-mfcc-feats.cc:182) Processed features for key MREW1_SX240
VLOG[2] (compute-mfcc-feats[5.5.863~1-813b7]:main():compute-mfcc-feats.cc:182) Processed features for key MREW1_SX330
VLOG[2] (compute-mfcc-feats[5.5.863~1-813b7]:main():compute-mfcc-feats.cc:182) Processed features for key MREW1_SX420
VLOG[2] (compute-mfcc-feats[5.5.863~1-813b7]:main():compute-mfcc-feats.cc:182) Processed features for key MREW1_SX60
VLOG[2] (compute-mfcc-feats[5.5.863~1-813b7]:main():compute-mfcc-feats.cc:182) Processed features for key MRFK0_SI1076
VLOG[2] (compute-mfcc-feats[5.5.863~1-813b7]:main():compute-mfcc-feats.cc:182) Processed features for key MRFK0_SI1706
LOG (compute-mfcc-feats[5.5.863~1-813b7]:main():compute-mfcc-feats.cc:181) Processed 350 utterances
VLOG[2] (compute-mfcc-feats[5.5.863~1-813b7]:main():compute-mfcc-feats.cc:182) Processed features for key MRFK0_SI2336
VLOG[2] (compute-mfcc-feats[5.5.863~1-813b7]:main():compute-mfcc-feats.cc:182) Processed features for key MRFK0_SX176
VLOG[2] (compute-mfcc-feats[5.5.863~1-813b7]:main():compute-mfcc-feats.cc:182) Processed features for key MRFK0_SX266
VLOG[2] (compute-mfcc-feats[5.5.863~1-813b7]:main():compute-mfcc-feats.cc:182) Processed features for key MRFK0_SX356
VLOG[2] (compute-mfcc-feats[5.5.863~1-813b7]:main():compute-mfcc-feats.cc:182) Processed features for key MRFK0_SX446
VLOG[2] (compute-mfcc-feats[5.5.863~1-813b7]:main():compute-mfcc-feats.cc:182) Processed features for key MRFK0_SX86
VLOG[2] (compute-mfcc-feats[5.5.863~1-813b7]:main():compute-mfcc-feats.cc:182) Processed features for key MRFL0_SI1156
VLOG[2] (compute-mfcc-feats[5.5.863~1-813b7]:main():compute-mfcc-feats.cc:182) Processed features for key MRFL0_SI1786
VLOG[2] (compute-mfcc-feats[5.5.863~1-813b7]:main():compute-mfcc-feats.cc:182) Processed features for key MRFL0_SI526
VLOG[2] (compute-mfcc-feats[5.5.863~1-813b7]:main():compute-mfcc-feats.cc:182) Processed features for key MRFL0_SX166
LOG (compute-mfcc-feats[5.5.863~1-813b7]:main():compute-mfcc-feats.cc:181) Processed 360 utterances
VLOG[2] (compute-mfcc-feats[5.5.863~1-813b7]:main():compute-mfcc-feats.cc:182) Processed features for key MRFL0_SX256
VLOG[2] (compute-mfcc-feats[5.5.863~1-813b7]:main():compute-mfcc-feats.cc:182) Processed features for key MRFL0_SX346
VLOG[2] (compute-mfcc-feats[5.5.863~1-813b7]:main():compute-mfcc-feats.cc:182) Processed features for key MRFL0_SX436
VLOG[2] (compute-mfcc-feats[5.5.863~1-813b7]:main():compute-mfcc-feats.cc:182) Processed features for key MRFL0_SX76
VLOG[2] (compute-mfcc-feats[5.5.863~1-813b7]:main():compute-mfcc-feats.cc:182) Processed features for key MRGM0_SI1162
VLOG[2] (compute-mfcc-feats[5.5.863~1-813b7]:main():compute-mfcc-feats.cc:182) Processed features for key MRGM0_SI1792
VLOG[2] (compute-mfcc-feats[5.5.863~1-813b7]:main():compute-mfcc-feats.cc:182) Processed features for key MRGM0_SI532
VLOG[2] (compute-mfcc-feats[5.5.863~1-813b7]:main():compute-mfcc-feats.cc:182) Processed features for key MRGM0_SX172
VLOG[2] (compute-mfcc-feats[5.5.863~1-813b7]:main():compute-mfcc-feats.cc:182) Processed features for key MRGM0_SX262
VLOG[2] (compute-mfcc-feats[5.5.863~1-813b7]:main():compute-mfcc-feats.cc:182) Processed features for key MRGM0_SX416
LOG (compute-mfcc-feats[5.5.863~1-813b7]:main():compute-mfcc-feats.cc:185)  Done 369 out of 369 utterances.
LOG (copy-feats[5.5.863~1-813b7]:main():copy-feats.cc:143) Copied 369 feature matrices.
# Accounting: time=11 threads=1
# Ended (code 0) at Tue Jan  5 21:05:59 EST 2021, elapsed time 11 seconds
