# nnet-get-egs --left-context=4 --right-context=4 "ark,s,cs:utils/filter_scp.pl --exclude exp/tri4_nnet_3/valid_uttlist data/train/split30/10/feats.scp | apply-cmvn  --utt2spk=ark:data/train/split30/10/utt2spk scp:data/train/split30/10/cmvn.scp scp:- ark:- | splice-feats --left-context=3 --right-context=3 ark:- ark:- | transform-feats exp/tri4_nnet_3/final.mat ark:- ark:- | transform-feats --utt2spk=ark:data/train/split30/10/utt2spk ark:exp/tri3_ali/trans.10 ark:- ark:- |" "ark,s,cs:gunzip -c exp/tri3_ali/ali.10.gz | ali-to-pdf exp/tri3_ali/final.mdl ark:- ark:- | ali-to-post ark:- ark:- |" ark:- | nnet-copy-egs ark:- ark:exp/tri4_nnet_3/egs/egs_orig.1.10.ark ark:exp/tri4_nnet_3/egs/egs_orig.2.10.ark ark:exp/tri4_nnet_3/egs/egs_orig.3.10.ark ark:exp/tri4_nnet_3/egs/egs_orig.4.10.ark ark:exp/tri4_nnet_3/egs/egs_orig.5.10.ark ark:exp/tri4_nnet_3/egs/egs_orig.6.10.ark ark:exp/tri4_nnet_3/egs/egs_orig.7.10.ark ark:exp/tri4_nnet_3/egs/egs_orig.8.10.ark ark:exp/tri4_nnet_3/egs/egs_orig.9.10.ark ark:exp/tri4_nnet_3/egs/egs_orig.10.10.ark ark:exp/tri4_nnet_3/egs/egs_orig.11.10.ark ark:exp/tri4_nnet_3/egs/egs_orig.12.10.ark ark:exp/tri4_nnet_3/egs/egs_orig.13.10.ark ark:exp/tri4_nnet_3/egs/egs_orig.14.10.ark ark:exp/tri4_nnet_3/egs/egs_orig.15.10.ark ark:exp/tri4_nnet_3/egs/egs_orig.16.10.ark ark:exp/tri4_nnet_3/egs/egs_orig.17.10.ark ark:exp/tri4_nnet_3/egs/egs_orig.18.10.ark ark:exp/tri4_nnet_3/egs/egs_orig.19.10.ark ark:exp/tri4_nnet_3/egs/egs_orig.20.10.ark ark:exp/tri4_nnet_3/egs/egs_orig.21.10.ark ark:exp/tri4_nnet_3/egs/egs_orig.22.10.ark ark:exp/tri4_nnet_3/egs/egs_orig.23.10.ark ark:exp/tri4_nnet_3/egs/egs_orig.24.10.ark ark:exp/tri4_nnet_3/egs/egs_orig.25.10.ark ark:exp/tri4_nnet_3/egs/egs_orig.26.10.ark ark:exp/tri4_nnet_3/egs/egs_orig.27.10.ark ark:exp/tri4_nnet_3/egs/egs_orig.28.10.ark ark:exp/tri4_nnet_3/egs/egs_orig.29.10.ark ark:exp/tri4_nnet_3/egs/egs_orig.30.10.ark 
# Started at Wed Jan  6 04:18:53 EST 2021
#
nnet-get-egs --left-context=4 --right-context=4 'ark,s,cs:utils/filter_scp.pl --exclude exp/tri4_nnet_3/valid_uttlist data/train/split30/10/feats.scp | apply-cmvn  --utt2spk=ark:data/train/split30/10/utt2spk scp:data/train/split30/10/cmvn.scp scp:- ark:- | splice-feats --left-context=3 --right-context=3 ark:- ark:- | transform-feats exp/tri4_nnet_3/final.mat ark:- ark:- | transform-feats --utt2spk=ark:data/train/split30/10/utt2spk ark:exp/tri3_ali/trans.10 ark:- ark:- |' 'ark,s,cs:gunzip -c exp/tri3_ali/ali.10.gz | ali-to-pdf exp/tri3_ali/final.mdl ark:- ark:- | ali-to-post ark:- ark:- |' ark:- 
nnet-copy-egs ark:- ark:exp/tri4_nnet_3/egs/egs_orig.1.10.ark ark:exp/tri4_nnet_3/egs/egs_orig.2.10.ark ark:exp/tri4_nnet_3/egs/egs_orig.3.10.ark ark:exp/tri4_nnet_3/egs/egs_orig.4.10.ark ark:exp/tri4_nnet_3/egs/egs_orig.5.10.ark ark:exp/tri4_nnet_3/egs/egs_orig.6.10.ark ark:exp/tri4_nnet_3/egs/egs_orig.7.10.ark ark:exp/tri4_nnet_3/egs/egs_orig.8.10.ark ark:exp/tri4_nnet_3/egs/egs_orig.9.10.ark ark:exp/tri4_nnet_3/egs/egs_orig.10.10.ark ark:exp/tri4_nnet_3/egs/egs_orig.11.10.ark ark:exp/tri4_nnet_3/egs/egs_orig.12.10.ark ark:exp/tri4_nnet_3/egs/egs_orig.13.10.ark ark:exp/tri4_nnet_3/egs/egs_orig.14.10.ark ark:exp/tri4_nnet_3/egs/egs_orig.15.10.ark ark:exp/tri4_nnet_3/egs/egs_orig.16.10.ark ark:exp/tri4_nnet_3/egs/egs_orig.17.10.ark ark:exp/tri4_nnet_3/egs/egs_orig.18.10.ark ark:exp/tri4_nnet_3/egs/egs_orig.19.10.ark ark:exp/tri4_nnet_3/egs/egs_orig.20.10.ark ark:exp/tri4_nnet_3/egs/egs_orig.21.10.ark ark:exp/tri4_nnet_3/egs/egs_orig.22.10.ark ark:exp/tri4_nnet_3/egs/egs_orig.23.10.ark ark:exp/tri4_nnet_3/egs/egs_orig.24.10.ark ark:exp/tri4_nnet_3/egs/egs_orig.25.10.ark ark:exp/tri4_nnet_3/egs/egs_orig.26.10.ark ark:exp/tri4_nnet_3/egs/egs_orig.27.10.ark ark:exp/tri4_nnet_3/egs/egs_orig.28.10.ark ark:exp/tri4_nnet_3/egs/egs_orig.29.10.ark ark:exp/tri4_nnet_3/egs/egs_orig.30.10.ark 
transform-feats exp/tri4_nnet_3/final.mat ark:- ark:- 
splice-feats --left-context=3 --right-context=3 ark:- ark:- 
apply-cmvn --utt2spk=ark:data/train/split30/10/utt2spk scp:data/train/split30/10/cmvn.scp scp:- ark:- 
transform-feats --utt2spk=ark:data/train/split30/10/utt2spk ark:exp/tri3_ali/trans.10 ark:- ark:- 
ali-to-pdf exp/tri3_ali/final.mdl ark:- ark:- 
ali-to-post ark:- ark:- 
LOG (ali-to-pdf[5.5.863~1-813b7]:main():ali-to-pdf.cc:68) Converted 128 alignments to pdf sequences.
LOG (ali-to-post[5.5.863~1-813b7]:main():ali-to-post.cc:73) Converted 128 alignments.
LOG (apply-cmvn[5.5.863~1-813b7]:main():apply-cmvn.cc:162) Applied cepstral mean normalization to 118 utterances, errors on 0
LOG (transform-feats[5.5.863~1-813b7]:main():transform-feats.cc:158) Overall average [pseudo-]logdet is -88.1809 over 34043 frames.
LOG (transform-feats[5.5.863~1-813b7]:main():transform-feats.cc:161) Applied transform to 118 utterances; 0 had errors.
LOG (transform-feats[5.5.863~1-813b7]:main():transform-feats.cc:158) Overall average logdet is 2.55748 over 34043 frames.
LOG (transform-feats[5.5.863~1-813b7]:main():transform-feats.cc:161) Applied transform to 118 utterances; 0 had errors.
LOG (nnet-get-egs[5.5.863~1-813b7]:main():nnet-get-egs.cc:174) Finished generating examples, successfully processed 118 feature files, wrote 34043 examples,  with 34043 egs in total; 0 files had errors.
LOG (nnet-copy-egs[5.5.863~1-813b7]:main():nnet-copy-egs.cc:170) Read 34043 neural-network training examples, wrote 34043
# Accounting: time=5 threads=1
# Ended (code 0) at Wed Jan  6 04:18:58 EST 2021, elapsed time 5 seconds
