# nnet-shuffle-egs --buffer-size=5000 --srand=0 ark:exp/tri4_nnet_3/egs/egs.7.0.ark ark:- | nnet-train-parallel --num-threads=16 --minibatch-size=128 --srand=0 exp/tri4_nnet_3/0.mdl ark:- exp/tri4_nnet_3/1.7.mdl 
# Started at Wed Jan  6 04:20:02 EST 2021
#
nnet-train-parallel --num-threads=16 --minibatch-size=128 --srand=0 exp/tri4_nnet_3/0.mdl ark:- exp/tri4_nnet_3/1.7.mdl 
nnet-shuffle-egs --buffer-size=5000 --srand=0 ark:exp/tri4_nnet_3/egs/egs.7.0.ark ark:- 
LOG (nnet-train-parallel[5.5.863~1-813b7]:GetScalingFactor():nnet-component.cc:1535) Limiting step size to 10 using scaling factor 0.659556, for component index 4
LOG (nnet-train-parallel[5.5.863~1-813b7]:GetScalingFactor():nnet-component.cc:1535) Limiting step size to 10 using scaling factor 0.649559, for component index 4
LOG (nnet-train-parallel[5.5.863~1-813b7]:GetScalingFactor():nnet-component.cc:1535) Limiting step size to 10 using scaling factor 0.648934, for component index 4
LOG (nnet-train-parallel[5.5.863~1-813b7]:GetScalingFactor():nnet-component.cc:1535) Limiting step size to 10 using scaling factor 0.653849, for component index 4
LOG (nnet-train-parallel[5.5.863~1-813b7]:GetScalingFactor():nnet-component.cc:1535) Limiting step size to 10 using scaling factor 0.652146, for component index 4
LOG (nnet-train-parallel[5.5.863~1-813b7]:GetScalingFactor():nnet-component.cc:1535) Limiting step size to 10 using scaling factor 0.673952, for component index 4
LOG (nnet-train-parallel[5.5.863~1-813b7]:GetScalingFactor():nnet-component.cc:1535) Limiting step size to 10 using scaling factor 0.643598, for component index 4
LOG (nnet-train-parallel[5.5.863~1-813b7]:GetScalingFactor():nnet-component.cc:1535) Limiting step size to 10 using scaling factor 0.648532, for component index 4
LOG (nnet-train-parallel[5.5.863~1-813b7]:GetScalingFactor():nnet-component.cc:1535) Limiting step size to 10 using scaling factor 0.659782, for component index 4
LOG (nnet-train-parallel[5.5.863~1-813b7]:GetScalingFactor():nnet-component.cc:1535) Limiting step size to 10 using scaling factor 0.64456, for component index 4
LOG (nnet-shuffle-egs[5.5.863~1-813b7]:main():nnet-shuffle-egs.cc:102) Shuffled order of 34485 neural-network training examples using a buffer (partial randomization)
LOG (nnet-train-parallel[5.5.863~1-813b7]:DoBackpropParallel():nnet-update-parallel.cc:194) Did backprop on 34485 examples, average log-prob per frame is -5.03279
LOG (nnet-train-parallel[5.5.863~1-813b7]:DoBackpropParallel():nnet-update-parallel.cc:196) [this line is to be parsed by a script:] log-prob-per-frame=-5.03279
LOG (nnet-train-parallel[5.5.863~1-813b7]:main():nnet-train-parallel.cc:102) Finished training, processed 34485 training examples (weighted).  Wrote model to exp/tri4_nnet_3/1.7.mdl
# Accounting: time=14 threads=1
# Ended (code 0) at Wed Jan  6 04:20:17 EST 2021, elapsed time 14 seconds
