# ali-to-post "ark:gunzip -c exp/tri3_ali/pre_ali.14.gz|" ark:- | weight-silence-post 0.0 1 exp/tri3/final.alimdl ark:- ark:- | gmm-post-to-gpost exp/tri3/final.alimdl "ark,s,cs:apply-cmvn  --utt2spk=ark:data/train/split30/14/utt2spk scp:data/train/split30/14/cmvn.scp scp:data/train/split30/14/feats.scp ark:- | splice-feats --left-context=3 --right-context=3 ark:- ark:- | transform-feats exp/tri3/final.mat ark:- ark:- |" ark:- ark:- | gmm-est-fmllr-gpost --fmllr-update-type=full --spk2utt=ark:data/train/split30/14/spk2utt exp/tri3/final.mdl "ark,s,cs:apply-cmvn  --utt2spk=ark:data/train/split30/14/utt2spk scp:data/train/split30/14/cmvn.scp scp:data/train/split30/14/feats.scp ark:- | splice-feats --left-context=3 --right-context=3 ark:- ark:- | transform-feats exp/tri3/final.mat ark:- ark:- |" ark,s,cs:- ark:exp/tri3_ali/trans.14 
# Started at Wed Jan  6 01:54:03 EST 2021
#
gmm-post-to-gpost exp/tri3/final.alimdl 'ark,s,cs:apply-cmvn  --utt2spk=ark:data/train/split30/14/utt2spk scp:data/train/split30/14/cmvn.scp scp:data/train/split30/14/feats.scp ark:- | splice-feats --left-context=3 --right-context=3 ark:- ark:- | transform-feats exp/tri3/final.mat ark:- ark:- |' ark:- ark:- 
ali-to-post 'ark:gunzip -c exp/tri3_ali/pre_ali.14.gz|' ark:- 
weight-silence-post 0.0 1 exp/tri3/final.alimdl ark:- ark:- 
gmm-est-fmllr-gpost --fmllr-update-type=full --spk2utt=ark:data/train/split30/14/spk2utt exp/tri3/final.mdl 'ark,s,cs:apply-cmvn  --utt2spk=ark:data/train/split30/14/utt2spk scp:data/train/split30/14/cmvn.scp scp:data/train/split30/14/feats.scp ark:- | splice-feats --left-context=3 --right-context=3 ark:- ark:- | transform-feats exp/tri3/final.mat ark:- ark:- |' ark,s,cs:- ark:exp/tri3_ali/trans.14 
apply-cmvn --utt2spk=ark:data/train/split30/14/utt2spk scp:data/train/split30/14/cmvn.scp scp:data/train/split30/14/feats.scp ark:- 
transform-feats exp/tri3/final.mat ark:- ark:- 
splice-feats --left-context=3 --right-context=3 ark:- ark:- 
transform-feats exp/tri3/final.mat ark:- ark:- 
splice-feats --left-context=3 --right-context=3 ark:- ark:- 
apply-cmvn --utt2spk=ark:data/train/split30/14/utt2spk scp:data/train/split30/14/cmvn.scp scp:data/train/split30/14/feats.scp ark:- 
LOG (gmm-est-fmllr-gpost[5.5.863~1-813b7]:ComputeFmllrMatrixDiagGmmFull():fmllr-diag-gmm.cc:262) fMLLR objf improvement is 8.49289 per frame over 1996 frames.
LOG (gmm-est-fmllr-gpost[5.5.863~1-813b7]:main():gmm-est-fmllr-gpost.cc:141) For speaker MDMT0, auxf-impr from fMLLR is 8.49289, over 1996 frames.

LOG (gmm-est-fmllr-gpost[5.5.863~1-813b7]:ComputeFmllrMatrixDiagGmmFull():fmllr-diag-gmm.cc:262) fMLLR objf improvement is 6.04198 per frame over 2225 frames.
LOG (gmm-est-fmllr-gpost[5.5.863~1-813b7]:main():gmm-est-fmllr-gpost.cc:141) For speaker MDNS0, auxf-impr from fMLLR is 6.04198, over 2225 frames.

LOG (gmm-est-fmllr-gpost[5.5.863~1-813b7]:ComputeFmllrMatrixDiagGmmFull():fmllr-diag-gmm.cc:262) fMLLR objf improvement is 5.22678 per frame over 2293 frames.
LOG (gmm-est-fmllr-gpost[5.5.863~1-813b7]:main():gmm-est-fmllr-gpost.cc:141) For speaker MDPB0, auxf-impr from fMLLR is 5.22678, over 2293 frames.

LOG (gmm-est-fmllr-gpost[5.5.863~1-813b7]:ComputeFmllrMatrixDiagGmmFull():fmllr-diag-gmm.cc:262) fMLLR objf improvement is 5.72415 per frame over 1872 frames.
LOG (gmm-est-fmllr-gpost[5.5.863~1-813b7]:main():gmm-est-fmllr-gpost.cc:141) For speaker MDPK0, auxf-impr from fMLLR is 5.72415, over 1872 frames.

LOG (gmm-est-fmllr-gpost[5.5.863~1-813b7]:ComputeFmllrMatrixDiagGmmFull():fmllr-diag-gmm.cc:262) fMLLR objf improvement is 5.39335 per frame over 2024 frames.
LOG (gmm-est-fmllr-gpost[5.5.863~1-813b7]:main():gmm-est-fmllr-gpost.cc:141) For speaker MDPS0, auxf-impr from fMLLR is 5.39335, over 2024 frames.

LOG (gmm-est-fmllr-gpost[5.5.863~1-813b7]:ComputeFmllrMatrixDiagGmmFull():fmllr-diag-gmm.cc:262) fMLLR objf improvement is 5.23275 per frame over 2545 frames.
LOG (gmm-est-fmllr-gpost[5.5.863~1-813b7]:main():gmm-est-fmllr-gpost.cc:141) For speaker MDRD0, auxf-impr from fMLLR is 5.23275, over 2545 frames.

LOG (gmm-est-fmllr-gpost[5.5.863~1-813b7]:ComputeFmllrMatrixDiagGmmFull():fmllr-diag-gmm.cc:262) fMLLR objf improvement is 7.49705 per frame over 2270 frames.
LOG (gmm-est-fmllr-gpost[5.5.863~1-813b7]:main():gmm-est-fmllr-gpost.cc:141) For speaker MDSJ0, auxf-impr from fMLLR is 7.49705, over 2270 frames.

LOG (gmm-est-fmllr-gpost[5.5.863~1-813b7]:ComputeFmllrMatrixDiagGmmFull():fmllr-diag-gmm.cc:262) fMLLR objf improvement is 5.42985 per frame over 1715 frames.
LOG (gmm-est-fmllr-gpost[5.5.863~1-813b7]:main():gmm-est-fmllr-gpost.cc:141) For speaker MDSS0, auxf-impr from fMLLR is 5.42985, over 1715 frames.

LOG (gmm-est-fmllr-gpost[5.5.863~1-813b7]:ComputeFmllrMatrixDiagGmmFull():fmllr-diag-gmm.cc:262) fMLLR objf improvement is 5.19387 per frame over 2014 frames.
LOG (gmm-est-fmllr-gpost[5.5.863~1-813b7]:main():gmm-est-fmllr-gpost.cc:141) For speaker MDSS1, auxf-impr from fMLLR is 5.19387, over 2014 frames.

LOG (gmm-est-fmllr-gpost[5.5.863~1-813b7]:ComputeFmllrMatrixDiagGmmFull():fmllr-diag-gmm.cc:262) fMLLR objf improvement is 6.32525 per frame over 1914 frames.
LOG (gmm-est-fmllr-gpost[5.5.863~1-813b7]:main():gmm-est-fmllr-gpost.cc:141) For speaker MDTB0, auxf-impr from fMLLR is 6.32525, over 1914 frames.

LOG (gmm-est-fmllr-gpost[5.5.863~1-813b7]:ComputeFmllrMatrixDiagGmmFull():fmllr-diag-gmm.cc:262) fMLLR objf improvement is 5.97426 per frame over 2083 frames.
LOG (gmm-est-fmllr-gpost[5.5.863~1-813b7]:main():gmm-est-fmllr-gpost.cc:141) For speaker MDWD0, auxf-impr from fMLLR is 5.97426, over 2083 frames.

LOG (ali-to-post[5.5.863~1-813b7]:main():ali-to-post.cc:73) Converted 128 alignments.
LOG (gmm-est-fmllr-gpost[5.5.863~1-813b7]:ComputeFmllrMatrixDiagGmmFull():fmllr-diag-gmm.cc:262) fMLLR objf improvement is 5.79711 per frame over 2628 frames.
LOG (gmm-est-fmllr-gpost[5.5.863~1-813b7]:main():gmm-est-fmllr-gpost.cc:141) For speaker MDWH0, auxf-impr from fMLLR is 5.79711, over 2628 frames.

LOG (gmm-est-fmllr-gpost[5.5.863~1-813b7]:ComputeFmllrMatrixDiagGmmFull():fmllr-diag-gmm.cc:262) fMLLR objf improvement is 6.24416 per frame over 2191 frames.
LOG (gmm-est-fmllr-gpost[5.5.863~1-813b7]:main():gmm-est-fmllr-gpost.cc:141) For speaker MDWM0, auxf-impr from fMLLR is 6.24416, over 2191 frames.

LOG (weight-silence-post[5.5.863~1-813b7]:main():weight-silence-post.cc:95) Done 128 posteriors.
LOG (gmm-est-fmllr-gpost[5.5.863~1-813b7]:ComputeFmllrMatrixDiagGmmFull():fmllr-diag-gmm.cc:262) fMLLR objf improvement is 8.94474 per frame over 1669 frames.
LOG (gmm-est-fmllr-gpost[5.5.863~1-813b7]:main():gmm-est-fmllr-gpost.cc:141) For speaker MEAL0, auxf-impr from fMLLR is 8.94474, over 1669 frames.

LOG (apply-cmvn[5.5.863~1-813b7]:main():apply-cmvn.cc:162) Applied cepstral mean normalization to 128 utterances, errors on 0
LOG (gmm-est-fmllr-gpost[5.5.863~1-813b7]:ComputeFmllrMatrixDiagGmmFull():fmllr-diag-gmm.cc:262) fMLLR objf improvement is 5.10794 per frame over 1879 frames.
LOG (gmm-est-fmllr-gpost[5.5.863~1-813b7]:main():gmm-est-fmllr-gpost.cc:141) For speaker MEDR0, auxf-impr from fMLLR is 5.10794, over 1879 frames.

LOG (apply-cmvn[5.5.863~1-813b7]:main():apply-cmvn.cc:162) Applied cepstral mean normalization to 128 utterances, errors on 0
LOG (transform-feats[5.5.863~1-813b7]:main():transform-feats.cc:158) Overall average [pseudo-]logdet is -88.1809 over 36825 frames.
LOG (transform-feats[5.5.863~1-813b7]:main():transform-feats.cc:161) Applied transform to 128 utterances; 0 had errors.
LOG (gmm-post-to-gpost[5.5.863~1-813b7]:main():gmm-post-to-gpost.cc:124) Done 128 files, 0 with no posteriors, 0 with other errors.
LOG (gmm-post-to-gpost[5.5.863~1-813b7]:main():gmm-post-to-gpost.cc:128) Overall avg like per frame (Gaussian only) = -48.0466 over 33685 frames.
LOG (gmm-post-to-gpost[5.5.863~1-813b7]:main():gmm-post-to-gpost.cc:131) Done converting post to gpost
LOG (transform-feats[5.5.863~1-813b7]:main():transform-feats.cc:158) Overall average [pseudo-]logdet is -88.1809 over 36825 frames.
LOG (transform-feats[5.5.863~1-813b7]:main():transform-feats.cc:161) Applied transform to 128 utterances; 0 had errors.
LOG (gmm-est-fmllr-gpost[5.5.863~1-813b7]:ComputeFmllrMatrixDiagGmmFull():fmllr-diag-gmm.cc:262) fMLLR objf improvement is 8.55273 per frame over 2367 frames.
LOG (gmm-est-fmllr-gpost[5.5.863~1-813b7]:main():gmm-est-fmllr-gpost.cc:141) For speaker MEFG0, auxf-impr from fMLLR is 8.55273, over 2367 frames.

LOG (gmm-est-fmllr-gpost[5.5.863~1-813b7]:main():gmm-est-fmllr-gpost.cc:186) Done 128 files, 0 with no gposts, 0 with other errors.
LOG (gmm-est-fmllr-gpost[5.5.863~1-813b7]:main():gmm-est-fmllr-gpost.cc:188) Overall fMLLR auxf impr per frame is 6.30423 over 33685 frames.
# Accounting: time=5 threads=1
# Ended (code 0) at Wed Jan  6 01:54:08 EST 2021, elapsed time 5 seconds
