# ali-to-post "ark:gunzip -c exp/tri3_ali/pre_ali.12.gz|" ark:- | weight-silence-post 0.0 1 exp/tri3/final.alimdl ark:- ark:- | gmm-post-to-gpost exp/tri3/final.alimdl "ark,s,cs:apply-cmvn  --utt2spk=ark:data/train/split30/12/utt2spk scp:data/train/split30/12/cmvn.scp scp:data/train/split30/12/feats.scp ark:- | splice-feats --left-context=3 --right-context=3 ark:- ark:- | transform-feats exp/tri3/final.mat ark:- ark:- |" ark:- ark:- | gmm-est-fmllr-gpost --fmllr-update-type=full --spk2utt=ark:data/train/split30/12/spk2utt exp/tri3/final.mdl "ark,s,cs:apply-cmvn  --utt2spk=ark:data/train/split30/12/utt2spk scp:data/train/split30/12/cmvn.scp scp:data/train/split30/12/feats.scp ark:- | splice-feats --left-context=3 --right-context=3 ark:- ark:- | transform-feats exp/tri3/final.mat ark:- ark:- |" ark,s,cs:- ark:exp/tri3_ali/trans.12 
# Started at Wed Jan  6 01:54:00 EST 2021
#
ali-to-post 'ark:gunzip -c exp/tri3_ali/pre_ali.12.gz|' ark:- 
weight-silence-post 0.0 1 exp/tri3/final.alimdl ark:- ark:- 
gmm-est-fmllr-gpost --fmllr-update-type=full --spk2utt=ark:data/train/split30/12/spk2utt exp/tri3/final.mdl 'ark,s,cs:apply-cmvn  --utt2spk=ark:data/train/split30/12/utt2spk scp:data/train/split30/12/cmvn.scp scp:data/train/split30/12/feats.scp ark:- | splice-feats --left-context=3 --right-context=3 ark:- ark:- | transform-feats exp/tri3/final.mat ark:- ark:- |' ark,s,cs:- ark:exp/tri3_ali/trans.12 
gmm-post-to-gpost exp/tri3/final.alimdl 'ark,s,cs:apply-cmvn  --utt2spk=ark:data/train/split30/12/utt2spk scp:data/train/split30/12/cmvn.scp scp:data/train/split30/12/feats.scp ark:- | splice-feats --left-context=3 --right-context=3 ark:- ark:- | transform-feats exp/tri3/final.mat ark:- ark:- |' ark:- ark:- 
apply-cmvn --utt2spk=ark:data/train/split30/12/utt2spk scp:data/train/split30/12/cmvn.scp scp:data/train/split30/12/feats.scp ark:- 
transform-feats exp/tri3/final.mat ark:- ark:- 
splice-feats --left-context=3 --right-context=3 ark:- ark:- 
apply-cmvn --utt2spk=ark:data/train/split30/12/utt2spk scp:data/train/split30/12/cmvn.scp scp:data/train/split30/12/feats.scp ark:- 
splice-feats --left-context=3 --right-context=3 ark:- ark:- 
transform-feats exp/tri3/final.mat ark:- ark:- 
LOG (gmm-est-fmllr-gpost[5.5.863~1-813b7]:ComputeFmllrMatrixDiagGmmFull():fmllr-diag-gmm.cc:262) fMLLR objf improvement is 5.83948 per frame over 2187 frames.
LOG (gmm-est-fmllr-gpost[5.5.863~1-813b7]:main():gmm-est-fmllr-gpost.cc:141) For speaker MCLK0, auxf-impr from fMLLR is 5.83948, over 2187 frames.

LOG (gmm-est-fmllr-gpost[5.5.863~1-813b7]:ComputeFmllrMatrixDiagGmmFull():fmllr-diag-gmm.cc:262) fMLLR objf improvement is 7.83026 per frame over 1746 frames.
LOG (gmm-est-fmllr-gpost[5.5.863~1-813b7]:main():gmm-est-fmllr-gpost.cc:141) For speaker MCLM0, auxf-impr from fMLLR is 7.83026, over 1746 frames.

LOG (gmm-est-fmllr-gpost[5.5.863~1-813b7]:ComputeFmllrMatrixDiagGmmFull():fmllr-diag-gmm.cc:262) fMLLR objf improvement is 5.54114 per frame over 2032 frames.
LOG (gmm-est-fmllr-gpost[5.5.863~1-813b7]:main():gmm-est-fmllr-gpost.cc:141) For speaker MCPM0, auxf-impr from fMLLR is 5.54114, over 2032 frames.

LOG (gmm-est-fmllr-gpost[5.5.863~1-813b7]:ComputeFmllrMatrixDiagGmmFull():fmllr-diag-gmm.cc:262) fMLLR objf improvement is 4.93791 per frame over 2148 frames.
LOG (gmm-est-fmllr-gpost[5.5.863~1-813b7]:main():gmm-est-fmllr-gpost.cc:141) For speaker MCRE0, auxf-impr from fMLLR is 4.93791, over 2148 frames.

LOG (gmm-est-fmllr-gpost[5.5.863~1-813b7]:ComputeFmllrMatrixDiagGmmFull():fmllr-diag-gmm.cc:262) fMLLR objf improvement is 4.55571 per frame over 2339 frames.
LOG (gmm-est-fmllr-gpost[5.5.863~1-813b7]:main():gmm-est-fmllr-gpost.cc:141) For speaker MCSS0, auxf-impr from fMLLR is 4.55571, over 2339 frames.

LOG (gmm-est-fmllr-gpost[5.5.863~1-813b7]:ComputeFmllrMatrixDiagGmmFull():fmllr-diag-gmm.cc:262) fMLLR objf improvement is 8.36364 per frame over 2194 frames.
LOG (gmm-est-fmllr-gpost[5.5.863~1-813b7]:main():gmm-est-fmllr-gpost.cc:141) For speaker MCTH0, auxf-impr from fMLLR is 8.36364, over 2194 frames.

LOG (gmm-est-fmllr-gpost[5.5.863~1-813b7]:ComputeFmllrMatrixDiagGmmFull():fmllr-diag-gmm.cc:262) fMLLR objf improvement is 4.4771 per frame over 2119 frames.
LOG (gmm-est-fmllr-gpost[5.5.863~1-813b7]:main():gmm-est-fmllr-gpost.cc:141) For speaker MCTM0, auxf-impr from fMLLR is 4.4771, over 2119 frames.

LOG (gmm-est-fmllr-gpost[5.5.863~1-813b7]:ComputeFmllrMatrixDiagGmmFull():fmllr-diag-gmm.cc:262) fMLLR objf improvement is 9.47776 per frame over 2171 frames.
LOG (gmm-est-fmllr-gpost[5.5.863~1-813b7]:main():gmm-est-fmllr-gpost.cc:141) For speaker MCXM0, auxf-impr from fMLLR is 9.47776, over 2171 frames.

LOG (gmm-est-fmllr-gpost[5.5.863~1-813b7]:ComputeFmllrMatrixDiagGmmFull():fmllr-diag-gmm.cc:262) fMLLR objf improvement is 5.0887 per frame over 2263 frames.
LOG (gmm-est-fmllr-gpost[5.5.863~1-813b7]:main():gmm-est-fmllr-gpost.cc:141) For speaker MDAC0, auxf-impr from fMLLR is 5.0887, over 2263 frames.

LOG (gmm-est-fmllr-gpost[5.5.863~1-813b7]:ComputeFmllrMatrixDiagGmmFull():fmllr-diag-gmm.cc:262) fMLLR objf improvement is 5.40686 per frame over 1986 frames.
LOG (gmm-est-fmllr-gpost[5.5.863~1-813b7]:main():gmm-est-fmllr-gpost.cc:141) For speaker MDAS0, auxf-impr from fMLLR is 5.40686, over 1986 frames.

LOG (gmm-est-fmllr-gpost[5.5.863~1-813b7]:ComputeFmllrMatrixDiagGmmFull():fmllr-diag-gmm.cc:262) fMLLR objf improvement is 7.22357 per frame over 2057 frames.
LOG (gmm-est-fmllr-gpost[5.5.863~1-813b7]:main():gmm-est-fmllr-gpost.cc:141) For speaker MDBB1, auxf-impr from fMLLR is 7.22357, over 2057 frames.

LOG (ali-to-post[5.5.863~1-813b7]:main():ali-to-post.cc:73) Converted 128 alignments.
LOG (gmm-est-fmllr-gpost[5.5.863~1-813b7]:ComputeFmllrMatrixDiagGmmFull():fmllr-diag-gmm.cc:262) fMLLR objf improvement is 6.42995 per frame over 2393 frames.
LOG (gmm-est-fmllr-gpost[5.5.863~1-813b7]:main():gmm-est-fmllr-gpost.cc:141) For speaker MDBP0, auxf-impr from fMLLR is 6.42995, over 2393 frames.

LOG (gmm-est-fmllr-gpost[5.5.863~1-813b7]:ComputeFmllrMatrixDiagGmmFull():fmllr-diag-gmm.cc:262) fMLLR objf improvement is 8.26055 per frame over 2109 frames.
LOG (gmm-est-fmllr-gpost[5.5.863~1-813b7]:main():gmm-est-fmllr-gpost.cc:141) For speaker MDCD0, auxf-impr from fMLLR is 8.26055, over 2109 frames.

LOG (weight-silence-post[5.5.863~1-813b7]:main():weight-silence-post.cc:95) Done 128 posteriors.
LOG (gmm-est-fmllr-gpost[5.5.863~1-813b7]:ComputeFmllrMatrixDiagGmmFull():fmllr-diag-gmm.cc:262) fMLLR objf improvement is 7.02943 per frame over 2207 frames.
LOG (gmm-est-fmllr-gpost[5.5.863~1-813b7]:main():gmm-est-fmllr-gpost.cc:141) For speaker MDCM0, auxf-impr from fMLLR is 7.02943, over 2207 frames.

LOG (apply-cmvn[5.5.863~1-813b7]:main():apply-cmvn.cc:162) Applied cepstral mean normalization to 128 utterances, errors on 0
LOG (gmm-est-fmllr-gpost[5.5.863~1-813b7]:ComputeFmllrMatrixDiagGmmFull():fmllr-diag-gmm.cc:262) fMLLR objf improvement is 5.8497 per frame over 2020 frames.
LOG (gmm-est-fmllr-gpost[5.5.863~1-813b7]:main():gmm-est-fmllr-gpost.cc:141) For speaker MDDC0, auxf-impr from fMLLR is 5.8497, over 2020 frames.

LOG (apply-cmvn[5.5.863~1-813b7]:main():apply-cmvn.cc:162) Applied cepstral mean normalization to 128 utterances, errors on 0
LOG (transform-feats[5.5.863~1-813b7]:main():transform-feats.cc:158) Overall average [pseudo-]logdet is -88.1809 over 37763 frames.
LOG (transform-feats[5.5.863~1-813b7]:main():transform-feats.cc:161) Applied transform to 128 utterances; 0 had errors.
LOG (gmm-post-to-gpost[5.5.863~1-813b7]:main():gmm-post-to-gpost.cc:124) Done 128 files, 0 with no posteriors, 0 with other errors.
LOG (gmm-post-to-gpost[5.5.863~1-813b7]:main():gmm-post-to-gpost.cc:128) Overall avg like per frame (Gaussian only) = -47.9942 over 34284 frames.
LOG (gmm-post-to-gpost[5.5.863~1-813b7]:main():gmm-post-to-gpost.cc:131) Done converting post to gpost
LOG (transform-feats[5.5.863~1-813b7]:main():transform-feats.cc:158) Overall average [pseudo-]logdet is -88.1809 over 37763 frames.
LOG (transform-feats[5.5.863~1-813b7]:main():transform-feats.cc:161) Applied transform to 128 utterances; 0 had errors.
LOG (gmm-est-fmllr-gpost[5.5.863~1-813b7]:ComputeFmllrMatrixDiagGmmFull():fmllr-diag-gmm.cc:262) fMLLR objf improvement is 5.18131 per frame over 2313 frames.
LOG (gmm-est-fmllr-gpost[5.5.863~1-813b7]:main():gmm-est-fmllr-gpost.cc:141) For speaker MDED0, auxf-impr from fMLLR is 5.18131, over 2313 frames.

LOG (gmm-est-fmllr-gpost[5.5.863~1-813b7]:main():gmm-est-fmllr-gpost.cc:186) Done 128 files, 0 with no gposts, 0 with other errors.
LOG (gmm-est-fmllr-gpost[5.5.863~1-813b7]:main():gmm-est-fmllr-gpost.cc:188) Overall fMLLR auxf impr per frame is 6.31821 over 34284 frames.
# Accounting: time=4 threads=1
# Ended (code 0) at Wed Jan  6 01:54:04 EST 2021, elapsed time 4 seconds
