# gmm-acc-stats-ali exp/tri3/18.mdl "ark,s,cs:apply-cmvn  --utt2spk=ark:data/train/split30/21/utt2spk scp:data/train/split30/21/cmvn.scp scp:data/train/split30/21/feats.scp ark:- | splice-feats --left-context=3 --right-context=3 ark:- ark:- | transform-feats exp/tri2_ali/final.mat ark:- ark:- | transform-feats --utt2spk=ark:data/train/split30/21/utt2spk ark:exp/tri3/trans.21 ark:- ark:- |" "ark,s,cs:gunzip -c exp/tri3/ali.21.gz|" exp/tri3/18.21.acc 
# Started at Wed Jan  6 05:56:34 EST 2021
#
gmm-acc-stats-ali exp/tri3/18.mdl 'ark,s,cs:apply-cmvn  --utt2spk=ark:data/train/split30/21/utt2spk scp:data/train/split30/21/cmvn.scp scp:data/train/split30/21/feats.scp ark:- | splice-feats --left-context=3 --right-context=3 ark:- ark:- | transform-feats exp/tri2_ali/final.mat ark:- ark:- | transform-feats --utt2spk=ark:data/train/split30/21/utt2spk ark:exp/tri3/trans.21 ark:- ark:- |' 'ark,s,cs:gunzip -c exp/tri3/ali.21.gz|' exp/tri3/18.21.acc 
transform-feats --utt2spk=ark:data/train/split30/21/utt2spk ark:exp/tri3/trans.21 ark:- ark:- 
apply-cmvn --utt2spk=ark:data/train/split30/21/utt2spk scp:data/train/split30/21/cmvn.scp scp:data/train/split30/21/feats.scp ark:- 
transform-feats exp/tri2_ali/final.mat ark:- ark:- 
splice-feats --left-context=3 --right-context=3 ark:- ark:- 
LOG (gmm-acc-stats-ali[5.5.863~1-813b7]:main():gmm-acc-stats-ali.cc:105) Processed 50 utterances; for utterance MMAR0_SI1966 avg. like is -44.4331 over 490 frames.
LOG (gmm-acc-stats-ali[5.5.863~1-813b7]:main():gmm-acc-stats-ali.cc:105) Processed 100 utterances; for utterance MMDM1_SX153 avg. like is -46.2074 over 458 frames.
LOG (apply-cmvn[5.5.863~1-813b7]:main():apply-cmvn.cc:162) Applied cepstral mean normalization to 128 utterances, errors on 0
LOG (transform-feats[5.5.863~1-813b7]:main():transform-feats.cc:158) Overall average [pseudo-]logdet is -88.0273 over 38560 frames.
LOG (transform-feats[5.5.863~1-813b7]:main():transform-feats.cc:161) Applied transform to 128 utterances; 0 had errors.
LOG (transform-feats[5.5.863~1-813b7]:main():transform-feats.cc:158) Overall average logdet is 3.39082 over 38560 frames.
LOG (transform-feats[5.5.863~1-813b7]:main():transform-feats.cc:161) Applied transform to 128 utterances; 0 had errors.
LOG (gmm-acc-stats-ali[5.5.863~1-813b7]:main():gmm-acc-stats-ali.cc:112) Done 128 files, 0 with errors.
LOG (gmm-acc-stats-ali[5.5.863~1-813b7]:main():gmm-acc-stats-ali.cc:115) Overall avg like per frame (Gaussian only) = -47.9293 over 38560 frames.
LOG (gmm-acc-stats-ali[5.5.863~1-813b7]:main():gmm-acc-stats-ali.cc:123) Written accs.
# Accounting: time=0 threads=1
# Ended (code 0) at Wed Jan  6 05:56:34 EST 2021, elapsed time 0 seconds
