# gmm-acc-stats-ali exp/tri3/17.mdl "ark,s,cs:apply-cmvn  --utt2spk=ark:data/train/split30/10/utt2spk scp:data/train/split30/10/cmvn.scp scp:data/train/split30/10/feats.scp ark:- | splice-feats --left-context=3 --right-context=3 ark:- ark:- | transform-feats exp/tri2_ali/final.mat ark:- ark:- | transform-feats --utt2spk=ark:data/train/split30/10/utt2spk ark:exp/tri3/trans.10 ark:- ark:- |" "ark,s,cs:gunzip -c exp/tri3/ali.10.gz|" exp/tri3/17.10.acc 
# Started at Wed Jan  6 05:56:25 EST 2021
#
gmm-acc-stats-ali exp/tri3/17.mdl 'ark,s,cs:apply-cmvn  --utt2spk=ark:data/train/split30/10/utt2spk scp:data/train/split30/10/cmvn.scp scp:data/train/split30/10/feats.scp ark:- | splice-feats --left-context=3 --right-context=3 ark:- ark:- | transform-feats exp/tri2_ali/final.mat ark:- ark:- | transform-feats --utt2spk=ark:data/train/split30/10/utt2spk ark:exp/tri3/trans.10 ark:- ark:- |' 'ark,s,cs:gunzip -c exp/tri3/ali.10.gz|' exp/tri3/17.10.acc 
apply-cmvn --utt2spk=ark:data/train/split30/10/utt2spk scp:data/train/split30/10/cmvn.scp scp:data/train/split30/10/feats.scp ark:- 
splice-feats --left-context=3 --right-context=3 ark:- ark:- 
transform-feats exp/tri2_ali/final.mat ark:- ark:- 
transform-feats --utt2spk=ark:data/train/split30/10/utt2spk ark:exp/tri3/trans.10 ark:- ark:- 
LOG (gmm-acc-stats-ali[5.5.863~1-813b7]:main():gmm-acc-stats-ali.cc:105) Processed 50 utterances; for utterance MAPV0_SI1923 avg. like is -49.6278 over 272 frames.
LOG (gmm-acc-stats-ali[5.5.863~1-813b7]:main():gmm-acc-stats-ali.cc:105) Processed 100 utterances; for utterance MBEF0_SX111 avg. like is -50.2541 over 209 frames.
LOG (apply-cmvn[5.5.863~1-813b7]:main():apply-cmvn.cc:162) Applied cepstral mean normalization to 120 utterances, errors on 0
LOG (transform-feats[5.5.863~1-813b7]:main():transform-feats.cc:158) Overall average [pseudo-]logdet is -88.0273 over 34672 frames.
LOG (transform-feats[5.5.863~1-813b7]:main():transform-feats.cc:161) Applied transform to 120 utterances; 0 had errors.
LOG (transform-feats[5.5.863~1-813b7]:main():transform-feats.cc:158) Overall average logdet is 2.78531 over 34672 frames.
LOG (transform-feats[5.5.863~1-813b7]:main():transform-feats.cc:161) Applied transform to 120 utterances; 0 had errors.
LOG (gmm-acc-stats-ali[5.5.863~1-813b7]:main():gmm-acc-stats-ali.cc:112) Done 120 files, 0 with errors.
LOG (gmm-acc-stats-ali[5.5.863~1-813b7]:main():gmm-acc-stats-ali.cc:115) Overall avg like per frame (Gaussian only) = -47.6845 over 34672 frames.
LOG (gmm-acc-stats-ali[5.5.863~1-813b7]:main():gmm-acc-stats-ali.cc:123) Written accs.
# Accounting: time=1 threads=1
# Ended (code 0) at Wed Jan  6 05:56:26 EST 2021, elapsed time 1 seconds
