# ali-to-post "ark:gunzip -c exp/tri3/ali.4.gz|" ark:- | gmm-acc-stats-twofeats exp/tri3/35.mdl "ark,s,cs:apply-cmvn  --utt2spk=ark:data/train/split30/4/utt2spk scp:data/train/split30/4/cmvn.scp scp:data/train/split30/4/feats.scp ark:- | splice-feats --left-context=3 --right-context=3 ark:- ark:- | transform-feats exp/tri2_ali/final.mat ark:- ark:- | transform-feats --utt2spk=ark:data/train/split30/4/utt2spk ark:exp/tri3/trans.4 ark:- ark:- |" "ark,s,cs:apply-cmvn  --utt2spk=ark:data/train/split30/4/utt2spk scp:data/train/split30/4/cmvn.scp scp:data/train/split30/4/feats.scp ark:- | splice-feats --left-context=3 --right-context=3 ark:- ark:- | transform-feats exp/tri2_ali/final.mat ark:- ark:- |" ark,s,cs:- exp/tri3/35.4.acc 
# Started at Wed Jan  6 05:59:05 EST 2021
#
ali-to-post 'ark:gunzip -c exp/tri3/ali.4.gz|' ark:- 
gmm-acc-stats-twofeats exp/tri3/35.mdl 'ark,s,cs:apply-cmvn  --utt2spk=ark:data/train/split30/4/utt2spk scp:data/train/split30/4/cmvn.scp scp:data/train/split30/4/feats.scp ark:- | splice-feats --left-context=3 --right-context=3 ark:- ark:- | transform-feats exp/tri2_ali/final.mat ark:- ark:- | transform-feats --utt2spk=ark:data/train/split30/4/utt2spk ark:exp/tri3/trans.4 ark:- ark:- |' 'ark,s,cs:apply-cmvn  --utt2spk=ark:data/train/split30/4/utt2spk scp:data/train/split30/4/cmvn.scp scp:data/train/split30/4/feats.scp ark:- | splice-feats --left-context=3 --right-context=3 ark:- ark:- | transform-feats exp/tri2_ali/final.mat ark:- ark:- |' ark,s,cs:- exp/tri3/35.4.acc 
transform-feats exp/tri2_ali/final.mat ark:- ark:- 
apply-cmvn --utt2spk=ark:data/train/split30/4/utt2spk scp:data/train/split30/4/cmvn.scp scp:data/train/split30/4/feats.scp ark:- 
transform-feats --utt2spk=ark:data/train/split30/4/utt2spk ark:exp/tri3/trans.4 ark:- ark:- 
splice-feats --left-context=3 --right-context=3 ark:- ark:- 
transform-feats exp/tri2_ali/final.mat ark:- ark:- 
splice-feats --left-context=3 --right-context=3 ark:- ark:- 
apply-cmvn --utt2spk=ark:data/train/split30/4/utt2spk scp:data/train/split30/4/cmvn.scp scp:data/train/split30/4/feats.scp ark:- 
LOG (gmm-acc-stats-twofeats[5.5.863~1-813b7]:main():gmm-acc-stats-twofeats.cc:140) Average like for this file is -41.3044 over 266 frames.
LOG (gmm-acc-stats-twofeats[5.5.863~1-813b7]:main():gmm-acc-stats-twofeats.cc:140) Average like for this file is -48.4744 over 337 frames.
LOG (gmm-acc-stats-twofeats[5.5.863~1-813b7]:main():gmm-acc-stats-twofeats.cc:140) Average like for this file is -46.1989 over 293 frames.
LOG (gmm-acc-stats-twofeats[5.5.863~1-813b7]:main():gmm-acc-stats-twofeats.cc:140) Average like for this file is -45.6428 over 406 frames.
LOG (gmm-acc-stats-twofeats[5.5.863~1-813b7]:main():gmm-acc-stats-twofeats.cc:140) Average like for this file is -46.5973 over 395 frames.
LOG (gmm-acc-stats-twofeats[5.5.863~1-813b7]:main():gmm-acc-stats-twofeats.cc:140) Average like for this file is -45.724 over 289 frames.
LOG (gmm-acc-stats-twofeats[5.5.863~1-813b7]:main():gmm-acc-stats-twofeats.cc:140) Average like for this file is -48.0315 over 301 frames.
LOG (gmm-acc-stats-twofeats[5.5.863~1-813b7]:main():gmm-acc-stats-twofeats.cc:140) Average like for this file is -45.8739 over 318 frames.
LOG (gmm-acc-stats-twofeats[5.5.863~1-813b7]:main():gmm-acc-stats-twofeats.cc:140) Average like for this file is -46.2641 over 289 frames.
LOG (gmm-acc-stats-twofeats[5.5.863~1-813b7]:main():gmm-acc-stats-twofeats.cc:140) Average like for this file is -44.6178 over 323 frames.
LOG (gmm-acc-stats-twofeats[5.5.863~1-813b7]:main():gmm-acc-stats-twofeats.cc:146) Avg like per frame so far is -45.9551
LOG (gmm-acc-stats-twofeats[5.5.863~1-813b7]:main():gmm-acc-stats-twofeats.cc:140) Average like for this file is -47.376 over 350 frames.
LOG (gmm-acc-stats-twofeats[5.5.863~1-813b7]:main():gmm-acc-stats-twofeats.cc:140) Average like for this file is -48.6621 over 358 frames.
LOG (gmm-acc-stats-twofeats[5.5.863~1-813b7]:main():gmm-acc-stats-twofeats.cc:140) Average like for this file is -44.4639 over 224 frames.
LOG (gmm-acc-stats-twofeats[5.5.863~1-813b7]:main():gmm-acc-stats-twofeats.cc:140) Average like for this file is -46.4115 over 518 frames.
LOG (gmm-acc-stats-twofeats[5.5.863~1-813b7]:main():gmm-acc-stats-twofeats.cc:140) Average like for this file is -43.3748 over 411 frames.
LOG (gmm-acc-stats-twofeats[5.5.863~1-813b7]:main():gmm-acc-stats-twofeats.cc:140) Average like for this file is -42.0685 over 322 frames.
LOG (gmm-acc-stats-twofeats[5.5.863~1-813b7]:main():gmm-acc-stats-twofeats.cc:140) Average like for this file is -47.3184 over 264 frames.
LOG (gmm-acc-stats-twofeats[5.5.863~1-813b7]:main():gmm-acc-stats-twofeats.cc:140) Average like for this file is -47.0306 over 157 frames.
LOG (gmm-acc-stats-twofeats[5.5.863~1-813b7]:main():gmm-acc-stats-twofeats.cc:140) Average like for this file is -44.518 over 485 frames.
LOG (gmm-acc-stats-twofeats[5.5.863~1-813b7]:main():gmm-acc-stats-twofeats.cc:140) Average like for this file is -46.433 over 344 frames.
LOG (gmm-acc-stats-twofeats[5.5.863~1-813b7]:main():gmm-acc-stats-twofeats.cc:146) Avg like per frame so far is -45.8127
LOG (gmm-acc-stats-twofeats[5.5.863~1-813b7]:main():gmm-acc-stats-twofeats.cc:140) Average like for this file is -47.8965 over 359 frames.
LOG (gmm-acc-stats-twofeats[5.5.863~1-813b7]:main():gmm-acc-stats-twofeats.cc:140) Average like for this file is -45.7121 over 244 frames.
LOG (gmm-acc-stats-twofeats[5.5.863~1-813b7]:main():gmm-acc-stats-twofeats.cc:140) Average like for this file is -48.5682 over 255 frames.
LOG (gmm-acc-stats-twofeats[5.5.863~1-813b7]:main():gmm-acc-stats-twofeats.cc:140) Average like for this file is -46.1232 over 287 frames.
LOG (gmm-acc-stats-twofeats[5.5.863~1-813b7]:main():gmm-acc-stats-twofeats.cc:140) Average like for this file is -49.4134 over 122 frames.
LOG (gmm-acc-stats-twofeats[5.5.863~1-813b7]:main():gmm-acc-stats-twofeats.cc:140) Average like for this file is -49.3067 over 155 frames.
LOG (gmm-acc-stats-twofeats[5.5.863~1-813b7]:main():gmm-acc-stats-twofeats.cc:140) Average like for this file is -49.2496 over 495 frames.
LOG (gmm-acc-stats-twofeats[5.5.863~1-813b7]:main():gmm-acc-stats-twofeats.cc:140) Average like for this file is -46.7711 over 349 frames.
LOG (gmm-acc-stats-twofeats[5.5.863~1-813b7]:main():gmm-acc-stats-twofeats.cc:140) Average like for this file is -45.1346 over 349 frames.
LOG (gmm-acc-stats-twofeats[5.5.863~1-813b7]:main():gmm-acc-stats-twofeats.cc:140) Average like for this file is -44.7355 over 251 frames.
LOG (gmm-acc-stats-twofeats[5.5.863~1-813b7]:main():gmm-acc-stats-twofeats.cc:146) Avg like per frame so far is -46.2357
LOG (gmm-acc-stats-twofeats[5.5.863~1-813b7]:main():gmm-acc-stats-twofeats.cc:140) Average like for this file is -45.8653 over 258 frames.
LOG (gmm-acc-stats-twofeats[5.5.863~1-813b7]:main():gmm-acc-stats-twofeats.cc:140) Average like for this file is -45.235 over 308 frames.
LOG (gmm-acc-stats-twofeats[5.5.863~1-813b7]:main():gmm-acc-stats-twofeats.cc:140) Average like for this file is -44.2988 over 155 frames.
LOG (gmm-acc-stats-twofeats[5.5.863~1-813b7]:main():gmm-acc-stats-twofeats.cc:140) Average like for this file is -44.3022 over 470 frames.
LOG (gmm-acc-stats-twofeats[5.5.863~1-813b7]:main():gmm-acc-stats-twofeats.cc:140) Average like for this file is -44.8796 over 179 frames.
LOG (gmm-acc-stats-twofeats[5.5.863~1-813b7]:main():gmm-acc-stats-twofeats.cc:140) Average like for this file is -44.7404 over 315 frames.
LOG (gmm-acc-stats-twofeats[5.5.863~1-813b7]:main():gmm-acc-stats-twofeats.cc:140) Average like for this file is -44.5776 over 246 frames.
LOG (gmm-acc-stats-twofeats[5.5.863~1-813b7]:main():gmm-acc-stats-twofeats.cc:140) Average like for this file is -43.7549 over 359 frames.
LOG (gmm-acc-stats-twofeats[5.5.863~1-813b7]:main():gmm-acc-stats-twofeats.cc:140) Average like for this file is -42.8089 over 376 frames.
LOG (gmm-acc-stats-twofeats[5.5.863~1-813b7]:main():gmm-acc-stats-twofeats.cc:140) Average like for this file is -44.8196 over 279 frames.
LOG (gmm-acc-stats-twofeats[5.5.863~1-813b7]:main():gmm-acc-stats-twofeats.cc:146) Avg like per frame so far is -45.8096
LOG (gmm-acc-stats-twofeats[5.5.863~1-813b7]:main():gmm-acc-stats-twofeats.cc:140) Average like for this file is -47.501 over 431 frames.
LOG (gmm-acc-stats-twofeats[5.5.863~1-813b7]:main():gmm-acc-stats-twofeats.cc:140) Average like for this file is -47.017 over 169 frames.
LOG (gmm-acc-stats-twofeats[5.5.863~1-813b7]:main():gmm-acc-stats-twofeats.cc:140) Average like for this file is -46.2162 over 277 frames.
LOG (gmm-acc-stats-twofeats[5.5.863~1-813b7]:main():gmm-acc-stats-twofeats.cc:140) Average like for this file is -45.7123 over 329 frames.
LOG (gmm-acc-stats-twofeats[5.5.863~1-813b7]:main():gmm-acc-stats-twofeats.cc:140) Average like for this file is -42.6762 over 278 frames.
LOG (gmm-acc-stats-twofeats[5.5.863~1-813b7]:main():gmm-acc-stats-twofeats.cc:140) Average like for this file is -43.9055 over 317 frames.
LOG (gmm-acc-stats-twofeats[5.5.863~1-813b7]:main():gmm-acc-stats-twofeats.cc:140) Average like for this file is -43.944 over 278 frames.
LOG (gmm-acc-stats-twofeats[5.5.863~1-813b7]:main():gmm-acc-stats-twofeats.cc:140) Average like for this file is -45.1207 over 350 frames.
LOG (gmm-acc-stats-twofeats[5.5.863~1-813b7]:main():gmm-acc-stats-twofeats.cc:140) Average like for this file is -47.3137 over 372 frames.
LOG (gmm-acc-stats-twofeats[5.5.863~1-813b7]:main():gmm-acc-stats-twofeats.cc:140) Average like for this file is -47.4777 over 234 frames.
LOG (gmm-acc-stats-twofeats[5.5.863~1-813b7]:main():gmm-acc-stats-twofeats.cc:146) Avg like per frame so far is -45.7922
LOG (gmm-acc-stats-twofeats[5.5.863~1-813b7]:main():gmm-acc-stats-twofeats.cc:140) Average like for this file is -45.1917 over 143 frames.
LOG (gmm-acc-stats-twofeats[5.5.863~1-813b7]:main():gmm-acc-stats-twofeats.cc:140) Average like for this file is -45.7762 over 246 frames.
LOG (gmm-acc-stats-twofeats[5.5.863~1-813b7]:main():gmm-acc-stats-twofeats.cc:140) Average like for this file is -47.93 over 303 frames.
LOG (gmm-acc-stats-twofeats[5.5.863~1-813b7]:main():gmm-acc-stats-twofeats.cc:140) Average like for this file is -47.6004 over 400 frames.
LOG (gmm-acc-stats-twofeats[5.5.863~1-813b7]:main():gmm-acc-stats-twofeats.cc:140) Average like for this file is -45.0048 over 450 frames.
LOG (gmm-acc-stats-twofeats[5.5.863~1-813b7]:main():gmm-acc-stats-twofeats.cc:140) Average like for this file is -50.3581 over 236 frames.
LOG (gmm-acc-stats-twofeats[5.5.863~1-813b7]:main():gmm-acc-stats-twofeats.cc:140) Average like for this file is -52.1613 over 658 frames.
LOG (gmm-acc-stats-twofeats[5.5.863~1-813b7]:main():gmm-acc-stats-twofeats.cc:140) Average like for this file is -49.9834 over 193 frames.
LOG (gmm-acc-stats-twofeats[5.5.863~1-813b7]:main():gmm-acc-stats-twofeats.cc:140) Average like for this file is -43.8241 over 254 frames.
LOG (gmm-acc-stats-twofeats[5.5.863~1-813b7]:main():gmm-acc-stats-twofeats.cc:140) Average like for this file is -42.8759 over 365 frames.
LOG (gmm-acc-stats-twofeats[5.5.863~1-813b7]:main():gmm-acc-stats-twofeats.cc:146) Avg like per frame so far is -46.0824
LOG (gmm-acc-stats-twofeats[5.5.863~1-813b7]:main():gmm-acc-stats-twofeats.cc:140) Average like for this file is -49.5234 over 403 frames.
LOG (gmm-acc-stats-twofeats[5.5.863~1-813b7]:main():gmm-acc-stats-twofeats.cc:140) Average like for this file is -47.4856 over 548 frames.
LOG (gmm-acc-stats-twofeats[5.5.863~1-813b7]:main():gmm-acc-stats-twofeats.cc:140) Average like for this file is -49.8577 over 343 frames.
LOG (gmm-acc-stats-twofeats[5.5.863~1-813b7]:main():gmm-acc-stats-twofeats.cc:140) Average like for this file is -46.338 over 346 frames.
LOG (gmm-acc-stats-twofeats[5.5.863~1-813b7]:main():gmm-acc-stats-twofeats.cc:140) Average like for this file is -44.7854 over 459 frames.
LOG (gmm-acc-stats-twofeats[5.5.863~1-813b7]:main():gmm-acc-stats-twofeats.cc:140) Average like for this file is -45.1664 over 266 frames.
LOG (gmm-acc-stats-twofeats[5.5.863~1-813b7]:main():gmm-acc-stats-twofeats.cc:140) Average like for this file is -46.5823 over 186 frames.
LOG (gmm-acc-stats-twofeats[5.5.863~1-813b7]:main():gmm-acc-stats-twofeats.cc:140) Average like for this file is -46.6899 over 307 frames.
LOG (gmm-acc-stats-twofeats[5.5.863~1-813b7]:main():gmm-acc-stats-twofeats.cc:140) Average like for this file is -42.2155 over 288 frames.
LOG (gmm-acc-stats-twofeats[5.5.863~1-813b7]:main():gmm-acc-stats-twofeats.cc:140) Average like for this file is -44.455 over 337 frames.
LOG (gmm-acc-stats-twofeats[5.5.863~1-813b7]:main():gmm-acc-stats-twofeats.cc:146) Avg like per frame so far is -46.1417
LOG (gmm-acc-stats-twofeats[5.5.863~1-813b7]:main():gmm-acc-stats-twofeats.cc:140) Average like for this file is -45.5593 over 358 frames.
LOG (gmm-acc-stats-twofeats[5.5.863~1-813b7]:main():gmm-acc-stats-twofeats.cc:140) Average like for this file is -46.5221 over 271 frames.
LOG (gmm-acc-stats-twofeats[5.5.863~1-813b7]:main():gmm-acc-stats-twofeats.cc:140) Average like for this file is -47.4489 over 436 frames.
LOG (gmm-acc-stats-twofeats[5.5.863~1-813b7]:main():gmm-acc-stats-twofeats.cc:140) Average like for this file is -44.2926 over 122 frames.
LOG (gmm-acc-stats-twofeats[5.5.863~1-813b7]:main():gmm-acc-stats-twofeats.cc:140) Average like for this file is -48.4399 over 248 frames.
LOG (gmm-acc-stats-twofeats[5.5.863~1-813b7]:main():gmm-acc-stats-twofeats.cc:140) Average like for this file is -48.6876 over 380 frames.
LOG (gmm-acc-stats-twofeats[5.5.863~1-813b7]:main():gmm-acc-stats-twofeats.cc:140) Average like for this file is -43.9359 over 287 frames.
LOG (gmm-acc-stats-twofeats[5.5.863~1-813b7]:main():gmm-acc-stats-twofeats.cc:140) Average like for this file is -47.2183 over 272 frames.
LOG (gmm-acc-stats-twofeats[5.5.863~1-813b7]:main():gmm-acc-stats-twofeats.cc:140) Average like for this file is -45.1891 over 287 frames.
LOG (gmm-acc-stats-twofeats[5.5.863~1-813b7]:main():gmm-acc-stats-twofeats.cc:140) Average like for this file is -44.7474 over 344 frames.
LOG (gmm-acc-stats-twofeats[5.5.863~1-813b7]:main():gmm-acc-stats-twofeats.cc:146) Avg like per frame so far is -46.1687
LOG (gmm-acc-stats-twofeats[5.5.863~1-813b7]:main():gmm-acc-stats-twofeats.cc:140) Average like for this file is -50.3284 over 246 frames.
LOG (gmm-acc-stats-twofeats[5.5.863~1-813b7]:main():gmm-acc-stats-twofeats.cc:140) Average like for this file is -48.2393 over 415 frames.
LOG (gmm-acc-stats-twofeats[5.5.863~1-813b7]:main():gmm-acc-stats-twofeats.cc:140) Average like for this file is -46.1861 over 267 frames.
LOG (gmm-acc-stats-twofeats[5.5.863~1-813b7]:main():gmm-acc-stats-twofeats.cc:140) Average like for this file is -47.1262 over 285 frames.
LOG (gmm-acc-stats-twofeats[5.5.863~1-813b7]:main():gmm-acc-stats-twofeats.cc:140) Average like for this file is -46.7323 over 216 frames.
LOG (gmm-acc-stats-twofeats[5.5.863~1-813b7]:main():gmm-acc-stats-twofeats.cc:140) Average like for this file is -43.4489 over 273 frames.
LOG (gmm-acc-stats-twofeats[5.5.863~1-813b7]:main():gmm-acc-stats-twofeats.cc:140) Average like for this file is -45.5943 over 338 frames.
LOG (gmm-acc-stats-twofeats[5.5.863~1-813b7]:main():gmm-acc-stats-twofeats.cc:140) Average like for this file is -48.7549 over 215 frames.
LOG (gmm-acc-stats-twofeats[5.5.863~1-813b7]:main():gmm-acc-stats-twofeats.cc:140) Average like for this file is -44.408 over 321 frames.
LOG (gmm-acc-stats-twofeats[5.5.863~1-813b7]:main():gmm-acc-stats-twofeats.cc:140) Average like for this file is -49.6354 over 178 frames.
LOG (gmm-acc-stats-twofeats[5.5.863~1-813b7]:main():gmm-acc-stats-twofeats.cc:146) Avg like per frame so far is -46.2385
LOG (gmm-acc-stats-twofeats[5.5.863~1-813b7]:main():gmm-acc-stats-twofeats.cc:140) Average like for this file is -46.3528 over 369 frames.
LOG (gmm-acc-stats-twofeats[5.5.863~1-813b7]:main():gmm-acc-stats-twofeats.cc:140) Average like for this file is -46.2849 over 264 frames.
LOG (gmm-acc-stats-twofeats[5.5.863~1-813b7]:main():gmm-acc-stats-twofeats.cc:140) Average like for this file is -48.9172 over 293 frames.
LOG (gmm-acc-stats-twofeats[5.5.863~1-813b7]:main():gmm-acc-stats-twofeats.cc:140) Average like for this file is -46.7771 over 477 frames.
LOG (gmm-acc-stats-twofeats[5.5.863~1-813b7]:main():gmm-acc-stats-twofeats.cc:140) Average like for this file is -46.4319 over 353 frames.
LOG (gmm-acc-stats-twofeats[5.5.863~1-813b7]:main():gmm-acc-stats-twofeats.cc:140) Average like for this file is -45.385 over 498 frames.
LOG (gmm-acc-stats-twofeats[5.5.863~1-813b7]:main():gmm-acc-stats-twofeats.cc:140) Average like for this file is -49.8323 over 271 frames.
LOG (gmm-acc-stats-twofeats[5.5.863~1-813b7]:main():gmm-acc-stats-twofeats.cc:140) Average like for this file is -47.2419 over 418 frames.
LOG (gmm-acc-stats-twofeats[5.5.863~1-813b7]:main():gmm-acc-stats-twofeats.cc:140) Average like for this file is -42.045 over 177 frames.
LOG (gmm-acc-stats-twofeats[5.5.863~1-813b7]:main():gmm-acc-stats-twofeats.cc:140) Average like for this file is -44.8554 over 241 frames.
LOG (gmm-acc-stats-twofeats[5.5.863~1-813b7]:main():gmm-acc-stats-twofeats.cc:146) Avg like per frame so far is -46.2722
LOG (gmm-acc-stats-twofeats[5.5.863~1-813b7]:main():gmm-acc-stats-twofeats.cc:140) Average like for this file is -49.5246 over 250 frames.
LOG (gmm-acc-stats-twofeats[5.5.863~1-813b7]:main():gmm-acc-stats-twofeats.cc:140) Average like for this file is -46.906 over 354 frames.
LOG (gmm-acc-stats-twofeats[5.5.863~1-813b7]:main():gmm-acc-stats-twofeats.cc:140) Average like for this file is -47.9606 over 296 frames.
LOG (gmm-acc-stats-twofeats[5.5.863~1-813b7]:main():gmm-acc-stats-twofeats.cc:140) Average like for this file is -47.1422 over 215 frames.
LOG (gmm-acc-stats-twofeats[5.5.863~1-813b7]:main():gmm-acc-stats-twofeats.cc:140) Average like for this file is -47.6626 over 306 frames.
LOG (gmm-acc-stats-twofeats[5.5.863~1-813b7]:main():gmm-acc-stats-twofeats.cc:140) Average like for this file is -42.7794 over 292 frames.
LOG (gmm-acc-stats-twofeats[5.5.863~1-813b7]:main():gmm-acc-stats-twofeats.cc:140) Average like for this file is -47.3088 over 356 frames.
LOG (ali-to-post[5.5.863~1-813b7]:main():ali-to-post.cc:73) Converted 120 alignments.
LOG (gmm-acc-stats-twofeats[5.5.863~1-813b7]:main():gmm-acc-stats-twofeats.cc:140) Average like for this file is -45.1534 over 250 frames.
LOG (gmm-acc-stats-twofeats[5.5.863~1-813b7]:main():gmm-acc-stats-twofeats.cc:140) Average like for this file is -48.7273 over 336 frames.
LOG (gmm-acc-stats-twofeats[5.5.863~1-813b7]:main():gmm-acc-stats-twofeats.cc:140) Average like for this file is -48.2121 over 353 frames.
LOG (gmm-acc-stats-twofeats[5.5.863~1-813b7]:main():gmm-acc-stats-twofeats.cc:146) Avg like per frame so far is -46.3517
LOG (gmm-acc-stats-twofeats[5.5.863~1-813b7]:main():gmm-acc-stats-twofeats.cc:140) Average like for this file is -50.4968 over 372 frames.
LOG (gmm-acc-stats-twofeats[5.5.863~1-813b7]:main():gmm-acc-stats-twofeats.cc:140) Average like for this file is -44.4645 over 388 frames.
LOG (apply-cmvn[5.5.863~1-813b7]:main():apply-cmvn.cc:162) Applied cepstral mean normalization to 120 utterances, errors on 0
LOG (gmm-acc-stats-twofeats[5.5.863~1-813b7]:main():gmm-acc-stats-twofeats.cc:140) Average like for this file is -46.7262 over 470 frames.
LOG (apply-cmvn[5.5.863~1-813b7]:main():apply-cmvn.cc:162) Applied cepstral mean normalization to 120 utterances, errors on 0
LOG (gmm-acc-stats-twofeats[5.5.863~1-813b7]:main():gmm-acc-stats-twofeats.cc:140) Average like for this file is -50.6475 over 450 frames.
LOG (gmm-acc-stats-twofeats[5.5.863~1-813b7]:main():gmm-acc-stats-twofeats.cc:140) Average like for this file is -47.6951 over 207 frames.
LOG (gmm-acc-stats-twofeats[5.5.863~1-813b7]:main():gmm-acc-stats-twofeats.cc:140) Average like for this file is -46.8788 over 309 frames.
LOG (transform-feats[5.5.863~1-813b7]:main():transform-feats.cc:158) Overall average [pseudo-]logdet is -88.0273 over 37817 frames.
LOG (transform-feats[5.5.863~1-813b7]:main():transform-feats.cc:161) Applied transform to 120 utterances; 0 had errors.
LOG (gmm-acc-stats-twofeats[5.5.863~1-813b7]:main():gmm-acc-stats-twofeats.cc:140) Average like for this file is -45.5855 over 274 frames.
LOG (gmm-acc-stats-twofeats[5.5.863~1-813b7]:main():gmm-acc-stats-twofeats.cc:140) Average like for this file is -45.2101 over 344 frames.
LOG (transform-feats[5.5.863~1-813b7]:main():transform-feats.cc:158) Overall average logdet is 1.64835 over 37817 frames.
LOG (transform-feats[5.5.863~1-813b7]:main():transform-feats.cc:161) Applied transform to 120 utterances; 0 had errors.
LOG (gmm-acc-stats-twofeats[5.5.863~1-813b7]:main():gmm-acc-stats-twofeats.cc:140) Average like for this file is -44.5292 over 283 frames.
LOG (transform-feats[5.5.863~1-813b7]:main():transform-feats.cc:158) Overall average [pseudo-]logdet is -88.0273 over 37817 frames.
LOG (transform-feats[5.5.863~1-813b7]:main():transform-feats.cc:161) Applied transform to 120 utterances; 0 had errors.
LOG (gmm-acc-stats-twofeats[5.5.863~1-813b7]:main():gmm-acc-stats-twofeats.cc:140) Average like for this file is -46.5015 over 365 frames.
LOG (gmm-acc-stats-twofeats[5.5.863~1-813b7]:main():gmm-acc-stats-twofeats.cc:146) Avg like per frame so far is -46.4124
LOG (gmm-acc-stats-twofeats[5.5.863~1-813b7]:main():gmm-acc-stats-twofeats.cc:150) Done 120 files, 0 with no posteriors, 0 with no second features, 0 with other errors.
LOG (gmm-acc-stats-twofeats[5.5.863~1-813b7]:main():gmm-acc-stats-twofeats.cc:155) Overall avg like per frame (Gaussian only) = -46.4124 over 37817 frames.
LOG (gmm-acc-stats-twofeats[5.5.863~1-813b7]:main():gmm-acc-stats-twofeats.cc:163) Written accs.
# Accounting: time=1 threads=1
# Ended (code 0) at Wed Jan  6 05:59:06 EST 2021, elapsed time 1 seconds
