# gmm-est --power=0.2 --write-occs=exp/tri3/34.occs --mix-up=15000 exp/tri3/33.mdl "gmm-sum-accs - exp/tri3/33.*.acc |" exp/tri3/34.mdl 
# Started at Wed Jan  6 05:58:55 EST 2021
#
gmm-est --power=0.2 --write-occs=exp/tri3/34.occs --mix-up=15000 exp/tri3/33.mdl 'gmm-sum-accs - exp/tri3/33.*.acc |' exp/tri3/34.mdl 
gmm-sum-accs - exp/tri3/33.1.acc exp/tri3/33.10.acc exp/tri3/33.11.acc exp/tri3/33.12.acc exp/tri3/33.13.acc exp/tri3/33.14.acc exp/tri3/33.15.acc exp/tri3/33.16.acc exp/tri3/33.17.acc exp/tri3/33.18.acc exp/tri3/33.19.acc exp/tri3/33.2.acc exp/tri3/33.20.acc exp/tri3/33.21.acc exp/tri3/33.22.acc exp/tri3/33.23.acc exp/tri3/33.24.acc exp/tri3/33.25.acc exp/tri3/33.26.acc exp/tri3/33.27.acc exp/tri3/33.28.acc exp/tri3/33.29.acc exp/tri3/33.3.acc exp/tri3/33.30.acc exp/tri3/33.4.acc exp/tri3/33.5.acc exp/tri3/33.6.acc exp/tri3/33.7.acc exp/tri3/33.8.acc exp/tri3/33.9.acc 
LOG (gmm-sum-accs[5.5.863~1-813b7]:main():gmm-sum-accs.cc:63) Summed 30 stats, total count 1.12482e+06, avg like/frame -46.4177
LOG (gmm-sum-accs[5.5.863~1-813b7]:main():gmm-sum-accs.cc:66) Total count of stats is 1.12482e+06
LOG (gmm-sum-accs[5.5.863~1-813b7]:main():gmm-sum-accs.cc:67) Written stats to -
LOG (gmm-est[5.5.863~1-813b7]:MleUpdate():transition-model.cc:528) TransitionModel::Update, objf change is 0 per frame over 1.12482e+06 frames. 
LOG (gmm-est[5.5.863~1-813b7]:MleUpdate():transition-model.cc:531) 41 probabilities floored, 0 out of 2011 transition-states skipped due to insuffient data (it is normal to have some skipped.)
LOG (gmm-est[5.5.863~1-813b7]:main():gmm-est.cc:102) Transition model update: Overall 0 log-like improvement per frame over 1.12482e+06 frames.
WARNING (gmm-est[5.5.863~1-813b7]:MleDiagGmmUpdate():mle-diag-gmm.cc:359) Too little data - removing Gaussian (weight 0.068493, occupation count 10.000000, vector size 40)
LOG (gmm-est[5.5.863~1-813b7]:MleAmDiagGmmUpdate():mle-am-diag-gmm.cc:225) 0 variance elements floored in 0 Gaussians, out of 15017
LOG (gmm-est[5.5.863~1-813b7]:MleAmDiagGmmUpdate():mle-am-diag-gmm.cc:229) Removed 1 Gaussians due to counts < --min-gaussian-occupancy=10 and --remove-low-count-gaussians=true
LOG (gmm-est[5.5.863~1-813b7]:main():gmm-est.cc:113) GMM update: Overall 0.00708638 objective function improvement per frame over 1.12482e+06 frames
LOG (gmm-est[5.5.863~1-813b7]:main():gmm-est.cc:116) GMM update: Overall avg like per frame = -46.4177 over 1.12482e+06 frames.
LOG (gmm-est[5.5.863~1-813b7]:SplitByCount():am-diag-gmm.cc:116) Split 1936 states with target = 15000, power = 0.2, perturb_factor = 0.01 and min_count = 20, split #Gauss from 15017 to 15018
LOG (gmm-est[5.5.863~1-813b7]:main():gmm-est.cc:146) Written model to exp/tri3/34.mdl
# Accounting: time=3 threads=1
# Ended (code 0) at Wed Jan  6 05:58:58 EST 2021, elapsed time 3 seconds
