# gmm-init-model --write-occs=exp/tri1/1.occs exp/tri1/tree exp/tri1/treeacc data/lang/topo exp/tri1/1.mdl 
# Started at Wed Jan  6 01:28:00 EST 2021
#
gmm-init-model --write-occs=exp/tri1/1.occs exp/tri1/tree exp/tri1/treeacc data/lang/topo exp/tri1/1.mdl 
LOG (gmm-init-model[5.5.863~1-813b7]:main():gmm-init-model.cc:271) Number of separate statistics is 46575
WARNING (gmm-init-model[5.5.863~1-813b7]:InitAmGmm():gmm-init-model.cc:83) Very small count for state 103: 88; corresponding phone list: 33 
WARNING (gmm-init-model[5.5.863~1-813b7]:InitAmGmm():gmm-init-model.cc:83) Very small count for state 113: 87; corresponding phone list: 24 
WARNING (gmm-init-model[5.5.863~1-813b7]:InitAmGmm():gmm-init-model.cc:83) Very small count for state 140: 24; corresponding phone list: 2 
WARNING (gmm-init-model[5.5.863~1-813b7]:InitAmGmm():gmm-init-model.cc:83) Very small count for state 210: 52; corresponding phone list: 29 
WARNING (gmm-init-model[5.5.863~1-813b7]:InitAmGmm():gmm-init-model.cc:83) Very small count for state 227: 93; corresponding phone list: 46 
WARNING (gmm-init-model[5.5.863~1-813b7]:InitAmGmm():gmm-init-model.cc:83) Very small count for state 234: 93; corresponding phone list: 24 
WARNING (gmm-init-model[5.5.863~1-813b7]:InitAmGmm():gmm-init-model.cc:83) Very small count for state 238: 94; corresponding phone list: 15 
WARNING (gmm-init-model[5.5.863~1-813b7]:InitAmGmm():gmm-init-model.cc:83) Very small count for state 239: 77; corresponding phone list: 2 
WARNING (gmm-init-model[5.5.863~1-813b7]:InitAmGmm():gmm-init-model.cc:83) Very small count for state 268: 69; corresponding phone list: 30 
WARNING (gmm-init-model[5.5.863~1-813b7]:InitAmGmm():gmm-init-model.cc:83) Very small count for state 271: 32; corresponding phone list: 29 
WARNING (gmm-init-model[5.5.863~1-813b7]:InitAmGmm():gmm-init-model.cc:83) Very small count for state 275: 86; corresponding phone list: 42 
WARNING (gmm-init-model[5.5.863~1-813b7]:InitAmGmm():gmm-init-model.cc:83) Very small count for state 303: 66; corresponding phone list: 8 
WARNING (gmm-init-model[5.5.863~1-813b7]:InitAmGmm():gmm-init-model.cc:83) Very small count for state 306: 41; corresponding phone list: 42 
WARNING (gmm-init-model[5.5.863~1-813b7]:InitAmGmm():gmm-init-model.cc:83) Very small count for state 348: 51; corresponding phone list: 19 
WARNING (gmm-init-model[5.5.863~1-813b7]:InitAmGmm():gmm-init-model.cc:83) Very small count for state 351: 72; corresponding phone list: 23 
WARNING (gmm-init-model[5.5.863~1-813b7]:InitAmGmm():gmm-init-model.cc:83) Very small count for state 393: 25; corresponding phone list: 26 
WARNING (gmm-init-model[5.5.863~1-813b7]:InitAmGmm():gmm-init-model.cc:83) Very small count for state 507: 28; corresponding phone list: 42 
WARNING (gmm-init-model[5.5.863~1-813b7]:InitAmGmm():gmm-init-model.cc:83) Very small count for state 509: 64; corresponding phone list: 25 
WARNING (gmm-init-model[5.5.863~1-813b7]:InitAmGmm():gmm-init-model.cc:83) Very small count for state 519: 48; corresponding phone list: 7 
WARNING (gmm-init-model[5.5.863~1-813b7]:InitAmGmm():gmm-init-model.cc:83) Very small count for state 576: 93; corresponding phone list: 42 
WARNING (gmm-init-model[5.5.863~1-813b7]:InitAmGmm():gmm-init-model.cc:83) Very small count for state 591: 25; corresponding phone list: 20 
WARNING (gmm-init-model[5.5.863~1-813b7]:InitAmGmm():gmm-init-model.cc:83) Very small count for state 653: 87; corresponding phone list: 14 
WARNING (gmm-init-model[5.5.863~1-813b7]:InitAmGmm():gmm-init-model.cc:83) Very small count for state 687: 65; corresponding phone list: 32 
WARNING (gmm-init-model[5.5.863~1-813b7]:InitAmGmm():gmm-init-model.cc:83) Very small count for state 692: 31; corresponding phone list: 4 
WARNING (gmm-init-model[5.5.863~1-813b7]:InitAmGmm():gmm-init-model.cc:83) Very small count for state 694: 47; corresponding phone list: 4 
WARNING (gmm-init-model[5.5.863~1-813b7]:InitAmGmm():gmm-init-model.cc:83) Very small count for state 713: 15; corresponding phone list: 20 
WARNING (gmm-init-model[5.5.863~1-813b7]:InitAmGmm():gmm-init-model.cc:83) Very small count for state 732: 49; corresponding phone list: 42 
WARNING (gmm-init-model[5.5.863~1-813b7]:InitAmGmm():gmm-init-model.cc:83) Very small count for state 746: 97; corresponding phone list: 16 
WARNING (gmm-init-model[5.5.863~1-813b7]:InitAmGmm():gmm-init-model.cc:83) Very small count for state 762: 97; corresponding phone list: 6 
WARNING (gmm-init-model[5.5.863~1-813b7]:InitAmGmm():gmm-init-model.cc:83) Very small count for state 789: 85; corresponding phone list: 33 
WARNING (gmm-init-model[5.5.863~1-813b7]:InitAmGmm():gmm-init-model.cc:83) Very small count for state 857: 36; corresponding phone list: 43 
WARNING (gmm-init-model[5.5.863~1-813b7]:InitAmGmm():gmm-init-model.cc:83) Very small count for state 867: 20; corresponding phone list: 8 
WARNING (gmm-init-model[5.5.863~1-813b7]:InitAmGmm():gmm-init-model.cc:83) Very small count for state 916: 98; corresponding phone list: 20 
WARNING (gmm-init-model[5.5.863~1-813b7]:InitAmGmm():gmm-init-model.cc:83) Very small count for state 969: 23; corresponding phone list: 16 
WARNING (gmm-init-model[5.5.863~1-813b7]:InitAmGmm():gmm-init-model.cc:83) Very small count for state 983: 11; corresponding phone list: 19 
WARNING (gmm-init-model[5.5.863~1-813b7]:InitAmGmm():gmm-init-model.cc:83) Very small count for state 1002: 92; corresponding phone list: 6 
WARNING (gmm-init-model[5.5.863~1-813b7]:InitAmGmm():gmm-init-model.cc:83) Very small count for state 1010: 63; corresponding phone list: 24 
WARNING (gmm-init-model[5.5.863~1-813b7]:InitAmGmm():gmm-init-model.cc:83) Very small count for state 1088: 88; corresponding phone list: 10 
WARNING (gmm-init-model[5.5.863~1-813b7]:InitAmGmm():gmm-init-model.cc:83) Very small count for state 1120: 96; corresponding phone list: 31 
WARNING (gmm-init-model[5.5.863~1-813b7]:InitAmGmm():gmm-init-model.cc:83) Very small count for state 1167: 95; corresponding phone list: 41 
WARNING (gmm-init-model[5.5.863~1-813b7]:InitAmGmm():gmm-init-model.cc:83) Very small count for state 1215: 92; corresponding phone list: 18 
WARNING (gmm-init-model[5.5.863~1-813b7]:InitAmGmm():gmm-init-model.cc:83) Very small count for state 1257: 91; corresponding phone list: 8 
WARNING (gmm-init-model[5.5.863~1-813b7]:InitAmGmm():gmm-init-model.cc:83) Very small count for state 1274: 41; corresponding phone list: 34 
WARNING (gmm-init-model[5.5.863~1-813b7]:InitAmGmm():gmm-init-model.cc:83) Very small count for state 1287: 92; corresponding phone list: 20 
WARNING (gmm-init-model[5.5.863~1-813b7]:InitAmGmm():gmm-init-model.cc:83) Very small count for state 1295: 68; corresponding phone list: 3 
WARNING (gmm-init-model[5.5.863~1-813b7]:InitAmGmm():gmm-init-model.cc:83) Very small count for state 1330: 48; corresponding phone list: 2 
WARNING (gmm-init-model[5.5.863~1-813b7]:InitAmGmm():gmm-init-model.cc:83) Very small count for state 1364: 29; corresponding phone list: 3 
WARNING (gmm-init-model[5.5.863~1-813b7]:InitAmGmm():gmm-init-model.cc:83) Very small count for state 1380: 82; corresponding phone list: 3 
WARNING (gmm-init-model[5.5.863~1-813b7]:InitAmGmm():gmm-init-model.cc:83) Very small count for state 1391: 59; corresponding phone list: 15 
WARNING (gmm-init-model[5.5.863~1-813b7]:InitAmGmm():gmm-init-model.cc:83) Very small count for state 1466: 95; corresponding phone list: 34 
WARNING (gmm-init-model[5.5.863~1-813b7]:InitAmGmm():gmm-init-model.cc:83) Very small count for state 1538: 82; corresponding phone list: 32 
WARNING (gmm-init-model[5.5.863~1-813b7]:InitAmGmm():gmm-init-model.cc:83) Very small count for state 1601: 15; corresponding phone list: 20 
WARNING (gmm-init-model[5.5.863~1-813b7]:InitAmGmm():gmm-init-model.cc:83) Very small count for state 1613: 83; corresponding phone list: 8 
WARNING (gmm-init-model[5.5.863~1-813b7]:InitAmGmm():gmm-init-model.cc:83) Very small count for state 1616: 35; corresponding phone list: 26 
WARNING (gmm-init-model[5.5.863~1-813b7]:InitAmGmm():gmm-init-model.cc:83) Very small count for state 1727: 92; corresponding phone list: 24 
WARNING (gmm-init-model[5.5.863~1-813b7]:InitAmGmm():gmm-init-model.cc:83) Very small count for state 1738: 86; corresponding phone list: 16 
WARNING (gmm-init-model[5.5.863~1-813b7]:InitAmGmm():gmm-init-model.cc:83) Very small count for state 1742: 64; corresponding phone list: 20 
WARNING (gmm-init-model[5.5.863~1-813b7]:InitAmGmm():gmm-init-model.cc:83) Very small count for state 1822: 95; corresponding phone list: 6 
WARNING (gmm-init-model[5.5.863~1-813b7]:InitAmGmm():gmm-init-model.cc:83) Very small count for state 1833: 33; corresponding phone list: 33 
LOG (gmm-init-model[5.5.863~1-813b7]:main():gmm-init-model.cc:306) Wrote model.
# Accounting: time=1 threads=1
# Ended (code 0) at Wed Jan  6 01:28:01 EST 2021, elapsed time 1 seconds
