# gmm-est --mix-up=15000 --power=0.25 --write-occs=exp/tri1/30.occs exp/tri1/29.mdl "gmm-sum-accs - exp/tri1/29.*.acc |" exp/tri1/30.mdl 
# Started at Wed Jan  6 01:31:47 EST 2021
#
gmm-est --mix-up=15000 --power=0.25 --write-occs=exp/tri1/30.occs exp/tri1/29.mdl 'gmm-sum-accs - exp/tri1/29.*.acc |' exp/tri1/30.mdl 
gmm-sum-accs - exp/tri1/29.1.acc exp/tri1/29.10.acc exp/tri1/29.11.acc exp/tri1/29.12.acc exp/tri1/29.13.acc exp/tri1/29.14.acc exp/tri1/29.15.acc exp/tri1/29.16.acc exp/tri1/29.17.acc exp/tri1/29.18.acc exp/tri1/29.19.acc exp/tri1/29.2.acc exp/tri1/29.20.acc exp/tri1/29.21.acc exp/tri1/29.22.acc exp/tri1/29.23.acc exp/tri1/29.24.acc exp/tri1/29.25.acc exp/tri1/29.26.acc exp/tri1/29.27.acc exp/tri1/29.28.acc exp/tri1/29.29.acc exp/tri1/29.3.acc exp/tri1/29.30.acc exp/tri1/29.4.acc exp/tri1/29.5.acc exp/tri1/29.6.acc exp/tri1/29.7.acc exp/tri1/29.8.acc exp/tri1/29.9.acc 
LOG (gmm-sum-accs[5.5.863~1-813b7]:main():gmm-sum-accs.cc:63) Summed 30 stats, total count 1.12578e+06, avg like/frame -94.8323
LOG (gmm-sum-accs[5.5.863~1-813b7]:main():gmm-sum-accs.cc:66) Total count of stats is 1.12578e+06
LOG (gmm-sum-accs[5.5.863~1-813b7]:main():gmm-sum-accs.cc:67) Written stats to -
LOG (gmm-est[5.5.863~1-813b7]:MleUpdate():transition-model.cc:528) TransitionModel::Update, objf change is 0 per frame over 1.12578e+06 frames. 
LOG (gmm-est[5.5.863~1-813b7]:MleUpdate():transition-model.cc:531) 21 probabilities floored, 0 out of 1894 transition-states skipped due to insuffient data (it is normal to have some skipped.)
LOG (gmm-est[5.5.863~1-813b7]:main():gmm-est.cc:102) Transition model update: Overall 0 log-like improvement per frame over 1.12578e+06 frames.
WARNING (gmm-est[5.5.863~1-813b7]:MleDiagGmmUpdate():mle-diag-gmm.cc:359) Too little data - removing Gaussian (weight 0.043548, occupation count 9.972514, vector size 39)
WARNING (gmm-est[5.5.863~1-813b7]:MleDiagGmmUpdate():mle-diag-gmm.cc:359) Too little data - removing Gaussian (weight 0.061399, occupation count 9.946708, vector size 39)
LOG (gmm-est[5.5.863~1-813b7]:MleAmDiagGmmUpdate():mle-am-diag-gmm.cc:225) 0 variance elements floored in 0 Gaussians, out of 14998
LOG (gmm-est[5.5.863~1-813b7]:MleAmDiagGmmUpdate():mle-am-diag-gmm.cc:229) Removed 2 Gaussians due to counts < --min-gaussian-occupancy=10 and --remove-low-count-gaussians=true
LOG (gmm-est[5.5.863~1-813b7]:main():gmm-est.cc:113) GMM update: Overall 0.0410452 objective function improvement per frame over 1.12578e+06 frames
LOG (gmm-est[5.5.863~1-813b7]:main():gmm-est.cc:116) GMM update: Overall avg like per frame = -94.8323 over 1.12578e+06 frames.
LOG (gmm-est[5.5.863~1-813b7]:SplitByCount():am-diag-gmm.cc:116) Split 1856 states with target = 15000, power = 0.25, perturb_factor = 0.01 and min_count = 20, split #Gauss from 14998 to 15000
LOG (gmm-est[5.5.863~1-813b7]:main():gmm-est.cc:146) Written model to exp/tri1/30.mdl
# Accounting: time=2 threads=1
# Ended (code 0) at Wed Jan  6 01:31:49 EST 2021, elapsed time 2 seconds
