# ali-to-post "ark:gunzip -c exp/tri2/ali.7.gz|" ark:- | weight-silence-post 0.0 1 exp/tri2/4.mdl ark:- ark:- | gmm-acc-mllt --rand-prune=4.0 exp/tri2/4.mdl "ark,s,cs:apply-cmvn  --utt2spk=ark:data/train/split30/7/utt2spk scp:data/train/split30/7/cmvn.scp scp:data/train/split30/7/feats.scp ark:- | splice-feats --left-context=3 --right-context=3 ark:- ark:- | transform-feats exp/tri2/2.mat ark:- ark:- |" ark:- exp/tri2/4.7.macc 
# Started at Wed Jan  6 01:34:04 EST 2021
#
ali-to-post 'ark:gunzip -c exp/tri2/ali.7.gz|' ark:- 
gmm-acc-mllt --rand-prune=4.0 exp/tri2/4.mdl 'ark,s,cs:apply-cmvn  --utt2spk=ark:data/train/split30/7/utt2spk scp:data/train/split30/7/cmvn.scp scp:data/train/split30/7/feats.scp ark:- | splice-feats --left-context=3 --right-context=3 ark:- ark:- | transform-feats exp/tri2/2.mat ark:- ark:- |' ark:- exp/tri2/4.7.macc 
weight-silence-post 0.0 1 exp/tri2/4.mdl ark:- ark:- 
apply-cmvn --utt2spk=ark:data/train/split30/7/utt2spk scp:data/train/split30/7/cmvn.scp scp:data/train/split30/7/feats.scp ark:- 
splice-feats --left-context=3 --right-context=3 ark:- ark:- 
transform-feats exp/tri2/2.mat ark:- ark:- 
LOG (gmm-acc-mllt[5.5.863~1-813b7]:main():gmm-acc-mllt.cc:108) Average like for this file is -61.1031 over 309 frames.
LOG (gmm-acc-mllt[5.5.863~1-813b7]:main():gmm-acc-mllt.cc:108) Average like for this file is -59.1673 over 296 frames.
LOG (gmm-acc-mllt[5.5.863~1-813b7]:main():gmm-acc-mllt.cc:108) Average like for this file is -57.3474 over 486 frames.
LOG (gmm-acc-mllt[5.5.863~1-813b7]:main():gmm-acc-mllt.cc:108) Average like for this file is -57.0785 over 343 frames.
LOG (gmm-acc-mllt[5.5.863~1-813b7]:main():gmm-acc-mllt.cc:108) Average like for this file is -55.4295 over 255 frames.
LOG (gmm-acc-mllt[5.5.863~1-813b7]:main():gmm-acc-mllt.cc:108) Average like for this file is -52.3896 over 406 frames.
LOG (gmm-acc-mllt[5.5.863~1-813b7]:main():gmm-acc-mllt.cc:108) Average like for this file is -54.7662 over 491 frames.
LOG (gmm-acc-mllt[5.5.863~1-813b7]:main():gmm-acc-mllt.cc:108) Average like for this file is -56.4025 over 207 frames.
LOG (gmm-acc-mllt[5.5.863~1-813b7]:main():gmm-acc-mllt.cc:108) Average like for this file is -51.4022 over 229 frames.
LOG (gmm-acc-mllt[5.5.863~1-813b7]:main():gmm-acc-mllt.cc:108) Average like for this file is -53.7523 over 216 frames.
LOG (gmm-acc-mllt[5.5.863~1-813b7]:main():gmm-acc-mllt.cc:114) Avg like per frame so far is -55.9589
LOG (gmm-acc-mllt[5.5.863~1-813b7]:main():gmm-acc-mllt.cc:108) Average like for this file is -53.0308 over 442 frames.
LOG (gmm-acc-mllt[5.5.863~1-813b7]:main():gmm-acc-mllt.cc:108) Average like for this file is -50.5991 over 299 frames.
LOG (gmm-acc-mllt[5.5.863~1-813b7]:main():gmm-acc-mllt.cc:108) Average like for this file is -52.0695 over 153 frames.
LOG (gmm-acc-mllt[5.5.863~1-813b7]:main():gmm-acc-mllt.cc:108) Average like for this file is -51.7918 over 224 frames.
LOG (gmm-acc-mllt[5.5.863~1-813b7]:main():gmm-acc-mllt.cc:108) Average like for this file is -53.5335 over 284 frames.
LOG (gmm-acc-mllt[5.5.863~1-813b7]:main():gmm-acc-mllt.cc:108) Average like for this file is -52.1604 over 273 frames.
LOG (gmm-acc-mllt[5.5.863~1-813b7]:main():gmm-acc-mllt.cc:108) Average like for this file is -56.0534 over 214 frames.
LOG (gmm-acc-mllt[5.5.863~1-813b7]:main():gmm-acc-mllt.cc:108) Average like for this file is -60.8 over 228 frames.
LOG (gmm-acc-mllt[5.5.863~1-813b7]:main():gmm-acc-mllt.cc:108) Average like for this file is -54.2778 over 450 frames.
LOG (gmm-acc-mllt[5.5.863~1-813b7]:main():gmm-acc-mllt.cc:108) Average like for this file is -53.2104 over 274 frames.
LOG (gmm-acc-mllt[5.5.863~1-813b7]:main():gmm-acc-mllt.cc:114) Avg like per frame so far is -54.8836
LOG (gmm-acc-mllt[5.5.863~1-813b7]:main():gmm-acc-mllt.cc:108) Average like for this file is -52.976 over 231 frames.
LOG (gmm-acc-mllt[5.5.863~1-813b7]:main():gmm-acc-mllt.cc:108) Average like for this file is -51.4343 over 197 frames.
LOG (gmm-acc-mllt[5.5.863~1-813b7]:main():gmm-acc-mllt.cc:108) Average like for this file is -55.4954 over 232 frames.
LOG (gmm-acc-mllt[5.5.863~1-813b7]:main():gmm-acc-mllt.cc:108) Average like for this file is -55.5145 over 207 frames.
LOG (gmm-acc-mllt[5.5.863~1-813b7]:main():gmm-acc-mllt.cc:108) Average like for this file is -51.8829 over 305 frames.
LOG (gmm-acc-mllt[5.5.863~1-813b7]:main():gmm-acc-mllt.cc:108) Average like for this file is -53.0364 over 453 frames.
LOG (gmm-acc-mllt[5.5.863~1-813b7]:main():gmm-acc-mllt.cc:108) Average like for this file is -54.8891 over 445 frames.
LOG (gmm-acc-mllt[5.5.863~1-813b7]:main():gmm-acc-mllt.cc:108) Average like for this file is -55.4995 over 275 frames.
LOG (gmm-acc-mllt[5.5.863~1-813b7]:main():gmm-acc-mllt.cc:108) Average like for this file is -51.5795 over 255 frames.
LOG (gmm-acc-mllt[5.5.863~1-813b7]:main():gmm-acc-mllt.cc:108) Average like for this file is -52.8603 over 313 frames.
LOG (gmm-acc-mllt[5.5.863~1-813b7]:main():gmm-acc-mllt.cc:114) Avg like per frame so far is -54.4495
LOG (gmm-acc-mllt[5.5.863~1-813b7]:main():gmm-acc-mllt.cc:108) Average like for this file is -52.0182 over 177 frames.
LOG (gmm-acc-mllt[5.5.863~1-813b7]:main():gmm-acc-mllt.cc:108) Average like for this file is -49.6766 over 215 frames.
LOG (gmm-acc-mllt[5.5.863~1-813b7]:main():gmm-acc-mllt.cc:108) Average like for this file is -56.4021 over 469 frames.
LOG (gmm-acc-mllt[5.5.863~1-813b7]:main():gmm-acc-mllt.cc:108) Average like for this file is -56.4173 over 177 frames.
LOG (gmm-acc-mllt[5.5.863~1-813b7]:main():gmm-acc-mllt.cc:108) Average like for this file is -52.1563 over 439 frames.
LOG (gmm-acc-mllt[5.5.863~1-813b7]:main():gmm-acc-mllt.cc:108) Average like for this file is -56.3797 over 296 frames.
LOG (gmm-acc-mllt[5.5.863~1-813b7]:main():gmm-acc-mllt.cc:108) Average like for this file is -52.2681 over 251 frames.
LOG (gmm-acc-mllt[5.5.863~1-813b7]:main():gmm-acc-mllt.cc:108) Average like for this file is -55.5968 over 342 frames.
LOG (gmm-acc-mllt[5.5.863~1-813b7]:main():gmm-acc-mllt.cc:108) Average like for this file is -59.6594 over 183 frames.
LOG (gmm-acc-mllt[5.5.863~1-813b7]:main():gmm-acc-mllt.cc:108) Average like for this file is -49.3027 over 219 frames.
LOG (gmm-acc-mllt[5.5.863~1-813b7]:main():gmm-acc-mllt.cc:114) Avg like per frame so far is -54.3681
LOG (gmm-acc-mllt[5.5.863~1-813b7]:main():gmm-acc-mllt.cc:108) Average like for this file is -63.3947 over 256 frames.
LOG (gmm-acc-mllt[5.5.863~1-813b7]:main():gmm-acc-mllt.cc:108) Average like for this file is -57.7787 over 197 frames.
LOG (gmm-acc-mllt[5.5.863~1-813b7]:main():gmm-acc-mllt.cc:108) Average like for this file is -58.7906 over 387 frames.
LOG (gmm-acc-mllt[5.5.863~1-813b7]:main():gmm-acc-mllt.cc:108) Average like for this file is -57.9096 over 381 frames.
LOG (gmm-acc-mllt[5.5.863~1-813b7]:main():gmm-acc-mllt.cc:108) Average like for this file is -66.6423 over 218 frames.
LOG (gmm-acc-mllt[5.5.863~1-813b7]:main():gmm-acc-mllt.cc:108) Average like for this file is -57.8318 over 271 frames.
LOG (gmm-acc-mllt[5.5.863~1-813b7]:main():gmm-acc-mllt.cc:108) Average like for this file is -59.4589 over 258 frames.
LOG (gmm-acc-mllt[5.5.863~1-813b7]:main():gmm-acc-mllt.cc:108) Average like for this file is -61.5504 over 217 frames.
LOG (gmm-acc-mllt[5.5.863~1-813b7]:main():gmm-acc-mllt.cc:108) Average like for this file is -55.4945 over 487 frames.
LOG (gmm-acc-mllt[5.5.863~1-813b7]:main():gmm-acc-mllt.cc:108) Average like for this file is -51.8824 over 256 frames.
LOG (gmm-acc-mllt[5.5.863~1-813b7]:main():gmm-acc-mllt.cc:114) Avg like per frame so far is -55.2152
LOG (gmm-acc-mllt[5.5.863~1-813b7]:main():gmm-acc-mllt.cc:108) Average like for this file is -55.9777 over 172 frames.
LOG (gmm-acc-mllt[5.5.863~1-813b7]:main():gmm-acc-mllt.cc:108) Average like for this file is -57.0276 over 236 frames.
LOG (gmm-acc-mllt[5.5.863~1-813b7]:main():gmm-acc-mllt.cc:108) Average like for this file is -59.6997 over 249 frames.
LOG (gmm-acc-mllt[5.5.863~1-813b7]:main():gmm-acc-mllt.cc:108) Average like for this file is -57.8384 over 210 frames.
LOG (gmm-acc-mllt[5.5.863~1-813b7]:main():gmm-acc-mllt.cc:108) Average like for this file is -52.9237 over 242 frames.
LOG (gmm-acc-mllt[5.5.863~1-813b7]:main():gmm-acc-mllt.cc:108) Average like for this file is -51.8113 over 228 frames.
LOG (gmm-acc-mllt[5.5.863~1-813b7]:main():gmm-acc-mllt.cc:108) Average like for this file is -54.7232 over 152 frames.
LOG (gmm-acc-mllt[5.5.863~1-813b7]:main():gmm-acc-mllt.cc:108) Average like for this file is -55.7771 over 428 frames.
LOG (gmm-acc-mllt[5.5.863~1-813b7]:main():gmm-acc-mllt.cc:108) Average like for this file is -56.3651 over 380 frames.
LOG (gmm-acc-mllt[5.5.863~1-813b7]:main():gmm-acc-mllt.cc:108) Average like for this file is -57.78 over 324 frames.
LOG (gmm-acc-mllt[5.5.863~1-813b7]:main():gmm-acc-mllt.cc:114) Avg like per frame so far is -55.3498
LOG (gmm-acc-mllt[5.5.863~1-813b7]:main():gmm-acc-mllt.cc:108) Average like for this file is -53.4821 over 274 frames.
LOG (gmm-acc-mllt[5.5.863~1-813b7]:main():gmm-acc-mllt.cc:108) Average like for this file is -57.8935 over 166 frames.
LOG (gmm-acc-mllt[5.5.863~1-813b7]:main():gmm-acc-mllt.cc:108) Average like for this file is -56.955 over 316 frames.
LOG (gmm-acc-mllt[5.5.863~1-813b7]:main():gmm-acc-mllt.cc:108) Average like for this file is -56.9486 over 230 frames.
LOG (gmm-acc-mllt[5.5.863~1-813b7]:main():gmm-acc-mllt.cc:108) Average like for this file is -52.9013 over 237 frames.
LOG (gmm-acc-mllt[5.5.863~1-813b7]:main():gmm-acc-mllt.cc:108) Average like for this file is -53.4775 over 351 frames.
LOG (gmm-acc-mllt[5.5.863~1-813b7]:main():gmm-acc-mllt.cc:108) Average like for this file is -54.2724 over 250 frames.
LOG (gmm-acc-mllt[5.5.863~1-813b7]:main():gmm-acc-mllt.cc:108) Average like for this file is -55.6525 over 209 frames.
LOG (gmm-acc-mllt[5.5.863~1-813b7]:main():gmm-acc-mllt.cc:108) Average like for this file is -52.4186 over 203 frames.
LOG (gmm-acc-mllt[5.5.863~1-813b7]:main():gmm-acc-mllt.cc:108) Average like for this file is -51.8541 over 201 frames.
LOG (gmm-acc-mllt[5.5.863~1-813b7]:main():gmm-acc-mllt.cc:114) Avg like per frame so far is -55.2507
LOG (gmm-acc-mllt[5.5.863~1-813b7]:main():gmm-acc-mllt.cc:108) Average like for this file is -57.1871 over 369 frames.
LOG (gmm-acc-mllt[5.5.863~1-813b7]:main():gmm-acc-mllt.cc:108) Average like for this file is -57.3747 over 235 frames.
LOG (gmm-acc-mllt[5.5.863~1-813b7]:main():gmm-acc-mllt.cc:108) Average like for this file is -57.6719 over 214 frames.
LOG (gmm-acc-mllt[5.5.863~1-813b7]:main():gmm-acc-mllt.cc:108) Average like for this file is -52.1016 over 244 frames.
LOG (gmm-acc-mllt[5.5.863~1-813b7]:main():gmm-acc-mllt.cc:108) Average like for this file is -56.8493 over 418 frames.
LOG (gmm-acc-mllt[5.5.863~1-813b7]:main():gmm-acc-mllt.cc:108) Average like for this file is -58.726 over 188 frames.
LOG (gmm-acc-mllt[5.5.863~1-813b7]:main():gmm-acc-mllt.cc:108) Average like for this file is -54.1839 over 265 frames.
LOG (gmm-acc-mllt[5.5.863~1-813b7]:main():gmm-acc-mllt.cc:108) Average like for this file is -55.1509 over 124 frames.
LOG (gmm-acc-mllt[5.5.863~1-813b7]:main():gmm-acc-mllt.cc:108) Average like for this file is -53.8327 over 264 frames.
LOG (gmm-acc-mllt[5.5.863~1-813b7]:main():gmm-acc-mllt.cc:108) Average like for this file is -57.5773 over 310 frames.
LOG (gmm-acc-mllt[5.5.863~1-813b7]:main():gmm-acc-mllt.cc:114) Avg like per frame so far is -55.3552
LOG (gmm-acc-mllt[5.5.863~1-813b7]:main():gmm-acc-mllt.cc:108) Average like for this file is -54.6685 over 418 frames.
LOG (gmm-acc-mllt[5.5.863~1-813b7]:main():gmm-acc-mllt.cc:108) Average like for this file is -50.9283 over 173 frames.
LOG (gmm-acc-mllt[5.5.863~1-813b7]:main():gmm-acc-mllt.cc:108) Average like for this file is -54.672 over 476 frames.
LOG (gmm-acc-mllt[5.5.863~1-813b7]:main():gmm-acc-mllt.cc:108) Average like for this file is -51.3195 over 267 frames.
LOG (gmm-acc-mllt[5.5.863~1-813b7]:main():gmm-acc-mllt.cc:108) Average like for this file is -53.8013 over 198 frames.
LOG (gmm-acc-mllt[5.5.863~1-813b7]:main():gmm-acc-mllt.cc:108) Average like for this file is -52.6183 over 228 frames.
LOG (gmm-acc-mllt[5.5.863~1-813b7]:main():gmm-acc-mllt.cc:108) Average like for this file is -54.0255 over 329 frames.
LOG (gmm-acc-mllt[5.5.863~1-813b7]:main():gmm-acc-mllt.cc:108) Average like for this file is -53.1637 over 280 frames.
LOG (gmm-acc-mllt[5.5.863~1-813b7]:main():gmm-acc-mllt.cc:108) Average like for this file is -57.1381 over 325 frames.
LOG (gmm-acc-mllt[5.5.863~1-813b7]:main():gmm-acc-mllt.cc:108) Average like for this file is -57.3835 over 370 frames.
LOG (gmm-acc-mllt[5.5.863~1-813b7]:main():gmm-acc-mllt.cc:114) Avg like per frame so far is -55.233
LOG (gmm-acc-mllt[5.5.863~1-813b7]:main():gmm-acc-mllt.cc:108) Average like for this file is -56.5753 over 221 frames.
LOG (gmm-acc-mllt[5.5.863~1-813b7]:main():gmm-acc-mllt.cc:108) Average like for this file is -61.3376 over 189 frames.
LOG (gmm-acc-mllt[5.5.863~1-813b7]:main():gmm-acc-mllt.cc:108) Average like for this file is -57.0553 over 202 frames.
LOG (gmm-acc-mllt[5.5.863~1-813b7]:main():gmm-acc-mllt.cc:108) Average like for this file is -56.8537 over 176 frames.
LOG (gmm-acc-mllt[5.5.863~1-813b7]:main():gmm-acc-mllt.cc:108) Average like for this file is -62.726 over 184 frames.
LOG (gmm-acc-mllt[5.5.863~1-813b7]:main():gmm-acc-mllt.cc:108) Average like for this file is -59.338 over 251 frames.
LOG (gmm-acc-mllt[5.5.863~1-813b7]:main():gmm-acc-mllt.cc:108) Average like for this file is -59.7693 over 247 frames.
LOG (gmm-acc-mllt[5.5.863~1-813b7]:main():gmm-acc-mllt.cc:108) Average like for this file is -57.3975 over 120 frames.
LOG (gmm-acc-mllt[5.5.863~1-813b7]:main():gmm-acc-mllt.cc:108) Average like for this file is -53.218 over 158 frames.
LOG (gmm-acc-mllt[5.5.863~1-813b7]:main():gmm-acc-mllt.cc:108) Average like for this file is -56.0843 over 341 frames.
LOG (gmm-acc-mllt[5.5.863~1-813b7]:main():gmm-acc-mllt.cc:114) Avg like per frame so far is -55.446
LOG (gmm-acc-mllt[5.5.863~1-813b7]:main():gmm-acc-mllt.cc:108) Average like for this file is -56.4195 over 153 frames.
LOG (gmm-acc-mllt[5.5.863~1-813b7]:main():gmm-acc-mllt.cc:108) Average like for this file is -58.6361 over 372 frames.
LOG (ali-to-post[5.5.863~1-813b7]:main():ali-to-post.cc:73) Converted 128 alignments.
LOG (gmm-acc-mllt[5.5.863~1-813b7]:main():gmm-acc-mllt.cc:108) Average like for this file is -57.6967 over 347 frames.
LOG (gmm-acc-mllt[5.5.863~1-813b7]:main():gmm-acc-mllt.cc:108) Average like for this file is -57.4332 over 270 frames.
LOG (gmm-acc-mllt[5.5.863~1-813b7]:main():gmm-acc-mllt.cc:108) Average like for this file is -61.8817 over 202 frames.
LOG (gmm-acc-mllt[5.5.863~1-813b7]:main():gmm-acc-mllt.cc:108) Average like for this file is -60.1222 over 434 frames.
LOG (gmm-acc-mllt[5.5.863~1-813b7]:main():gmm-acc-mllt.cc:108) Average like for this file is -54.5166 over 327 frames.
LOG (gmm-acc-mllt[5.5.863~1-813b7]:main():gmm-acc-mllt.cc:108) Average like for this file is -58.6364 over 288 frames.
LOG (gmm-acc-mllt[5.5.863~1-813b7]:main():gmm-acc-mllt.cc:108) Average like for this file is -60.0304 over 179 frames.
LOG (gmm-acc-mllt[5.5.863~1-813b7]:main():gmm-acc-mllt.cc:108) Average like for this file is -59.0306 over 206 frames.
LOG (gmm-acc-mllt[5.5.863~1-813b7]:main():gmm-acc-mllt.cc:114) Avg like per frame so far is -55.7152
LOG (gmm-acc-mllt[5.5.863~1-813b7]:main():gmm-acc-mllt.cc:108) Average like for this file is -58.2016 over 214 frames.
LOG (gmm-acc-mllt[5.5.863~1-813b7]:main():gmm-acc-mllt.cc:108) Average like for this file is -63.1079 over 231 frames.
LOG (gmm-acc-mllt[5.5.863~1-813b7]:main():gmm-acc-mllt.cc:108) Average like for this file is -59.9306 over 347 frames.
LOG (gmm-acc-mllt[5.5.863~1-813b7]:main():gmm-acc-mllt.cc:108) Average like for this file is -65.2752 over 85 frames.
LOG (gmm-acc-mllt[5.5.863~1-813b7]:main():gmm-acc-mllt.cc:108) Average like for this file is -57.1963 over 265 frames.
LOG (gmm-acc-mllt[5.5.863~1-813b7]:main():gmm-acc-mllt.cc:108) Average like for this file is -55.5963 over 394 frames.
LOG (gmm-acc-mllt[5.5.863~1-813b7]:main():gmm-acc-mllt.cc:108) Average like for this file is -56.1172 over 282 frames.
LOG (weight-silence-post[5.5.863~1-813b7]:main():weight-silence-post.cc:95) Done 128 posteriors.
LOG (gmm-acc-mllt[5.5.863~1-813b7]:main():gmm-acc-mllt.cc:108) Average like for this file is -57.221 over 454 frames.
LOG (gmm-acc-mllt[5.5.863~1-813b7]:main():gmm-acc-mllt.cc:108) Average like for this file is -54.0436 over 402 frames.
LOG (gmm-acc-mllt[5.5.863~1-813b7]:main():gmm-acc-mllt.cc:108) Average like for this file is -57.5425 over 303 frames.
LOG (gmm-acc-mllt[5.5.863~1-813b7]:main():gmm-acc-mllt.cc:114) Avg like per frame so far is -55.8816
LOG (apply-cmvn[5.5.863~1-813b7]:main():apply-cmvn.cc:162) Applied cepstral mean normalization to 128 utterances, errors on 0
LOG (gmm-acc-mllt[5.5.863~1-813b7]:main():gmm-acc-mllt.cc:108) Average like for this file is -52.423 over 314 frames.
LOG (gmm-acc-mllt[5.5.863~1-813b7]:main():gmm-acc-mllt.cc:108) Average like for this file is -53.9341 over 211 frames.
LOG (gmm-acc-mllt[5.5.863~1-813b7]:main():gmm-acc-mllt.cc:108) Average like for this file is -55.2947 over 410 frames.
LOG (gmm-acc-mllt[5.5.863~1-813b7]:main():gmm-acc-mllt.cc:108) Average like for this file is -54.6202 over 261 frames.
LOG (gmm-acc-mllt[5.5.863~1-813b7]:main():gmm-acc-mllt.cc:108) Average like for this file is -51.8971 over 411 frames.
LOG (gmm-acc-mllt[5.5.863~1-813b7]:main():gmm-acc-mllt.cc:108) Average like for this file is -55.3827 over 178 frames.
LOG (transform-feats[5.5.863~1-813b7]:main():transform-feats.cc:158) Overall average [pseudo-]logdet is -89.438 over 40307 frames.
LOG (transform-feats[5.5.863~1-813b7]:main():transform-feats.cc:161) Applied transform to 128 utterances; 0 had errors.
LOG (gmm-acc-mllt[5.5.863~1-813b7]:main():gmm-acc-mllt.cc:108) Average like for this file is -50.7624 over 224 frames.
LOG (gmm-acc-mllt[5.5.863~1-813b7]:main():gmm-acc-mllt.cc:108) Average like for this file is -57.9287 over 227 frames.
LOG (gmm-acc-mllt[5.5.863~1-813b7]:main():gmm-acc-mllt.cc:119) Done 128 files, 0 with no posteriors, 0 with other errors.
LOG (gmm-acc-mllt[5.5.863~1-813b7]:main():gmm-acc-mllt.cc:123) Overall avg like per frame (Gaussian only) = -55.7556 over 35521 frames.
LOG (gmm-acc-mllt[5.5.863~1-813b7]:main():gmm-acc-mllt.cc:127) Written accs.
# Accounting: time=1 threads=1
# Ended (code 0) at Wed Jan  6 01:34:05 EST 2021, elapsed time 1 seconds
