# ali-to-post "ark:gunzip -c exp/tri2/ali.3.gz|" ark:- | weight-silence-post 0.0 1 exp/tri2/4.mdl ark:- ark:- | gmm-acc-mllt --rand-prune=4.0 exp/tri2/4.mdl "ark,s,cs:apply-cmvn  --utt2spk=ark:data/train/split30/3/utt2spk scp:data/train/split30/3/cmvn.scp scp:data/train/split30/3/feats.scp ark:- | splice-feats --left-context=3 --right-context=3 ark:- ark:- | transform-feats exp/tri2/2.mat ark:- ark:- |" ark:- exp/tri2/4.3.macc 
# Started at Wed Jan  6 01:34:03 EST 2021
#
gmm-acc-mllt --rand-prune=4.0 exp/tri2/4.mdl 'ark,s,cs:apply-cmvn  --utt2spk=ark:data/train/split30/3/utt2spk scp:data/train/split30/3/cmvn.scp scp:data/train/split30/3/feats.scp ark:- | splice-feats --left-context=3 --right-context=3 ark:- ark:- | transform-feats exp/tri2/2.mat ark:- ark:- |' ark:- exp/tri2/4.3.macc 
ali-to-post 'ark:gunzip -c exp/tri2/ali.3.gz|' ark:- 
weight-silence-post 0.0 1 exp/tri2/4.mdl ark:- ark:- 
transform-feats exp/tri2/2.mat ark:- ark:- 
splice-feats --left-context=3 --right-context=3 ark:- ark:- 
apply-cmvn --utt2spk=ark:data/train/split30/3/utt2spk scp:data/train/split30/3/cmvn.scp scp:data/train/split30/3/feats.scp ark:- 
LOG (gmm-acc-mllt[5.5.863~1-813b7]:main():gmm-acc-mllt.cc:108) Average like for this file is -55.901 over 469 frames.
LOG (gmm-acc-mllt[5.5.863~1-813b7]:main():gmm-acc-mllt.cc:108) Average like for this file is -55.1175 over 401 frames.
LOG (gmm-acc-mllt[5.5.863~1-813b7]:main():gmm-acc-mllt.cc:108) Average like for this file is -55.4891 over 160 frames.
LOG (gmm-acc-mllt[5.5.863~1-813b7]:main():gmm-acc-mllt.cc:108) Average like for this file is -56.5394 over 277 frames.
LOG (gmm-acc-mllt[5.5.863~1-813b7]:main():gmm-acc-mllt.cc:108) Average like for this file is -56.3931 over 280 frames.
LOG (gmm-acc-mllt[5.5.863~1-813b7]:main():gmm-acc-mllt.cc:108) Average like for this file is -57.4985 over 222 frames.
LOG (gmm-acc-mllt[5.5.863~1-813b7]:main():gmm-acc-mllt.cc:108) Average like for this file is -54.173 over 332 frames.
LOG (gmm-acc-mllt[5.5.863~1-813b7]:main():gmm-acc-mllt.cc:108) Average like for this file is -56.6196 over 317 frames.
LOG (gmm-acc-mllt[5.5.863~1-813b7]:main():gmm-acc-mllt.cc:108) Average like for this file is -53.2655 over 295 frames.
LOG (gmm-acc-mllt[5.5.863~1-813b7]:main():gmm-acc-mllt.cc:108) Average like for this file is -53.8581 over 291 frames.
LOG (gmm-acc-mllt[5.5.863~1-813b7]:main():gmm-acc-mllt.cc:114) Avg like per frame so far is -55.4317
LOG (gmm-acc-mllt[5.5.863~1-813b7]:main():gmm-acc-mllt.cc:108) Average like for this file is -56.7543 over 264 frames.
LOG (gmm-acc-mllt[5.5.863~1-813b7]:main():gmm-acc-mllt.cc:108) Average like for this file is -54.9949 over 297 frames.
LOG (gmm-acc-mllt[5.5.863~1-813b7]:main():gmm-acc-mllt.cc:108) Average like for this file is -55.4082 over 269 frames.
LOG (gmm-acc-mllt[5.5.863~1-813b7]:main():gmm-acc-mllt.cc:108) Average like for this file is -54.6194 over 338 frames.
LOG (gmm-acc-mllt[5.5.863~1-813b7]:main():gmm-acc-mllt.cc:108) Average like for this file is -54.5989 over 409 frames.
LOG (gmm-acc-mllt[5.5.863~1-813b7]:main():gmm-acc-mllt.cc:108) Average like for this file is -53.1919 over 233 frames.
LOG (gmm-acc-mllt[5.5.863~1-813b7]:main():gmm-acc-mllt.cc:108) Average like for this file is -55.7708 over 174 frames.
LOG (gmm-acc-mllt[5.5.863~1-813b7]:main():gmm-acc-mllt.cc:108) Average like for this file is -52.5087 over 113 frames.
LOG (gmm-acc-mllt[5.5.863~1-813b7]:main():gmm-acc-mllt.cc:108) Average like for this file is -57.0739 over 362 frames.
LOG (gmm-acc-mllt[5.5.863~1-813b7]:main():gmm-acc-mllt.cc:108) Average like for this file is -55.907 over 293 frames.
LOG (gmm-acc-mllt[5.5.863~1-813b7]:main():gmm-acc-mllt.cc:114) Avg like per frame so far is -55.3521
LOG (gmm-acc-mllt[5.5.863~1-813b7]:main():gmm-acc-mllt.cc:108) Average like for this file is -55.259 over 285 frames.
LOG (gmm-acc-mllt[5.5.863~1-813b7]:main():gmm-acc-mllt.cc:108) Average like for this file is -53.151 over 243 frames.
LOG (gmm-acc-mllt[5.5.863~1-813b7]:main():gmm-acc-mllt.cc:108) Average like for this file is -52.2095 over 233 frames.
LOG (gmm-acc-mllt[5.5.863~1-813b7]:main():gmm-acc-mllt.cc:108) Average like for this file is -54.945 over 181 frames.
LOG (gmm-acc-mllt[5.5.863~1-813b7]:main():gmm-acc-mllt.cc:108) Average like for this file is -59.1415 over 198 frames.
LOG (gmm-acc-mllt[5.5.863~1-813b7]:main():gmm-acc-mllt.cc:108) Average like for this file is -50.5606 over 282 frames.
LOG (gmm-acc-mllt[5.5.863~1-813b7]:main():gmm-acc-mllt.cc:108) Average like for this file is -50.7687 over 408 frames.
LOG (gmm-acc-mllt[5.5.863~1-813b7]:main():gmm-acc-mllt.cc:108) Average like for this file is -49.6092 over 297 frames.
LOG (gmm-acc-mllt[5.5.863~1-813b7]:main():gmm-acc-mllt.cc:108) Average like for this file is -53.3444 over 224 frames.
LOG (gmm-acc-mllt[5.5.863~1-813b7]:main():gmm-acc-mllt.cc:108) Average like for this file is -48.1578 over 242 frames.
LOG (gmm-acc-mllt[5.5.863~1-813b7]:main():gmm-acc-mllt.cc:114) Avg like per frame so far is -54.4301
LOG (gmm-acc-mllt[5.5.863~1-813b7]:main():gmm-acc-mllt.cc:108) Average like for this file is -51.6674 over 364 frames.
LOG (gmm-acc-mllt[5.5.863~1-813b7]:main():gmm-acc-mllt.cc:108) Average like for this file is -50.4355 over 221 frames.
LOG (gmm-acc-mllt[5.5.863~1-813b7]:main():gmm-acc-mllt.cc:108) Average like for this file is -52.9082 over 239 frames.
LOG (gmm-acc-mllt[5.5.863~1-813b7]:main():gmm-acc-mllt.cc:108) Average like for this file is -52.1554 over 187 frames.
LOG (gmm-acc-mllt[5.5.863~1-813b7]:main():gmm-acc-mllt.cc:108) Average like for this file is -49.0857 over 289 frames.
LOG (gmm-acc-mllt[5.5.863~1-813b7]:main():gmm-acc-mllt.cc:108) Average like for this file is -48.4841 over 303 frames.
LOG (gmm-acc-mllt[5.5.863~1-813b7]:main():gmm-acc-mllt.cc:108) Average like for this file is -51.6594 over 240 frames.
LOG (gmm-acc-mllt[5.5.863~1-813b7]:main():gmm-acc-mllt.cc:108) Average like for this file is -52.4842 over 433 frames.
LOG (gmm-acc-mllt[5.5.863~1-813b7]:main():gmm-acc-mllt.cc:108) Average like for this file is -51.7183 over 311 frames.
LOG (gmm-acc-mllt[5.5.863~1-813b7]:main():gmm-acc-mllt.cc:108) Average like for this file is -50.144 over 268 frames.
LOG (gmm-acc-mllt[5.5.863~1-813b7]:main():gmm-acc-mllt.cc:114) Avg like per frame so far is -53.5831
LOG (gmm-acc-mllt[5.5.863~1-813b7]:main():gmm-acc-mllt.cc:108) Average like for this file is -60.0572 over 462 frames.
LOG (gmm-acc-mllt[5.5.863~1-813b7]:main():gmm-acc-mllt.cc:108) Average like for this file is -54.0411 over 226 frames.
LOG (gmm-acc-mllt[5.5.863~1-813b7]:main():gmm-acc-mllt.cc:108) Average like for this file is -59.6454 over 410 frames.
LOG (gmm-acc-mllt[5.5.863~1-813b7]:main():gmm-acc-mllt.cc:108) Average like for this file is -62.8916 over 221 frames.
LOG (gmm-acc-mllt[5.5.863~1-813b7]:main():gmm-acc-mllt.cc:108) Average like for this file is -58.1662 over 264 frames.
LOG (gmm-acc-mllt[5.5.863~1-813b7]:main():gmm-acc-mllt.cc:108) Average like for this file is -52.4984 over 302 frames.
LOG (gmm-acc-mllt[5.5.863~1-813b7]:main():gmm-acc-mllt.cc:108) Average like for this file is -57.1785 over 339 frames.
LOG (gmm-acc-mllt[5.5.863~1-813b7]:main():gmm-acc-mllt.cc:108) Average like for this file is -61.0255 over 264 frames.
LOG (gmm-acc-mllt[5.5.863~1-813b7]:main():gmm-acc-mllt.cc:108) Average like for this file is -54.5328 over 335 frames.
LOG (gmm-acc-mllt[5.5.863~1-813b7]:main():gmm-acc-mllt.cc:108) Average like for this file is -57.2249 over 311 frames.
LOG (gmm-acc-mllt[5.5.863~1-813b7]:main():gmm-acc-mllt.cc:114) Avg like per frame so far is -54.498
LOG (gmm-acc-mllt[5.5.863~1-813b7]:main():gmm-acc-mllt.cc:108) Average like for this file is -54.1736 over 217 frames.
LOG (gmm-acc-mllt[5.5.863~1-813b7]:main():gmm-acc-mllt.cc:108) Average like for this file is -55.9406 over 304 frames.
LOG (gmm-acc-mllt[5.5.863~1-813b7]:main():gmm-acc-mllt.cc:108) Average like for this file is -56.6628 over 310 frames.
LOG (gmm-acc-mllt[5.5.863~1-813b7]:main():gmm-acc-mllt.cc:108) Average like for this file is -53.3757 over 248 frames.
LOG (gmm-acc-mllt[5.5.863~1-813b7]:main():gmm-acc-mllt.cc:108) Average like for this file is -55.9988 over 262 frames.
LOG (gmm-acc-mllt[5.5.863~1-813b7]:main():gmm-acc-mllt.cc:108) Average like for this file is -53.7419 over 286 frames.
LOG (gmm-acc-mllt[5.5.863~1-813b7]:main():gmm-acc-mllt.cc:108) Average like for this file is -54.0775 over 246 frames.
LOG (gmm-acc-mllt[5.5.863~1-813b7]:main():gmm-acc-mllt.cc:108) Average like for this file is -51.7956 over 212 frames.
LOG (gmm-acc-mllt[5.5.863~1-813b7]:main():gmm-acc-mllt.cc:108) Average like for this file is -54.0765 over 374 frames.
LOG (gmm-acc-mllt[5.5.863~1-813b7]:main():gmm-acc-mllt.cc:108) Average like for this file is -52.5167 over 305 frames.
LOG (gmm-acc-mllt[5.5.863~1-813b7]:main():gmm-acc-mllt.cc:114) Avg like per frame so far is -54.4688
LOG (gmm-acc-mllt[5.5.863~1-813b7]:main():gmm-acc-mllt.cc:108) Average like for this file is -54.0884 over 251 frames.
LOG (gmm-acc-mllt[5.5.863~1-813b7]:main():gmm-acc-mllt.cc:108) Average like for this file is -50.9137 over 419 frames.
LOG (gmm-acc-mllt[5.5.863~1-813b7]:main():gmm-acc-mllt.cc:108) Average like for this file is -49.089 over 175 frames.
LOG (gmm-acc-mllt[5.5.863~1-813b7]:main():gmm-acc-mllt.cc:108) Average like for this file is -52.0688 over 205 frames.
LOG (gmm-acc-mllt[5.5.863~1-813b7]:main():gmm-acc-mllt.cc:108) Average like for this file is -54.0403 over 232 frames.
LOG (gmm-acc-mllt[5.5.863~1-813b7]:main():gmm-acc-mllt.cc:108) Average like for this file is -54.3914 over 330 frames.
LOG (gmm-acc-mllt[5.5.863~1-813b7]:main():gmm-acc-mllt.cc:108) Average like for this file is -58.2226 over 329 frames.
LOG (gmm-acc-mllt[5.5.863~1-813b7]:main():gmm-acc-mllt.cc:108) Average like for this file is -54.7997 over 202 frames.
LOG (gmm-acc-mllt[5.5.863~1-813b7]:main():gmm-acc-mllt.cc:108) Average like for this file is -55.053 over 227 frames.
LOG (gmm-acc-mllt[5.5.863~1-813b7]:main():gmm-acc-mllt.cc:108) Average like for this file is -51.5324 over 296 frames.
LOG (gmm-acc-mllt[5.5.863~1-813b7]:main():gmm-acc-mllt.cc:114) Avg like per frame so far is -54.3386
LOG (gmm-acc-mllt[5.5.863~1-813b7]:main():gmm-acc-mllt.cc:108) Average like for this file is -55.5347 over 318 frames.
LOG (gmm-acc-mllt[5.5.863~1-813b7]:main():gmm-acc-mllt.cc:108) Average like for this file is -56.5691 over 242 frames.
LOG (gmm-acc-mllt[5.5.863~1-813b7]:main():gmm-acc-mllt.cc:108) Average like for this file is -55.3112 over 256 frames.
LOG (gmm-acc-mllt[5.5.863~1-813b7]:main():gmm-acc-mllt.cc:108) Average like for this file is -56.015 over 291 frames.
LOG (gmm-acc-mllt[5.5.863~1-813b7]:main():gmm-acc-mllt.cc:108) Average like for this file is -57.7476 over 370 frames.
LOG (gmm-acc-mllt[5.5.863~1-813b7]:main():gmm-acc-mllt.cc:108) Average like for this file is -57.264 over 264 frames.
LOG (gmm-acc-mllt[5.5.863~1-813b7]:main():gmm-acc-mllt.cc:108) Average like for this file is -61.6508 over 372 frames.
LOG (gmm-acc-mllt[5.5.863~1-813b7]:main():gmm-acc-mllt.cc:108) Average like for this file is -62.0905 over 322 frames.
LOG (gmm-acc-mllt[5.5.863~1-813b7]:main():gmm-acc-mllt.cc:108) Average like for this file is -54.3131 over 427 frames.
LOG (gmm-acc-mllt[5.5.863~1-813b7]:main():gmm-acc-mllt.cc:108) Average like for this file is -53.9143 over 227 frames.
LOG (gmm-acc-mllt[5.5.863~1-813b7]:main():gmm-acc-mllt.cc:114) Avg like per frame so far is -54.7229
LOG (gmm-acc-mllt[5.5.863~1-813b7]:main():gmm-acc-mllt.cc:108) Average like for this file is -57.0306 over 196 frames.
LOG (gmm-acc-mllt[5.5.863~1-813b7]:main():gmm-acc-mllt.cc:108) Average like for this file is -55.5471 over 253 frames.
LOG (gmm-acc-mllt[5.5.863~1-813b7]:main():gmm-acc-mllt.cc:108) Average like for this file is -55.4835 over 211 frames.
LOG (gmm-acc-mllt[5.5.863~1-813b7]:main():gmm-acc-mllt.cc:108) Average like for this file is -60.2579 over 332 frames.
LOG (gmm-acc-mllt[5.5.863~1-813b7]:main():gmm-acc-mllt.cc:108) Average like for this file is -57.6906 over 264 frames.
LOG (gmm-acc-mllt[5.5.863~1-813b7]:main():gmm-acc-mllt.cc:108) Average like for this file is -57.9669 over 215 frames.
LOG (gmm-acc-mllt[5.5.863~1-813b7]:main():gmm-acc-mllt.cc:108) Average like for this file is -60.9764 over 299 frames.
LOG (gmm-acc-mllt[5.5.863~1-813b7]:main():gmm-acc-mllt.cc:108) Average like for this file is -65.1101 over 185 frames.
LOG (gmm-acc-mllt[5.5.863~1-813b7]:main():gmm-acc-mllt.cc:108) Average like for this file is -55.4988 over 165 frames.
LOG (gmm-acc-mllt[5.5.863~1-813b7]:main():gmm-acc-mllt.cc:108) Average like for this file is -57.7543 over 276 frames.
LOG (gmm-acc-mllt[5.5.863~1-813b7]:main():gmm-acc-mllt.cc:114) Avg like per frame so far is -55.0747
LOG (gmm-acc-mllt[5.5.863~1-813b7]:main():gmm-acc-mllt.cc:108) Average like for this file is -60.1003 over 359 frames.
LOG (gmm-acc-mllt[5.5.863~1-813b7]:main():gmm-acc-mllt.cc:108) Average like for this file is -58.8728 over 356 frames.
LOG (gmm-acc-mllt[5.5.863~1-813b7]:main():gmm-acc-mllt.cc:108) Average like for this file is -55.976 over 350 frames.
LOG (gmm-acc-mllt[5.5.863~1-813b7]:main():gmm-acc-mllt.cc:108) Average like for this file is -59.4879 over 253 frames.
LOG (gmm-acc-mllt[5.5.863~1-813b7]:main():gmm-acc-mllt.cc:108) Average like for this file is -62.8046 over 226 frames.
LOG (ali-to-post[5.5.863~1-813b7]:main():ali-to-post.cc:73) Converted 120 alignments.
LOG (gmm-acc-mllt[5.5.863~1-813b7]:main():gmm-acc-mllt.cc:108) Average like for this file is -56.074 over 406 frames.
LOG (gmm-acc-mllt[5.5.863~1-813b7]:main():gmm-acc-mllt.cc:108) Average like for this file is -52.814 over 436 frames.
LOG (gmm-acc-mllt[5.5.863~1-813b7]:main():gmm-acc-mllt.cc:108) Average like for this file is -52.8897 over 284 frames.
LOG (gmm-acc-mllt[5.5.863~1-813b7]:main():gmm-acc-mllt.cc:108) Average like for this file is -45.2922 over 273 frames.
LOG (gmm-acc-mllt[5.5.863~1-813b7]:main():gmm-acc-mllt.cc:108) Average like for this file is -49.2092 over 364 frames.
LOG (gmm-acc-mllt[5.5.863~1-813b7]:main():gmm-acc-mllt.cc:114) Avg like per frame so far is -55.0862
LOG (gmm-acc-mllt[5.5.863~1-813b7]:main():gmm-acc-mllt.cc:108) Average like for this file is -51.2913 over 284 frames.
LOG (gmm-acc-mllt[5.5.863~1-813b7]:main():gmm-acc-mllt.cc:108) Average like for this file is -50.5659 over 460 frames.
LOG (gmm-acc-mllt[5.5.863~1-813b7]:main():gmm-acc-mllt.cc:108) Average like for this file is -53.1964 over 206 frames.
LOG (gmm-acc-mllt[5.5.863~1-813b7]:main():gmm-acc-mllt.cc:108) Average like for this file is -54.2781 over 252 frames.
LOG (gmm-acc-mllt[5.5.863~1-813b7]:main():gmm-acc-mllt.cc:108) Average like for this file is -54.4976 over 480 frames.
LOG (gmm-acc-mllt[5.5.863~1-813b7]:main():gmm-acc-mllt.cc:108) Average like for this file is -52.7595 over 340 frames.
LOG (gmm-acc-mllt[5.5.863~1-813b7]:main():gmm-acc-mllt.cc:108) Average like for this file is -56.5948 over 156 frames.
LOG (gmm-acc-mllt[5.5.863~1-813b7]:main():gmm-acc-mllt.cc:108) Average like for this file is -52.3102 over 325 frames.
LOG (gmm-acc-mllt[5.5.863~1-813b7]:main():gmm-acc-mllt.cc:108) Average like for this file is -53.8437 over 243 frames.
LOG (weight-silence-post[5.5.863~1-813b7]:main():weight-silence-post.cc:95) Done 120 posteriors.
LOG (gmm-acc-mllt[5.5.863~1-813b7]:main():gmm-acc-mllt.cc:108) Average like for this file is -54.0578 over 286 frames.
LOG (gmm-acc-mllt[5.5.863~1-813b7]:main():gmm-acc-mllt.cc:114) Avg like per frame so far is -54.8938
LOG (gmm-acc-mllt[5.5.863~1-813b7]:main():gmm-acc-mllt.cc:108) Average like for this file is -55.2881 over 416 frames.
LOG (gmm-acc-mllt[5.5.863~1-813b7]:main():gmm-acc-mllt.cc:108) Average like for this file is -55.5341 over 194 frames.
LOG (gmm-acc-mllt[5.5.863~1-813b7]:main():gmm-acc-mllt.cc:108) Average like for this file is -53.4415 over 120 frames.
LOG (apply-cmvn[5.5.863~1-813b7]:main():apply-cmvn.cc:162) Applied cepstral mean normalization to 120 utterances, errors on 0
LOG (gmm-acc-mllt[5.5.863~1-813b7]:main():gmm-acc-mllt.cc:108) Average like for this file is -59.2068 over 273 frames.
LOG (gmm-acc-mllt[5.5.863~1-813b7]:main():gmm-acc-mllt.cc:108) Average like for this file is -55.1782 over 270 frames.
LOG (gmm-acc-mllt[5.5.863~1-813b7]:main():gmm-acc-mllt.cc:108) Average like for this file is -52.1949 over 321 frames.
LOG (gmm-acc-mllt[5.5.863~1-813b7]:main():gmm-acc-mllt.cc:108) Average like for this file is -54.2133 over 206 frames.
LOG (gmm-acc-mllt[5.5.863~1-813b7]:main():gmm-acc-mllt.cc:108) Average like for this file is -52.0022 over 240 frames.
LOG (transform-feats[5.5.863~1-813b7]:main():transform-feats.cc:158) Overall average [pseudo-]logdet is -89.438 over 38805 frames.
LOG (transform-feats[5.5.863~1-813b7]:main():transform-feats.cc:161) Applied transform to 120 utterances; 0 had errors.
LOG (gmm-acc-mllt[5.5.863~1-813b7]:main():gmm-acc-mllt.cc:108) Average like for this file is -53.7881 over 428 frames.
LOG (gmm-acc-mllt[5.5.863~1-813b7]:main():gmm-acc-mllt.cc:108) Average like for this file is -52.526 over 307 frames.
LOG (gmm-acc-mllt[5.5.863~1-813b7]:main():gmm-acc-mllt.cc:114) Avg like per frame so far is -54.8492
LOG (gmm-acc-mllt[5.5.863~1-813b7]:main():gmm-acc-mllt.cc:119) Done 120 files, 0 with no posteriors, 0 with other errors.
LOG (gmm-acc-mllt[5.5.863~1-813b7]:main():gmm-acc-mllt.cc:123) Overall avg like per frame (Gaussian only) = -54.8492 over 34407 frames.
LOG (gmm-acc-mllt[5.5.863~1-813b7]:main():gmm-acc-mllt.cc:127) Written accs.
# Accounting: time=1 threads=1
# Ended (code 0) at Wed Jan  6 01:34:04 EST 2021, elapsed time 1 seconds
