# ali-to-post "ark:gunzip -c exp/tri2/ali.26.gz|" ark:- | weight-silence-post 0.0 1 exp/tri2/6.mdl ark:- ark:- | gmm-acc-mllt --rand-prune=4.0 exp/tri2/6.mdl "ark,s,cs:apply-cmvn  --utt2spk=ark:data/train/split30/26/utt2spk scp:data/train/split30/26/cmvn.scp scp:data/train/split30/26/feats.scp ark:- | splice-feats --left-context=3 --right-context=3 ark:- ark:- | transform-feats exp/tri2/4.mat ark:- ark:- |" ark:- exp/tri2/6.26.macc 
# Started at Wed Jan  6 01:34:28 EST 2021
#
ali-to-post 'ark:gunzip -c exp/tri2/ali.26.gz|' ark:- 
weight-silence-post 0.0 1 exp/tri2/6.mdl ark:- ark:- 
gmm-acc-mllt --rand-prune=4.0 exp/tri2/6.mdl 'ark,s,cs:apply-cmvn  --utt2spk=ark:data/train/split30/26/utt2spk scp:data/train/split30/26/cmvn.scp scp:data/train/split30/26/feats.scp ark:- | splice-feats --left-context=3 --right-context=3 ark:- ark:- | transform-feats exp/tri2/4.mat ark:- ark:- |' ark:- exp/tri2/6.26.macc 
apply-cmvn --utt2spk=ark:data/train/split30/26/utt2spk scp:data/train/split30/26/cmvn.scp scp:data/train/split30/26/feats.scp ark:- 
splice-feats --left-context=3 --right-context=3 ark:- ark:- 
transform-feats exp/tri2/4.mat ark:- ark:- 
LOG (gmm-acc-mllt[5.5.863~1-813b7]:main():gmm-acc-mllt.cc:108) Average like for this file is -52.5208 over 354 frames.
LOG (gmm-acc-mllt[5.5.863~1-813b7]:main():gmm-acc-mllt.cc:108) Average like for this file is -51.0605 over 354 frames.
LOG (gmm-acc-mllt[5.5.863~1-813b7]:main():gmm-acc-mllt.cc:108) Average like for this file is -50.5764 over 271 frames.
LOG (gmm-acc-mllt[5.5.863~1-813b7]:main():gmm-acc-mllt.cc:108) Average like for this file is -52.6302 over 246 frames.
LOG (gmm-acc-mllt[5.5.863~1-813b7]:main():gmm-acc-mllt.cc:108) Average like for this file is -51.2333 over 208 frames.
LOG (gmm-acc-mllt[5.5.863~1-813b7]:main():gmm-acc-mllt.cc:108) Average like for this file is -52.42 over 258 frames.
LOG (gmm-acc-mllt[5.5.863~1-813b7]:main():gmm-acc-mllt.cc:108) Average like for this file is -53.6948 over 139 frames.
LOG (gmm-acc-mllt[5.5.863~1-813b7]:main():gmm-acc-mllt.cc:108) Average like for this file is -48.5666 over 180 frames.
LOG (gmm-acc-mllt[5.5.863~1-813b7]:main():gmm-acc-mllt.cc:108) Average like for this file is -48.8307 over 443 frames.
LOG (gmm-acc-mllt[5.5.863~1-813b7]:main():gmm-acc-mllt.cc:108) Average like for this file is -49.6089 over 162 frames.
LOG (gmm-acc-mllt[5.5.863~1-813b7]:main():gmm-acc-mllt.cc:114) Avg like per frame so far is -51.0042
LOG (gmm-acc-mllt[5.5.863~1-813b7]:main():gmm-acc-mllt.cc:108) Average like for this file is -48.8437 over 306 frames.
LOG (gmm-acc-mllt[5.5.863~1-813b7]:main():gmm-acc-mllt.cc:108) Average like for this file is -51.2722 over 426 frames.
LOG (gmm-acc-mllt[5.5.863~1-813b7]:main():gmm-acc-mllt.cc:108) Average like for this file is -52.0329 over 418 frames.
LOG (gmm-acc-mllt[5.5.863~1-813b7]:main():gmm-acc-mllt.cc:108) Average like for this file is -51.9524 over 331 frames.
LOG (gmm-acc-mllt[5.5.863~1-813b7]:main():gmm-acc-mllt.cc:108) Average like for this file is -48.1804 over 307 frames.
LOG (gmm-acc-mllt[5.5.863~1-813b7]:main():gmm-acc-mllt.cc:108) Average like for this file is -49.6706 over 268 frames.
LOG (gmm-acc-mllt[5.5.863~1-813b7]:main():gmm-acc-mllt.cc:108) Average like for this file is -53.627 over 360 frames.
LOG (gmm-acc-mllt[5.5.863~1-813b7]:main():gmm-acc-mllt.cc:108) Average like for this file is -57.3984 over 362 frames.
LOG (gmm-acc-mllt[5.5.863~1-813b7]:main():gmm-acc-mllt.cc:108) Average like for this file is -57.2386 over 204 frames.
LOG (gmm-acc-mllt[5.5.863~1-813b7]:main():gmm-acc-mllt.cc:108) Average like for this file is -55.0475 over 273 frames.
LOG (gmm-acc-mllt[5.5.863~1-813b7]:main():gmm-acc-mllt.cc:114) Avg like per frame so far is -51.7891
LOG (gmm-acc-mllt[5.5.863~1-813b7]:main():gmm-acc-mllt.cc:108) Average like for this file is -57.9221 over 171 frames.
LOG (gmm-acc-mllt[5.5.863~1-813b7]:main():gmm-acc-mllt.cc:108) Average like for this file is -58.239 over 136 frames.
LOG (gmm-acc-mllt[5.5.863~1-813b7]:main():gmm-acc-mllt.cc:108) Average like for this file is -57.7145 over 175 frames.
LOG (gmm-acc-mllt[5.5.863~1-813b7]:main():gmm-acc-mllt.cc:108) Average like for this file is -55.965 over 236 frames.
LOG (gmm-acc-mllt[5.5.863~1-813b7]:main():gmm-acc-mllt.cc:108) Average like for this file is -50.7509 over 302 frames.
LOG (gmm-acc-mllt[5.5.863~1-813b7]:main():gmm-acc-mllt.cc:108) Average like for this file is -52.6027 over 141 frames.
LOG (gmm-acc-mllt[5.5.863~1-813b7]:main():gmm-acc-mllt.cc:108) Average like for this file is -50.7944 over 193 frames.
LOG (gmm-acc-mllt[5.5.863~1-813b7]:main():gmm-acc-mllt.cc:108) Average like for this file is -46.047 over 200 frames.
LOG (gmm-acc-mllt[5.5.863~1-813b7]:main():gmm-acc-mllt.cc:108) Average like for this file is -51.1233 over 255 frames.
LOG (gmm-acc-mllt[5.5.863~1-813b7]:main():gmm-acc-mllt.cc:108) Average like for this file is -52.1594 over 358 frames.
LOG (gmm-acc-mllt[5.5.863~1-813b7]:main():gmm-acc-mllt.cc:114) Avg like per frame so far is -52.0842
LOG (gmm-acc-mllt[5.5.863~1-813b7]:main():gmm-acc-mllt.cc:108) Average like for this file is -48.343 over 227 frames.
LOG (gmm-acc-mllt[5.5.863~1-813b7]:main():gmm-acc-mllt.cc:108) Average like for this file is -50.3567 over 183 frames.
LOG (gmm-acc-mllt[5.5.863~1-813b7]:main():gmm-acc-mllt.cc:108) Average like for this file is -52.8662 over 467 frames.
LOG (gmm-acc-mllt[5.5.863~1-813b7]:main():gmm-acc-mllt.cc:108) Average like for this file is -51.0638 over 285 frames.
LOG (gmm-acc-mllt[5.5.863~1-813b7]:main():gmm-acc-mllt.cc:108) Average like for this file is -50.49 over 465 frames.
LOG (gmm-acc-mllt[5.5.863~1-813b7]:main():gmm-acc-mllt.cc:108) Average like for this file is -50.2051 over 332 frames.
LOG (gmm-acc-mllt[5.5.863~1-813b7]:main():gmm-acc-mllt.cc:108) Average like for this file is -50.1524 over 225 frames.
LOG (gmm-acc-mllt[5.5.863~1-813b7]:main():gmm-acc-mllt.cc:108) Average like for this file is -52.3272 over 225 frames.
LOG (gmm-acc-mllt[5.5.863~1-813b7]:main():gmm-acc-mllt.cc:108) Average like for this file is -48.8115 over 265 frames.
LOG (gmm-acc-mllt[5.5.863~1-813b7]:main():gmm-acc-mllt.cc:108) Average like for this file is -51.6532 over 276 frames.
LOG (gmm-acc-mllt[5.5.863~1-813b7]:main():gmm-acc-mllt.cc:114) Avg like per frame so far is -51.7363
LOG (gmm-acc-mllt[5.5.863~1-813b7]:main():gmm-acc-mllt.cc:108) Average like for this file is -48.4429 over 491 frames.
LOG (gmm-acc-mllt[5.5.863~1-813b7]:main():gmm-acc-mllt.cc:108) Average like for this file is -49.394 over 302 frames.
LOG (gmm-acc-mllt[5.5.863~1-813b7]:main():gmm-acc-mllt.cc:108) Average like for this file is -47.1926 over 241 frames.
LOG (gmm-acc-mllt[5.5.863~1-813b7]:main():gmm-acc-mllt.cc:108) Average like for this file is -46.0492 over 301 frames.
LOG (gmm-acc-mllt[5.5.863~1-813b7]:main():gmm-acc-mllt.cc:108) Average like for this file is -48.3698 over 344 frames.
LOG (gmm-acc-mllt[5.5.863~1-813b7]:main():gmm-acc-mllt.cc:108) Average like for this file is -49.7653 over 353 frames.
LOG (gmm-acc-mllt[5.5.863~1-813b7]:main():gmm-acc-mllt.cc:108) Average like for this file is -52.3842 over 293 frames.
LOG (gmm-acc-mllt[5.5.863~1-813b7]:main():gmm-acc-mllt.cc:108) Average like for this file is -46.4129 over 279 frames.
LOG (gmm-acc-mllt[5.5.863~1-813b7]:main():gmm-acc-mllt.cc:108) Average like for this file is -53.753 over 457 frames.
LOG (gmm-acc-mllt[5.5.863~1-813b7]:main():gmm-acc-mllt.cc:108) Average like for this file is -55.1003 over 267 frames.
LOG (gmm-acc-mllt[5.5.863~1-813b7]:main():gmm-acc-mllt.cc:114) Avg like per frame so far is -51.285
LOG (gmm-acc-mllt[5.5.863~1-813b7]:main():gmm-acc-mllt.cc:108) Average like for this file is -51.7979 over 283 frames.
LOG (gmm-acc-mllt[5.5.863~1-813b7]:main():gmm-acc-mllt.cc:108) Average like for this file is -50.6255 over 259 frames.
LOG (gmm-acc-mllt[5.5.863~1-813b7]:main():gmm-acc-mllt.cc:108) Average like for this file is -49.7037 over 150 frames.
LOG (gmm-acc-mllt[5.5.863~1-813b7]:main():gmm-acc-mllt.cc:108) Average like for this file is -50.6984 over 266 frames.
LOG (gmm-acc-mllt[5.5.863~1-813b7]:main():gmm-acc-mllt.cc:108) Average like for this file is -50.0835 over 328 frames.
LOG (gmm-acc-mllt[5.5.863~1-813b7]:main():gmm-acc-mllt.cc:108) Average like for this file is -52.912 over 240 frames.
LOG (gmm-acc-mllt[5.5.863~1-813b7]:main():gmm-acc-mllt.cc:108) Average like for this file is -48.6841 over 439 frames.
LOG (gmm-acc-mllt[5.5.863~1-813b7]:main():gmm-acc-mllt.cc:108) Average like for this file is -44.9914 over 356 frames.
LOG (gmm-acc-mllt[5.5.863~1-813b7]:main():gmm-acc-mllt.cc:108) Average like for this file is -50.4787 over 257 frames.
LOG (gmm-acc-mllt[5.5.863~1-813b7]:main():gmm-acc-mllt.cc:108) Average like for this file is -48.8607 over 280 frames.
LOG (gmm-acc-mllt[5.5.863~1-813b7]:main():gmm-acc-mllt.cc:114) Avg like per frame so far is -51.0118
LOG (gmm-acc-mllt[5.5.863~1-813b7]:main():gmm-acc-mllt.cc:108) Average like for this file is -48.1048 over 273 frames.
LOG (gmm-acc-mllt[5.5.863~1-813b7]:main():gmm-acc-mllt.cc:108) Average like for this file is -47.3368 over 246 frames.
LOG (gmm-acc-mllt[5.5.863~1-813b7]:main():gmm-acc-mllt.cc:108) Average like for this file is -47.0693 over 322 frames.
LOG (gmm-acc-mllt[5.5.863~1-813b7]:main():gmm-acc-mllt.cc:108) Average like for this file is -48.1311 over 292 frames.
LOG (gmm-acc-mllt[5.5.863~1-813b7]:main():gmm-acc-mllt.cc:108) Average like for this file is -49.5465 over 200 frames.
LOG (gmm-acc-mllt[5.5.863~1-813b7]:main():gmm-acc-mllt.cc:108) Average like for this file is -57.8951 over 206 frames.
LOG (gmm-acc-mllt[5.5.863~1-813b7]:main():gmm-acc-mllt.cc:108) Average like for this file is -55.6747 over 450 frames.
LOG (gmm-acc-mllt[5.5.863~1-813b7]:main():gmm-acc-mllt.cc:108) Average like for this file is -58.3413 over 384 frames.
LOG (gmm-acc-mllt[5.5.863~1-813b7]:main():gmm-acc-mllt.cc:108) Average like for this file is -57.1553 over 384 frames.
LOG (gmm-acc-mllt[5.5.863~1-813b7]:main():gmm-acc-mllt.cc:108) Average like for this file is -54.6887 over 259 frames.
LOG (gmm-acc-mllt[5.5.863~1-813b7]:main():gmm-acc-mllt.cc:114) Avg like per frame so far is -51.2863
LOG (gmm-acc-mllt[5.5.863~1-813b7]:main():gmm-acc-mllt.cc:108) Average like for this file is -56.5624 over 301 frames.
LOG (gmm-acc-mllt[5.5.863~1-813b7]:main():gmm-acc-mllt.cc:108) Average like for this file is -58.4358 over 333 frames.
LOG (gmm-acc-mllt[5.5.863~1-813b7]:main():gmm-acc-mllt.cc:108) Average like for this file is -49.574 over 236 frames.
LOG (gmm-acc-mllt[5.5.863~1-813b7]:main():gmm-acc-mllt.cc:108) Average like for this file is -54.5091 over 188 frames.
LOG (gmm-acc-mllt[5.5.863~1-813b7]:main():gmm-acc-mllt.cc:108) Average like for this file is -54.0296 over 226 frames.
LOG (gmm-acc-mllt[5.5.863~1-813b7]:main():gmm-acc-mllt.cc:108) Average like for this file is -50.8871 over 197 frames.
LOG (gmm-acc-mllt[5.5.863~1-813b7]:main():gmm-acc-mllt.cc:108) Average like for this file is -54.8669 over 221 frames.
LOG (gmm-acc-mllt[5.5.863~1-813b7]:main():gmm-acc-mllt.cc:108) Average like for this file is -54.0993 over 223 frames.
LOG (gmm-acc-mllt[5.5.863~1-813b7]:main():gmm-acc-mllt.cc:108) Average like for this file is -55.5628 over 309 frames.
LOG (gmm-acc-mllt[5.5.863~1-813b7]:main():gmm-acc-mllt.cc:108) Average like for this file is -53.9459 over 272 frames.
LOG (gmm-acc-mllt[5.5.863~1-813b7]:main():gmm-acc-mllt.cc:114) Avg like per frame so far is -51.6465
LOG (gmm-acc-mllt[5.5.863~1-813b7]:main():gmm-acc-mllt.cc:108) Average like for this file is -50.7899 over 220 frames.
LOG (gmm-acc-mllt[5.5.863~1-813b7]:main():gmm-acc-mllt.cc:108) Average like for this file is -47.8501 over 313 frames.
LOG (gmm-acc-mllt[5.5.863~1-813b7]:main():gmm-acc-mllt.cc:108) Average like for this file is -53.6223 over 244 frames.
LOG (gmm-acc-mllt[5.5.863~1-813b7]:main():gmm-acc-mllt.cc:108) Average like for this file is -48.8829 over 255 frames.
LOG (gmm-acc-mllt[5.5.863~1-813b7]:main():gmm-acc-mllt.cc:108) Average like for this file is -47.0463 over 197 frames.
LOG (gmm-acc-mllt[5.5.863~1-813b7]:main():gmm-acc-mllt.cc:108) Average like for this file is -51.2903 over 296 frames.
LOG (gmm-acc-mllt[5.5.863~1-813b7]:main():gmm-acc-mllt.cc:108) Average like for this file is -51.6462 over 336 frames.
LOG (gmm-acc-mllt[5.5.863~1-813b7]:main():gmm-acc-mllt.cc:108) Average like for this file is -52.4173 over 217 frames.
LOG (gmm-acc-mllt[5.5.863~1-813b7]:main():gmm-acc-mllt.cc:108) Average like for this file is -50.6283 over 403 frames.
LOG (gmm-acc-mllt[5.5.863~1-813b7]:main():gmm-acc-mllt.cc:108) Average like for this file is -45.8447 over 151 frames.
LOG (gmm-acc-mllt[5.5.863~1-813b7]:main():gmm-acc-mllt.cc:114) Avg like per frame so far is -51.4992
LOG (gmm-acc-mllt[5.5.863~1-813b7]:main():gmm-acc-mllt.cc:108) Average like for this file is -50.698 over 265 frames.
LOG (gmm-acc-mllt[5.5.863~1-813b7]:main():gmm-acc-mllt.cc:108) Average like for this file is -51.7915 over 241 frames.
LOG (gmm-acc-mllt[5.5.863~1-813b7]:main():gmm-acc-mllt.cc:108) Average like for this file is -50.6257 over 120 frames.
LOG (gmm-acc-mllt[5.5.863~1-813b7]:main():gmm-acc-mllt.cc:108) Average like for this file is -46.6148 over 191 frames.
LOG (gmm-acc-mllt[5.5.863~1-813b7]:main():gmm-acc-mllt.cc:108) Average like for this file is -53.6423 over 296 frames.
LOG (gmm-acc-mllt[5.5.863~1-813b7]:main():gmm-acc-mllt.cc:108) Average like for this file is -51.258 over 255 frames.
LOG (gmm-acc-mllt[5.5.863~1-813b7]:main():gmm-acc-mllt.cc:108) Average like for this file is -52.415 over 203 frames.
LOG (ali-to-post[5.5.863~1-813b7]:main():ali-to-post.cc:73) Converted 128 alignments.
LOG (gmm-acc-mllt[5.5.863~1-813b7]:main():gmm-acc-mllt.cc:108) Average like for this file is -52.1082 over 436 frames.
LOG (gmm-acc-mllt[5.5.863~1-813b7]:main():gmm-acc-mllt.cc:108) Average like for this file is -52.8107 over 386 frames.
LOG (gmm-acc-mllt[5.5.863~1-813b7]:main():gmm-acc-mllt.cc:108) Average like for this file is -52.0258 over 244 frames.
LOG (gmm-acc-mllt[5.5.863~1-813b7]:main():gmm-acc-mllt.cc:114) Avg like per frame so far is -51.5164
LOG (gmm-acc-mllt[5.5.863~1-813b7]:main():gmm-acc-mllt.cc:108) Average like for this file is -51.6561 over 246 frames.
LOG (gmm-acc-mllt[5.5.863~1-813b7]:main():gmm-acc-mllt.cc:108) Average like for this file is -50.3361 over 236 frames.
LOG (gmm-acc-mllt[5.5.863~1-813b7]:main():gmm-acc-mllt.cc:108) Average like for this file is -52.6485 over 245 frames.
LOG (gmm-acc-mllt[5.5.863~1-813b7]:main():gmm-acc-mllt.cc:108) Average like for this file is -54.392 over 288 frames.
LOG (gmm-acc-mllt[5.5.863~1-813b7]:main():gmm-acc-mllt.cc:108) Average like for this file is -51.4551 over 216 frames.
LOG (gmm-acc-mllt[5.5.863~1-813b7]:main():gmm-acc-mllt.cc:108) Average like for this file is -51.4941 over 126 frames.
LOG (gmm-acc-mllt[5.5.863~1-813b7]:main():gmm-acc-mllt.cc:108) Average like for this file is -52.0869 over 208 frames.
LOG (gmm-acc-mllt[5.5.863~1-813b7]:main():gmm-acc-mllt.cc:108) Average like for this file is -52.7459 over 275 frames.
LOG (gmm-acc-mllt[5.5.863~1-813b7]:main():gmm-acc-mllt.cc:108) Average like for this file is -51.4569 over 231 frames.
LOG (gmm-acc-mllt[5.5.863~1-813b7]:main():gmm-acc-mllt.cc:108) Average like for this file is -49.2455 over 321 frames.
LOG (gmm-acc-mllt[5.5.863~1-813b7]:main():gmm-acc-mllt.cc:114) Avg like per frame so far is -51.5348
LOG (gmm-acc-mllt[5.5.863~1-813b7]:main():gmm-acc-mllt.cc:108) Average like for this file is -51.0415 over 254 frames.
LOG (gmm-acc-mllt[5.5.863~1-813b7]:main():gmm-acc-mllt.cc:108) Average like for this file is -53.4758 over 133 frames.
LOG (gmm-acc-mllt[5.5.863~1-813b7]:main():gmm-acc-mllt.cc:108) Average like for this file is -53.2078 over 506 frames.
LOG (weight-silence-post[5.5.863~1-813b7]:main():weight-silence-post.cc:95) Done 128 posteriors.
LOG (gmm-acc-mllt[5.5.863~1-813b7]:main():gmm-acc-mllt.cc:108) Average like for this file is -47.8719 over 349 frames.
LOG (gmm-acc-mllt[5.5.863~1-813b7]:main():gmm-acc-mllt.cc:108) Average like for this file is -53.237 over 408 frames.
LOG (gmm-acc-mllt[5.5.863~1-813b7]:main():gmm-acc-mllt.cc:108) Average like for this file is -48.7474 over 228 frames.
LOG (gmm-acc-mllt[5.5.863~1-813b7]:main():gmm-acc-mllt.cc:108) Average like for this file is -50.7042 over 315 frames.
LOG (gmm-acc-mllt[5.5.863~1-813b7]:main():gmm-acc-mllt.cc:108) Average like for this file is -48.7562 over 241 frames.
LOG (gmm-acc-mllt[5.5.863~1-813b7]:main():gmm-acc-mllt.cc:108) Average like for this file is -51.9171 over 251 frames.
LOG (apply-cmvn[5.5.863~1-813b7]:main():apply-cmvn.cc:162) Applied cepstral mean normalization to 128 utterances, errors on 0
LOG (gmm-acc-mllt[5.5.863~1-813b7]:main():gmm-acc-mllt.cc:108) Average like for this file is -52.2796 over 253 frames.
LOG (gmm-acc-mllt[5.5.863~1-813b7]:main():gmm-acc-mllt.cc:114) Avg like per frame so far is -51.5082
LOG (gmm-acc-mllt[5.5.863~1-813b7]:main():gmm-acc-mllt.cc:108) Average like for this file is -51.8127 over 188 frames.
LOG (gmm-acc-mllt[5.5.863~1-813b7]:main():gmm-acc-mllt.cc:108) Average like for this file is -56.3032 over 212 frames.
LOG (gmm-acc-mllt[5.5.863~1-813b7]:main():gmm-acc-mllt.cc:108) Average like for this file is -55.6838 over 180 frames.
LOG (gmm-acc-mllt[5.5.863~1-813b7]:main():gmm-acc-mllt.cc:108) Average like for this file is -54.8677 over 274 frames.
LOG (gmm-acc-mllt[5.5.863~1-813b7]:main():gmm-acc-mllt.cc:108) Average like for this file is -51.3234 over 169 frames.
LOG (gmm-acc-mllt[5.5.863~1-813b7]:main():gmm-acc-mllt.cc:108) Average like for this file is -52.2077 over 194 frames.
LOG (transform-feats[5.5.863~1-813b7]:main():transform-feats.cc:158) Overall average [pseudo-]logdet is -88.9069 over 39121 frames.
LOG (transform-feats[5.5.863~1-813b7]:main():transform-feats.cc:161) Applied transform to 128 utterances; 0 had errors.
LOG (gmm-acc-mllt[5.5.863~1-813b7]:main():gmm-acc-mllt.cc:108) Average like for this file is -55.055 over 187 frames.
LOG (gmm-acc-mllt[5.5.863~1-813b7]:main():gmm-acc-mllt.cc:108) Average like for this file is -58.1741 over 161 frames.
LOG (gmm-acc-mllt[5.5.863~1-813b7]:main():gmm-acc-mllt.cc:119) Done 128 files, 0 with no posteriors, 0 with other errors.
LOG (gmm-acc-mllt[5.5.863~1-813b7]:main():gmm-acc-mllt.cc:123) Overall avg like per frame (Gaussian only) = -51.6397 over 34859 frames.
LOG (gmm-acc-mllt[5.5.863~1-813b7]:main():gmm-acc-mllt.cc:127) Written accs.
# Accounting: time=1 threads=1
# Ended (code 0) at Wed Jan  6 01:34:29 EST 2021, elapsed time 1 seconds
