# gmm-align-compiled --transition-scale=1.0 --acoustic-scale=0.1 --self-loop-scale=0.1 --beam=10 --retry-beam=40 --careful=false "gmm-boost-silence --boost=1.0 1 exp/mono/7.mdl - |" "ark:gunzip -c exp/mono/fsts.17.gz|" "ark,s,cs:apply-cmvn  --utt2spk=ark:data/train/split30/17/utt2spk scp:data/train/split30/17/cmvn.scp scp:data/train/split30/17/feats.scp ark:- | add-deltas  ark:- ark:- |" "ark,t:|gzip -c >exp/mono/ali.17.gz" 
# Started at Tue Jan  5 16:46:52 EST 2021
#
gmm-align-compiled --transition-scale=1.0 --acoustic-scale=0.1 --self-loop-scale=0.1 --beam=10 --retry-beam=40 --careful=false 'gmm-boost-silence --boost=1.0 1 exp/mono/7.mdl - |' 'ark:gunzip -c exp/mono/fsts.17.gz|' 'ark,s,cs:apply-cmvn  --utt2spk=ark:data/train/split30/17/utt2spk scp:data/train/split30/17/cmvn.scp scp:data/train/split30/17/feats.scp ark:- | add-deltas  ark:- ark:- |' 'ark,t:|gzip -c >exp/mono/ali.17.gz' 
gmm-boost-silence --boost=1.0 1 exp/mono/7.mdl - 
LOG (gmm-boost-silence[5.5.863~1-813b7]:main():gmm-boost-silence.cc:93) Boosted weights for 3 pdfs, by factor of 1
LOG (gmm-boost-silence[5.5.863~1-813b7]:main():gmm-boost-silence.cc:103) Wrote model to -
add-deltas ark:- ark:- 
apply-cmvn --utt2spk=ark:data/train/split30/17/utt2spk scp:data/train/split30/17/cmvn.scp scp:data/train/split30/17/feats.scp ark:- 
LOG (gmm-align-compiled[5.5.863~1-813b7]:main():gmm-align-compiled.cc:127) MHXL0_SI1772
LOG (gmm-align-compiled[5.5.863~1-813b7]:main():gmm-align-compiled.cc:127) MHXL0_SI512
LOG (gmm-align-compiled[5.5.863~1-813b7]:main():gmm-align-compiled.cc:127) MHXL0_SI612
LOG (gmm-align-compiled[5.5.863~1-813b7]:main():gmm-align-compiled.cc:127) MHXL0_SX152
LOG (gmm-align-compiled[5.5.863~1-813b7]:main():gmm-align-compiled.cc:127) MHXL0_SX242
LOG (gmm-align-compiled[5.5.863~1-813b7]:main():gmm-align-compiled.cc:127) MHXL0_SX332
LOG (gmm-align-compiled[5.5.863~1-813b7]:main():gmm-align-compiled.cc:127) MHXL0_SX422
LOG (gmm-align-compiled[5.5.863~1-813b7]:main():gmm-align-compiled.cc:127) MHXL0_SX62
LOG (gmm-align-compiled[5.5.863~1-813b7]:main():gmm-align-compiled.cc:127) MILB0_SI2163
LOG (gmm-align-compiled[5.5.863~1-813b7]:main():gmm-align-compiled.cc:127) MILB0_SI807
LOG (gmm-align-compiled[5.5.863~1-813b7]:main():gmm-align-compiled.cc:127) MILB0_SI903
LOG (gmm-align-compiled[5.5.863~1-813b7]:main():gmm-align-compiled.cc:127) MILB0_SX183
LOG (gmm-align-compiled[5.5.863~1-813b7]:main():gmm-align-compiled.cc:127) MILB0_SX273
LOG (gmm-align-compiled[5.5.863~1-813b7]:main():gmm-align-compiled.cc:127) MILB0_SX3
LOG (gmm-align-compiled[5.5.863~1-813b7]:main():gmm-align-compiled.cc:127) MILB0_SX363
LOG (gmm-align-compiled[5.5.863~1-813b7]:main():gmm-align-compiled.cc:127) MILB0_SX93
LOG (gmm-align-compiled[5.5.863~1-813b7]:main():gmm-align-compiled.cc:127) MJAC0_SI1331
LOG (gmm-align-compiled[5.5.863~1-813b7]:main():gmm-align-compiled.cc:127) MJAC0_SI2148
LOG (gmm-align-compiled[5.5.863~1-813b7]:main():gmm-align-compiled.cc:127) MJAC0_SI701
LOG (gmm-align-compiled[5.5.863~1-813b7]:main():gmm-align-compiled.cc:127) MJAC0_SX251
LOG (gmm-align-compiled[5.5.863~1-813b7]:main():gmm-align-compiled.cc:127) MJAC0_SX307
LOG (gmm-align-compiled[5.5.863~1-813b7]:main():gmm-align-compiled.cc:127) MJAC0_SX341
LOG (gmm-align-compiled[5.5.863~1-813b7]:main():gmm-align-compiled.cc:127) MJAC0_SX431
LOG (gmm-align-compiled[5.5.863~1-813b7]:main():gmm-align-compiled.cc:127) MJAC0_SX71
LOG (gmm-align-compiled[5.5.863~1-813b7]:main():gmm-align-compiled.cc:127) MJAE0_SI1524
LOG (gmm-align-compiled[5.5.863~1-813b7]:main():gmm-align-compiled.cc:127) MJAE0_SI1999
LOG (gmm-align-compiled[5.5.863~1-813b7]:main():gmm-align-compiled.cc:127) MJAE0_SI2154
LOG (gmm-align-compiled[5.5.863~1-813b7]:main():gmm-align-compiled.cc:127) MJAE0_SX174
LOG (gmm-align-compiled[5.5.863~1-813b7]:main():gmm-align-compiled.cc:127) MJAE0_SX264
LOG (gmm-align-compiled[5.5.863~1-813b7]:main():gmm-align-compiled.cc:127) MJAE0_SX354
LOG (gmm-align-compiled[5.5.863~1-813b7]:main():gmm-align-compiled.cc:127) MJAE0_SX444
LOG (gmm-align-compiled[5.5.863~1-813b7]:main():gmm-align-compiled.cc:127) MJAE0_SX84
LOG (gmm-align-compiled[5.5.863~1-813b7]:main():gmm-align-compiled.cc:127) MJAI0_SI1604
LOG (gmm-align-compiled[5.5.863~1-813b7]:main():gmm-align-compiled.cc:127) MJAI0_SI682
LOG (gmm-align-compiled[5.5.863~1-813b7]:main():gmm-align-compiled.cc:127) MJAI0_SI710
LOG (gmm-align-compiled[5.5.863~1-813b7]:main():gmm-align-compiled.cc:127) MJAI0_SX164
LOG (gmm-align-compiled[5.5.863~1-813b7]:main():gmm-align-compiled.cc:127) MJAI0_SX254
LOG (gmm-align-compiled[5.5.863~1-813b7]:main():gmm-align-compiled.cc:127) MJAI0_SX344
LOG (gmm-align-compiled[5.5.863~1-813b7]:main():gmm-align-compiled.cc:127) MJAI0_SX434
LOG (gmm-align-compiled[5.5.863~1-813b7]:main():gmm-align-compiled.cc:127) MJAI0_SX74
LOG (gmm-align-compiled[5.5.863~1-813b7]:main():gmm-align-compiled.cc:127) MJBG0_SI1232
LOG (gmm-align-compiled[5.5.863~1-813b7]:main():gmm-align-compiled.cc:127) MJBG0_SI1724
LOG (gmm-align-compiled[5.5.863~1-813b7]:main():gmm-align-compiled.cc:127) MJBG0_SI1862
LOG (gmm-align-compiled[5.5.863~1-813b7]:main():gmm-align-compiled.cc:127) MJBG0_SX152
LOG (gmm-align-compiled[5.5.863~1-813b7]:main():gmm-align-compiled.cc:127) MJBG0_SX242
LOG (gmm-align-compiled[5.5.863~1-813b7]:main():gmm-align-compiled.cc:127) MJBG0_SX332
LOG (gmm-align-compiled[5.5.863~1-813b7]:main():gmm-align-compiled.cc:127) MJBG0_SX422
LOG (gmm-align-compiled[5.5.863~1-813b7]:main():gmm-align-compiled.cc:127) MJBG0_SX62
LOG (gmm-align-compiled[5.5.863~1-813b7]:main():gmm-align-compiled.cc:127) MJDA0_SI1031
LOG (gmm-align-compiled[5.5.863~1-813b7]:main():gmm-align-compiled.cc:127) MJDA0_SI1661
LOG (gmm-align-compiled[5.5.863~1-813b7]:main():gmm-align-compiled.cc:127) MJDA0_SI2291
LOG (gmm-align-compiled[5.5.863~1-813b7]:main():gmm-align-compiled.cc:127) MJDA0_SX131
LOG (gmm-align-compiled[5.5.863~1-813b7]:main():gmm-align-compiled.cc:127) MJDA0_SX221
LOG (gmm-align-compiled[5.5.863~1-813b7]:main():gmm-align-compiled.cc:127) MJDA0_SX311
LOG (gmm-align-compiled[5.5.863~1-813b7]:main():gmm-align-compiled.cc:127) MJDA0_SX401
LOG (gmm-align-compiled[5.5.863~1-813b7]:main():gmm-align-compiled.cc:127) MJDA0_SX41
LOG (gmm-align-compiled[5.5.863~1-813b7]:main():gmm-align-compiled.cc:127) MJDC0_SI1161
LOG (gmm-align-compiled[5.5.863~1-813b7]:main():gmm-align-compiled.cc:127) MJDC0_SI2165
LOG (gmm-align-compiled[5.5.863~1-813b7]:main():gmm-align-compiled.cc:127) MJDC0_SI531
LOG (gmm-align-compiled[5.5.863~1-813b7]:main():gmm-align-compiled.cc:127) MJDC0_SX171
LOG (gmm-align-compiled[5.5.863~1-813b7]:main():gmm-align-compiled.cc:127) MJDC0_SX261
LOG (gmm-align-compiled[5.5.863~1-813b7]:main():gmm-align-compiled.cc:127) MJDC0_SX351
LOG (gmm-align-compiled[5.5.863~1-813b7]:main():gmm-align-compiled.cc:127) MJDC0_SX441
LOG (gmm-align-compiled[5.5.863~1-813b7]:main():gmm-align-compiled.cc:127) MJDC0_SX81
LOG (gmm-align-compiled[5.5.863~1-813b7]:main():gmm-align-compiled.cc:127) MJDE0_SI1120
LOG (gmm-align-compiled[5.5.863~1-813b7]:main():gmm-align-compiled.cc:127) MJDE0_SI463
LOG (gmm-align-compiled[5.5.863~1-813b7]:main():gmm-align-compiled.cc:127) MJDE0_SI490
LOG (gmm-align-compiled[5.5.863~1-813b7]:main():gmm-align-compiled.cc:127) MJDE0_SX130
LOG (gmm-align-compiled[5.5.863~1-813b7]:main():gmm-align-compiled.cc:127) MJDE0_SX220
LOG (gmm-align-compiled[5.5.863~1-813b7]:main():gmm-align-compiled.cc:127) MJDE0_SX310
LOG (gmm-align-compiled[5.5.863~1-813b7]:main():gmm-align-compiled.cc:127) MJDE0_SX40
LOG (gmm-align-compiled[5.5.863~1-813b7]:main():gmm-align-compiled.cc:127) MJDE0_SX400
LOG (gmm-align-compiled[5.5.863~1-813b7]:main():gmm-align-compiled.cc:127) MJDG0_SI1042
LOG (gmm-align-compiled[5.5.863~1-813b7]:main():gmm-align-compiled.cc:127) MJDG0_SI1672
LOG (gmm-align-compiled[5.5.863~1-813b7]:main():gmm-align-compiled.cc:127) MJDG0_SI1705
LOG (gmm-align-compiled[5.5.863~1-813b7]:main():gmm-align-compiled.cc:127) MJDG0_SX142
LOG (gmm-align-compiled[5.5.863~1-813b7]:main():gmm-align-compiled.cc:127) MJDG0_SX232
LOG (gmm-align-compiled[5.5.863~1-813b7]:main():gmm-align-compiled.cc:127) MJDG0_SX322
LOG (gmm-align-compiled[5.5.863~1-813b7]:main():gmm-align-compiled.cc:127) MJDG0_SX412
LOG (gmm-align-compiled[5.5.863~1-813b7]:main():gmm-align-compiled.cc:127) MJDG0_SX52
LOG (gmm-align-compiled[5.5.863~1-813b7]:main():gmm-align-compiled.cc:127) MJDM0_SI1340
LOG (gmm-align-compiled[5.5.863~1-813b7]:main():gmm-align-compiled.cc:127) MJDM0_SI1937
LOG (gmm-align-compiled[5.5.863~1-813b7]:main():gmm-align-compiled.cc:127) MJDM0_SI974
LOG (gmm-align-compiled[5.5.863~1-813b7]:main():gmm-align-compiled.cc:127) MJDM0_SX170
LOG (gmm-align-compiled[5.5.863~1-813b7]:main():gmm-align-compiled.cc:127) MJDM0_SX260
LOG (gmm-align-compiled[5.5.863~1-813b7]:main():gmm-align-compiled.cc:127) MJDM0_SX350
LOG (gmm-align-compiled[5.5.863~1-813b7]:main():gmm-align-compiled.cc:127) MJDM0_SX440
LOG (gmm-align-compiled[5.5.863~1-813b7]:main():gmm-align-compiled.cc:127) MJDM0_SX80
LOG (gmm-align-compiled[5.5.863~1-813b7]:main():gmm-align-compiled.cc:127) MJEB0_SI1286
LOG (gmm-align-compiled[5.5.863~1-813b7]:main():gmm-align-compiled.cc:127) MJEB0_SI1916
LOG (gmm-align-compiled[5.5.863~1-813b7]:main():gmm-align-compiled.cc:127) MJEB0_SI656
LOG (gmm-align-compiled[5.5.863~1-813b7]:main():gmm-align-compiled.cc:127) MJEB0_SX170
LOG (gmm-align-compiled[5.5.863~1-813b7]:main():gmm-align-compiled.cc:127) MJEB0_SX206
LOG (gmm-align-compiled[5.5.863~1-813b7]:main():gmm-align-compiled.cc:127) MJEB0_SX26
LOG (gmm-align-compiled[5.5.863~1-813b7]:main():gmm-align-compiled.cc:127) MJEB0_SX296
LOG (gmm-align-compiled[5.5.863~1-813b7]:main():gmm-align-compiled.cc:127) MJEB0_SX386
LOG (gmm-align-compiled[5.5.863~1-813b7]:main():gmm-align-compiled.cc:127) MJEB1_SI1467
LOG (gmm-align-compiled[5.5.863~1-813b7]:main():gmm-align-compiled.cc:127) MJEB1_SI2097
LOG (gmm-align-compiled[5.5.863~1-813b7]:main():gmm-align-compiled.cc:127) MJEB1_SI837
LOG (gmm-align-compiled[5.5.863~1-813b7]:main():gmm-align-compiled.cc:127) MJEB1_SX117
LOG (gmm-align-compiled[5.5.863~1-813b7]:main():gmm-align-compiled.cc:127) MJEB1_SX207
LOG (gmm-align-compiled[5.5.863~1-813b7]:main():gmm-align-compiled.cc:127) MJEB1_SX27
LOG (gmm-align-compiled[5.5.863~1-813b7]:main():gmm-align-compiled.cc:127) MJEB1_SX297
LOG (gmm-align-compiled[5.5.863~1-813b7]:main():gmm-align-compiled.cc:127) MJEB1_SX387
LOG (gmm-align-compiled[5.5.863~1-813b7]:main():gmm-align-compiled.cc:127) MJEE0_SI1237
LOG (gmm-align-compiled[5.5.863~1-813b7]:main():gmm-align-compiled.cc:127) MJEE0_SI1867
LOG (gmm-align-compiled[5.5.863~1-813b7]:main():gmm-align-compiled.cc:127) MJEE0_SI607
LOG (gmm-align-compiled[5.5.863~1-813b7]:main():gmm-align-compiled.cc:127) MJEE0_SX157
LOG (gmm-align-compiled[5.5.863~1-813b7]:main():gmm-align-compiled.cc:127) MJEE0_SX247
LOG (gmm-align-compiled[5.5.863~1-813b7]:main():gmm-align-compiled.cc:127) MJEE0_SX337
LOG (gmm-align-compiled[5.5.863~1-813b7]:main():gmm-align-compiled.cc:127) MJEE0_SX427
LOG (gmm-align-compiled[5.5.863~1-813b7]:main():gmm-align-compiled.cc:127) MJEE0_SX67
LOG (gmm-align-compiled[5.5.863~1-813b7]:main():gmm-align-compiled.cc:127) MJFH0_SI1107
LOG (gmm-align-compiled[5.5.863~1-813b7]:main():gmm-align-compiled.cc:127) MJFH0_SI1737
LOG (gmm-align-compiled[5.5.863~1-813b7]:main():gmm-align-compiled.cc:127) MJFH0_SI477
LOG (gmm-align-compiled[5.5.863~1-813b7]:main():gmm-align-compiled.cc:127) MJFH0_SX117
LOG (gmm-align-compiled[5.5.863~1-813b7]:main():gmm-align-compiled.cc:127) MJFH0_SX207
LOG (gmm-align-compiled[5.5.863~1-813b7]:main():gmm-align-compiled.cc:127) MJFH0_SX27
LOG (gmm-align-compiled[5.5.863~1-813b7]:main():gmm-align-compiled.cc:127) MJFH0_SX297
LOG (gmm-align-compiled[5.5.863~1-813b7]:main():gmm-align-compiled.cc:127) MJFH0_SX387
LOG (gmm-align-compiled[5.5.863~1-813b7]:main():gmm-align-compiled.cc:127) MJFR0_SI1605
LOG (gmm-align-compiled[5.5.863~1-813b7]:main():gmm-align-compiled.cc:127) MJFR0_SI2235
LOG (gmm-align-compiled[5.5.863~1-813b7]:main():gmm-align-compiled.cc:127) MJFR0_SI975
LOG (apply-cmvn[5.5.863~1-813b7]:main():apply-cmvn.cc:162) Applied cepstral mean normalization to 128 utterances, errors on 0
LOG (gmm-align-compiled[5.5.863~1-813b7]:main():gmm-align-compiled.cc:127) MJFR0_SX165
LOG (gmm-align-compiled[5.5.863~1-813b7]:main():gmm-align-compiled.cc:127) MJFR0_SX255
LOG (gmm-align-compiled[5.5.863~1-813b7]:main():gmm-align-compiled.cc:127) MJFR0_SX345
LOG (gmm-align-compiled[5.5.863~1-813b7]:main():gmm-align-compiled.cc:127) MJFR0_SX435
LOG (gmm-align-compiled[5.5.863~1-813b7]:main():gmm-align-compiled.cc:127) MJFR0_SX75
LOG (gmm-align-compiled[5.5.863~1-813b7]:main():gmm-align-compiled.cc:135) Overall log-likelihood per frame is -101.034 over 38872 frames.
LOG (gmm-align-compiled[5.5.863~1-813b7]:main():gmm-align-compiled.cc:137) Retried 0 out of 128 utterances.
LOG (gmm-align-compiled[5.5.863~1-813b7]:main():gmm-align-compiled.cc:139) Done 128, errors on 0
# Accounting: time=3 threads=1
# Ended (code 0) at Tue Jan  5 16:46:55 EST 2021, elapsed time 3 seconds
