# gmm-align-compiled --transition-scale=1.0 --acoustic-scale=0.1 --self-loop-scale=0.1 --beam=10 --retry-beam=40 --careful=false "gmm-boost-silence --boost=1.0 1 exp/mono/6.mdl - |" "ark:gunzip -c exp/mono/fsts.10.gz|" "ark,s,cs:apply-cmvn  --utt2spk=ark:data/train/split30/10/utt2spk scp:data/train/split30/10/cmvn.scp scp:data/train/split30/10/feats.scp ark:- | add-deltas  ark:- ark:- |" "ark,t:|gzip -c >exp/mono/ali.10.gz" 
# Started at Tue Jan  5 16:46:26 EST 2021
#
gmm-align-compiled --transition-scale=1.0 --acoustic-scale=0.1 --self-loop-scale=0.1 --beam=10 --retry-beam=40 --careful=false 'gmm-boost-silence --boost=1.0 1 exp/mono/6.mdl - |' 'ark:gunzip -c exp/mono/fsts.10.gz|' 'ark,s,cs:apply-cmvn  --utt2spk=ark:data/train/split30/10/utt2spk scp:data/train/split30/10/cmvn.scp scp:data/train/split30/10/feats.scp ark:- | add-deltas  ark:- ark:- |' 'ark,t:|gzip -c >exp/mono/ali.10.gz' 
gmm-boost-silence --boost=1.0 1 exp/mono/6.mdl - 
LOG (gmm-boost-silence[5.5.863~1-813b7]:main():gmm-boost-silence.cc:93) Boosted weights for 3 pdfs, by factor of 1
LOG (gmm-boost-silence[5.5.863~1-813b7]:main():gmm-boost-silence.cc:103) Wrote model to -
apply-cmvn --utt2spk=ark:data/train/split30/10/utt2spk scp:data/train/split30/10/cmvn.scp scp:data/train/split30/10/feats.scp ark:- 
add-deltas ark:- ark:- 
LOG (gmm-align-compiled[5.5.863~1-813b7]:main():gmm-align-compiled.cc:127) MADD0_SI1295
LOG (gmm-align-compiled[5.5.863~1-813b7]:main():gmm-align-compiled.cc:127) MADD0_SI1798
LOG (gmm-align-compiled[5.5.863~1-813b7]:main():gmm-align-compiled.cc:127) MADD0_SI538
LOG (gmm-align-compiled[5.5.863~1-813b7]:main():gmm-align-compiled.cc:127) MADD0_SX178
LOG (gmm-align-compiled[5.5.863~1-813b7]:main():gmm-align-compiled.cc:127) MADD0_SX268
LOG (gmm-align-compiled[5.5.863~1-813b7]:main():gmm-align-compiled.cc:127) MADD0_SX358
LOG (gmm-align-compiled[5.5.863~1-813b7]:main():gmm-align-compiled.cc:127) MADD0_SX448
LOG (gmm-align-compiled[5.5.863~1-813b7]:main():gmm-align-compiled.cc:127) MADD0_SX88
LOG (gmm-align-compiled[5.5.863~1-813b7]:main():gmm-align-compiled.cc:127) MAEB0_SI1411
LOG (gmm-align-compiled[5.5.863~1-813b7]:main():gmm-align-compiled.cc:127) MAEB0_SI2250
LOG (gmm-align-compiled[5.5.863~1-813b7]:main():gmm-align-compiled.cc:127) MAEB0_SI990
LOG (gmm-align-compiled[5.5.863~1-813b7]:main():gmm-align-compiled.cc:127) MAEB0_SX180
LOG (gmm-align-compiled[5.5.863~1-813b7]:main():gmm-align-compiled.cc:127) MAEB0_SX270
LOG (gmm-align-compiled[5.5.863~1-813b7]:main():gmm-align-compiled.cc:127) MAEB0_SX360
LOG (gmm-align-compiled[5.5.863~1-813b7]:main():gmm-align-compiled.cc:127) MAEB0_SX450
LOG (gmm-align-compiled[5.5.863~1-813b7]:main():gmm-align-compiled.cc:127) MAEB0_SX90
LOG (gmm-align-compiled[5.5.863~1-813b7]:main():gmm-align-compiled.cc:127) MAEO0_SI1326
LOG (gmm-align-compiled[5.5.863~1-813b7]:main():gmm-align-compiled.cc:127) MAEO0_SI1655
LOG (gmm-align-compiled[5.5.863~1-813b7]:main():gmm-align-compiled.cc:127) MAEO0_SI1956
LOG (gmm-align-compiled[5.5.863~1-813b7]:main():gmm-align-compiled.cc:127) MAEO0_SX156
LOG (gmm-align-compiled[5.5.863~1-813b7]:main():gmm-align-compiled.cc:127) MAEO0_SX246
LOG (gmm-align-compiled[5.5.863~1-813b7]:main():gmm-align-compiled.cc:127) MAEO0_SX336
LOG (gmm-align-compiled[5.5.863~1-813b7]:main():gmm-align-compiled.cc:127) MAEO0_SX426
LOG (gmm-align-compiled[5.5.863~1-813b7]:main():gmm-align-compiled.cc:127) MAEO0_SX66
LOG (gmm-align-compiled[5.5.863~1-813b7]:main():gmm-align-compiled.cc:127) MAFM0_SI1569
LOG (gmm-align-compiled[5.5.863~1-813b7]:main():gmm-align-compiled.cc:127) MAFM0_SI2199
LOG (gmm-align-compiled[5.5.863~1-813b7]:main():gmm-align-compiled.cc:127) MAFM0_SI939
LOG (gmm-align-compiled[5.5.863~1-813b7]:main():gmm-align-compiled.cc:127) MAFM0_SX129
LOG (gmm-align-compiled[5.5.863~1-813b7]:main():gmm-align-compiled.cc:127) MAFM0_SX219
LOG (gmm-align-compiled[5.5.863~1-813b7]:main():gmm-align-compiled.cc:127) MAFM0_SX309
LOG (gmm-align-compiled[5.5.863~1-813b7]:main():gmm-align-compiled.cc:127) MAFM0_SX39
LOG (gmm-align-compiled[5.5.863~1-813b7]:main():gmm-align-compiled.cc:127) MAFM0_SX399
LOG (gmm-align-compiled[5.5.863~1-813b7]:main():gmm-align-compiled.cc:127) MAJP0_SI1074
LOG (gmm-align-compiled[5.5.863~1-813b7]:main():gmm-align-compiled.cc:127) MAJP0_SI1704
LOG (gmm-align-compiled[5.5.863~1-813b7]:main():gmm-align-compiled.cc:127) MAJP0_SI2334
LOG (gmm-align-compiled[5.5.863~1-813b7]:main():gmm-align-compiled.cc:127) MAJP0_SX174
LOG (gmm-align-compiled[5.5.863~1-813b7]:main():gmm-align-compiled.cc:127) MAJP0_SX264
LOG (gmm-align-compiled[5.5.863~1-813b7]:main():gmm-align-compiled.cc:127) MAJP0_SX354
LOG (gmm-align-compiled[5.5.863~1-813b7]:main():gmm-align-compiled.cc:127) MAJP0_SX444
LOG (gmm-align-compiled[5.5.863~1-813b7]:main():gmm-align-compiled.cc:127) MAJP0_SX84
LOG (gmm-align-compiled[5.5.863~1-813b7]:main():gmm-align-compiled.cc:127) MAKB0_SI1016
LOG (gmm-align-compiled[5.5.863~1-813b7]:main():gmm-align-compiled.cc:127) MAKB0_SI1646
LOG (gmm-align-compiled[5.5.863~1-813b7]:main():gmm-align-compiled.cc:127) MAKB0_SI2276
LOG (gmm-align-compiled[5.5.863~1-813b7]:main():gmm-align-compiled.cc:127) MAKB0_SX116
LOG (gmm-align-compiled[5.5.863~1-813b7]:main():gmm-align-compiled.cc:127) MAKB0_SX206
LOG (gmm-align-compiled[5.5.863~1-813b7]:main():gmm-align-compiled.cc:127) MAKB0_SX26
LOG (gmm-align-compiled[5.5.863~1-813b7]:main():gmm-align-compiled.cc:127) MAKB0_SX296
LOG (gmm-align-compiled[5.5.863~1-813b7]:main():gmm-align-compiled.cc:127) MAKB0_SX386
LOG (gmm-align-compiled[5.5.863~1-813b7]:main():gmm-align-compiled.cc:127) MAKR0_SI1352
LOG (gmm-align-compiled[5.5.863~1-813b7]:main():gmm-align-compiled.cc:127) MAKR0_SI1982
LOG (gmm-align-compiled[5.5.863~1-813b7]:main():gmm-align-compiled.cc:127) MAKR0_SI722
LOG (gmm-align-compiled[5.5.863~1-813b7]:main():gmm-align-compiled.cc:127) MAKR0_SX182
LOG (gmm-align-compiled[5.5.863~1-813b7]:main():gmm-align-compiled.cc:127) MAKR0_SX272
LOG (gmm-align-compiled[5.5.863~1-813b7]:main():gmm-align-compiled.cc:127) MAKR0_SX362
LOG (gmm-align-compiled[5.5.863~1-813b7]:main():gmm-align-compiled.cc:127) MAKR0_SX452
LOG (gmm-align-compiled[5.5.863~1-813b7]:main():gmm-align-compiled.cc:127) MAKR0_SX92
LOG (gmm-align-compiled[5.5.863~1-813b7]:main():gmm-align-compiled.cc:127) MAPV0_SI1293
LOG (gmm-align-compiled[5.5.863~1-813b7]:main():gmm-align-compiled.cc:127) MAPV0_SI1923
LOG (gmm-align-compiled[5.5.863~1-813b7]:main():gmm-align-compiled.cc:127) MAPV0_SI663
LOG (gmm-align-compiled[5.5.863~1-813b7]:main():gmm-align-compiled.cc:127) MAPV0_SX123
LOG (gmm-align-compiled[5.5.863~1-813b7]:main():gmm-align-compiled.cc:127) MAPV0_SX213
LOG (gmm-align-compiled[5.5.863~1-813b7]:main():gmm-align-compiled.cc:127) MAPV0_SX303
LOG (gmm-align-compiled[5.5.863~1-813b7]:main():gmm-align-compiled.cc:127) MAPV0_SX33
LOG (gmm-align-compiled[5.5.863~1-813b7]:main():gmm-align-compiled.cc:127) MAPV0_SX393
LOG (gmm-align-compiled[5.5.863~1-813b7]:main():gmm-align-compiled.cc:127) MARC0_SI1188
LOG (gmm-align-compiled[5.5.863~1-813b7]:main():gmm-align-compiled.cc:127) MARC0_SI1818
LOG (gmm-align-compiled[5.5.863~1-813b7]:main():gmm-align-compiled.cc:127) MARC0_SI558
LOG (gmm-align-compiled[5.5.863~1-813b7]:main():gmm-align-compiled.cc:127) MARC0_SX108
LOG (gmm-align-compiled[5.5.863~1-813b7]:main():gmm-align-compiled.cc:127) MARC0_SX18
LOG (gmm-align-compiled[5.5.863~1-813b7]:main():gmm-align-compiled.cc:127) MARC0_SX198
LOG (gmm-align-compiled[5.5.863~1-813b7]:main():gmm-align-compiled.cc:127) MARC0_SX288
LOG (gmm-align-compiled[5.5.863~1-813b7]:main():gmm-align-compiled.cc:127) MARC0_SX378
LOG (gmm-align-compiled[5.5.863~1-813b7]:main():gmm-align-compiled.cc:127) MARW0_SI1276
LOG (gmm-align-compiled[5.5.863~1-813b7]:main():gmm-align-compiled.cc:127) MARW0_SI1906
LOG (gmm-align-compiled[5.5.863~1-813b7]:main():gmm-align-compiled.cc:127) MARW0_SI646
LOG (gmm-align-compiled[5.5.863~1-813b7]:main():gmm-align-compiled.cc:127) MARW0_SX106
LOG (gmm-align-compiled[5.5.863~1-813b7]:main():gmm-align-compiled.cc:127) MARW0_SX16
LOG (gmm-align-compiled[5.5.863~1-813b7]:main():gmm-align-compiled.cc:127) MARW0_SX286
LOG (gmm-align-compiled[5.5.863~1-813b7]:main():gmm-align-compiled.cc:127) MARW0_SX349
LOG (gmm-align-compiled[5.5.863~1-813b7]:main():gmm-align-compiled.cc:127) MARW0_SX376
LOG (gmm-align-compiled[5.5.863~1-813b7]:main():gmm-align-compiled.cc:127) MBAR0_SI1319
LOG (gmm-align-compiled[5.5.863~1-813b7]:main():gmm-align-compiled.cc:127) MBAR0_SI1949
LOG (gmm-align-compiled[5.5.863~1-813b7]:main():gmm-align-compiled.cc:127) MBAR0_SI689
LOG (gmm-align-compiled[5.5.863~1-813b7]:main():gmm-align-compiled.cc:127) MBAR0_SX149
LOG (gmm-align-compiled[5.5.863~1-813b7]:main():gmm-align-compiled.cc:127) MBAR0_SX239
LOG (gmm-align-compiled[5.5.863~1-813b7]:main():gmm-align-compiled.cc:127) MBAR0_SX329
LOG (gmm-align-compiled[5.5.863~1-813b7]:main():gmm-align-compiled.cc:127) MBAR0_SX419
LOG (gmm-align-compiled[5.5.863~1-813b7]:main():gmm-align-compiled.cc:127) MBAR0_SX59
LOG (gmm-align-compiled[5.5.863~1-813b7]:main():gmm-align-compiled.cc:127) MBBR0_SI1055
LOG (gmm-align-compiled[5.5.863~1-813b7]:main():gmm-align-compiled.cc:127) MBBR0_SI1685
LOG (gmm-align-compiled[5.5.863~1-813b7]:main():gmm-align-compiled.cc:127) MBBR0_SI2315
LOG (gmm-align-compiled[5.5.863~1-813b7]:main():gmm-align-compiled.cc:127) MBBR0_SX155
LOG (gmm-align-compiled[5.5.863~1-813b7]:main():gmm-align-compiled.cc:127) MBBR0_SX245
LOG (gmm-align-compiled[5.5.863~1-813b7]:main():gmm-align-compiled.cc:127) MBBR0_SX335
LOG (gmm-align-compiled[5.5.863~1-813b7]:main():gmm-align-compiled.cc:127) MBBR0_SX425
LOG (gmm-align-compiled[5.5.863~1-813b7]:main():gmm-align-compiled.cc:127) MBBR0_SX65
LOG (gmm-align-compiled[5.5.863~1-813b7]:main():gmm-align-compiled.cc:127) MBCG0_SI2217
LOG (gmm-align-compiled[5.5.863~1-813b7]:main():gmm-align-compiled.cc:127) MBCG0_SI486
LOG (gmm-align-compiled[5.5.863~1-813b7]:main():gmm-align-compiled.cc:127) MBCG0_SI957
LOG (gmm-align-compiled[5.5.863~1-813b7]:main():gmm-align-compiled.cc:127) MBCG0_SX147
LOG (gmm-align-compiled[5.5.863~1-813b7]:main():gmm-align-compiled.cc:127) MBCG0_SX237
LOG (gmm-align-compiled[5.5.863~1-813b7]:main():gmm-align-compiled.cc:127) MBCG0_SX327
LOG (gmm-align-compiled[5.5.863~1-813b7]:main():gmm-align-compiled.cc:127) MBCG0_SX417
LOG (gmm-align-compiled[5.5.863~1-813b7]:main():gmm-align-compiled.cc:127) MBCG0_SX57
LOG (gmm-align-compiled[5.5.863~1-813b7]:main():gmm-align-compiled.cc:127) MBEF0_SI1281
LOG (gmm-align-compiled[5.5.863~1-813b7]:main():gmm-align-compiled.cc:127) MBEF0_SI1911
LOG (gmm-align-compiled[5.5.863~1-813b7]:main():gmm-align-compiled.cc:127) MBEF0_SI651
LOG (gmm-align-compiled[5.5.863~1-813b7]:main():gmm-align-compiled.cc:127) MBEF0_SX111
LOG (gmm-align-compiled[5.5.863~1-813b7]:main():gmm-align-compiled.cc:127) MBEF0_SX201
LOG (gmm-align-compiled[5.5.863~1-813b7]:main():gmm-align-compiled.cc:127) MBEF0_SX21
LOG (gmm-align-compiled[5.5.863~1-813b7]:main():gmm-align-compiled.cc:127) MBEF0_SX291
LOG (gmm-align-compiled[5.5.863~1-813b7]:main():gmm-align-compiled.cc:127) MBEF0_SX381
LOG (gmm-align-compiled[5.5.863~1-813b7]:main():gmm-align-compiled.cc:127) MBGT0_SI1341
LOG (gmm-align-compiled[5.5.863~1-813b7]:main():gmm-align-compiled.cc:127) MBGT0_SI1841
LOG (gmm-align-compiled[5.5.863~1-813b7]:main():gmm-align-compiled.cc:127) MBGT0_SI711
LOG (gmm-align-compiled[5.5.863~1-813b7]:main():gmm-align-compiled.cc:127) MBGT0_SX171
LOG (gmm-align-compiled[5.5.863~1-813b7]:main():gmm-align-compiled.cc:127) MBGT0_SX261
LOG (gmm-align-compiled[5.5.863~1-813b7]:main():gmm-align-compiled.cc:127) MBGT0_SX351
LOG (gmm-align-compiled[5.5.863~1-813b7]:main():gmm-align-compiled.cc:127) MBGT0_SX441
LOG (gmm-align-compiled[5.5.863~1-813b7]:main():gmm-align-compiled.cc:127) MBGT0_SX81
LOG (gmm-align-compiled[5.5.863~1-813b7]:main():gmm-align-compiled.cc:127) MBJV0_SI1247
LOG (gmm-align-compiled[5.5.863~1-813b7]:main():gmm-align-compiled.cc:127) MBJV0_SI1877
LOG (apply-cmvn[5.5.863~1-813b7]:main():apply-cmvn.cc:162) Applied cepstral mean normalization to 128 utterances, errors on 0
LOG (gmm-align-compiled[5.5.863~1-813b7]:main():gmm-align-compiled.cc:127) MBJV0_SI617
LOG (gmm-align-compiled[5.5.863~1-813b7]:main():gmm-align-compiled.cc:127) MBJV0_SX167
LOG (gmm-align-compiled[5.5.863~1-813b7]:main():gmm-align-compiled.cc:127) MBJV0_SX257
LOG (gmm-align-compiled[5.5.863~1-813b7]:main():gmm-align-compiled.cc:127) MBJV0_SX347
LOG (gmm-align-compiled[5.5.863~1-813b7]:main():gmm-align-compiled.cc:127) MBJV0_SX437
LOG (gmm-align-compiled[5.5.863~1-813b7]:main():gmm-align-compiled.cc:127) MBJV0_SX77
LOG (gmm-align-compiled[5.5.863~1-813b7]:main():gmm-align-compiled.cc:135) Overall log-likelihood per frame is -102.385 over 37025 frames.
LOG (gmm-align-compiled[5.5.863~1-813b7]:main():gmm-align-compiled.cc:137) Retried 0 out of 128 utterances.
LOG (gmm-align-compiled[5.5.863~1-813b7]:main():gmm-align-compiled.cc:139) Done 128, errors on 0
# Accounting: time=2 threads=1
# Ended (code 0) at Tue Jan  5 16:46:28 EST 2021, elapsed time 2 seconds
