# gmm-est --mix-up=10000 --power=0.25 --write-occs=exp/tri1/17.occs exp/tri1/16.mdl "gmm-sum-accs - exp/tri1/16.*.acc |" exp/tri1/17.mdl 
# Started at Tue Jan  5 21:17:15 EST 2021
#
gmm-est --mix-up=10000 --power=0.25 --write-occs=exp/tri1/17.occs exp/tri1/16.mdl 'gmm-sum-accs - exp/tri1/16.*.acc |' exp/tri1/17.mdl 
gmm-sum-accs - exp/tri1/16.1.acc exp/tri1/16.10.acc exp/tri1/16.11.acc exp/tri1/16.12.acc exp/tri1/16.13.acc exp/tri1/16.14.acc exp/tri1/16.15.acc exp/tri1/16.16.acc exp/tri1/16.17.acc exp/tri1/16.18.acc exp/tri1/16.19.acc exp/tri1/16.2.acc exp/tri1/16.20.acc exp/tri1/16.21.acc exp/tri1/16.22.acc exp/tri1/16.23.acc exp/tri1/16.24.acc exp/tri1/16.25.acc exp/tri1/16.26.acc exp/tri1/16.27.acc exp/tri1/16.28.acc exp/tri1/16.29.acc exp/tri1/16.3.acc exp/tri1/16.30.acc exp/tri1/16.4.acc exp/tri1/16.5.acc exp/tri1/16.6.acc exp/tri1/16.7.acc exp/tri1/16.8.acc exp/tri1/16.9.acc 
LOG (gmm-sum-accs[5.5.863~1-813b7]:main():gmm-sum-accs.cc:63) Summed 30 stats, total count 1.12482e+06, avg like/frame -96.2721
LOG (gmm-sum-accs[5.5.863~1-813b7]:main():gmm-sum-accs.cc:66) Total count of stats is 1.12482e+06
LOG (gmm-sum-accs[5.5.863~1-813b7]:main():gmm-sum-accs.cc:67) Written stats to -
LOG (gmm-est[5.5.863~1-813b7]:MleUpdate():transition-model.cc:528) TransitionModel::Update, objf change is 0 per frame over 1.12482e+06 frames. 
LOG (gmm-est[5.5.863~1-813b7]:MleUpdate():transition-model.cc:531) 25 probabilities floored, 0 out of 1930 transition-states skipped due to insuffient data (it is normal to have some skipped.)
LOG (gmm-est[5.5.863~1-813b7]:main():gmm-est.cc:102) Transition model update: Overall 0 log-like improvement per frame over 1.12482e+06 frames.
WARNING (gmm-est[5.5.863~1-813b7]:MleDiagGmmUpdate():mle-diag-gmm.cc:365) Gaussian has too little data but not removing it because it is the last Gaussian: i = 0, occ = 10, weight = 1
LOG (gmm-est[5.5.863~1-813b7]:MleAmDiagGmmUpdate():mle-am-diag-gmm.cc:225) 0 variance elements floored in 0 Gaussians, out of 9500
LOG (gmm-est[5.5.863~1-813b7]:MleAmDiagGmmUpdate():mle-am-diag-gmm.cc:229) Removed 0 Gaussians due to counts < --min-gaussian-occupancy=10 and --remove-low-count-gaussians=true
LOG (gmm-est[5.5.863~1-813b7]:main():gmm-est.cc:113) GMM update: Overall 0.0680095 objective function improvement per frame over 1.12482e+06 frames
LOG (gmm-est[5.5.863~1-813b7]:main():gmm-est.cc:116) GMM update: Overall avg like per frame = -96.2721 over 1.12482e+06 frames.
LOG (gmm-est[5.5.863~1-813b7]:SplitByCount():am-diag-gmm.cc:116) Split 1888 states with target = 10000, power = 0.25, perturb_factor = 0.01 and min_count = 20, split #Gauss from 9500 to 10000
LOG (gmm-est[5.5.863~1-813b7]:main():gmm-est.cc:146) Written model to exp/tri1/17.mdl
# Accounting: time=2 threads=1
# Ended (code 0) at Tue Jan  5 21:17:17 EST 2021, elapsed time 2 seconds
