# nnet-combine-fast --use-gpu=no --num-threads=16 --verbose=3 --minibatch-size=512 exp/tri4_nnet_1/13.mdl exp/tri4_nnet_1/14.mdl exp/tri4_nnet_1/15.mdl exp/tri4_nnet_1/16.mdl exp/tri4_nnet_1/17.mdl exp/tri4_nnet_1/18.mdl exp/tri4_nnet_1/19.mdl exp/tri4_nnet_1/20.mdl ark:exp/tri4_nnet_1/egs/combine.egs exp/tri4_nnet_1/final.mdl 
# Started at Tue Jan  5 18:17:13 EST 2021
#
nnet-combine-fast --use-gpu=no --num-threads=16 --verbose=3 --minibatch-size=512 exp/tri4_nnet_1/13.mdl exp/tri4_nnet_1/14.mdl exp/tri4_nnet_1/15.mdl exp/tri4_nnet_1/16.mdl exp/tri4_nnet_1/17.mdl exp/tri4_nnet_1/18.mdl exp/tri4_nnet_1/19.mdl exp/tri4_nnet_1/20.mdl ark:exp/tri4_nnet_1/egs/combine.egs exp/tri4_nnet_1/final.mdl 
LOG (nnet-combine-fast[5.5.863~1-813b7]:main():nnet-combine-fast.cc:108) Read 10000 examples from the validation set.
VLOG[3] (nnet-combine-fast[5.5.863~1-813b7]:Propagate():nnet-update.cc:114) Stddev of data for component 0 for this minibatch is 2.04391
VLOG[3] (nnet-combine-fast[5.5.863~1-813b7]:Propagate():nnet-update.cc:114) Stddev of data for component 0 for this minibatch is 2.06111
VLOG[3] (nnet-combine-fast[5.5.863~1-813b7]:Propagate():nnet-update.cc:114) Stddev of data for component 0 for this minibatch is 1.98531
VLOG[3] (nnet-combine-fast[5.5.863~1-813b7]:Propagate():nnet-update.cc:114) Stddev of data for component 1 for this minibatch is 2.04391
VLOG[3] (nnet-combine-fast[5.5.863~1-813b7]:Propagate():nnet-update.cc:114) Stddev of data for component 0 for this minibatch is 2.02042
VLOG[3] (nnet-combine-fast[5.5.863~1-813b7]:Propagate():nnet-update.cc:114) Stddev of data for component 1 for this minibatch is 2.06111
VLOG[3] (nnet-combine-fast[5.5.863~1-813b7]:Propagate():nnet-update.cc:114) Stddev of data for component 1 for this minibatch is 1.98531
VLOG[3] (nnet-combine-fast[5.5.863~1-813b7]:Propagate():nnet-update.cc:114) Stddev of data for component 2 for this minibatch is 0.130847
VLOG[3] (nnet-combine-fast[5.5.863~1-813b7]:Propagate():nnet-update.cc:114) Stddev of data for component 2 for this minibatch is 0.129595
VLOG[3] (nnet-combine-fast[5.5.863~1-813b7]:Propagate():nnet-update.cc:114) Stddev of data for component 2 for this minibatch is 0.126675
VLOG[3] (nnet-combine-fast[5.5.863~1-813b7]:Propagate():nnet-update.cc:114) Stddev of data for component 0 for this minibatch is 1.98958
VLOG[3] (nnet-combine-fast[5.5.863~1-813b7]:Propagate():nnet-update.cc:114) Stddev of data for component 3 for this minibatch is 3.0403
VLOG[3] (nnet-combine-fast[5.5.863~1-813b7]:Propagate():nnet-update.cc:114) Stddev of data for component 4 for this minibatch is 0.587982
VLOG[3] (nnet-combine-fast[5.5.863~1-813b7]:Propagate():nnet-update.cc:114) Stddev of data for component 5 for this minibatch is 10.8564
VLOG[3] (nnet-combine-fast[5.5.863~1-813b7]:Propagate():nnet-update.cc:114) Stddev of data for component 0 for this minibatch is 2.0767
VLOG[3] (nnet-combine-fast[5.5.863~1-813b7]:Propagate():nnet-update.cc:114) Stddev of data for component 0 for this minibatch is 2.09425
VLOG[3] (nnet-combine-fast[5.5.863~1-813b7]:Propagate():nnet-update.cc:114) Stddev of data for component 1 for this minibatch is 2.0767
VLOG[3] (nnet-combine-fast[5.5.863~1-813b7]:Propagate():nnet-update.cc:114) Stddev of data for component 1 for this minibatch is 2.09425
VLOG[3] (nnet-combine-fast[5.5.863~1-813b7]:Propagate():nnet-update.cc:114) Stddev of data for component 0 for this minibatch is 2.07976
VLOG[3] (nnet-combine-fast[5.5.863~1-813b7]:Propagate():nnet-update.cc:114) Stddev of data for component 2 for this minibatch is 0.131174
VLOG[3] (nnet-combine-fast[5.5.863~1-813b7]:Propagate():nnet-update.cc:114) Stddev of data for component 1 for this minibatch is 2.02042
VLOG[3] (nnet-combine-fast[5.5.863~1-813b7]:Propagate():nnet-update.cc:114) Stddev of data for component 3 for this minibatch is 3.04863
VLOG[3] (nnet-combine-fast[5.5.863~1-813b7]:Propagate():nnet-update.cc:114) Stddev of data for component 1 for this minibatch is 2.07976
VLOG[3] (nnet-combine-fast[5.5.863~1-813b7]:Propagate():nnet-update.cc:114) Stddev of data for component 2 for this minibatch is 0.129492
VLOG[3] (nnet-combine-fast[5.5.863~1-813b7]:Propagate():nnet-update.cc:114) Stddev of data for component 3 for this minibatch is 3.01583
VLOG[3] (nnet-combine-fast[5.5.863~1-813b7]:Propagate():nnet-update.cc:114) Stddev of data for component 0 for this minibatch is 2.07485
VLOG[3] (nnet-combine-fast[5.5.863~1-813b7]:Propagate():nnet-update.cc:114) Stddev of data for component 0 for this minibatch is 2.06145
VLOG[3] (nnet-combine-fast[5.5.863~1-813b7]:Propagate():nnet-update.cc:114) Stddev of data for component 4 for this minibatch is 0.584367
VLOG[3] (nnet-combine-fast[5.5.863~1-813b7]:Propagate():nnet-update.cc:114) Stddev of data for component 5 for this minibatch is 10.7408
VLOG[3] (nnet-combine-fast[5.5.863~1-813b7]:Propagate():nnet-update.cc:114) Stddev of data for component 0 for this minibatch is 2.08106
VLOG[3] (nnet-combine-fast[5.5.863~1-813b7]:Propagate():nnet-update.cc:114) Stddev of data for component 1 for this minibatch is 2.08106
VLOG[3] (nnet-combine-fast[5.5.863~1-813b7]:Propagate():nnet-update.cc:114) Stddev of data for component 0 for this minibatch is 2.09812
VLOG[3] (nnet-combine-fast[5.5.863~1-813b7]:Propagate():nnet-update.cc:114) Stddev of data for component 0 for this minibatch is 2.06401
VLOG[3] (nnet-combine-fast[5.5.863~1-813b7]:Propagate():nnet-update.cc:114) Stddev of data for component 2 for this minibatch is 0.130973
VLOG[3] (nnet-combine-fast[5.5.863~1-813b7]:Propagate():nnet-update.cc:114) Stddev of data for component 1 for this minibatch is 2.06401
VLOG[3] (nnet-combine-fast[5.5.863~1-813b7]:Propagate():nnet-update.cc:114) Stddev of data for component 3 for this minibatch is 3.04535
VLOG[3] (nnet-combine-fast[5.5.863~1-813b7]:Propagate():nnet-update.cc:114) Stddev of data for component 6 for this minibatch is 0.773546
VLOG[3] (nnet-combine-fast[5.5.863~1-813b7]:Propagate():nnet-update.cc:114) Stddev of data for component 4 for this minibatch is 0.587282
VLOG[3] (nnet-combine-fast[5.5.863~1-813b7]:Propagate():nnet-update.cc:114) Stddev of data for component 2 for this minibatch is 0.131151
VLOG[3] (nnet-combine-fast[5.5.863~1-813b7]:Propagate():nnet-update.cc:114) Stddev of data for component 3 for this minibatch is 3.05998
VLOG[3] (nnet-combine-fast[5.5.863~1-813b7]:Propagate():nnet-update.cc:114) Stddev of data for component 1 for this minibatch is 2.09812
VLOG[3] (nnet-combine-fast[5.5.863~1-813b7]:Propagate():nnet-update.cc:114) Stddev of data for component 2 for this minibatch is 0.129766
VLOG[3] (nnet-combine-fast[5.5.863~1-813b7]:Propagate():nnet-update.cc:114) Stddev of data for component 3 for this minibatch is 3.05903
VLOG[3] (nnet-combine-fast[5.5.863~1-813b7]:Propagate():nnet-update.cc:114) Stddev of data for component 4 for this minibatch is 0.58595
VLOG[3] (nnet-combine-fast[5.5.863~1-813b7]:Propagate():nnet-update.cc:114) Stddev of data for component 5 for this minibatch is 10.8045
VLOG[3] (nnet-combine-fast[5.5.863~1-813b7]:Propagate():nnet-update.cc:114) Stddev of data for component 4 for this minibatch is 0.588535
VLOG[3] (nnet-combine-fast[5.5.863~1-813b7]:Propagate():nnet-update.cc:114) Stddev of data for component 4 for this minibatch is 0.587097
VLOG[3] (nnet-combine-fast[5.5.863~1-813b7]:Propagate():nnet-update.cc:114) Stddev of data for component 5 for this minibatch is 10.8792
VLOG[3] (nnet-combine-fast[5.5.863~1-813b7]:Propagate():nnet-update.cc:114) Stddev of data for component 5 for this minibatch is 10.8404
VLOG[3] (nnet-combine-fast[5.5.863~1-813b7]:Propagate():nnet-update.cc:114) Stddev of data for component 2 for this minibatch is 0.133645
VLOG[3] (nnet-combine-fast[5.5.863~1-813b7]:Propagate():nnet-update.cc:114) Stddev of data for component 3 for this minibatch is 3.08278
VLOG[3] (nnet-combine-fast[5.5.863~1-813b7]:Propagate():nnet-update.cc:114) Stddev of data for component 1 for this minibatch is 2.07485
VLOG[3] (nnet-combine-fast[5.5.863~1-813b7]:Propagate():nnet-update.cc:114) Stddev of data for component 4 for this minibatch is 0.588601
VLOG[3] (nnet-combine-fast[5.5.863~1-813b7]:Propagate():nnet-update.cc:114) Stddev of data for component 3 for this minibatch is 3.05772
VLOG[3] (nnet-combine-fast[5.5.863~1-813b7]:Propagate():nnet-update.cc:114) Stddev of data for component 5 for this minibatch is 10.8311
VLOG[3] (nnet-combine-fast[5.5.863~1-813b7]:Propagate():nnet-update.cc:114) Stddev of data for component 2 for this minibatch is 0.131579
VLOG[3] (nnet-combine-fast[5.5.863~1-813b7]:Propagate():nnet-update.cc:114) Stddev of data for component 4 for this minibatch is 0.586777
VLOG[3] (nnet-combine-fast[5.5.863~1-813b7]:Propagate():nnet-update.cc:114) Stddev of data for component 3 for this minibatch is 3.06798
VLOG[3] (nnet-combine-fast[5.5.863~1-813b7]:Propagate():nnet-update.cc:114) Stddev of data for component 4 for this minibatch is 0.589351
VLOG[3] (nnet-combine-fast[5.5.863~1-813b7]:Propagate():nnet-update.cc:114) Stddev of data for component 1 for this minibatch is 2.06145
VLOG[3] (nnet-combine-fast[5.5.863~1-813b7]:Propagate():nnet-update.cc:114) Stddev of data for component 5 for this minibatch is 10.858
VLOG[3] (nnet-combine-fast[5.5.863~1-813b7]:Propagate():nnet-update.cc:114) Stddev of data for component 2 for this minibatch is 0.13133
VLOG[3] (nnet-combine-fast[5.5.863~1-813b7]:Propagate():nnet-update.cc:114) Stddev of data for component 2 for this minibatch is 0.131049
VLOG[3] (nnet-combine-fast[5.5.863~1-813b7]:Propagate():nnet-update.cc:114) Stddev of data for component 3 for this minibatch is 3.06892
VLOG[3] (nnet-combine-fast[5.5.863~1-813b7]:Propagate():nnet-update.cc:114) Stddev of data for component 3 for this minibatch is 3.06966
VLOG[3] (nnet-combine-fast[5.5.863~1-813b7]:Propagate():nnet-update.cc:114) Stddev of data for component 4 for this minibatch is 0.586635
VLOG[3] (nnet-combine-fast[5.5.863~1-813b7]:Propagate():nnet-update.cc:114) Stddev of data for component 4 for this minibatch is 0.589239
VLOG[3] (nnet-combine-fast[5.5.863~1-813b7]:Propagate():nnet-update.cc:114) Stddev of data for component 1 for this minibatch is 1.98958
VLOG[3] (nnet-combine-fast[5.5.863~1-813b7]:Propagate():nnet-update.cc:114) Stddev of data for component 5 for this minibatch is 10.8045
VLOG[3] (nnet-combine-fast[5.5.863~1-813b7]:Propagate():nnet-update.cc:114) Stddev of data for component 5 for this minibatch is 10.8581
VLOG[3] (nnet-combine-fast[5.5.863~1-813b7]:Propagate():nnet-update.cc:114) Stddev of data for component 2 for this minibatch is 0.127796
VLOG[3] (nnet-combine-fast[5.5.863~1-813b7]:Propagate():nnet-update.cc:114) Stddev of data for component 3 for this minibatch is 2.987
VLOG[3] (nnet-combine-fast[5.5.863~1-813b7]:Propagate():nnet-update.cc:114) Stddev of data for component 0 for this minibatch is 2.07047
VLOG[3] (nnet-combine-fast[5.5.863~1-813b7]:Propagate():nnet-update.cc:114) Stddev of data for component 4 for this minibatch is 0.58406
VLOG[3] (nnet-combine-fast[5.5.863~1-813b7]:Propagate():nnet-update.cc:114) Stddev of data for component 5 for this minibatch is 10.7968
VLOG[3] (nnet-combine-fast[5.5.863~1-813b7]:Propagate():nnet-update.cc:114) Stddev of data for component 5 for this minibatch is 10.7678
VLOG[3] (nnet-combine-fast[5.5.863~1-813b7]:Propagate():nnet-update.cc:114) Stddev of data for component 1 for this minibatch is 2.07047
VLOG[3] (nnet-combine-fast[5.5.863~1-813b7]:Propagate():nnet-update.cc:114) Stddev of data for component 2 for this minibatch is 0.130473
VLOG[3] (nnet-combine-fast[5.5.863~1-813b7]:Propagate():nnet-update.cc:114) Stddev of data for component 6 for this minibatch is 0.772131
VLOG[3] (nnet-combine-fast[5.5.863~1-813b7]:Propagate():nnet-update.cc:114) Stddev of data for component 5 for this minibatch is 10.7679
VLOG[3] (nnet-combine-fast[5.5.863~1-813b7]:Propagate():nnet-update.cc:114) Stddev of data for component 0 for this minibatch is 2.11036
VLOG[3] (nnet-combine-fast[5.5.863~1-813b7]:Propagate():nnet-update.cc:114) Stddev of data for component 1 for this minibatch is 2.11037
VLOG[3] (nnet-combine-fast[5.5.863~1-813b7]:Propagate():nnet-update.cc:114) Stddev of data for component 6 for this minibatch is 0.772738
VLOG[3] (nnet-combine-fast[5.5.863~1-813b7]:Propagate():nnet-update.cc:114) Stddev of data for component 2 for this minibatch is 0.13317
VLOG[3] (nnet-combine-fast[5.5.863~1-813b7]:Propagate():nnet-update.cc:114) Stddev of data for component 3 for this minibatch is 3.09172
VLOG[3] (nnet-combine-fast[5.5.863~1-813b7]:Propagate():nnet-update.cc:114) Stddev of data for component 6 for this minibatch is 0.775053
VLOG[3] (nnet-combine-fast[5.5.863~1-813b7]:Propagate():nnet-update.cc:114) Stddev of data for component 4 for this minibatch is 0.588111
VLOG[3] (nnet-combine-fast[5.5.863~1-813b7]:Propagate():nnet-update.cc:114) Stddev of data for component 5 for this minibatch is 10.8138
VLOG[3] (nnet-combine-fast[5.5.863~1-813b7]:Propagate():nnet-update.cc:114) Stddev of data for component 6 for this minibatch is 0.774644
VLOG[3] (nnet-combine-fast[5.5.863~1-813b7]:Propagate():nnet-update.cc:114) Stddev of data for component 6 for this minibatch is 0.774744
VLOG[3] (nnet-combine-fast[5.5.863~1-813b7]:Propagate():nnet-update.cc:114) Stddev of data for component 6 for this minibatch is 0.772812
VLOG[3] (nnet-combine-fast[5.5.863~1-813b7]:Propagate():nnet-update.cc:114) Stddev of data for component 3 for this minibatch is 3.06117
VLOG[3] (nnet-combine-fast[5.5.863~1-813b7]:Propagate():nnet-update.cc:114) Stddev of data for component 0 for this minibatch is 2.15146
VLOG[3] (nnet-combine-fast[5.5.863~1-813b7]:Propagate():nnet-update.cc:114) Stddev of data for component 4 for this minibatch is 0.588592
VLOG[3] (nnet-combine-fast[5.5.863~1-813b7]:Propagate():nnet-update.cc:114) Stddev of data for component 3 for this minibatch is 2.97755
VLOG[3] (nnet-combine-fast[5.5.863~1-813b7]:Propagate():nnet-update.cc:114) Stddev of data for component 4 for this minibatch is 0.584041
VLOG[3] (nnet-combine-fast[5.5.863~1-813b7]:Propagate():nnet-update.cc:114) Stddev of data for component 7 for this minibatch is 11.8093
VLOG[3] (nnet-combine-fast[5.5.863~1-813b7]:Propagate():nnet-update.cc:114) Stddev of data for component 1 for this minibatch is 2.15146
VLOG[3] (nnet-combine-fast[5.5.863~1-813b7]:Propagate():nnet-update.cc:114) Stddev of data for component 5 for this minibatch is 10.8262
VLOG[3] (nnet-combine-fast[5.5.863~1-813b7]:Propagate():nnet-update.cc:114) Stddev of data for component 7 for this minibatch is 11.7428
VLOG[2] (nnet-combine-fast[5.5.863~1-813b7]:DoBackpropParallel():nnet-update-parallel.cc:264) Did backprop on 10000 examples, average log-prob per frame is -1.71866
VLOG[2] (nnet-combine-fast[5.5.863~1-813b7]:DoBackpropParallel():nnet-update-parallel.cc:264) Did backprop on 10000 examples, average log-prob per frame is -1.70929
VLOG[2] (nnet-combine-fast[5.5.863~1-813b7]:DoBackpropParallel():nnet-update-parallel.cc:264) Did backprop on 10000 examples, average log-prob per frame is -1.70139
VLOG[2] (nnet-combine-fast[5.5.863~1-813b7]:DoBackpropParallel():nnet-update-parallel.cc:264) Did backprop on 10000 examples, average log-prob per frame is -1.68835
VLOG[2] (nnet-combine-fast[5.5.863~1-813b7]:DoBackpropParallel():nnet-update-parallel.cc:264) Did backprop on 10000 examples, average log-prob per frame is -1.68113
VLOG[2] (nnet-combine-fast[5.5.863~1-813b7]:DoBackpropParallel():nnet-update-parallel.cc:264) Did backprop on 10000 examples, average log-prob per frame is -1.6744
VLOG[2] (nnet-combine-fast[5.5.863~1-813b7]:DoBackpropParallel():nnet-update-parallel.cc:264) Did backprop on 10000 examples, average log-prob per frame is -1.6678
VLOG[2] (nnet-combine-fast[5.5.863~1-813b7]:DoBackpropParallel():nnet-update-parallel.cc:264) Did backprop on 10000 examples, average log-prob per frame is -1.6618
LOG (nnet-combine-fast[5.5.863~1-813b7]:GetInitialModel():combine-nnet-fast.cc:403) Objective functions for the source neural nets are  [ -1.71866 -1.70929 -1.70139 -1.68835 -1.68113 -1.6744 -1.6678 -1.6618 ]

VLOG[2] (nnet-combine-fast[5.5.863~1-813b7]:DoBackpropParallel():nnet-update-parallel.cc:264) Did backprop on 10000 examples, average log-prob per frame is -1.68673
LOG (nnet-combine-fast[5.5.863~1-813b7]:GetInitialModel():combine-nnet-fast.cc:419) Objf with all neural nets averaged is -1.68673
LOG (nnet-combine-fast[5.5.863~1-813b7]:GetInitialParams():combine-nnet-fast.cc:282) Initializing with neural net with index 7
VLOG[2] (nnet-combine-fast[5.5.863~1-813b7]:DoBackpropParallel():nnet-update-parallel.cc:264) Did backprop on 10000 examples, average log-prob per frame is -1.6618
VLOG[2] (nnet-combine-fast[5.5.863~1-813b7]:ComputeObjfAndGradient():combine-nnet-fast.cc:347) Objf is -1.6618, raw gradient is  [ 0.00296093 0.0153677 0.0918589 0.00454334 0.0171222 0.096337 0.0060214 0.0186418 0.100443 0.00806068 0.0193764 0.109588 0.0091198 0.0206625 0.113046 0.0102124 0.0220688 0.116686 0.0115763 0.023518 0.120214 0.0127555 0.024913 0.123454 ]

VLOG[2] (nnet-combine-fast[5.5.863~1-813b7]:DoBackpropParallel():nnet-update-parallel.cc:264) Did backprop on 10000 examples, average log-prob per frame is -1.65223
VLOG[2] (nnet-combine-fast[5.5.863~1-813b7]:ComputeObjfAndGradient():combine-nnet-fast.cc:347) Objf is -1.65223, raw gradient is  [ 0.000699951 0.00891726 0.0695419 0.00214747 0.0105353 0.073985 0.00352773 0.0119496 0.0780674 0.00526321 0.0128421 0.0859933 0.00620221 0.0140192 0.0894658 0.00723151 0.0153391 0.0931249 0.00855183 0.0167175 0.0966717 0.00969024 0.0180515 0.0999278 ]

VLOG[3] (nnet-combine-fast[5.5.863~1-813b7]:StepSizeIteration():optimization.cc:240) In step size iteration, function value changed -1.6618 to -1.65223
VLOG[3] (nnet-combine-fast[5.5.863~1-813b7]:StepSizeIteration():optimization.cc:323) d = 2, iter = 0, action = increase
VLOG[2] (nnet-combine-fast[5.5.863~1-813b7]:DoBackpropParallel():nnet-update-parallel.cc:264) Did backprop on 10000 examples, average log-prob per frame is -1.6435
VLOG[2] (nnet-combine-fast[5.5.863~1-813b7]:ComputeObjfAndGradient():combine-nnet-fast.cc:347) Objf is -1.6435, raw gradient is  [ -0.00116819 0.0033768 0.0489355 0.000121106 0.00484971 0.0533342 0.00138431 0.00615142 0.0573851 0.00283342 0.00716491 0.0641764 0.0036269 0.00822104 0.0676541 0.00457644 0.00944597 0.0713246 0.00583951 0.0107467 0.0748826 0.00692484 0.0120138 0.0781499 ]

VLOG[3] (nnet-combine-fast[5.5.863~1-813b7]:StepSizeIteration():optimization.cc:240) In step size iteration, function value changed -1.6618 to -1.6435
VLOG[3] (nnet-combine-fast[5.5.863~1-813b7]:StepSizeIteration():optimization.cc:323) d = 2, iter = 0, action = accept
VLOG[3] (nnet-combine-fast[5.5.863~1-813b7]:AcceptStep():optimization.cc:194) Accepted step; length was 0.167046, prod was -0.00339281
VLOG[2] (nnet-combine-fast[5.5.863~1-813b7]:DoBackpropParallel():nnet-update-parallel.cc:264) Did backprop on 10000 examples, average log-prob per frame is -6.30846
VLOG[2] (nnet-combine-fast[5.5.863~1-813b7]:ComputeObjfAndGradient():combine-nnet-fast.cc:347) Objf is -6.30846, raw gradient is  [ 0.53838 32.1005 -0.450444 0.509332 31.9787 -0.454396 0.48752 31.8815 -0.457622 0.51637 30.7041 -0.484887 0.494429 30.6043 -0.488205 0.476997 30.5084 -0.491003 0.462754 30.4234 -0.493552 0.450799 30.3475 -0.495988 ]

VLOG[3] (nnet-combine-fast[5.5.863~1-813b7]:StepSizeIteration():optimization.cc:240) In step size iteration, function value changed -1.6435 to -6.30846
VLOG[3] (nnet-combine-fast[5.5.863~1-813b7]:StepSizeIteration():optimization.cc:323) d = 2, iter = 1, action = decrease
VLOG[2] (nnet-combine-fast[5.5.863~1-813b7]:DoBackpropParallel():nnet-update-parallel.cc:264) Did backprop on 10000 examples, average log-prob per frame is -1.67491
VLOG[2] (nnet-combine-fast[5.5.863~1-813b7]:ComputeObjfAndGradient():combine-nnet-fast.cc:347) Objf is -1.67491, raw gradient is  [ 0.107874 0.669717 0.25531 0.104767 0.662898 0.256609 0.102552 0.657459 0.258283 0.110618 0.630605 0.273801 0.105617 0.62159 0.274554 0.103174 0.615409 0.276211 0.102292 0.610968 0.278089 0.101108 0.606561 0.279842 ]

VLOG[3] (nnet-combine-fast[5.5.863~1-813b7]:StepSizeIteration():optimization.cc:240) In step size iteration, function value changed -1.6435 to -1.67491
VLOG[3] (nnet-combine-fast[5.5.863~1-813b7]:StepSizeIteration():optimization.cc:323) d = 2, iter = 1, action = decrease
VLOG[2] (nnet-combine-fast[5.5.863~1-813b7]:DoBackpropParallel():nnet-update-parallel.cc:264) Did backprop on 10000 examples, average log-prob per frame is -1.61459
VLOG[2] (nnet-combine-fast[5.5.863~1-813b7]:ComputeObjfAndGradient():combine-nnet-fast.cc:347) Objf is -1.61459, raw gradient is  [ 0.0218588 0.0870108 0.084094 0.0219339 0.0868298 0.0873528 0.022235 0.0868142 0.0905415 0.0248665 0.0840383 0.0983605 0.0240984 0.083126 0.10093 0.0241825 0.0829625 0.103923 0.024897 0.0832162 0.106917 0.0253887 0.083474 0.10968 ]

VLOG[3] (nnet-combine-fast[5.5.863~1-813b7]:StepSizeIteration():optimization.cc:240) In step size iteration, function value changed -1.6435 to -1.61459
VLOG[3] (nnet-combine-fast[5.5.863~1-813b7]:StepSizeIteration():optimization.cc:323) d = 2, iter = 1, action = accept
VLOG[3] (nnet-combine-fast[5.5.863~1-813b7]:AcceptStep():optimization.cc:194) Accepted step; length was 0.406565, prod was -0.0364558
VLOG[2] (nnet-combine-fast[5.5.863~1-813b7]:DoBackpropParallel():nnet-update-parallel.cc:264) Did backprop on 10000 examples, average log-prob per frame is -1.58691
VLOG[2] (nnet-combine-fast[5.5.863~1-813b7]:ComputeObjfAndGradient():combine-nnet-fast.cc:347) Objf is -1.58691, raw gradient is  [ 0.0310497 0.0203953 -0.0268863 0.0289028 0.0194198 -0.0244932 0.0274627 0.0187642 -0.0219907 0.029221 0.0178611 -0.0207918 0.0264059 0.0164248 -0.0187136 0.0250895 0.0157201 -0.0161257 0.0246102 0.0154497 -0.0134804 0.0240703 0.0152893 -0.0110252 ]

VLOG[3] (nnet-combine-fast[5.5.863~1-813b7]:StepSizeIteration():optimization.cc:240) In step size iteration, function value changed -1.61459 to -1.58691
VLOG[3] (nnet-combine-fast[5.5.863~1-813b7]:StepSizeIteration():optimization.cc:323) d = 2, iter = 2, action = accept
VLOG[3] (nnet-combine-fast[5.5.863~1-813b7]:AcceptStep():optimization.cc:194) Accepted step; length was 0.665837, prod was -0.0593384
VLOG[2] (nnet-combine-fast[5.5.863~1-813b7]:DoBackpropParallel():nnet-update-parallel.cc:264) Did backprop on 10000 examples, average log-prob per frame is -1.57288
VLOG[2] (nnet-combine-fast[5.5.863~1-813b7]:ComputeObjfAndGradient():combine-nnet-fast.cc:347) Objf is -1.57288, raw gradient is  [ -0.0259791 0.00906647 -0.0364989 -0.0266877 0.00810091 -0.0349626 -0.0268989 0.00745176 -0.0331278 -0.0293109 0.00690573 -0.0331132 -0.029825 0.00602075 -0.0315155 -0.0299069 0.00543749 -0.0295058 -0.0295334 0.00511698 -0.0274016 -0.029275 0.0049101 -0.0254583 ]

VLOG[3] (nnet-combine-fast[5.5.863~1-813b7]:StepSizeIteration():optimization.cc:240) In step size iteration, function value changed -1.58691 to -1.57288
VLOG[3] (nnet-combine-fast[5.5.863~1-813b7]:StepSizeIteration():optimization.cc:323) d = 2, iter = 3, action = accept
VLOG[3] (nnet-combine-fast[5.5.863~1-813b7]:AcceptStep():optimization.cc:194) Accepted step; length was 0.232634, prod was -0.0174606
VLOG[2] (nnet-combine-fast[5.5.863~1-813b7]:DoBackpropParallel():nnet-update-parallel.cc:264) Did backprop on 10000 examples, average log-prob per frame is -1.56028
VLOG[2] (nnet-combine-fast[5.5.863~1-813b7]:ComputeObjfAndGradient():combine-nnet-fast.cc:347) Objf is -1.56028, raw gradient is  [ -0.0264405 0.0010037 -0.0123839 -0.02674 0.000294641 -0.0121791 -0.0266235 -0.000158118 -0.0113937 -0.0287823 -0.000310638 -0.01113 -0.0288749 -0.000959702 -0.0105659 -0.0287348 -0.00140229 -0.00950471 -0.0282139 -0.00161727 -0.00823391 -0.0278162 -0.00172263 -0.00704562 ]

VLOG[3] (nnet-combine-fast[5.5.863~1-813b7]:StepSizeIteration():optimization.cc:240) In step size iteration, function value changed -1.57288 to -1.56028
VLOG[3] (nnet-combine-fast[5.5.863~1-813b7]:StepSizeIteration():optimization.cc:323) d = 2, iter = 4, action = accept
VLOG[3] (nnet-combine-fast[5.5.863~1-813b7]:AcceptStep():optimization.cc:194) Accepted step; length was 0.287831, prod was -0.00903169
VLOG[2] (nnet-combine-fast[5.5.863~1-813b7]:DoBackpropParallel():nnet-update-parallel.cc:264) Did backprop on 10000 examples, average log-prob per frame is -1.5533
VLOG[2] (nnet-combine-fast[5.5.863~1-813b7]:ComputeObjfAndGradient():combine-nnet-fast.cc:347) Objf is -1.5533, raw gradient is  [ 0.0028601 -0.0110301 -0.0147703 0.00287128 -0.0111482 -0.0157637 0.0031027 -0.0111331 -0.0159411 0.00376073 -0.0105444 -0.0167753 0.00360632 -0.0107904 -0.0171712 0.0036221 -0.0108669 -0.0169657 0.00402723 -0.0107203 -0.0164471 0.00425531 -0.0105091 -0.0159292 ]

VLOG[3] (nnet-combine-fast[5.5.863~1-813b7]:StepSizeIteration():optimization.cc:240) In step size iteration, function value changed -1.56028 to -1.5533
VLOG[3] (nnet-combine-fast[5.5.863~1-813b7]:StepSizeIteration():optimization.cc:323) d = 2, iter = 5, action = accept
VLOG[3] (nnet-combine-fast[5.5.863~1-813b7]:AcceptStep():optimization.cc:194) Accepted step; length was 0.252658, prod was -0.0140254
LOG (nnet-combine-fast[5.5.863~1-813b7]:ComputeCurrentNnet():combine-nnet-fast.cc:373) Scale parameters are  [
  0.380887 -1.65194 -2.95087 
  -1.62602 -1.87138 -2.05888 
  -0.853325 -1.27129 -1.13499 
  2.00897 1.28756 -0.282013 
  -2.2143 -1.20989 0.384572 
  -2.38905 -0.922722 1.18284 
  1.08688 1.77939 1.98771 
  4.40682 5.46074 3.72116 ]

LOG (nnet-combine-fast[5.5.863~1-813b7]:FastNnetCombiner():combine-nnet-fast.cc:152) Combining nnets, objf per frame changed from -1.6618 to -1.5533
LOG (nnet-combine-fast[5.5.863~1-813b7]:main():nnet-combine-fast.cc:124) Finished combining neural nets, wrote model to exp/tri4_nnet_1/final.mdl
# Accounting: time=19 threads=1
# Ended (code 0) at Tue Jan  5 18:17:32 EST 2021, elapsed time 19 seconds
