# nnet-get-egs --left-context=4 --right-context=4 "ark,s,cs:utils/filter_scp.pl --exclude exp/tri4_nnet_1/valid_uttlist data/train/split30/22/feats.scp | apply-cmvn  --utt2spk=ark:data/train/split30/22/utt2spk scp:data/train/split30/22/cmvn.scp scp:- ark:- | splice-feats --left-context=3 --right-context=3 ark:- ark:- | transform-feats exp/tri4_nnet_1/final.mat ark:- ark:- | transform-feats --utt2spk=ark:data/train/split30/22/utt2spk ark:exp/tri3_ali/trans.22 ark:- ark:- |" "ark,s,cs:gunzip -c exp/tri3_ali/ali.22.gz | ali-to-pdf exp/tri3_ali/final.mdl ark:- ark:- | ali-to-post ark:- ark:- |" ark:- | nnet-copy-egs ark:- ark:exp/tri4_nnet_1/egs/egs_orig.1.22.ark ark:exp/tri4_nnet_1/egs/egs_orig.2.22.ark ark:exp/tri4_nnet_1/egs/egs_orig.3.22.ark ark:exp/tri4_nnet_1/egs/egs_orig.4.22.ark ark:exp/tri4_nnet_1/egs/egs_orig.5.22.ark ark:exp/tri4_nnet_1/egs/egs_orig.6.22.ark ark:exp/tri4_nnet_1/egs/egs_orig.7.22.ark ark:exp/tri4_nnet_1/egs/egs_orig.8.22.ark ark:exp/tri4_nnet_1/egs/egs_orig.9.22.ark ark:exp/tri4_nnet_1/egs/egs_orig.10.22.ark ark:exp/tri4_nnet_1/egs/egs_orig.11.22.ark ark:exp/tri4_nnet_1/egs/egs_orig.12.22.ark ark:exp/tri4_nnet_1/egs/egs_orig.13.22.ark ark:exp/tri4_nnet_1/egs/egs_orig.14.22.ark ark:exp/tri4_nnet_1/egs/egs_orig.15.22.ark ark:exp/tri4_nnet_1/egs/egs_orig.16.22.ark ark:exp/tri4_nnet_1/egs/egs_orig.17.22.ark ark:exp/tri4_nnet_1/egs/egs_orig.18.22.ark ark:exp/tri4_nnet_1/egs/egs_orig.19.22.ark ark:exp/tri4_nnet_1/egs/egs_orig.20.22.ark ark:exp/tri4_nnet_1/egs/egs_orig.21.22.ark ark:exp/tri4_nnet_1/egs/egs_orig.22.22.ark ark:exp/tri4_nnet_1/egs/egs_orig.23.22.ark ark:exp/tri4_nnet_1/egs/egs_orig.24.22.ark ark:exp/tri4_nnet_1/egs/egs_orig.25.22.ark ark:exp/tri4_nnet_1/egs/egs_orig.26.22.ark ark:exp/tri4_nnet_1/egs/egs_orig.27.22.ark ark:exp/tri4_nnet_1/egs/egs_orig.28.22.ark ark:exp/tri4_nnet_1/egs/egs_orig.29.22.ark ark:exp/tri4_nnet_1/egs/egs_orig.30.22.ark 
# Started at Tue Jan  5 17:24:10 EST 2021
#
nnet-copy-egs ark:- ark:exp/tri4_nnet_1/egs/egs_orig.1.22.ark ark:exp/tri4_nnet_1/egs/egs_orig.2.22.ark ark:exp/tri4_nnet_1/egs/egs_orig.3.22.ark ark:exp/tri4_nnet_1/egs/egs_orig.4.22.ark ark:exp/tri4_nnet_1/egs/egs_orig.5.22.ark ark:exp/tri4_nnet_1/egs/egs_orig.6.22.ark ark:exp/tri4_nnet_1/egs/egs_orig.7.22.ark ark:exp/tri4_nnet_1/egs/egs_orig.8.22.ark ark:exp/tri4_nnet_1/egs/egs_orig.9.22.ark ark:exp/tri4_nnet_1/egs/egs_orig.10.22.ark ark:exp/tri4_nnet_1/egs/egs_orig.11.22.ark ark:exp/tri4_nnet_1/egs/egs_orig.12.22.ark ark:exp/tri4_nnet_1/egs/egs_orig.13.22.ark ark:exp/tri4_nnet_1/egs/egs_orig.14.22.ark ark:exp/tri4_nnet_1/egs/egs_orig.15.22.ark ark:exp/tri4_nnet_1/egs/egs_orig.16.22.ark ark:exp/tri4_nnet_1/egs/egs_orig.17.22.ark ark:exp/tri4_nnet_1/egs/egs_orig.18.22.ark ark:exp/tri4_nnet_1/egs/egs_orig.19.22.ark ark:exp/tri4_nnet_1/egs/egs_orig.20.22.ark ark:exp/tri4_nnet_1/egs/egs_orig.21.22.ark ark:exp/tri4_nnet_1/egs/egs_orig.22.22.ark ark:exp/tri4_nnet_1/egs/egs_orig.23.22.ark ark:exp/tri4_nnet_1/egs/egs_orig.24.22.ark ark:exp/tri4_nnet_1/egs/egs_orig.25.22.ark ark:exp/tri4_nnet_1/egs/egs_orig.26.22.ark ark:exp/tri4_nnet_1/egs/egs_orig.27.22.ark ark:exp/tri4_nnet_1/egs/egs_orig.28.22.ark ark:exp/tri4_nnet_1/egs/egs_orig.29.22.ark ark:exp/tri4_nnet_1/egs/egs_orig.30.22.ark 
nnet-get-egs --left-context=4 --right-context=4 'ark,s,cs:utils/filter_scp.pl --exclude exp/tri4_nnet_1/valid_uttlist data/train/split30/22/feats.scp | apply-cmvn  --utt2spk=ark:data/train/split30/22/utt2spk scp:data/train/split30/22/cmvn.scp scp:- ark:- | splice-feats --left-context=3 --right-context=3 ark:- ark:- | transform-feats exp/tri4_nnet_1/final.mat ark:- ark:- | transform-feats --utt2spk=ark:data/train/split30/22/utt2spk ark:exp/tri3_ali/trans.22 ark:- ark:- |' 'ark,s,cs:gunzip -c exp/tri3_ali/ali.22.gz | ali-to-pdf exp/tri3_ali/final.mdl ark:- ark:- | ali-to-post ark:- ark:- |' ark:- 
transform-feats exp/tri4_nnet_1/final.mat ark:- ark:- 
transform-feats --utt2spk=ark:data/train/split30/22/utt2spk ark:exp/tri3_ali/trans.22 ark:- ark:- 
splice-feats --left-context=3 --right-context=3 ark:- ark:- 
apply-cmvn --utt2spk=ark:data/train/split30/22/utt2spk scp:data/train/split30/22/cmvn.scp scp:- ark:- 
ali-to-pdf exp/tri3_ali/final.mdl ark:- ark:- 
ali-to-post ark:- ark:- 
LOG (ali-to-pdf[5.5.863~1-813b7]:main():ali-to-pdf.cc:68) Converted 120 alignments to pdf sequences.
LOG (ali-to-post[5.5.863~1-813b7]:main():ali-to-post.cc:73) Converted 120 alignments.
LOG (apply-cmvn[5.5.863~1-813b7]:main():apply-cmvn.cc:162) Applied cepstral mean normalization to 107 utterances, errors on 0
LOG (transform-feats[5.5.863~1-813b7]:main():transform-feats.cc:158) Overall average [pseudo-]logdet is -88.5311 over 32043 frames.
LOG (transform-feats[5.5.863~1-813b7]:main():transform-feats.cc:161) Applied transform to 107 utterances; 0 had errors.
LOG (transform-feats[5.5.863~1-813b7]:main():transform-feats.cc:158) Overall average logdet is 2.81269 over 32043 frames.
LOG (transform-feats[5.5.863~1-813b7]:main():transform-feats.cc:161) Applied transform to 107 utterances; 0 had errors.
LOG (nnet-get-egs[5.5.863~1-813b7]:main():nnet-get-egs.cc:174) Finished generating examples, successfully processed 107 feature files, wrote 32043 examples,  with 32043 egs in total; 0 files had errors.
LOG (nnet-copy-egs[5.5.863~1-813b7]:main():nnet-copy-egs.cc:170) Read 32043 neural-network training examples, wrote 32043
# Accounting: time=4 threads=1
# Ended (code 0) at Tue Jan  5 17:24:14 EST 2021, elapsed time 4 seconds
