# nnet-get-egs --left-context=4 --right-context=4 "ark,s,cs:utils/filter_scp.pl --exclude exp/tri4_nnet_1/valid_uttlist data/train/split30/29/feats.scp | apply-cmvn  --utt2spk=ark:data/train/split30/29/utt2spk scp:data/train/split30/29/cmvn.scp scp:- ark:- | splice-feats --left-context=3 --right-context=3 ark:- ark:- | transform-feats exp/tri4_nnet_1/final.mat ark:- ark:- | transform-feats --utt2spk=ark:data/train/split30/29/utt2spk ark:exp/tri3_ali/trans.29 ark:- ark:- |" "ark,s,cs:gunzip -c exp/tri3_ali/ali.29.gz | ali-to-pdf exp/tri3_ali/final.mdl ark:- ark:- | ali-to-post ark:- ark:- |" ark:- | nnet-copy-egs ark:- ark:exp/tri4_nnet_1/egs/egs_orig.1.29.ark ark:exp/tri4_nnet_1/egs/egs_orig.2.29.ark ark:exp/tri4_nnet_1/egs/egs_orig.3.29.ark ark:exp/tri4_nnet_1/egs/egs_orig.4.29.ark ark:exp/tri4_nnet_1/egs/egs_orig.5.29.ark ark:exp/tri4_nnet_1/egs/egs_orig.6.29.ark ark:exp/tri4_nnet_1/egs/egs_orig.7.29.ark ark:exp/tri4_nnet_1/egs/egs_orig.8.29.ark ark:exp/tri4_nnet_1/egs/egs_orig.9.29.ark ark:exp/tri4_nnet_1/egs/egs_orig.10.29.ark ark:exp/tri4_nnet_1/egs/egs_orig.11.29.ark ark:exp/tri4_nnet_1/egs/egs_orig.12.29.ark ark:exp/tri4_nnet_1/egs/egs_orig.13.29.ark ark:exp/tri4_nnet_1/egs/egs_orig.14.29.ark ark:exp/tri4_nnet_1/egs/egs_orig.15.29.ark ark:exp/tri4_nnet_1/egs/egs_orig.16.29.ark ark:exp/tri4_nnet_1/egs/egs_orig.17.29.ark ark:exp/tri4_nnet_1/egs/egs_orig.18.29.ark ark:exp/tri4_nnet_1/egs/egs_orig.19.29.ark ark:exp/tri4_nnet_1/egs/egs_orig.20.29.ark ark:exp/tri4_nnet_1/egs/egs_orig.21.29.ark ark:exp/tri4_nnet_1/egs/egs_orig.22.29.ark ark:exp/tri4_nnet_1/egs/egs_orig.23.29.ark ark:exp/tri4_nnet_1/egs/egs_orig.24.29.ark ark:exp/tri4_nnet_1/egs/egs_orig.25.29.ark ark:exp/tri4_nnet_1/egs/egs_orig.26.29.ark ark:exp/tri4_nnet_1/egs/egs_orig.27.29.ark ark:exp/tri4_nnet_1/egs/egs_orig.28.29.ark ark:exp/tri4_nnet_1/egs/egs_orig.29.29.ark ark:exp/tri4_nnet_1/egs/egs_orig.30.29.ark 
# Started at Tue Jan  5 17:24:16 EST 2021
#
nnet-get-egs --left-context=4 --right-context=4 'ark,s,cs:utils/filter_scp.pl --exclude exp/tri4_nnet_1/valid_uttlist data/train/split30/29/feats.scp | apply-cmvn  --utt2spk=ark:data/train/split30/29/utt2spk scp:data/train/split30/29/cmvn.scp scp:- ark:- | splice-feats --left-context=3 --right-context=3 ark:- ark:- | transform-feats exp/tri4_nnet_1/final.mat ark:- ark:- | transform-feats --utt2spk=ark:data/train/split30/29/utt2spk ark:exp/tri3_ali/trans.29 ark:- ark:- |' 'ark,s,cs:gunzip -c exp/tri3_ali/ali.29.gz | ali-to-pdf exp/tri3_ali/final.mdl ark:- ark:- | ali-to-post ark:- ark:- |' ark:- 
nnet-copy-egs ark:- ark:exp/tri4_nnet_1/egs/egs_orig.1.29.ark ark:exp/tri4_nnet_1/egs/egs_orig.2.29.ark ark:exp/tri4_nnet_1/egs/egs_orig.3.29.ark ark:exp/tri4_nnet_1/egs/egs_orig.4.29.ark ark:exp/tri4_nnet_1/egs/egs_orig.5.29.ark ark:exp/tri4_nnet_1/egs/egs_orig.6.29.ark ark:exp/tri4_nnet_1/egs/egs_orig.7.29.ark ark:exp/tri4_nnet_1/egs/egs_orig.8.29.ark ark:exp/tri4_nnet_1/egs/egs_orig.9.29.ark ark:exp/tri4_nnet_1/egs/egs_orig.10.29.ark ark:exp/tri4_nnet_1/egs/egs_orig.11.29.ark ark:exp/tri4_nnet_1/egs/egs_orig.12.29.ark ark:exp/tri4_nnet_1/egs/egs_orig.13.29.ark ark:exp/tri4_nnet_1/egs/egs_orig.14.29.ark ark:exp/tri4_nnet_1/egs/egs_orig.15.29.ark ark:exp/tri4_nnet_1/egs/egs_orig.16.29.ark ark:exp/tri4_nnet_1/egs/egs_orig.17.29.ark ark:exp/tri4_nnet_1/egs/egs_orig.18.29.ark ark:exp/tri4_nnet_1/egs/egs_orig.19.29.ark ark:exp/tri4_nnet_1/egs/egs_orig.20.29.ark ark:exp/tri4_nnet_1/egs/egs_orig.21.29.ark ark:exp/tri4_nnet_1/egs/egs_orig.22.29.ark ark:exp/tri4_nnet_1/egs/egs_orig.23.29.ark ark:exp/tri4_nnet_1/egs/egs_orig.24.29.ark ark:exp/tri4_nnet_1/egs/egs_orig.25.29.ark ark:exp/tri4_nnet_1/egs/egs_orig.26.29.ark ark:exp/tri4_nnet_1/egs/egs_orig.27.29.ark ark:exp/tri4_nnet_1/egs/egs_orig.28.29.ark ark:exp/tri4_nnet_1/egs/egs_orig.29.29.ark ark:exp/tri4_nnet_1/egs/egs_orig.30.29.ark 
transform-feats exp/tri4_nnet_1/final.mat ark:- ark:- 
transform-feats --utt2spk=ark:data/train/split30/29/utt2spk ark:exp/tri3_ali/trans.29 ark:- ark:- 
apply-cmvn --utt2spk=ark:data/train/split30/29/utt2spk scp:data/train/split30/29/cmvn.scp scp:- ark:- 
splice-feats --left-context=3 --right-context=3 ark:- ark:- 
ali-to-pdf exp/tri3_ali/final.mdl ark:- ark:- 
ali-to-post ark:- ark:- 
LOG (ali-to-pdf[5.5.863~1-813b7]:main():ali-to-pdf.cc:68) Converted 120 alignments to pdf sequences.
LOG (ali-to-post[5.5.863~1-813b7]:main():ali-to-post.cc:73) Converted 120 alignments.
LOG (apply-cmvn[5.5.863~1-813b7]:main():apply-cmvn.cc:162) Applied cepstral mean normalization to 114 utterances, errors on 0
LOG (transform-feats[5.5.863~1-813b7]:main():transform-feats.cc:158) Overall average [pseudo-]logdet is -88.5311 over 34501 frames.
LOG (transform-feats[5.5.863~1-813b7]:main():transform-feats.cc:161) Applied transform to 114 utterances; 0 had errors.
LOG (transform-feats[5.5.863~1-813b7]:main():transform-feats.cc:158) Overall average logdet is 3.2682 over 34501 frames.
LOG (transform-feats[5.5.863~1-813b7]:main():transform-feats.cc:161) Applied transform to 114 utterances; 0 had errors.
LOG (nnet-get-egs[5.5.863~1-813b7]:main():nnet-get-egs.cc:174) Finished generating examples, successfully processed 114 feature files, wrote 34501 examples,  with 34501 egs in total; 0 files had errors.
LOG (nnet-copy-egs[5.5.863~1-813b7]:main():nnet-copy-egs.cc:170) Read 34501 neural-network training examples, wrote 34501
# Accounting: time=5 threads=1
# Ended (code 0) at Tue Jan  5 17:24:21 EST 2021, elapsed time 5 seconds
