# nnet-combine-fast --use-gpu=no --num-threads=16 --verbose=3 --minibatch-size=512 exp/tri4_nnet_2/13.mdl exp/tri4_nnet_2/14.mdl exp/tri4_nnet_2/15.mdl exp/tri4_nnet_2/16.mdl exp/tri4_nnet_2/17.mdl exp/tri4_nnet_2/18.mdl exp/tri4_nnet_2/19.mdl exp/tri4_nnet_2/20.mdl ark:exp/tri4_nnet_2/egs/combine.egs exp/tri4_nnet_2/final.mdl 
# Started at Tue Jan  5 23:47:02 EST 2021
#
nnet-combine-fast --use-gpu=no --num-threads=16 --verbose=3 --minibatch-size=512 exp/tri4_nnet_2/13.mdl exp/tri4_nnet_2/14.mdl exp/tri4_nnet_2/15.mdl exp/tri4_nnet_2/16.mdl exp/tri4_nnet_2/17.mdl exp/tri4_nnet_2/18.mdl exp/tri4_nnet_2/19.mdl exp/tri4_nnet_2/20.mdl ark:exp/tri4_nnet_2/egs/combine.egs exp/tri4_nnet_2/final.mdl 
LOG (nnet-combine-fast[5.5.863~1-813b7]:main():nnet-combine-fast.cc:108) Read 10000 examples from the validation set.
VLOG[3] (nnet-combine-fast[5.5.863~1-813b7]:Propagate():nnet-update.cc:114) Stddev of data for component 0 for this minibatch is 2.12482
VLOG[3] (nnet-combine-fast[5.5.863~1-813b7]:Propagate():nnet-update.cc:114) Stddev of data for component 0 for this minibatch is 2.06902
VLOG[3] (nnet-combine-fast[5.5.863~1-813b7]:Propagate():nnet-update.cc:114) Stddev of data for component 0 for this minibatch is 2.10801
VLOG[3] (nnet-combine-fast[5.5.863~1-813b7]:Propagate():nnet-update.cc:114) Stddev of data for component 0 for this minibatch is 2.03695
VLOG[3] (nnet-combine-fast[5.5.863~1-813b7]:Propagate():nnet-update.cc:114) Stddev of data for component 0 for this minibatch is 2.06897
VLOG[3] (nnet-combine-fast[5.5.863~1-813b7]:Propagate():nnet-update.cc:114) Stddev of data for component 1 for this minibatch is 2.12482
VLOG[3] (nnet-combine-fast[5.5.863~1-813b7]:Propagate():nnet-update.cc:114) Stddev of data for component 1 for this minibatch is 2.10801
VLOG[3] (nnet-combine-fast[5.5.863~1-813b7]:Propagate():nnet-update.cc:114) Stddev of data for component 1 for this minibatch is 2.06897
VLOG[3] (nnet-combine-fast[5.5.863~1-813b7]:Propagate():nnet-update.cc:114) Stddev of data for component 0 for this minibatch is 2.07452
VLOG[3] (nnet-combine-fast[5.5.863~1-813b7]:Propagate():nnet-update.cc:114) Stddev of data for component 2 for this minibatch is 0.132898
VLOG[3] (nnet-combine-fast[5.5.863~1-813b7]:Propagate():nnet-update.cc:114) Stddev of data for component 2 for this minibatch is 0.133444
VLOG[3] (nnet-combine-fast[5.5.863~1-813b7]:Propagate():nnet-update.cc:114) Stddev of data for component 1 for this minibatch is 2.07452
VLOG[3] (nnet-combine-fast[5.5.863~1-813b7]:Propagate():nnet-update.cc:114) Stddev of data for component 0 for this minibatch is 2.1038
VLOG[3] (nnet-combine-fast[5.5.863~1-813b7]:Propagate():nnet-update.cc:114) Stddev of data for component 0 for this minibatch is 2.09779
VLOG[3] (nnet-combine-fast[5.5.863~1-813b7]:Propagate():nnet-update.cc:114) Stddev of data for component 1 for this minibatch is 2.06903
VLOG[3] (nnet-combine-fast[5.5.863~1-813b7]:Propagate():nnet-update.cc:114) Stddev of data for component 2 for this minibatch is 0.129761
VLOG[3] (nnet-combine-fast[5.5.863~1-813b7]:Propagate():nnet-update.cc:114) Stddev of data for component 0 for this minibatch is 2.06253
VLOG[3] (nnet-combine-fast[5.5.863~1-813b7]:Propagate():nnet-update.cc:114) Stddev of data for component 1 for this minibatch is 2.1038
VLOG[3] (nnet-combine-fast[5.5.863~1-813b7]:Propagate():nnet-update.cc:114) Stddev of data for component 1 for this minibatch is 2.09779
VLOG[3] (nnet-combine-fast[5.5.863~1-813b7]:Propagate():nnet-update.cc:114) Stddev of data for component 2 for this minibatch is 0.130461
VLOG[3] (nnet-combine-fast[5.5.863~1-813b7]:Propagate():nnet-update.cc:114) Stddev of data for component 3 for this minibatch is 2.23953
VLOG[3] (nnet-combine-fast[5.5.863~1-813b7]:Propagate():nnet-update.cc:114) Stddev of data for component 2 for this minibatch is 0.131162
VLOG[3] (nnet-combine-fast[5.5.863~1-813b7]:Propagate():nnet-update.cc:114) Stddev of data for component 2 for this minibatch is 0.13114
VLOG[3] (nnet-combine-fast[5.5.863~1-813b7]:Propagate():nnet-update.cc:114) Stddev of data for component 3 for this minibatch is 2.25618
VLOG[3] (nnet-combine-fast[5.5.863~1-813b7]:Propagate():nnet-update.cc:114) Stddev of data for component 3 for this minibatch is 2.24723
VLOG[3] (nnet-combine-fast[5.5.863~1-813b7]:Propagate():nnet-update.cc:114) Stddev of data for component 0 for this minibatch is 2.13579
VLOG[3] (nnet-combine-fast[5.5.863~1-813b7]:Propagate():nnet-update.cc:114) Stddev of data for component 0 for this minibatch is 2.01797
VLOG[3] (nnet-combine-fast[5.5.863~1-813b7]:Propagate():nnet-update.cc:114) Stddev of data for component 4 for this minibatch is 0.534359
VLOG[3] (nnet-combine-fast[5.5.863~1-813b7]:Propagate():nnet-update.cc:114) Stddev of data for component 4 for this minibatch is 0.532737
VLOG[3] (nnet-combine-fast[5.5.863~1-813b7]:Propagate():nnet-update.cc:114) Stddev of data for component 5 for this minibatch is 8.49985
VLOG[3] (nnet-combine-fast[5.5.863~1-813b7]:Propagate():nnet-update.cc:114) Stddev of data for component 3 for this minibatch is 2.28791
VLOG[3] (nnet-combine-fast[5.5.863~1-813b7]:Propagate():nnet-update.cc:114) Stddev of data for component 3 for this minibatch is 2.297
VLOG[3] (nnet-combine-fast[5.5.863~1-813b7]:Propagate():nnet-update.cc:114) Stddev of data for component 1 for this minibatch is 2.13579
VLOG[3] (nnet-combine-fast[5.5.863~1-813b7]:Propagate():nnet-update.cc:114) Stddev of data for component 1 for this minibatch is 2.01797
VLOG[3] (nnet-combine-fast[5.5.863~1-813b7]:Propagate():nnet-update.cc:114) Stddev of data for component 4 for this minibatch is 0.5359
VLOG[3] (nnet-combine-fast[5.5.863~1-813b7]:Propagate():nnet-update.cc:114) Stddev of data for component 5 for this minibatch is 8.55668
VLOG[3] (nnet-combine-fast[5.5.863~1-813b7]:Propagate():nnet-update.cc:114) Stddev of data for component 2 for this minibatch is 0.136204
VLOG[3] (nnet-combine-fast[5.5.863~1-813b7]:Propagate():nnet-update.cc:114) Stddev of data for component 4 for this minibatch is 0.535462
VLOG[3] (nnet-combine-fast[5.5.863~1-813b7]:Propagate():nnet-update.cc:114) Stddev of data for component 2 for this minibatch is 0.130679
VLOG[3] (nnet-combine-fast[5.5.863~1-813b7]:Propagate():nnet-update.cc:114) Stddev of data for component 5 for this minibatch is 8.47583
VLOG[3] (nnet-combine-fast[5.5.863~1-813b7]:Propagate():nnet-update.cc:114) Stddev of data for component 3 for this minibatch is 2.22062
VLOG[3] (nnet-combine-fast[5.5.863~1-813b7]:Propagate():nnet-update.cc:114) Stddev of data for component 1 for this minibatch is 2.06253
VLOG[3] (nnet-combine-fast[5.5.863~1-813b7]:Propagate():nnet-update.cc:114) Stddev of data for component 4 for this minibatch is 0.530893
VLOG[3] (nnet-combine-fast[5.5.863~1-813b7]:Propagate():nnet-update.cc:114) Stddev of data for component 1 for this minibatch is 2.03695
VLOG[3] (nnet-combine-fast[5.5.863~1-813b7]:Propagate():nnet-update.cc:114) Stddev of data for component 5 for this minibatch is 8.5499
VLOG[3] (nnet-combine-fast[5.5.863~1-813b7]:Propagate():nnet-update.cc:114) Stddev of data for component 2 for this minibatch is 0.128905
VLOG[3] (nnet-combine-fast[5.5.863~1-813b7]:Propagate():nnet-update.cc:114) Stddev of data for component 5 for this minibatch is 8.46401
VLOG[3] (nnet-combine-fast[5.5.863~1-813b7]:Propagate():nnet-update.cc:114) Stddev of data for component 3 for this minibatch is 2.32056
VLOG[3] (nnet-combine-fast[5.5.863~1-813b7]:Propagate():nnet-update.cc:114) Stddev of data for component 2 for this minibatch is 0.129763
VLOG[3] (nnet-combine-fast[5.5.863~1-813b7]:Propagate():nnet-update.cc:114) Stddev of data for component 3 for this minibatch is 2.20438
VLOG[3] (nnet-combine-fast[5.5.863~1-813b7]:Propagate():nnet-update.cc:114) Stddev of data for component 4 for this minibatch is 0.531933
VLOG[3] (nnet-combine-fast[5.5.863~1-813b7]:Propagate():nnet-update.cc:114) Stddev of data for component 5 for this minibatch is 8.44928
VLOG[3] (nnet-combine-fast[5.5.863~1-813b7]:Propagate():nnet-update.cc:114) Stddev of data for component 4 for this minibatch is 0.539511
VLOG[3] (nnet-combine-fast[5.5.863~1-813b7]:Propagate():nnet-update.cc:114) Stddev of data for component 5 for this minibatch is 8.59495
VLOG[3] (nnet-combine-fast[5.5.863~1-813b7]:Propagate():nnet-update.cc:114) Stddev of data for component 2 for this minibatch is 0.129355
VLOG[3] (nnet-combine-fast[5.5.863~1-813b7]:Propagate():nnet-update.cc:114) Stddev of data for component 4 for this minibatch is 0.527843
VLOG[3] (nnet-combine-fast[5.5.863~1-813b7]:Propagate():nnet-update.cc:114) Stddev of data for component 0 for this minibatch is 2.10825
VLOG[3] (nnet-combine-fast[5.5.863~1-813b7]:Propagate():nnet-update.cc:114) Stddev of data for component 0 for this minibatch is 1.97627
VLOG[3] (nnet-combine-fast[5.5.863~1-813b7]:Propagate():nnet-update.cc:114) Stddev of data for component 0 for this minibatch is 2.06222
VLOG[3] (nnet-combine-fast[5.5.863~1-813b7]:Propagate():nnet-update.cc:114) Stddev of data for component 1 for this minibatch is 1.97626
VLOG[3] (nnet-combine-fast[5.5.863~1-813b7]:Propagate():nnet-update.cc:114) Stddev of data for component 2 for this minibatch is 0.127411
VLOG[3] (nnet-combine-fast[5.5.863~1-813b7]:Propagate():nnet-update.cc:114) Stddev of data for component 1 for this minibatch is 2.06221
VLOG[3] (nnet-combine-fast[5.5.863~1-813b7]:Propagate():nnet-update.cc:114) Stddev of data for component 1 for this minibatch is 2.10825
VLOG[3] (nnet-combine-fast[5.5.863~1-813b7]:Propagate():nnet-update.cc:114) Stddev of data for component 2 for this minibatch is 0.133805
VLOG[3] (nnet-combine-fast[5.5.863~1-813b7]:Propagate():nnet-update.cc:114) Stddev of data for component 3 for this minibatch is 2.27747
VLOG[3] (nnet-combine-fast[5.5.863~1-813b7]:Propagate():nnet-update.cc:114) Stddev of data for component 4 for this minibatch is 0.535805
VLOG[3] (nnet-combine-fast[5.5.863~1-813b7]:Propagate():nnet-update.cc:114) Stddev of data for component 3 for this minibatch is 2.26131
VLOG[3] (nnet-combine-fast[5.5.863~1-813b7]:Propagate():nnet-update.cc:114) Stddev of data for component 2 for this minibatch is 0.130441
VLOG[3] (nnet-combine-fast[5.5.863~1-813b7]:Propagate():nnet-update.cc:114) Stddev of data for component 4 for this minibatch is 0.533181
VLOG[3] (nnet-combine-fast[5.5.863~1-813b7]:Propagate():nnet-update.cc:114) Stddev of data for component 3 for this minibatch is 2.24144
VLOG[3] (nnet-combine-fast[5.5.863~1-813b7]:Propagate():nnet-update.cc:114) Stddev of data for component 4 for this minibatch is 0.532101
VLOG[3] (nnet-combine-fast[5.5.863~1-813b7]:Propagate():nnet-update.cc:114) Stddev of data for component 5 for this minibatch is 8.47388
VLOG[3] (nnet-combine-fast[5.5.863~1-813b7]:Propagate():nnet-update.cc:114) Stddev of data for component 5 for this minibatch is 8.4136
VLOG[3] (nnet-combine-fast[5.5.863~1-813b7]:Propagate():nnet-update.cc:114) Stddev of data for component 3 for this minibatch is 2.22663
VLOG[3] (nnet-combine-fast[5.5.863~1-813b7]:Propagate():nnet-update.cc:114) Stddev of data for component 5 for this minibatch is 8.53672
VLOG[3] (nnet-combine-fast[5.5.863~1-813b7]:Propagate():nnet-update.cc:114) Stddev of data for component 6 for this minibatch is 0.744409
VLOG[3] (nnet-combine-fast[5.5.863~1-813b7]:Propagate():nnet-update.cc:114) Stddev of data for component 4 for this minibatch is 0.5288
VLOG[3] (nnet-combine-fast[5.5.863~1-813b7]:Propagate():nnet-update.cc:114) Stddev of data for component 5 for this minibatch is 8.39276
VLOG[3] (nnet-combine-fast[5.5.863~1-813b7]:Propagate():nnet-update.cc:114) Stddev of data for component 5 for this minibatch is 8.53827
VLOG[3] (nnet-combine-fast[5.5.863~1-813b7]:Propagate():nnet-update.cc:114) Stddev of data for component 6 for this minibatch is 0.743312
VLOG[3] (nnet-combine-fast[5.5.863~1-813b7]:Propagate():nnet-update.cc:114) Stddev of data for component 6 for this minibatch is 0.744297
VLOG[3] (nnet-combine-fast[5.5.863~1-813b7]:Propagate():nnet-update.cc:114) Stddev of data for component 3 for this minibatch is 2.20518
VLOG[3] (nnet-combine-fast[5.5.863~1-813b7]:Propagate():nnet-update.cc:114) Stddev of data for component 4 for this minibatch is 0.529087
VLOG[3] (nnet-combine-fast[5.5.863~1-813b7]:Propagate():nnet-update.cc:114) Stddev of data for component 6 for this minibatch is 0.743774
VLOG[3] (nnet-combine-fast[5.5.863~1-813b7]:Propagate():nnet-update.cc:114) Stddev of data for component 6 for this minibatch is 0.745744
VLOG[3] (nnet-combine-fast[5.5.863~1-813b7]:Propagate():nnet-update.cc:114) Stddev of data for component 0 for this minibatch is 2.09447
VLOG[3] (nnet-combine-fast[5.5.863~1-813b7]:Propagate():nnet-update.cc:114) Stddev of data for component 6 for this minibatch is 0.745025
VLOG[3] (nnet-combine-fast[5.5.863~1-813b7]:Propagate():nnet-update.cc:114) Stddev of data for component 6 for this minibatch is 0.743412
VLOG[3] (nnet-combine-fast[5.5.863~1-813b7]:Propagate():nnet-update.cc:114) Stddev of data for component 1 for this minibatch is 2.09447
VLOG[3] (nnet-combine-fast[5.5.863~1-813b7]:Propagate():nnet-update.cc:114) Stddev of data for component 2 for this minibatch is 0.132993
VLOG[3] (nnet-combine-fast[5.5.863~1-813b7]:Propagate():nnet-update.cc:114) Stddev of data for component 3 for this minibatch is 2.2797
VLOG[3] (nnet-combine-fast[5.5.863~1-813b7]:Propagate():nnet-update.cc:114) Stddev of data for component 6 for this minibatch is 0.743845
VLOG[3] (nnet-combine-fast[5.5.863~1-813b7]:Propagate():nnet-update.cc:114) Stddev of data for component 4 for this minibatch is 0.53568
VLOG[3] (nnet-combine-fast[5.5.863~1-813b7]:Propagate():nnet-update.cc:114) Stddev of data for component 5 for this minibatch is 8.41139
VLOG[3] (nnet-combine-fast[5.5.863~1-813b7]:Propagate():nnet-update.cc:114) Stddev of data for component 5 for this minibatch is 8.53543
VLOG[3] (nnet-combine-fast[5.5.863~1-813b7]:Propagate():nnet-update.cc:114) Stddev of data for component 6 for this minibatch is 0.743397
VLOG[3] (nnet-combine-fast[5.5.863~1-813b7]:Propagate():nnet-update.cc:114) Stddev of data for component 3 for this minibatch is 2.17964
VLOG[3] (nnet-combine-fast[5.5.863~1-813b7]:Propagate():nnet-update.cc:114) Stddev of data for component 4 for this minibatch is 0.525996
VLOG[3] (nnet-combine-fast[5.5.863~1-813b7]:Propagate():nnet-update.cc:114) Stddev of data for component 6 for this minibatch is 0.743703
VLOG[3] (nnet-combine-fast[5.5.863~1-813b7]:Propagate():nnet-update.cc:114) Stddev of data for component 0 for this minibatch is 2.04812
VLOG[2] (nnet-combine-fast[5.5.863~1-813b7]:DoBackpropParallel():nnet-update-parallel.cc:264) Did backprop on 10000 examples, average log-prob per frame is -1.72819
VLOG[2] (nnet-combine-fast[5.5.863~1-813b7]:DoBackpropParallel():nnet-update-parallel.cc:264) Did backprop on 10000 examples, average log-prob per frame is -1.7183
VLOG[2] (nnet-combine-fast[5.5.863~1-813b7]:DoBackpropParallel():nnet-update-parallel.cc:264) Did backprop on 10000 examples, average log-prob per frame is -1.71011
VLOG[2] (nnet-combine-fast[5.5.863~1-813b7]:DoBackpropParallel():nnet-update-parallel.cc:264) Did backprop on 10000 examples, average log-prob per frame is -1.69672
VLOG[2] (nnet-combine-fast[5.5.863~1-813b7]:DoBackpropParallel():nnet-update-parallel.cc:264) Did backprop on 10000 examples, average log-prob per frame is -1.68773
VLOG[2] (nnet-combine-fast[5.5.863~1-813b7]:DoBackpropParallel():nnet-update-parallel.cc:264) Did backprop on 10000 examples, average log-prob per frame is -1.68053
VLOG[2] (nnet-combine-fast[5.5.863~1-813b7]:DoBackpropParallel():nnet-update-parallel.cc:264) Did backprop on 10000 examples, average log-prob per frame is -1.67399
VLOG[2] (nnet-combine-fast[5.5.863~1-813b7]:DoBackpropParallel():nnet-update-parallel.cc:264) Did backprop on 10000 examples, average log-prob per frame is -1.66776
LOG (nnet-combine-fast[5.5.863~1-813b7]:GetInitialModel():combine-nnet-fast.cc:403) Objective functions for the source neural nets are  [ -1.72819 -1.7183 -1.71011 -1.69672 -1.68773 -1.68053 -1.67399 -1.66776 ]

VLOG[2] (nnet-combine-fast[5.5.863~1-813b7]:DoBackpropParallel():nnet-update-parallel.cc:264) Did backprop on 10000 examples, average log-prob per frame is -1.69405
LOG (nnet-combine-fast[5.5.863~1-813b7]:GetInitialModel():combine-nnet-fast.cc:419) Objf with all neural nets averaged is -1.69405
LOG (nnet-combine-fast[5.5.863~1-813b7]:GetInitialParams():combine-nnet-fast.cc:282) Initializing with neural net with index 7
VLOG[2] (nnet-combine-fast[5.5.863~1-813b7]:DoBackpropParallel():nnet-update-parallel.cc:264) Did backprop on 10000 examples, average log-prob per frame is -1.66776
VLOG[2] (nnet-combine-fast[5.5.863~1-813b7]:ComputeObjfAndGradient():combine-nnet-fast.cc:347) Objf is -1.66776, raw gradient is  [ 0.0073148 0.0162767 0.0673502 0.00935298 0.0181897 0.0720253 0.011152 0.0198913 0.0761058 0.0135876 0.0211703 0.0845344 0.0155838 0.0228882 0.0879745 0.0170772 0.0244115 0.0915186 0.0183262 0.0258776 0.0950133 0.0195433 0.0273078 0.098378 ]

VLOG[2] (nnet-combine-fast[5.5.863~1-813b7]:DoBackpropParallel():nnet-update-parallel.cc:264) Did backprop on 10000 examples, average log-prob per frame is -1.65812
VLOG[2] (nnet-combine-fast[5.5.863~1-813b7]:ComputeObjfAndGradient():combine-nnet-fast.cc:347) Objf is -1.65812, raw gradient is  [ 0.00535325 0.0112587 0.0542708 0.0072299 0.0130221 0.0588877 0.00890717 0.0146125 0.0629305 0.0110608 0.0158468 0.0705082 0.012838 0.0174014 0.0739334 0.0142304 0.018821 0.0774813 0.0153978 0.0202032 0.080983 0.0165611 0.0215645 0.0843558 ]

VLOG[3] (nnet-combine-fast[5.5.863~1-813b7]:StepSizeIteration():optimization.cc:240) In step size iteration, function value changed -1.66776 to -1.65812
VLOG[3] (nnet-combine-fast[5.5.863~1-813b7]:StepSizeIteration():optimization.cc:323) d = 2, iter = 0, action = increase
VLOG[2] (nnet-combine-fast[5.5.863~1-813b7]:DoBackpropParallel():nnet-update-parallel.cc:264) Did backprop on 10000 examples, average log-prob per frame is -1.6492
VLOG[2] (nnet-combine-fast[5.5.863~1-813b7]:ComputeObjfAndGradient():combine-nnet-fast.cc:347) Objf is -1.6492, raw gradient is  [ 0.00395958 0.00706289 0.0423735 0.00564766 0.00866576 0.0469228 0.00718241 0.0101368 0.0509206 0.00908076 0.0113134 0.0577133 0.0106006 0.0126892 0.0611135 0.0118693 0.013995 0.0646575 0.0129385 0.0152853 0.0681597 0.0140335 0.0165703 0.0715342 ]

VLOG[3] (nnet-combine-fast[5.5.863~1-813b7]:StepSizeIteration():optimization.cc:240) In step size iteration, function value changed -1.66776 to -1.6492
VLOG[3] (nnet-combine-fast[5.5.863~1-813b7]:StepSizeIteration():optimization.cc:323) d = 2, iter = 0, action = accept
VLOG[3] (nnet-combine-fast[5.5.863~1-813b7]:AcceptStep():optimization.cc:194) Accepted step; length was 0.168045, prod was -0.00291256
VLOG[2] (nnet-combine-fast[5.5.863~1-813b7]:DoBackpropParallel():nnet-update-parallel.cc:264) Did backprop on 10000 examples, average log-prob per frame is -10.3874
VLOG[2] (nnet-combine-fast[5.5.863~1-813b7]:ComputeObjfAndGradient():combine-nnet-fast.cc:347) Objf is -10.3874, raw gradient is  [ -0.234371 44.03 -3.00321 -0.242055 43.9555 -3.00525 -0.245609 43.9001 -3.00711 -0.270469 43.5209 -3.19696 -0.274863 43.4323 -3.19757 -0.27752 43.3487 -3.1984 -0.280683 43.2804 -3.19933 -0.280411 43.2218 -3.20036 ]

VLOG[3] (nnet-combine-fast[5.5.863~1-813b7]:StepSizeIteration():optimization.cc:240) In step size iteration, function value changed -1.6492 to -10.3874
VLOG[3] (nnet-combine-fast[5.5.863~1-813b7]:StepSizeIteration():optimization.cc:323) d = 2, iter = 1, action = decrease
VLOG[2] (nnet-combine-fast[5.5.863~1-813b7]:DoBackpropParallel():nnet-update-parallel.cc:264) Did backprop on 10000 examples, average log-prob per frame is -1.72833
VLOG[2] (nnet-combine-fast[5.5.863~1-813b7]:ComputeObjfAndGradient():combine-nnet-fast.cc:347) Objf is -1.72833, raw gradient is  [ 0.183062 1.04763 0.337565 0.1781 1.03727 0.33791 0.174744 1.02968 0.338721 0.18687 1.01616 0.360834 0.177718 1.00105 0.360269 0.173769 0.991781 0.360984 0.171119 0.984483 0.362064 0.169373 0.978295 0.363202 ]

VLOG[3] (nnet-combine-fast[5.5.863~1-813b7]:StepSizeIteration():optimization.cc:240) In step size iteration, function value changed -1.6492 to -1.72833
VLOG[3] (nnet-combine-fast[5.5.863~1-813b7]:StepSizeIteration():optimization.cc:323) d = 2, iter = 1, action = decrease
VLOG[2] (nnet-combine-fast[5.5.863~1-813b7]:DoBackpropParallel():nnet-update-parallel.cc:264) Did backprop on 10000 examples, average log-prob per frame is -1.61864
VLOG[2] (nnet-combine-fast[5.5.863~1-813b7]:ComputeObjfAndGradient():combine-nnet-fast.cc:347) Objf is -1.61864, raw gradient is  [ 0.0397547 0.121768 0.0966742 0.039739 0.121342 0.0996986 0.0400196 0.121336 0.102551 0.0437369 0.120549 0.11161 0.0425269 0.119141 0.11369 0.0425424 0.118751 0.116291 0.042759 0.118728 0.118985 0.0432057 0.118883 0.121627 ]

VLOG[3] (nnet-combine-fast[5.5.863~1-813b7]:StepSizeIteration():optimization.cc:240) In step size iteration, function value changed -1.6492 to -1.61864
VLOG[3] (nnet-combine-fast[5.5.863~1-813b7]:StepSizeIteration():optimization.cc:323) d = 2, iter = 1, action = accept
VLOG[3] (nnet-combine-fast[5.5.863~1-813b7]:AcceptStep():optimization.cc:194) Accepted step; length was 0.471938, prod was -0.051275
VLOG[2] (nnet-combine-fast[5.5.863~1-813b7]:DoBackpropParallel():nnet-update-parallel.cc:264) Did backprop on 10000 examples, average log-prob per frame is -1.59181
VLOG[2] (nnet-combine-fast[5.5.863~1-813b7]:ComputeObjfAndGradient():combine-nnet-fast.cc:347) Objf is -1.59181, raw gradient is  [ 0.0511577 0.0272304 -0.00139634 0.0487189 0.026042 0.000665085 0.0471203 0.0254207 0.00277918 0.049803 0.0248467 0.00498217 0.045706 0.0229235 0.00647447 0.0438575 0.0220275 0.00863179 0.0425159 0.0215198 0.0109539 0.0417234 0.0212664 0.0132527 ]

VLOG[3] (nnet-combine-fast[5.5.863~1-813b7]:StepSizeIteration():optimization.cc:240) In step size iteration, function value changed -1.61864 to -1.59181
VLOG[3] (nnet-combine-fast[5.5.863~1-813b7]:StepSizeIteration():optimization.cc:323) d = 2, iter = 2, action = accept
VLOG[3] (nnet-combine-fast[5.5.863~1-813b7]:AcceptStep():optimization.cc:194) Accepted step; length was 0.679974, prod was -0.0770818
VLOG[2] (nnet-combine-fast[5.5.863~1-813b7]:DoBackpropParallel():nnet-update-parallel.cc:264) Did backprop on 10000 examples, average log-prob per frame is -1.57999
VLOG[2] (nnet-combine-fast[5.5.863~1-813b7]:ComputeObjfAndGradient():combine-nnet-fast.cc:347) Objf is -1.57999, raw gradient is  [ -0.0175575 0.00643777 -0.0280294 -0.0182717 0.0055973 -0.0263906 -0.018517 0.00519803 -0.0246524 -0.0202543 0.00488545 -0.0245083 -0.0210945 0.00401062 -0.0231734 -0.0213343 0.00348142 -0.0213525 -0.0215141 0.0032092 -0.019377 -0.0214009 0.00311993 -0.0173816 ]

VLOG[3] (nnet-combine-fast[5.5.863~1-813b7]:StepSizeIteration():optimization.cc:240) In step size iteration, function value changed -1.59181 to -1.57999
VLOG[3] (nnet-combine-fast[5.5.863~1-813b7]:StepSizeIteration():optimization.cc:323) d = 2, iter = 3, action = accept
VLOG[3] (nnet-combine-fast[5.5.863~1-813b7]:AcceptStep():optimization.cc:194) Accepted step; length was 0.133899, prod was -0.0186862
VLOG[2] (nnet-combine-fast[5.5.863~1-813b7]:DoBackpropParallel():nnet-update-parallel.cc:264) Did backprop on 10000 examples, average log-prob per frame is -1.57296
VLOG[2] (nnet-combine-fast[5.5.863~1-813b7]:ComputeObjfAndGradient():combine-nnet-fast.cc:347) Objf is -1.57296, raw gradient is  [ -0.0210969 0.003018 -0.0126763 -0.0216057 0.00229901 -0.0118394 -0.0216734 0.00197887 -0.0107453 -0.023563 0.00174696 -0.0102955 -0.0239818 0.00105775 -0.00961913 -0.0240599 0.000604329 -0.00840373 -0.0241394 0.000385778 -0.00696242 -0.0239469 0.000342981 -0.00545655 ]

VLOG[3] (nnet-combine-fast[5.5.863~1-813b7]:StepSizeIteration():optimization.cc:240) In step size iteration, function value changed -1.57999 to -1.57296
VLOG[3] (nnet-combine-fast[5.5.863~1-813b7]:StepSizeIteration():optimization.cc:323) d = 2, iter = 4, action = accept
VLOG[3] (nnet-combine-fast[5.5.863~1-813b7]:AcceptStep():optimization.cc:194) Accepted step; length was 0.152646, prod was -0.00305703
VLOG[2] (nnet-combine-fast[5.5.863~1-813b7]:DoBackpropParallel():nnet-update-parallel.cc:264) Did backprop on 10000 examples, average log-prob per frame is -1.56553
VLOG[2] (nnet-combine-fast[5.5.863~1-813b7]:ComputeObjfAndGradient():combine-nnet-fast.cc:347) Objf is -1.56553, raw gradient is  [ -0.00495395 -0.00953783 -0.0137008 -0.00462749 -0.0094512 -0.0143191 -0.0040249 -0.0091563 -0.0144059 -0.00401036 -0.00881394 -0.0152393 -0.00329151 -0.00870201 -0.0157707 -0.00288374 -0.0085784 -0.0156654 -0.00260974 -0.00830877 -0.0151863 -0.00217786 -0.00792759 -0.0145809 ]

VLOG[3] (nnet-combine-fast[5.5.863~1-813b7]:StepSizeIteration():optimization.cc:240) In step size iteration, function value changed -1.57296 to -1.56553
VLOG[3] (nnet-combine-fast[5.5.863~1-813b7]:StepSizeIteration():optimization.cc:323) d = 2, iter = 5, action = accept
VLOG[3] (nnet-combine-fast[5.5.863~1-813b7]:AcceptStep():optimization.cc:194) Accepted step; length was 0.259306, prod was -0.0190282
LOG (nnet-combine-fast[5.5.863~1-813b7]:ComputeCurrentNnet():combine-nnet-fast.cc:373) Scale parameters are  [
  -0.710964 -1.20104 -2.79695 
  -1.50511 -1.53054 -1.90984 
  -0.248607 -0.481311 -1.03086 
  1.23203 0.877249 -0.251223 
  -1.09805 -0.544618 0.350035 
  -0.245771 -0.380442 1.0725 
  0.226404 0.863966 1.8224 
  3.22691 3.66928 3.55722 ]

LOG (nnet-combine-fast[5.5.863~1-813b7]:FastNnetCombiner():combine-nnet-fast.cc:152) Combining nnets, objf per frame changed from -1.66776 to -1.56553
LOG (nnet-combine-fast[5.5.863~1-813b7]:main():nnet-combine-fast.cc:124) Finished combining neural nets, wrote model to exp/tri4_nnet_2/final.mdl
# Accounting: time=18 threads=1
# Ended (code 0) at Tue Jan  5 23:47:20 EST 2021, elapsed time 18 seconds
