# nnet-subset-egs --n=2000 --randomize-order=true --srand=0 ark:exp/tri4_nnet_2/egs/train_diagnostic.egs ark:- | nnet-combine-fast --use-gpu=no --num-threads=16 --verbose=3 --minibatch-size=125 exp/tri4_nnet_2/1.mdl ark:- exp/tri4_nnet_2/1.mdl 
# Started at Tue Jan  5 22:59:18 EST 2021
#
nnet-subset-egs --n=2000 --randomize-order=true --srand=0 ark:exp/tri4_nnet_2/egs/train_diagnostic.egs ark:- 
nnet-combine-fast --use-gpu=no --num-threads=16 --verbose=3 --minibatch-size=125 exp/tri4_nnet_2/1.mdl ark:- exp/tri4_nnet_2/1.mdl 
LOG (nnet-subset-egs[5.5.863~1-813b7]:main():nnet-subset-egs.cc:92) Selected a subset of 2000 out of 4000 neural-network training examples 
LOG (nnet-combine-fast[5.5.863~1-813b7]:main():nnet-combine-fast.cc:108) Read 2000 examples from the validation set.
VLOG[3] (nnet-combine-fast[5.5.863~1-813b7]:Propagate():nnet-update.cc:114) Stddev of data for component 0 for this minibatch is 1.99598
VLOG[3] (nnet-combine-fast[5.5.863~1-813b7]:Propagate():nnet-update.cc:114) Stddev of data for component 0 for this minibatch is 2.0772
VLOG[3] (nnet-combine-fast[5.5.863~1-813b7]:Propagate():nnet-update.cc:114) Stddev of data for component 0 for this minibatch is 2.06514
VLOG[3] (nnet-combine-fast[5.5.863~1-813b7]:Propagate():nnet-update.cc:114) Stddev of data for component 0 for this minibatch is 1.99742
VLOG[3] (nnet-combine-fast[5.5.863~1-813b7]:Propagate():nnet-update.cc:114) Stddev of data for component 1 for this minibatch is 1.99742
VLOG[3] (nnet-combine-fast[5.5.863~1-813b7]:Propagate():nnet-update.cc:114) Stddev of data for component 1 for this minibatch is 2.0772
VLOG[3] (nnet-combine-fast[5.5.863~1-813b7]:Propagate():nnet-update.cc:114) Stddev of data for component 1 for this minibatch is 2.06514
VLOG[3] (nnet-combine-fast[5.5.863~1-813b7]:Propagate():nnet-update.cc:114) Stddev of data for component 1 for this minibatch is 1.99598
VLOG[3] (nnet-combine-fast[5.5.863~1-813b7]:Propagate():nnet-update.cc:114) Stddev of data for component 2 for this minibatch is 0.131926
VLOG[3] (nnet-combine-fast[5.5.863~1-813b7]:Propagate():nnet-update.cc:114) Stddev of data for component 2 for this minibatch is 0.136855
VLOG[3] (nnet-combine-fast[5.5.863~1-813b7]:Propagate():nnet-update.cc:114) Stddev of data for component 2 for this minibatch is 0.131182
VLOG[3] (nnet-combine-fast[5.5.863~1-813b7]:Propagate():nnet-update.cc:114) Stddev of data for component 2 for this minibatch is 0.128887
VLOG[3] (nnet-combine-fast[5.5.863~1-813b7]:Propagate():nnet-update.cc:114) Stddev of data for component 3 for this minibatch is 1.67735
VLOG[3] (nnet-combine-fast[5.5.863~1-813b7]:Propagate():nnet-update.cc:114) Stddev of data for component 3 for this minibatch is 1.60467
VLOG[3] (nnet-combine-fast[5.5.863~1-813b7]:Propagate():nnet-update.cc:114) Stddev of data for component 0 for this minibatch is 2.02232
VLOG[3] (nnet-combine-fast[5.5.863~1-813b7]:Propagate():nnet-update.cc:114) Stddev of data for component 1 for this minibatch is 2.02232
VLOG[3] (nnet-combine-fast[5.5.863~1-813b7]:Propagate():nnet-update.cc:114) Stddev of data for component 2 for this minibatch is 0.121322
VLOG[3] (nnet-combine-fast[5.5.863~1-813b7]:Propagate():nnet-update.cc:114) Stddev of data for component 3 for this minibatch is 1.58844
VLOG[3] (nnet-combine-fast[5.5.863~1-813b7]:Propagate():nnet-update.cc:114) Stddev of data for component 3 for this minibatch is 1.66245
VLOG[3] (nnet-combine-fast[5.5.863~1-813b7]:Propagate():nnet-update.cc:114) Stddev of data for component 4 for this minibatch is 0.495201
VLOG[3] (nnet-combine-fast[5.5.863~1-813b7]:Propagate():nnet-update.cc:114) Stddev of data for component 4 for this minibatch is 0.486836
VLOG[3] (nnet-combine-fast[5.5.863~1-813b7]:Propagate():nnet-update.cc:114) Stddev of data for component 0 for this minibatch is 2.05381
VLOG[3] (nnet-combine-fast[5.5.863~1-813b7]:Propagate():nnet-update.cc:114) Stddev of data for component 0 for this minibatch is 2.0818
VLOG[3] (nnet-combine-fast[5.5.863~1-813b7]:Propagate():nnet-update.cc:114) Stddev of data for component 1 for this minibatch is 2.05381
VLOG[3] (nnet-combine-fast[5.5.863~1-813b7]:Propagate():nnet-update.cc:114) Stddev of data for component 2 for this minibatch is 0.133496
VLOG[3] (nnet-combine-fast[5.5.863~1-813b7]:Propagate():nnet-update.cc:114) Stddev of data for component 1 for this minibatch is 2.0818
VLOG[3] (nnet-combine-fast[5.5.863~1-813b7]:Propagate():nnet-update.cc:114) Stddev of data for component 3 for this minibatch is 1.70176
VLOG[3] (nnet-combine-fast[5.5.863~1-813b7]:Propagate():nnet-update.cc:114) Stddev of data for component 0 for this minibatch is 2.09764
VLOG[3] (nnet-combine-fast[5.5.863~1-813b7]:Propagate():nnet-update.cc:114) Stddev of data for component 2 for this minibatch is 0.130354
VLOG[3] (nnet-combine-fast[5.5.863~1-813b7]:Propagate():nnet-update.cc:114) Stddev of data for component 3 for this minibatch is 1.6417
VLOG[3] (nnet-combine-fast[5.5.863~1-813b7]:Propagate():nnet-update.cc:114) Stddev of data for component 1 for this minibatch is 2.09764
VLOG[3] (nnet-combine-fast[5.5.863~1-813b7]:Propagate():nnet-update.cc:114) Stddev of data for component 2 for this minibatch is 0.128959
VLOG[3] (nnet-combine-fast[5.5.863~1-813b7]:Propagate():nnet-update.cc:114) Stddev of data for component 3 for this minibatch is 1.65303
VLOG[3] (nnet-combine-fast[5.5.863~1-813b7]:Propagate():nnet-update.cc:114) Stddev of data for component 4 for this minibatch is 0.484682
VLOG[3] (nnet-combine-fast[5.5.863~1-813b7]:Propagate():nnet-update.cc:114) Stddev of data for component 4 for this minibatch is 0.491565
VLOG[3] (nnet-combine-fast[5.5.863~1-813b7]:Propagate():nnet-update.cc:114) Stddev of data for component 4 for this minibatch is 0.494974
VLOG[3] (nnet-combine-fast[5.5.863~1-813b7]:Propagate():nnet-update.cc:114) Stddev of data for component 0 for this minibatch is 2.09804
VLOG[3] (nnet-combine-fast[5.5.863~1-813b7]:Propagate():nnet-update.cc:114) Stddev of data for component 1 for this minibatch is 2.09804
VLOG[3] (nnet-combine-fast[5.5.863~1-813b7]:Propagate():nnet-update.cc:114) Stddev of data for component 2 for this minibatch is 0.131138
VLOG[3] (nnet-combine-fast[5.5.863~1-813b7]:Propagate():nnet-update.cc:114) Stddev of data for component 3 for this minibatch is 1.69218
VLOG[3] (nnet-combine-fast[5.5.863~1-813b7]:Propagate():nnet-update.cc:114) Stddev of data for component 5 for this minibatch is 1.34645
VLOG[3] (nnet-combine-fast[5.5.863~1-813b7]:Propagate():nnet-update.cc:114) Stddev of data for component 4 for this minibatch is 0.499202
VLOG[3] (nnet-combine-fast[5.5.863~1-813b7]:Propagate():nnet-update.cc:114) Stddev of data for component 4 for this minibatch is 0.498749
VLOG[3] (nnet-combine-fast[5.5.863~1-813b7]:Propagate():nnet-update.cc:114) Stddev of data for component 5 for this minibatch is 1.36166
VLOG[3] (nnet-combine-fast[5.5.863~1-813b7]:Propagate():nnet-update.cc:114) Stddev of data for component 5 for this minibatch is 1.35895
VLOG[3] (nnet-combine-fast[5.5.863~1-813b7]:Propagate():nnet-update.cc:114) Stddev of data for component 5 for this minibatch is 1.37635
VLOG[3] (nnet-combine-fast[5.5.863~1-813b7]:Propagate():nnet-update.cc:114) Stddev of data for component 5 for this minibatch is 1.31209
VLOG[3] (nnet-combine-fast[5.5.863~1-813b7]:Propagate():nnet-update.cc:114) Stddev of data for component 0 for this minibatch is 1.91107
VLOG[3] (nnet-combine-fast[5.5.863~1-813b7]:Propagate():nnet-update.cc:114) Stddev of data for component 1 for this minibatch is 1.91107
VLOG[3] (nnet-combine-fast[5.5.863~1-813b7]:Propagate():nnet-update.cc:114) Stddev of data for component 2 for this minibatch is 0.122673
VLOG[3] (nnet-combine-fast[5.5.863~1-813b7]:Propagate():nnet-update.cc:114) Stddev of data for component 0 for this minibatch is 1.98096
VLOG[3] (nnet-combine-fast[5.5.863~1-813b7]:Propagate():nnet-update.cc:114) Stddev of data for component 1 for this minibatch is 1.98096
VLOG[3] (nnet-combine-fast[5.5.863~1-813b7]:Propagate():nnet-update.cc:114) Stddev of data for component 2 for this minibatch is 0.127635
VLOG[3] (nnet-combine-fast[5.5.863~1-813b7]:Propagate():nnet-update.cc:114) Stddev of data for component 3 for this minibatch is 1.63205
VLOG[3] (nnet-combine-fast[5.5.863~1-813b7]:Propagate():nnet-update.cc:114) Stddev of data for component 5 for this minibatch is 1.37154
VLOG[3] (nnet-combine-fast[5.5.863~1-813b7]:Propagate():nnet-update.cc:114) Stddev of data for component 0 for this minibatch is 2.15495
VLOG[3] (nnet-combine-fast[5.5.863~1-813b7]:Propagate():nnet-update.cc:114) Stddev of data for component 0 for this minibatch is 2.1023
VLOG[3] (nnet-combine-fast[5.5.863~1-813b7]:Propagate():nnet-update.cc:114) Stddev of data for component 3 for this minibatch is 1.69848
VLOG[3] (nnet-combine-fast[5.5.863~1-813b7]:Propagate():nnet-update.cc:114) Stddev of data for component 0 for this minibatch is 2.02923
VLOG[3] (nnet-combine-fast[5.5.863~1-813b7]:Propagate():nnet-update.cc:114) Stddev of data for component 0 for this minibatch is 2.22531
VLOG[3] (nnet-combine-fast[5.5.863~1-813b7]:Propagate():nnet-update.cc:114) Stddev of data for component 1 for this minibatch is 2.15495
VLOG[3] (nnet-combine-fast[5.5.863~1-813b7]:Propagate():nnet-update.cc:114) Stddev of data for component 2 for this minibatch is 0.137464
VLOG[3] (nnet-combine-fast[5.5.863~1-813b7]:Propagate():nnet-update.cc:114) Stddev of data for component 3 for this minibatch is 1.73425
VLOG[3] (nnet-combine-fast[5.5.863~1-813b7]:Propagate():nnet-update.cc:114) Stddev of data for component 0 for this minibatch is 1.98202
VLOG[3] (nnet-combine-fast[5.5.863~1-813b7]:Propagate():nnet-update.cc:114) Stddev of data for component 3 for this minibatch is 1.55766
VLOG[3] (nnet-combine-fast[5.5.863~1-813b7]:Propagate():nnet-update.cc:114) Stddev of data for component 4 for this minibatch is 0.502028
VLOG[3] (nnet-combine-fast[5.5.863~1-813b7]:Propagate():nnet-update.cc:114) Stddev of data for component 4 for this minibatch is 0.495302
VLOG[3] (nnet-combine-fast[5.5.863~1-813b7]:Propagate():nnet-update.cc:114) Stddev of data for component 5 for this minibatch is 1.37837
VLOG[3] (nnet-combine-fast[5.5.863~1-813b7]:Propagate():nnet-update.cc:114) Stddev of data for component 1 for this minibatch is 1.98202
VLOG[3] (nnet-combine-fast[5.5.863~1-813b7]:Propagate():nnet-update.cc:114) Stddev of data for component 2 for this minibatch is 0.12665
VLOG[3] (nnet-combine-fast[5.5.863~1-813b7]:Propagate():nnet-update.cc:114) Stddev of data for component 3 for this minibatch is 1.6264
VLOG[3] (nnet-combine-fast[5.5.863~1-813b7]:Propagate():nnet-update.cc:114) Stddev of data for component 5 for this minibatch is 1.38773
VLOG[3] (nnet-combine-fast[5.5.863~1-813b7]:Propagate():nnet-update.cc:114) Stddev of data for component 4 for this minibatch is 0.483898
VLOG[3] (nnet-combine-fast[5.5.863~1-813b7]:Propagate():nnet-update.cc:114) Stddev of data for component 4 for this minibatch is 0.490969
VLOG[3] (nnet-combine-fast[5.5.863~1-813b7]:Propagate():nnet-update.cc:114) Stddev of data for component 1 for this minibatch is 2.22531
VLOG[3] (nnet-combine-fast[5.5.863~1-813b7]:Propagate():nnet-update.cc:114) Stddev of data for component 4 for this minibatch is 0.498071
VLOG[3] (nnet-combine-fast[5.5.863~1-813b7]:Propagate():nnet-update.cc:114) Stddev of data for component 5 for this minibatch is 1.3361
VLOG[3] (nnet-combine-fast[5.5.863~1-813b7]:Propagate():nnet-update.cc:114) Stddev of data for component 2 for this minibatch is 0.138945
VLOG[3] (nnet-combine-fast[5.5.863~1-813b7]:Propagate():nnet-update.cc:114) Stddev of data for component 1 for this minibatch is 2.1023
VLOG[3] (nnet-combine-fast[5.5.863~1-813b7]:Propagate():nnet-update.cc:114) Stddev of data for component 4 for this minibatch is 0.493885
VLOG[3] (nnet-combine-fast[5.5.863~1-813b7]:Propagate():nnet-update.cc:114) Stddev of data for component 5 for this minibatch is 1.34702
VLOG[3] (nnet-combine-fast[5.5.863~1-813b7]:Propagate():nnet-update.cc:114) Stddev of data for component 5 for this minibatch is 1.35287
VLOG[3] (nnet-combine-fast[5.5.863~1-813b7]:Propagate():nnet-update.cc:114) Stddev of data for component 3 for this minibatch is 1.75306
VLOG[3] (nnet-combine-fast[5.5.863~1-813b7]:Propagate():nnet-update.cc:114) Stddev of data for component 2 for this minibatch is 0.131494
VLOG[3] (nnet-combine-fast[5.5.863~1-813b7]:Propagate():nnet-update.cc:114) Stddev of data for component 3 for this minibatch is 1.67669
VLOG[3] (nnet-combine-fast[5.5.863~1-813b7]:Propagate():nnet-update.cc:114) Stddev of data for component 5 for this minibatch is 1.36455
VLOG[3] (nnet-combine-fast[5.5.863~1-813b7]:Propagate():nnet-update.cc:114) Stddev of data for component 5 for this minibatch is 1.36964
VLOG[3] (nnet-combine-fast[5.5.863~1-813b7]:Propagate():nnet-update.cc:114) Stddev of data for component 1 for this minibatch is 2.02923
VLOG[3] (nnet-combine-fast[5.5.863~1-813b7]:Propagate():nnet-update.cc:114) Stddev of data for component 2 for this minibatch is 0.128886
VLOG[3] (nnet-combine-fast[5.5.863~1-813b7]:Propagate():nnet-update.cc:114) Stddev of data for component 3 for this minibatch is 1.64302
VLOG[3] (nnet-combine-fast[5.5.863~1-813b7]:Propagate():nnet-update.cc:114) Stddev of data for component 4 for this minibatch is 0.505016
VLOG[3] (nnet-combine-fast[5.5.863~1-813b7]:Propagate():nnet-update.cc:114) Stddev of data for component 4 for this minibatch is 0.495741
VLOG[3] (nnet-combine-fast[5.5.863~1-813b7]:Propagate():nnet-update.cc:114) Stddev of data for component 4 for this minibatch is 0.494837
VLOG[3] (nnet-combine-fast[5.5.863~1-813b7]:Propagate():nnet-update.cc:114) Stddev of data for component 5 for this minibatch is 1.37554
VLOG[3] (nnet-combine-fast[5.5.863~1-813b7]:Propagate():nnet-update.cc:114) Stddev of data for component 5 for this minibatch is 1.3734
VLOG[3] (nnet-combine-fast[5.5.863~1-813b7]:Propagate():nnet-update.cc:114) Stddev of data for component 5 for this minibatch is 1.37853
VLOG[2] (nnet-combine-fast[5.5.863~1-813b7]:DoBackpropParallel():nnet-update-parallel.cc:264) Did backprop on 2000 examples, average log-prob per frame is -3.45389
LOG (nnet-combine-fast[5.5.863~1-813b7]:GetInitialModel():combine-nnet-fast.cc:403) Objective functions for the source neural nets are  [ -3.45389 ]

LOG (nnet-combine-fast[5.5.863~1-813b7]:GetInitialParams():combine-nnet-fast.cc:282) Initializing with neural net with index 0
VLOG[3] (nnet-combine-fast[5.5.863~1-813b7]:Propagate():nnet-update.cc:114) Stddev of data for component 0 for this minibatch is 2.01532
VLOG[3] (nnet-combine-fast[5.5.863~1-813b7]:Propagate():nnet-update.cc:114) Stddev of data for component 0 for this minibatch is 1.95126
VLOG[3] (nnet-combine-fast[5.5.863~1-813b7]:Propagate():nnet-update.cc:114) Stddev of data for component 1 for this minibatch is 2.01532
VLOG[3] (nnet-combine-fast[5.5.863~1-813b7]:Propagate():nnet-update.cc:114) Stddev of data for component 1 for this minibatch is 1.95127
VLOG[3] (nnet-combine-fast[5.5.863~1-813b7]:Propagate():nnet-update.cc:114) Stddev of data for component 2 for this minibatch is 0.128668
VLOG[3] (nnet-combine-fast[5.5.863~1-813b7]:Propagate():nnet-update.cc:114) Stddev of data for component 0 for this minibatch is 2.12991
VLOG[3] (nnet-combine-fast[5.5.863~1-813b7]:Propagate():nnet-update.cc:114) Stddev of data for component 0 for this minibatch is 2.15217
VLOG[2] (nnet-combine-fast[5.5.863~1-813b7]:DoBackpropParallel():nnet-update-parallel.cc:264) Did backprop on 2000 examples, average log-prob per frame is -3.45389
VLOG[2] (nnet-combine-fast[5.5.863~1-813b7]:ComputeObjfAndGradient():combine-nnet-fast.cc:347) Objf is -3.45389, raw gradient is  [ 0.614081 1.49717 ]

VLOG[2] (nnet-combine-fast[5.5.863~1-813b7]:DoBackpropParallel():nnet-update-parallel.cc:264) Did backprop on 2000 examples, average log-prob per frame is -3.44401
VLOG[2] (nnet-combine-fast[5.5.863~1-813b7]:ComputeObjfAndGradient():combine-nnet-fast.cc:347) Objf is -3.44401, raw gradient is  [ 0.596115 1.46924 ]

VLOG[3] (nnet-combine-fast[5.5.863~1-813b7]:StepSizeIteration():optimization.cc:240) In step size iteration, function value changed -3.45389 to -3.44401
VLOG[3] (nnet-combine-fast[5.5.863~1-813b7]:StepSizeIteration():optimization.cc:323) d = 2, iter = 0, action = increase
VLOG[2] (nnet-combine-fast[5.5.863~1-813b7]:DoBackpropParallel():nnet-update-parallel.cc:264) Did backprop on 2000 examples, average log-prob per frame is -3.43436
VLOG[2] (nnet-combine-fast[5.5.863~1-813b7]:ComputeObjfAndGradient():combine-nnet-fast.cc:347) Objf is -3.43436, raw gradient is  [ 0.57857 1.44144 ]

VLOG[3] (nnet-combine-fast[5.5.863~1-813b7]:StepSizeIteration():optimization.cc:240) In step size iteration, function value changed -3.45389 to -3.43436
VLOG[3] (nnet-combine-fast[5.5.863~1-813b7]:StepSizeIteration():optimization.cc:323) d = 2, iter = 0, action = increase
VLOG[2] (nnet-combine-fast[5.5.863~1-813b7]:DoBackpropParallel():nnet-update-parallel.cc:264) Did backprop on 2000 examples, average log-prob per frame is -3.41575
VLOG[2] (nnet-combine-fast[5.5.863~1-813b7]:ComputeObjfAndGradient():combine-nnet-fast.cc:347) Objf is -3.41575, raw gradient is  [ 0.544701 1.38626 ]

VLOG[3] (nnet-combine-fast[5.5.863~1-813b7]:StepSizeIteration():optimization.cc:240) In step size iteration, function value changed -3.45389 to -3.41575
VLOG[3] (nnet-combine-fast[5.5.863~1-813b7]:StepSizeIteration():optimization.cc:323) d = 2, iter = 0, action = increase
VLOG[2] (nnet-combine-fast[5.5.863~1-813b7]:DoBackpropParallel():nnet-update-parallel.cc:264) Did backprop on 2000 examples, average log-prob per frame is -3.38118
VLOG[2] (nnet-combine-fast[5.5.863~1-813b7]:ComputeObjfAndGradient():combine-nnet-fast.cc:347) Objf is -3.38118, raw gradient is  [ 0.481622 1.27768 ]

VLOG[3] (nnet-combine-fast[5.5.863~1-813b7]:StepSizeIteration():optimization.cc:240) In step size iteration, function value changed -3.45389 to -3.38118
VLOG[3] (nnet-combine-fast[5.5.863~1-813b7]:StepSizeIteration():optimization.cc:323) d = 2, iter = 0, action = accept
VLOG[3] (nnet-combine-fast[5.5.863~1-813b7]:AcceptStep():optimization.cc:194) Accepted step; length was 0.0701026, prod was -0.0142727
VLOG[2] (nnet-combine-fast[5.5.863~1-813b7]:DoBackpropParallel():nnet-update-parallel.cc:264) Did backprop on 2000 examples, average log-prob per frame is -8.08946
VLOG[2] (nnet-combine-fast[5.5.863~1-813b7]:ComputeObjfAndGradient():combine-nnet-fast.cc:347) Objf is -8.08946, raw gradient is  [ 19.7894 -0.265929 ]

VLOG[3] (nnet-combine-fast[5.5.863~1-813b7]:StepSizeIteration():optimization.cc:240) In step size iteration, function value changed -3.38118 to -8.08946
VLOG[3] (nnet-combine-fast[5.5.863~1-813b7]:StepSizeIteration():optimization.cc:323) d = 2, iter = 1, action = decrease
VLOG[2] (nnet-combine-fast[5.5.863~1-813b7]:DoBackpropParallel():nnet-update-parallel.cc:264) Did backprop on 2000 examples, average log-prob per frame is -3.4125
VLOG[2] (nnet-combine-fast[5.5.863~1-813b7]:ComputeObjfAndGradient():combine-nnet-fast.cc:347) Objf is -3.4125, raw gradient is  [ 1.73562 0.810427 ]

VLOG[3] (nnet-combine-fast[5.5.863~1-813b7]:StepSizeIteration():optimization.cc:240) In step size iteration, function value changed -3.38118 to -3.4125
VLOG[3] (nnet-combine-fast[5.5.863~1-813b7]:StepSizeIteration():optimization.cc:323) d = 2, iter = 1, action = decrease
VLOG[2] (nnet-combine-fast[5.5.863~1-813b7]:DoBackpropParallel():nnet-update-parallel.cc:264) Did backprop on 2000 examples, average log-prob per frame is -3.30157
VLOG[2] (nnet-combine-fast[5.5.863~1-813b7]:ComputeObjfAndGradient():combine-nnet-fast.cc:347) Objf is -3.30157, raw gradient is  [ 0.676452 0.755365 ]

VLOG[3] (nnet-combine-fast[5.5.863~1-813b7]:StepSizeIteration():optimization.cc:240) In step size iteration, function value changed -3.38118 to -3.30157
VLOG[3] (nnet-combine-fast[5.5.863~1-813b7]:StepSizeIteration():optimization.cc:323) d = 2, iter = 1, action = accept
VLOG[3] (nnet-combine-fast[5.5.863~1-813b7]:AcceptStep():optimization.cc:194) Accepted step; length was 0.170121, prod was -0.177592
VLOG[2] (nnet-combine-fast[5.5.863~1-813b7]:DoBackpropParallel():nnet-update-parallel.cc:264) Did backprop on 2000 examples, average log-prob per frame is -3.1781
VLOG[2] (nnet-combine-fast[5.5.863~1-813b7]:ComputeObjfAndGradient():combine-nnet-fast.cc:347) Objf is -3.1781, raw gradient is  [ 0.0184989 -0.0475317 ]

VLOG[3] (nnet-combine-fast[5.5.863~1-813b7]:StepSizeIteration():optimization.cc:240) In step size iteration, function value changed -3.30157 to -3.1781
VLOG[3] (nnet-combine-fast[5.5.863~1-813b7]:StepSizeIteration():optimization.cc:323) d = 2, iter = 2, action = accept
VLOG[3] (nnet-combine-fast[5.5.863~1-813b7]:AcceptStep():optimization.cc:194) Accepted step; length was 0.323705, prod was -0.304314
VLOG[2] (nnet-combine-fast[5.5.863~1-813b7]:DoBackpropParallel():nnet-update-parallel.cc:264) Did backprop on 2000 examples, average log-prob per frame is -3.17673
VLOG[2] (nnet-combine-fast[5.5.863~1-813b7]:ComputeObjfAndGradient():combine-nnet-fast.cc:347) Objf is -3.17673, raw gradient is  [ 0.026969 -0.0223024 ]

VLOG[3] (nnet-combine-fast[5.5.863~1-813b7]:StepSizeIteration():optimization.cc:240) In step size iteration, function value changed -3.1781 to -3.17673
VLOG[3] (nnet-combine-fast[5.5.863~1-813b7]:StepSizeIteration():optimization.cc:323) d = 2, iter = 3, action = accept
VLOG[3] (nnet-combine-fast[5.5.863~1-813b7]:AcceptStep():optimization.cc:194) Accepted step; length was 0.0138828, prod was -0.00031135
LOG (nnet-combine-fast[5.5.863~1-813b7]:ComputeCurrentNnet():combine-nnet-fast.cc:373) Scale parameters are  [
  1.13859 1.36033 ]

LOG (nnet-combine-fast[5.5.863~1-813b7]:FastNnetCombiner():combine-nnet-fast.cc:152) Combining nnets, objf per frame changed from -3.45389 to -3.17673
LOG (nnet-combine-fast[5.5.863~1-813b7]:main():nnet-combine-fast.cc:124) Finished combining neural nets, wrote model to exp/tri4_nnet_2/1.mdl
# Accounting: time=3 threads=1
# Ended (code 0) at Tue Jan  5 22:59:21 EST 2021, elapsed time 3 seconds
