# nnet-shuffle-egs --buffer-size=5000 --srand=1 ark:exp/tri4_nnet_2/egs/egs.16.0.ark ark:- | nnet-train-parallel --num-threads=16 --minibatch-size=128 --srand=1 "nnet-init --srand=1 exp/tri4_nnet_2/hidden.config - | nnet-insert exp/tri4_nnet_2/1.mdl - - |" ark:- exp/tri4_nnet_2/2.16.mdl 
# Started at Tue Jan  5 23:00:14 EST 2021
#
nnet-train-parallel --num-threads=16 --minibatch-size=128 --srand=1 'nnet-init --srand=1 exp/tri4_nnet_2/hidden.config - | nnet-insert exp/tri4_nnet_2/1.mdl - - |' ark:- exp/tri4_nnet_2/2.16.mdl 
nnet-shuffle-egs --buffer-size=5000 --srand=1 ark:exp/tri4_nnet_2/egs/egs.16.0.ark ark:- 
nnet-init --srand=1 exp/tri4_nnet_2/hidden.config - 
nnet-insert exp/tri4_nnet_2/1.mdl - - 
LOG (nnet-init[5.5.863~1-813b7]:main():nnet-init.cc:69) Initialized raw neural net and wrote it to -
LOG (nnet-insert[5.5.863~1-813b7]:main():nnet-insert.cc:106) Inserted 2 components at position 4
LOG (nnet-insert[5.5.863~1-813b7]:main():nnet-insert.cc:122) Randomized component index 6 with stddev 0.0057735
LOG (nnet-insert[5.5.863~1-813b7]:main():nnet-insert.cc:132) Write neural-net acoustic model to -
LOG (nnet-train-parallel[5.5.863~1-813b7]:GetScalingFactor():nnet-component.cc:1535) Limiting step size to 10 using scaling factor 0.998444, for component index 6
LOG (nnet-train-parallel[5.5.863~1-813b7]:GetScalingFactor():nnet-component.cc:1535) Limiting step size to 10 using scaling factor 0.997737, for component index 6
LOG (nnet-train-parallel[5.5.863~1-813b7]:GetScalingFactor():nnet-component.cc:1535) Limiting step size to 10 using scaling factor 0.984558, for component index 6
LOG (nnet-train-parallel[5.5.863~1-813b7]:GetScalingFactor():nnet-component.cc:1535) Limiting step size to 10 using scaling factor 0.997206, for component index 6
LOG (nnet-train-parallel[5.5.863~1-813b7]:GetScalingFactor():nnet-component.cc:1535) Limiting step size to 10 using scaling factor 0.999452, for component index 6
LOG (nnet-train-parallel[5.5.863~1-813b7]:GetScalingFactor():nnet-component.cc:1535) Limiting step size to 10 using scaling factor 0.984346, for component index 6
LOG (nnet-train-parallel[5.5.863~1-813b7]:GetScalingFactor():nnet-component.cc:1535) Limiting step size to 10 using scaling factor 0.988397, for component index 6
LOG (nnet-train-parallel[5.5.863~1-813b7]:GetScalingFactor():nnet-component.cc:1535) Limiting step size to 10 using scaling factor 0.99383, for component index 6
LOG (nnet-train-parallel[5.5.863~1-813b7]:GetScalingFactor():nnet-component.cc:1535) Limiting step size to 10 using scaling factor 0.977398, for component index 6
LOG (nnet-train-parallel[5.5.863~1-813b7]:GetScalingFactor():nnet-component.cc:1535) Limiting step size to 10 using scaling factor 0.983841, for component index 6
LOG (nnet-shuffle-egs[5.5.863~1-813b7]:main():nnet-shuffle-egs.cc:102) Shuffled order of 34420 neural-network training examples using a buffer (partial randomization)
LOG (nnet-train-parallel[5.5.863~1-813b7]:DoBackpropParallel():nnet-update-parallel.cc:194) Did backprop on 34420 examples, average log-prob per frame is -4.87607
LOG (nnet-train-parallel[5.5.863~1-813b7]:DoBackpropParallel():nnet-update-parallel.cc:196) [this line is to be parsed by a script:] log-prob-per-frame=-4.87607
LOG (nnet-train-parallel[5.5.863~1-813b7]:main():nnet-train-parallel.cc:102) Finished training, processed 34420 training examples (weighted).  Wrote model to exp/tri4_nnet_2/2.16.mdl
# Accounting: time=18 threads=1
# Ended (code 0) at Tue Jan  5 23:00:32 EST 2021, elapsed time 18 seconds
