# nnet-get-egs --left-context=4 --right-context=4 "ark,s,cs:utils/filter_scp.pl --exclude exp/tri4_nnet_2/valid_uttlist data/train/split30/20/feats.scp | apply-cmvn  --utt2spk=ark:data/train/split30/20/utt2spk scp:data/train/split30/20/cmvn.scp scp:- ark:- | splice-feats --left-context=3 --right-context=3 ark:- ark:- | transform-feats exp/tri4_nnet_2/final.mat ark:- ark:- | transform-feats --utt2spk=ark:data/train/split30/20/utt2spk ark:exp/tri3_ali/trans.20 ark:- ark:- |" "ark,s,cs:gunzip -c exp/tri3_ali/ali.20.gz | ali-to-pdf exp/tri3_ali/final.mdl ark:- ark:- | ali-to-post ark:- ark:- |" ark:- | nnet-copy-egs ark:- ark:exp/tri4_nnet_2/egs/egs_orig.1.20.ark ark:exp/tri4_nnet_2/egs/egs_orig.2.20.ark ark:exp/tri4_nnet_2/egs/egs_orig.3.20.ark ark:exp/tri4_nnet_2/egs/egs_orig.4.20.ark ark:exp/tri4_nnet_2/egs/egs_orig.5.20.ark ark:exp/tri4_nnet_2/egs/egs_orig.6.20.ark ark:exp/tri4_nnet_2/egs/egs_orig.7.20.ark ark:exp/tri4_nnet_2/egs/egs_orig.8.20.ark ark:exp/tri4_nnet_2/egs/egs_orig.9.20.ark ark:exp/tri4_nnet_2/egs/egs_orig.10.20.ark ark:exp/tri4_nnet_2/egs/egs_orig.11.20.ark ark:exp/tri4_nnet_2/egs/egs_orig.12.20.ark ark:exp/tri4_nnet_2/egs/egs_orig.13.20.ark ark:exp/tri4_nnet_2/egs/egs_orig.14.20.ark ark:exp/tri4_nnet_2/egs/egs_orig.15.20.ark ark:exp/tri4_nnet_2/egs/egs_orig.16.20.ark ark:exp/tri4_nnet_2/egs/egs_orig.17.20.ark ark:exp/tri4_nnet_2/egs/egs_orig.18.20.ark ark:exp/tri4_nnet_2/egs/egs_orig.19.20.ark ark:exp/tri4_nnet_2/egs/egs_orig.20.20.ark ark:exp/tri4_nnet_2/egs/egs_orig.21.20.ark ark:exp/tri4_nnet_2/egs/egs_orig.22.20.ark ark:exp/tri4_nnet_2/egs/egs_orig.23.20.ark ark:exp/tri4_nnet_2/egs/egs_orig.24.20.ark ark:exp/tri4_nnet_2/egs/egs_orig.25.20.ark ark:exp/tri4_nnet_2/egs/egs_orig.26.20.ark ark:exp/tri4_nnet_2/egs/egs_orig.27.20.ark ark:exp/tri4_nnet_2/egs/egs_orig.28.20.ark ark:exp/tri4_nnet_2/egs/egs_orig.29.20.ark ark:exp/tri4_nnet_2/egs/egs_orig.30.20.ark 
# Started at Tue Jan  5 18:37:56 EST 2021
#
nnet-get-egs --left-context=4 --right-context=4 'ark,s,cs:utils/filter_scp.pl --exclude exp/tri4_nnet_2/valid_uttlist data/train/split30/20/feats.scp | apply-cmvn  --utt2spk=ark:data/train/split30/20/utt2spk scp:data/train/split30/20/cmvn.scp scp:- ark:- | splice-feats --left-context=3 --right-context=3 ark:- ark:- | transform-feats exp/tri4_nnet_2/final.mat ark:- ark:- | transform-feats --utt2spk=ark:data/train/split30/20/utt2spk ark:exp/tri3_ali/trans.20 ark:- ark:- |' 'ark,s,cs:gunzip -c exp/tri3_ali/ali.20.gz | ali-to-pdf exp/tri3_ali/final.mdl ark:- ark:- | ali-to-post ark:- ark:- |' ark:- 
transform-feats exp/tri4_nnet_2/final.mat ark:- ark:- 
nnet-copy-egs ark:- ark:exp/tri4_nnet_2/egs/egs_orig.1.20.ark ark:exp/tri4_nnet_2/egs/egs_orig.2.20.ark ark:exp/tri4_nnet_2/egs/egs_orig.3.20.ark ark:exp/tri4_nnet_2/egs/egs_orig.4.20.ark ark:exp/tri4_nnet_2/egs/egs_orig.5.20.ark ark:exp/tri4_nnet_2/egs/egs_orig.6.20.ark ark:exp/tri4_nnet_2/egs/egs_orig.7.20.ark ark:exp/tri4_nnet_2/egs/egs_orig.8.20.ark ark:exp/tri4_nnet_2/egs/egs_orig.9.20.ark ark:exp/tri4_nnet_2/egs/egs_orig.10.20.ark ark:exp/tri4_nnet_2/egs/egs_orig.11.20.ark ark:exp/tri4_nnet_2/egs/egs_orig.12.20.ark ark:exp/tri4_nnet_2/egs/egs_orig.13.20.ark ark:exp/tri4_nnet_2/egs/egs_orig.14.20.ark ark:exp/tri4_nnet_2/egs/egs_orig.15.20.ark ark:exp/tri4_nnet_2/egs/egs_orig.16.20.ark ark:exp/tri4_nnet_2/egs/egs_orig.17.20.ark ark:exp/tri4_nnet_2/egs/egs_orig.18.20.ark ark:exp/tri4_nnet_2/egs/egs_orig.19.20.ark ark:exp/tri4_nnet_2/egs/egs_orig.20.20.ark ark:exp/tri4_nnet_2/egs/egs_orig.21.20.ark ark:exp/tri4_nnet_2/egs/egs_orig.22.20.ark ark:exp/tri4_nnet_2/egs/egs_orig.23.20.ark ark:exp/tri4_nnet_2/egs/egs_orig.24.20.ark ark:exp/tri4_nnet_2/egs/egs_orig.25.20.ark ark:exp/tri4_nnet_2/egs/egs_orig.26.20.ark ark:exp/tri4_nnet_2/egs/egs_orig.27.20.ark ark:exp/tri4_nnet_2/egs/egs_orig.28.20.ark ark:exp/tri4_nnet_2/egs/egs_orig.29.20.ark ark:exp/tri4_nnet_2/egs/egs_orig.30.20.ark 
transform-feats --utt2spk=ark:data/train/split30/20/utt2spk ark:exp/tri3_ali/trans.20 ark:- ark:- 
splice-feats --left-context=3 --right-context=3 ark:- ark:- 
apply-cmvn --utt2spk=ark:data/train/split30/20/utt2spk scp:data/train/split30/20/cmvn.scp scp:- ark:- 
ali-to-pdf exp/tri3_ali/final.mdl ark:- ark:- 
ali-to-post ark:- ark:- 
LOG (ali-to-pdf[5.5.863~1-813b7]:main():ali-to-pdf.cc:68) Converted 120 alignments to pdf sequences.
LOG (ali-to-post[5.5.863~1-813b7]:main():ali-to-post.cc:73) Converted 120 alignments.
LOG (apply-cmvn[5.5.863~1-813b7]:main():apply-cmvn.cc:162) Applied cepstral mean normalization to 113 utterances, errors on 0
LOG (transform-feats[5.5.863~1-813b7]:main():transform-feats.cc:158) Overall average [pseudo-]logdet is -88.5311 over 34862 frames.
LOG (transform-feats[5.5.863~1-813b7]:main():transform-feats.cc:161) Applied transform to 113 utterances; 0 had errors.
LOG (transform-feats[5.5.863~1-813b7]:main():transform-feats.cc:158) Overall average logdet is 2.79272 over 34862 frames.
LOG (transform-feats[5.5.863~1-813b7]:main():transform-feats.cc:161) Applied transform to 113 utterances; 0 had errors.
LOG (nnet-get-egs[5.5.863~1-813b7]:main():nnet-get-egs.cc:174) Finished generating examples, successfully processed 113 feature files, wrote 34862 examples,  with 34862 egs in total; 0 files had errors.
LOG (nnet-copy-egs[5.5.863~1-813b7]:main():nnet-copy-egs.cc:170) Read 34862 neural-network training examples, wrote 34862
# Accounting: time=5 threads=1
# Ended (code 0) at Tue Jan  5 18:38:01 EST 2021, elapsed time 5 seconds
