# nnet-get-egs --left-context=4 --right-context=4 "ark,s,cs:utils/filter_scp.pl --exclude exp/tri4_nnet_2/valid_uttlist data/train/split30/16/feats.scp | apply-cmvn  --utt2spk=ark:data/train/split30/16/utt2spk scp:data/train/split30/16/cmvn.scp scp:- ark:- | splice-feats --left-context=3 --right-context=3 ark:- ark:- | transform-feats exp/tri4_nnet_2/final.mat ark:- ark:- | transform-feats --utt2spk=ark:data/train/split30/16/utt2spk ark:exp/tri3_ali/trans.16 ark:- ark:- |" "ark,s,cs:gunzip -c exp/tri3_ali/ali.16.gz | ali-to-pdf exp/tri3_ali/final.mdl ark:- ark:- | ali-to-post ark:- ark:- |" ark:- | nnet-copy-egs ark:- ark:exp/tri4_nnet_2/egs/egs_orig.1.16.ark ark:exp/tri4_nnet_2/egs/egs_orig.2.16.ark ark:exp/tri4_nnet_2/egs/egs_orig.3.16.ark ark:exp/tri4_nnet_2/egs/egs_orig.4.16.ark ark:exp/tri4_nnet_2/egs/egs_orig.5.16.ark ark:exp/tri4_nnet_2/egs/egs_orig.6.16.ark ark:exp/tri4_nnet_2/egs/egs_orig.7.16.ark ark:exp/tri4_nnet_2/egs/egs_orig.8.16.ark ark:exp/tri4_nnet_2/egs/egs_orig.9.16.ark ark:exp/tri4_nnet_2/egs/egs_orig.10.16.ark ark:exp/tri4_nnet_2/egs/egs_orig.11.16.ark ark:exp/tri4_nnet_2/egs/egs_orig.12.16.ark ark:exp/tri4_nnet_2/egs/egs_orig.13.16.ark ark:exp/tri4_nnet_2/egs/egs_orig.14.16.ark ark:exp/tri4_nnet_2/egs/egs_orig.15.16.ark ark:exp/tri4_nnet_2/egs/egs_orig.16.16.ark ark:exp/tri4_nnet_2/egs/egs_orig.17.16.ark ark:exp/tri4_nnet_2/egs/egs_orig.18.16.ark ark:exp/tri4_nnet_2/egs/egs_orig.19.16.ark ark:exp/tri4_nnet_2/egs/egs_orig.20.16.ark ark:exp/tri4_nnet_2/egs/egs_orig.21.16.ark ark:exp/tri4_nnet_2/egs/egs_orig.22.16.ark ark:exp/tri4_nnet_2/egs/egs_orig.23.16.ark ark:exp/tri4_nnet_2/egs/egs_orig.24.16.ark ark:exp/tri4_nnet_2/egs/egs_orig.25.16.ark ark:exp/tri4_nnet_2/egs/egs_orig.26.16.ark ark:exp/tri4_nnet_2/egs/egs_orig.27.16.ark ark:exp/tri4_nnet_2/egs/egs_orig.28.16.ark ark:exp/tri4_nnet_2/egs/egs_orig.29.16.ark ark:exp/tri4_nnet_2/egs/egs_orig.30.16.ark 
# Started at Tue Jan  5 18:37:55 EST 2021
#
nnet-get-egs --left-context=4 --right-context=4 'ark,s,cs:utils/filter_scp.pl --exclude exp/tri4_nnet_2/valid_uttlist data/train/split30/16/feats.scp | apply-cmvn  --utt2spk=ark:data/train/split30/16/utt2spk scp:data/train/split30/16/cmvn.scp scp:- ark:- | splice-feats --left-context=3 --right-context=3 ark:- ark:- | transform-feats exp/tri4_nnet_2/final.mat ark:- ark:- | transform-feats --utt2spk=ark:data/train/split30/16/utt2spk ark:exp/tri3_ali/trans.16 ark:- ark:- |' 'ark,s,cs:gunzip -c exp/tri3_ali/ali.16.gz | ali-to-pdf exp/tri3_ali/final.mdl ark:- ark:- | ali-to-post ark:- ark:- |' ark:- 
nnet-copy-egs ark:- ark:exp/tri4_nnet_2/egs/egs_orig.1.16.ark ark:exp/tri4_nnet_2/egs/egs_orig.2.16.ark ark:exp/tri4_nnet_2/egs/egs_orig.3.16.ark ark:exp/tri4_nnet_2/egs/egs_orig.4.16.ark ark:exp/tri4_nnet_2/egs/egs_orig.5.16.ark ark:exp/tri4_nnet_2/egs/egs_orig.6.16.ark ark:exp/tri4_nnet_2/egs/egs_orig.7.16.ark ark:exp/tri4_nnet_2/egs/egs_orig.8.16.ark ark:exp/tri4_nnet_2/egs/egs_orig.9.16.ark ark:exp/tri4_nnet_2/egs/egs_orig.10.16.ark ark:exp/tri4_nnet_2/egs/egs_orig.11.16.ark ark:exp/tri4_nnet_2/egs/egs_orig.12.16.ark ark:exp/tri4_nnet_2/egs/egs_orig.13.16.ark ark:exp/tri4_nnet_2/egs/egs_orig.14.16.ark ark:exp/tri4_nnet_2/egs/egs_orig.15.16.ark ark:exp/tri4_nnet_2/egs/egs_orig.16.16.ark ark:exp/tri4_nnet_2/egs/egs_orig.17.16.ark ark:exp/tri4_nnet_2/egs/egs_orig.18.16.ark ark:exp/tri4_nnet_2/egs/egs_orig.19.16.ark ark:exp/tri4_nnet_2/egs/egs_orig.20.16.ark ark:exp/tri4_nnet_2/egs/egs_orig.21.16.ark ark:exp/tri4_nnet_2/egs/egs_orig.22.16.ark ark:exp/tri4_nnet_2/egs/egs_orig.23.16.ark ark:exp/tri4_nnet_2/egs/egs_orig.24.16.ark ark:exp/tri4_nnet_2/egs/egs_orig.25.16.ark ark:exp/tri4_nnet_2/egs/egs_orig.26.16.ark ark:exp/tri4_nnet_2/egs/egs_orig.27.16.ark ark:exp/tri4_nnet_2/egs/egs_orig.28.16.ark ark:exp/tri4_nnet_2/egs/egs_orig.29.16.ark ark:exp/tri4_nnet_2/egs/egs_orig.30.16.ark 
transform-feats --utt2spk=ark:data/train/split30/16/utt2spk ark:exp/tri3_ali/trans.16 ark:- ark:- 
transform-feats exp/tri4_nnet_2/final.mat ark:- ark:- 
apply-cmvn --utt2spk=ark:data/train/split30/16/utt2spk scp:data/train/split30/16/cmvn.scp scp:- ark:- 
splice-feats --left-context=3 --right-context=3 ark:- ark:- 
ali-to-post ark:- ark:- 
ali-to-pdf exp/tri3_ali/final.mdl ark:- ark:- 
LOG (ali-to-pdf[5.5.863~1-813b7]:main():ali-to-pdf.cc:68) Converted 120 alignments to pdf sequences.
LOG (ali-to-post[5.5.863~1-813b7]:main():ali-to-post.cc:73) Converted 120 alignments.
LOG (apply-cmvn[5.5.863~1-813b7]:main():apply-cmvn.cc:162) Applied cepstral mean normalization to 110 utterances, errors on 0
LOG (transform-feats[5.5.863~1-813b7]:main():transform-feats.cc:158) Overall average [pseudo-]logdet is -88.5311 over 32879 frames.
LOG (transform-feats[5.5.863~1-813b7]:main():transform-feats.cc:161) Applied transform to 110 utterances; 0 had errors.
LOG (transform-feats[5.5.863~1-813b7]:main():transform-feats.cc:158) Overall average logdet is 2.8775 over 32879 frames.
LOG (transform-feats[5.5.863~1-813b7]:main():transform-feats.cc:161) Applied transform to 110 utterances; 0 had errors.
LOG (nnet-get-egs[5.5.863~1-813b7]:main():nnet-get-egs.cc:174) Finished generating examples, successfully processed 110 feature files, wrote 32879 examples,  with 32879 egs in total; 0 files had errors.
LOG (nnet-copy-egs[5.5.863~1-813b7]:main():nnet-copy-egs.cc:170) Read 32879 neural-network training examples, wrote 32879
# Accounting: time=5 threads=1
# Ended (code 0) at Tue Jan  5 18:38:00 EST 2021, elapsed time 5 seconds
