# nnet-shuffle-egs --buffer-size=5000 --srand=0 ark:exp/tri4_nnet_2/egs/egs.30.0.ark ark:- | nnet-train-parallel --num-threads=16 --minibatch-size=128 --srand=0 exp/tri4_nnet_2/0.mdl ark:- exp/tri4_nnet_2/1.30.mdl 
# Started at Tue Jan  5 18:40:18 EST 2021
#
nnet-train-parallel --num-threads=16 --minibatch-size=128 --srand=0 exp/tri4_nnet_2/0.mdl ark:- exp/tri4_nnet_2/1.30.mdl 
nnet-shuffle-egs --buffer-size=5000 --srand=0 ark:exp/tri4_nnet_2/egs/egs.30.0.ark ark:- 
LOG (nnet-train-parallel[5.5.863~1-813b7]:GetScalingFactor():nnet-component.cc:1535) Limiting step size to 10 using scaling factor 0.647234, for component index 4
LOG (nnet-train-parallel[5.5.863~1-813b7]:GetScalingFactor():nnet-component.cc:1535) Limiting step size to 10 using scaling factor 0.65746, for component index 4
LOG (nnet-train-parallel[5.5.863~1-813b7]:GetScalingFactor():nnet-component.cc:1535) Limiting step size to 10 using scaling factor 0.640036, for component index 4
LOG (nnet-train-parallel[5.5.863~1-813b7]:GetScalingFactor():nnet-component.cc:1535) Limiting step size to 10 using scaling factor 0.637289, for component index 4
LOG (nnet-train-parallel[5.5.863~1-813b7]:GetScalingFactor():nnet-component.cc:1535) Limiting step size to 10 using scaling factor 0.636835, for component index 4
LOG (nnet-train-parallel[5.5.863~1-813b7]:GetScalingFactor():nnet-component.cc:1535) Limiting step size to 10 using scaling factor 0.6485, for component index 4
LOG (nnet-train-parallel[5.5.863~1-813b7]:GetScalingFactor():nnet-component.cc:1535) Limiting step size to 10 using scaling factor 0.645733, for component index 4
LOG (nnet-train-parallel[5.5.863~1-813b7]:GetScalingFactor():nnet-component.cc:1535) Limiting step size to 10 using scaling factor 0.65845, for component index 4
LOG (nnet-train-parallel[5.5.863~1-813b7]:GetScalingFactor():nnet-component.cc:1535) Limiting step size to 10 using scaling factor 0.642338, for component index 4
LOG (nnet-train-parallel[5.5.863~1-813b7]:GetScalingFactor():nnet-component.cc:1535) Limiting step size to 10 using scaling factor 0.65378, for component index 4
LOG (nnet-shuffle-egs[5.5.863~1-813b7]:main():nnet-shuffle-egs.cc:102) Shuffled order of 34552 neural-network training examples using a buffer (partial randomization)
LOG (nnet-train-parallel[5.5.863~1-813b7]:DoBackpropParallel():nnet-update-parallel.cc:194) Did backprop on 34552 examples, average log-prob per frame is -5.05437
LOG (nnet-train-parallel[5.5.863~1-813b7]:DoBackpropParallel():nnet-update-parallel.cc:196) [this line is to be parsed by a script:] log-prob-per-frame=-5.05437
LOG (nnet-train-parallel[5.5.863~1-813b7]:main():nnet-train-parallel.cc:102) Finished training, processed 34552 training examples (weighted).  Wrote model to exp/tri4_nnet_2/1.30.mdl
# Accounting: time=7 threads=1
# Ended (code 0) at Tue Jan  5 18:40:25 EST 2021, elapsed time 7 seconds
