# nnet-shuffle-egs --buffer-size=5000 --srand=0 ark:exp/tri4_nnet_2/egs/egs.7.0.ark ark:- | nnet-train-parallel --num-threads=16 --minibatch-size=128 --srand=0 exp/tri4_nnet_2/0.mdl ark:- exp/tri4_nnet_2/1.7.mdl 
# Started at Tue Jan  5 18:38:52 EST 2021
#
nnet-train-parallel --num-threads=16 --minibatch-size=128 --srand=0 exp/tri4_nnet_2/0.mdl ark:- exp/tri4_nnet_2/1.7.mdl 
nnet-shuffle-egs --buffer-size=5000 --srand=0 ark:exp/tri4_nnet_2/egs/egs.7.0.ark ark:- 
LOG (nnet-train-parallel[5.5.863~1-813b7]:GetScalingFactor():nnet-component.cc:1535) Limiting step size to 10 using scaling factor 0.672089, for component index 4
LOG (nnet-train-parallel[5.5.863~1-813b7]:GetScalingFactor():nnet-component.cc:1535) Limiting step size to 10 using scaling factor 0.639387, for component index 4
LOG (nnet-train-parallel[5.5.863~1-813b7]:GetScalingFactor():nnet-component.cc:1535) Limiting step size to 10 using scaling factor 0.682779, for component index 4
LOG (nnet-train-parallel[5.5.863~1-813b7]:GetScalingFactor():nnet-component.cc:1535) Limiting step size to 10 using scaling factor 0.650656, for component index 4
LOG (nnet-train-parallel[5.5.863~1-813b7]:GetScalingFactor():nnet-component.cc:1535) Limiting step size to 10 using scaling factor 0.653504, for component index 4
LOG (nnet-train-parallel[5.5.863~1-813b7]:GetScalingFactor():nnet-component.cc:1535) Limiting step size to 10 using scaling factor 0.656195, for component index 4
LOG (nnet-train-parallel[5.5.863~1-813b7]:GetScalingFactor():nnet-component.cc:1535) Limiting step size to 10 using scaling factor 0.655568, for component index 4
LOG (nnet-train-parallel[5.5.863~1-813b7]:GetScalingFactor():nnet-component.cc:1535) Limiting step size to 10 using scaling factor 0.657559, for component index 4
LOG (nnet-train-parallel[5.5.863~1-813b7]:GetScalingFactor():nnet-component.cc:1535) Limiting step size to 10 using scaling factor 0.653358, for component index 4
LOG (nnet-train-parallel[5.5.863~1-813b7]:GetScalingFactor():nnet-component.cc:1535) Limiting step size to 10 using scaling factor 0.645912, for component index 4
LOG (nnet-shuffle-egs[5.5.863~1-813b7]:main():nnet-shuffle-egs.cc:102) Shuffled order of 34569 neural-network training examples using a buffer (partial randomization)
LOG (nnet-train-parallel[5.5.863~1-813b7]:DoBackpropParallel():nnet-update-parallel.cc:194) Did backprop on 34569 examples, average log-prob per frame is -5.02617
LOG (nnet-train-parallel[5.5.863~1-813b7]:DoBackpropParallel():nnet-update-parallel.cc:196) [this line is to be parsed by a script:] log-prob-per-frame=-5.02617
LOG (nnet-train-parallel[5.5.863~1-813b7]:main():nnet-train-parallel.cc:102) Finished training, processed 34569 training examples (weighted).  Wrote model to exp/tri4_nnet_2/1.7.mdl
# Accounting: time=15 threads=1
# Ended (code 0) at Tue Jan  5 18:39:07 EST 2021, elapsed time 15 seconds
