# gmm-align-compiled --transition-scale=1.0 --acoustic-scale=0.1 --self-loop-scale=0.1 --beam=10 --retry-beam=40 --careful=false "gmm-boost-silence --boost=1.0 1 exp/mono/7.mdl - |" "ark:gunzip -c exp/mono/fsts.23.gz|" "ark,s,cs:apply-cmvn  --utt2spk=ark:data/train/split30/23/utt2spk scp:data/train/split30/23/cmvn.scp scp:data/train/split30/23/feats.scp ark:- | add-deltas  ark:- ark:- |" "ark,t:|gzip -c >exp/mono/ali.23.gz" 
# Started at Wed Jan  6 05:34:08 EST 2021
#
gmm-align-compiled --transition-scale=1.0 --acoustic-scale=0.1 --self-loop-scale=0.1 --beam=10 --retry-beam=40 --careful=false 'gmm-boost-silence --boost=1.0 1 exp/mono/7.mdl - |' 'ark:gunzip -c exp/mono/fsts.23.gz|' 'ark,s,cs:apply-cmvn  --utt2spk=ark:data/train/split30/23/utt2spk scp:data/train/split30/23/cmvn.scp scp:data/train/split30/23/feats.scp ark:- | add-deltas  ark:- ark:- |' 'ark,t:|gzip -c >exp/mono/ali.23.gz' 
gmm-boost-silence --boost=1.0 1 exp/mono/7.mdl - 
LOG (gmm-boost-silence[5.5.863~1-813b7]:main():gmm-boost-silence.cc:93) Boosted weights for 3 pdfs, by factor of 1
LOG (gmm-boost-silence[5.5.863~1-813b7]:main():gmm-boost-silence.cc:103) Wrote model to -
add-deltas ark:- ark:- 
apply-cmvn --utt2spk=ark:data/train/split30/23/utt2spk scp:data/train/split30/23/cmvn.scp scp:data/train/split30/23/feats.scp ark:- 
LOG (gmm-align-compiled[5.5.863~1-813b7]:main():gmm-align-compiled.cc:127) MPAR0_SI1576
LOG (gmm-align-compiled[5.5.863~1-813b7]:main():gmm-align-compiled.cc:127) MPAR0_SI2206
LOG (gmm-align-compiled[5.5.863~1-813b7]:main():gmm-align-compiled.cc:127) MPAR0_SI946
LOG (gmm-align-compiled[5.5.863~1-813b7]:main():gmm-align-compiled.cc:127) MPAR0_SX136
LOG (gmm-align-compiled[5.5.863~1-813b7]:main():gmm-align-compiled.cc:127) MPAR0_SX226
LOG (gmm-align-compiled[5.5.863~1-813b7]:main():gmm-align-compiled.cc:127) MPAR0_SX316
LOG (gmm-align-compiled[5.5.863~1-813b7]:main():gmm-align-compiled.cc:127) MPAR0_SX406
LOG (gmm-align-compiled[5.5.863~1-813b7]:main():gmm-align-compiled.cc:127) MPAR0_SX46
LOG (gmm-align-compiled[5.5.863~1-813b7]:main():gmm-align-compiled.cc:127) MPEB0_SI1034
LOG (gmm-align-compiled[5.5.863~1-813b7]:main():gmm-align-compiled.cc:127) MPEB0_SI1860
LOG (gmm-align-compiled[5.5.863~1-813b7]:main():gmm-align-compiled.cc:127) MPEB0_SI600
LOG (gmm-align-compiled[5.5.863~1-813b7]:main():gmm-align-compiled.cc:127) MPEB0_SX150
LOG (gmm-align-compiled[5.5.863~1-813b7]:main():gmm-align-compiled.cc:127) MPEB0_SX240
LOG (gmm-align-compiled[5.5.863~1-813b7]:main():gmm-align-compiled.cc:127) MPEB0_SX330
LOG (gmm-align-compiled[5.5.863~1-813b7]:main():gmm-align-compiled.cc:127) MPEB0_SX420
LOG (gmm-align-compiled[5.5.863~1-813b7]:main():gmm-align-compiled.cc:127) MPEB0_SX60
LOG (gmm-align-compiled[5.5.863~1-813b7]:main():gmm-align-compiled.cc:127) MPFU0_SI1258
LOG (gmm-align-compiled[5.5.863~1-813b7]:main():gmm-align-compiled.cc:127) MPFU0_SI1888
LOG (gmm-align-compiled[5.5.863~1-813b7]:main():gmm-align-compiled.cc:127) MPFU0_SI628
LOG (gmm-align-compiled[5.5.863~1-813b7]:main():gmm-align-compiled.cc:127) MPFU0_SX178
LOG (gmm-align-compiled[5.5.863~1-813b7]:main():gmm-align-compiled.cc:127) MPFU0_SX268
LOG (gmm-align-compiled[5.5.863~1-813b7]:main():gmm-align-compiled.cc:127) MPFU0_SX358
LOG (gmm-align-compiled[5.5.863~1-813b7]:main():gmm-align-compiled.cc:127) MPFU0_SX448
LOG (gmm-align-compiled[5.5.863~1-813b7]:main():gmm-align-compiled.cc:127) MPFU0_SX88
LOG (gmm-align-compiled[5.5.863~1-813b7]:main():gmm-align-compiled.cc:127) MPGH0_SI1554
LOG (gmm-align-compiled[5.5.863~1-813b7]:main():gmm-align-compiled.cc:127) MPGH0_SI675
LOG (gmm-align-compiled[5.5.863~1-813b7]:main():gmm-align-compiled.cc:127) MPGH0_SI924
LOG (gmm-align-compiled[5.5.863~1-813b7]:main():gmm-align-compiled.cc:127) MPGH0_SX114
LOG (gmm-align-compiled[5.5.863~1-813b7]:main():gmm-align-compiled.cc:127) MPGH0_SX204
LOG (gmm-align-compiled[5.5.863~1-813b7]:main():gmm-align-compiled.cc:127) MPGH0_SX24
LOG (gmm-align-compiled[5.5.863~1-813b7]:main():gmm-align-compiled.cc:127) MPGH0_SX294
LOG (gmm-align-compiled[5.5.863~1-813b7]:main():gmm-align-compiled.cc:127) MPGH0_SX384
LOG (gmm-align-compiled[5.5.863~1-813b7]:main():gmm-align-compiled.cc:127) MPGR0_SI1410
LOG (gmm-align-compiled[5.5.863~1-813b7]:main():gmm-align-compiled.cc:127) MPGR0_SI2040
LOG (gmm-align-compiled[5.5.863~1-813b7]:main():gmm-align-compiled.cc:127) MPGR0_SI780
LOG (gmm-align-compiled[5.5.863~1-813b7]:main():gmm-align-compiled.cc:127) MPGR0_SX150
LOG (gmm-align-compiled[5.5.863~1-813b7]:main():gmm-align-compiled.cc:127) MPGR0_SX240
LOG (gmm-align-compiled[5.5.863~1-813b7]:main():gmm-align-compiled.cc:127) MPGR0_SX330
LOG (gmm-align-compiled[5.5.863~1-813b7]:main():gmm-align-compiled.cc:127) MPGR0_SX420
LOG (gmm-align-compiled[5.5.863~1-813b7]:main():gmm-align-compiled.cc:127) MPGR0_SX60
LOG (gmm-align-compiled[5.5.863~1-813b7]:main():gmm-align-compiled.cc:127) MPGR1_SI1269
LOG (gmm-align-compiled[5.5.863~1-813b7]:main():gmm-align-compiled.cc:127) MPGR1_SI1499
LOG (gmm-align-compiled[5.5.863~1-813b7]:main():gmm-align-compiled.cc:127) MPGR1_SI2129
LOG (gmm-align-compiled[5.5.863~1-813b7]:main():gmm-align-compiled.cc:127) MPGR1_SX149
LOG (gmm-align-compiled[5.5.863~1-813b7]:main():gmm-align-compiled.cc:127) MPGR1_SX239
LOG (gmm-align-compiled[5.5.863~1-813b7]:main():gmm-align-compiled.cc:127) MPGR1_SX329
LOG (gmm-align-compiled[5.5.863~1-813b7]:main():gmm-align-compiled.cc:127) MPGR1_SX419
LOG (gmm-align-compiled[5.5.863~1-813b7]:main():gmm-align-compiled.cc:127) MPGR1_SX59
LOG (gmm-align-compiled[5.5.863~1-813b7]:main():gmm-align-compiled.cc:127) MPMB0_SI1501
LOG (gmm-align-compiled[5.5.863~1-813b7]:main():gmm-align-compiled.cc:127) MPMB0_SI2131
LOG (gmm-align-compiled[5.5.863~1-813b7]:main():gmm-align-compiled.cc:127) MPMB0_SI871
LOG (gmm-align-compiled[5.5.863~1-813b7]:main():gmm-align-compiled.cc:127) MPMB0_SX151
LOG (gmm-align-compiled[5.5.863~1-813b7]:main():gmm-align-compiled.cc:127) MPMB0_SX241
LOG (gmm-align-compiled[5.5.863~1-813b7]:main():gmm-align-compiled.cc:127) MPMB0_SX331
LOG (gmm-align-compiled[5.5.863~1-813b7]:main():gmm-align-compiled.cc:127) MPMB0_SX421
LOG (gmm-align-compiled[5.5.863~1-813b7]:main():gmm-align-compiled.cc:127) MPMB0_SX61
LOG (gmm-align-compiled[5.5.863~1-813b7]:main():gmm-align-compiled.cc:127) MPPC0_SI1412
LOG (gmm-align-compiled[5.5.863~1-813b7]:main():gmm-align-compiled.cc:127) MPPC0_SI2042
LOG (gmm-align-compiled[5.5.863~1-813b7]:main():gmm-align-compiled.cc:127) MPPC0_SI782
LOG (gmm-align-compiled[5.5.863~1-813b7]:main():gmm-align-compiled.cc:127) MPPC0_SX152
LOG (gmm-align-compiled[5.5.863~1-813b7]:main():gmm-align-compiled.cc:127) MPPC0_SX242
LOG (gmm-align-compiled[5.5.863~1-813b7]:main():gmm-align-compiled.cc:127) MPPC0_SX332
LOG (gmm-align-compiled[5.5.863~1-813b7]:main():gmm-align-compiled.cc:127) MPPC0_SX422
LOG (gmm-align-compiled[5.5.863~1-813b7]:main():gmm-align-compiled.cc:127) MPPC0_SX62
LOG (gmm-align-compiled[5.5.863~1-813b7]:main():gmm-align-compiled.cc:127) MPRB0_SI1205
LOG (gmm-align-compiled[5.5.863~1-813b7]:main():gmm-align-compiled.cc:127) MPRB0_SI1215
LOG (gmm-align-compiled[5.5.863~1-813b7]:main():gmm-align-compiled.cc:127) MPRB0_SI575
LOG (gmm-align-compiled[5.5.863~1-813b7]:main():gmm-align-compiled.cc:127) MPRB0_SX125
LOG (gmm-align-compiled[5.5.863~1-813b7]:main():gmm-align-compiled.cc:127) MPRB0_SX215
LOG (gmm-align-compiled[5.5.863~1-813b7]:main():gmm-align-compiled.cc:127) MPRB0_SX305
LOG (gmm-align-compiled[5.5.863~1-813b7]:main():gmm-align-compiled.cc:127) MPRB0_SX35
LOG (gmm-align-compiled[5.5.863~1-813b7]:main():gmm-align-compiled.cc:127) MPRB0_SX395
LOG (gmm-align-compiled[5.5.863~1-813b7]:main():gmm-align-compiled.cc:127) MPRD0_SI1431
LOG (gmm-align-compiled[5.5.863~1-813b7]:main():gmm-align-compiled.cc:127) MPRD0_SI2061
LOG (gmm-align-compiled[5.5.863~1-813b7]:main():gmm-align-compiled.cc:127) MPRD0_SI801
LOG (gmm-align-compiled[5.5.863~1-813b7]:main():gmm-align-compiled.cc:127) MPRD0_SX171
LOG (gmm-align-compiled[5.5.863~1-813b7]:main():gmm-align-compiled.cc:127) MPRD0_SX261
LOG (gmm-align-compiled[5.5.863~1-813b7]:main():gmm-align-compiled.cc:127) MPRD0_SX351
LOG (gmm-align-compiled[5.5.863~1-813b7]:main():gmm-align-compiled.cc:127) MPRD0_SX441
LOG (gmm-align-compiled[5.5.863~1-813b7]:main():gmm-align-compiled.cc:127) MPRD0_SX81
LOG (gmm-align-compiled[5.5.863~1-813b7]:main():gmm-align-compiled.cc:127) MPRK0_SI1097
LOG (gmm-align-compiled[5.5.863~1-813b7]:main():gmm-align-compiled.cc:127) MPRK0_SI1727
LOG (gmm-align-compiled[5.5.863~1-813b7]:main():gmm-align-compiled.cc:127) MPRK0_SI467
LOG (gmm-align-compiled[5.5.863~1-813b7]:main():gmm-align-compiled.cc:127) MPRK0_SX107
LOG (gmm-align-compiled[5.5.863~1-813b7]:main():gmm-align-compiled.cc:127) MPRK0_SX17
LOG (gmm-align-compiled[5.5.863~1-813b7]:main():gmm-align-compiled.cc:127) MPRK0_SX197
LOG (gmm-align-compiled[5.5.863~1-813b7]:main():gmm-align-compiled.cc:127) MPRK0_SX287
LOG (gmm-align-compiled[5.5.863~1-813b7]:main():gmm-align-compiled.cc:127) MPRK0_SX377
LOG (gmm-align-compiled[5.5.863~1-813b7]:main():gmm-align-compiled.cc:127) MPRT0_SI1210
LOG (gmm-align-compiled[5.5.863~1-813b7]:main():gmm-align-compiled.cc:127) MPRT0_SI495
LOG (gmm-align-compiled[5.5.863~1-813b7]:main():gmm-align-compiled.cc:127) MPRT0_SI580
LOG (gmm-align-compiled[5.5.863~1-813b7]:main():gmm-align-compiled.cc:127) MPRT0_SX130
LOG (gmm-align-compiled[5.5.863~1-813b7]:main():gmm-align-compiled.cc:127) MPRT0_SX220
LOG (gmm-align-compiled[5.5.863~1-813b7]:main():gmm-align-compiled.cc:127) MPRT0_SX310
LOG (gmm-align-compiled[5.5.863~1-813b7]:main():gmm-align-compiled.cc:127) MPRT0_SX40
LOG (gmm-align-compiled[5.5.863~1-813b7]:main():gmm-align-compiled.cc:127) MPRT0_SX400
LOG (gmm-align-compiled[5.5.863~1-813b7]:main():gmm-align-compiled.cc:127) MPSW0_SI1067
LOG (gmm-align-compiled[5.5.863~1-813b7]:main():gmm-align-compiled.cc:127) MPSW0_SI1697
LOG (gmm-align-compiled[5.5.863~1-813b7]:main():gmm-align-compiled.cc:127) MPSW0_SI2327
LOG (gmm-align-compiled[5.5.863~1-813b7]:main():gmm-align-compiled.cc:127) MPSW0_SX167
LOG (gmm-align-compiled[5.5.863~1-813b7]:main():gmm-align-compiled.cc:127) MPSW0_SX24
LOG (gmm-align-compiled[5.5.863~1-813b7]:main():gmm-align-compiled.cc:127) MPSW0_SX257
LOG (gmm-align-compiled[5.5.863~1-813b7]:main():gmm-align-compiled.cc:127) MPSW0_SX437
LOG (gmm-align-compiled[5.5.863~1-813b7]:main():gmm-align-compiled.cc:127) MPSW0_SX77
LOG (gmm-align-compiled[5.5.863~1-813b7]:main():gmm-align-compiled.cc:127) MRAB0_SI1224
LOG (gmm-align-compiled[5.5.863~1-813b7]:main():gmm-align-compiled.cc:127) MRAB0_SI1854
LOG (gmm-align-compiled[5.5.863~1-813b7]:main():gmm-align-compiled.cc:127) MRAB0_SI594
LOG (gmm-align-compiled[5.5.863~1-813b7]:main():gmm-align-compiled.cc:127) MRAB0_SX144
LOG (gmm-align-compiled[5.5.863~1-813b7]:main():gmm-align-compiled.cc:127) MRAB0_SX234
LOG (gmm-align-compiled[5.5.863~1-813b7]:main():gmm-align-compiled.cc:127) MRAB0_SX324
LOG (gmm-align-compiled[5.5.863~1-813b7]:main():gmm-align-compiled.cc:127) MRAB0_SX414
LOG (gmm-align-compiled[5.5.863~1-813b7]:main():gmm-align-compiled.cc:127) MRAB0_SX54
LOG (gmm-align-compiled[5.5.863~1-813b7]:main():gmm-align-compiled.cc:127) MRAB1_SI1478
LOG (gmm-align-compiled[5.5.863~1-813b7]:main():gmm-align-compiled.cc:127) MRAB1_SI2108
LOG (gmm-align-compiled[5.5.863~1-813b7]:main():gmm-align-compiled.cc:127) MRAB1_SI848
LOG (gmm-align-compiled[5.5.863~1-813b7]:main():gmm-align-compiled.cc:127) MRAB1_SX128
LOG (gmm-align-compiled[5.5.863~1-813b7]:main():gmm-align-compiled.cc:127) MRAB1_SX218
LOG (gmm-align-compiled[5.5.863~1-813b7]:main():gmm-align-compiled.cc:127) MRAB1_SX308
LOG (gmm-align-compiled[5.5.863~1-813b7]:main():gmm-align-compiled.cc:127) MRAB1_SX38
LOG (gmm-align-compiled[5.5.863~1-813b7]:main():gmm-align-compiled.cc:127) MRAB1_SX398
LOG (gmm-align-compiled[5.5.863~1-813b7]:main():gmm-align-compiled.cc:127) MRAI0_SI1954
LOG (gmm-align-compiled[5.5.863~1-813b7]:main():gmm-align-compiled.cc:127) MRAI0_SI2052
LOG (apply-cmvn[5.5.863~1-813b7]:main():apply-cmvn.cc:162) Applied cepstral mean normalization to 128 utterances, errors on 0
LOG (gmm-align-compiled[5.5.863~1-813b7]:main():gmm-align-compiled.cc:127) MRAI0_SI792
LOG (gmm-align-compiled[5.5.863~1-813b7]:main():gmm-align-compiled.cc:127) MRAI0_SX162
LOG (gmm-align-compiled[5.5.863~1-813b7]:main():gmm-align-compiled.cc:127) MRAI0_SX252
LOG (gmm-align-compiled[5.5.863~1-813b7]:main():gmm-align-compiled.cc:127) MRAI0_SX342
LOG (gmm-align-compiled[5.5.863~1-813b7]:main():gmm-align-compiled.cc:127) MRAI0_SX432
LOG (gmm-align-compiled[5.5.863~1-813b7]:main():gmm-align-compiled.cc:127) MRAI0_SX72
LOG (gmm-align-compiled[5.5.863~1-813b7]:main():gmm-align-compiled.cc:135) Overall log-likelihood per frame is -101.897 over 39951 frames.
LOG (gmm-align-compiled[5.5.863~1-813b7]:main():gmm-align-compiled.cc:137) Retried 0 out of 128 utterances.
LOG (gmm-align-compiled[5.5.863~1-813b7]:main():gmm-align-compiled.cc:139) Done 128, errors on 0
# Accounting: time=1 threads=1
# Ended (code 0) at Wed Jan  6 05:34:09 EST 2021, elapsed time 1 seconds
