# gmm-acc-stats-ali exp/tri3/18.mdl "ark,s,cs:apply-cmvn  --utt2spk=ark:data/train/split30/18/utt2spk scp:data/train/split30/18/cmvn.scp scp:data/train/split30/18/feats.scp ark:- | splice-feats --left-context=3 --right-context=3 ark:- ark:- | transform-feats exp/tri2_ali/final.mat ark:- ark:- | transform-feats --utt2spk=ark:data/train/split30/18/utt2spk ark:exp/tri3/trans.18 ark:- ark:- |" "ark,s,cs:gunzip -c exp/tri3/ali.18.gz|" exp/tri3/18.18.acc 
# Started at Wed Jan  6 01:44:05 EST 2021
#
gmm-acc-stats-ali exp/tri3/18.mdl 'ark,s,cs:apply-cmvn  --utt2spk=ark:data/train/split30/18/utt2spk scp:data/train/split30/18/cmvn.scp scp:data/train/split30/18/feats.scp ark:- | splice-feats --left-context=3 --right-context=3 ark:- ark:- | transform-feats exp/tri2_ali/final.mat ark:- ark:- | transform-feats --utt2spk=ark:data/train/split30/18/utt2spk ark:exp/tri3/trans.18 ark:- ark:- |' 'ark,s,cs:gunzip -c exp/tri3/ali.18.gz|' exp/tri3/18.18.acc 
transform-feats --utt2spk=ark:data/train/split30/18/utt2spk ark:exp/tri3/trans.18 ark:- ark:- 
transform-feats exp/tri2_ali/final.mat ark:- ark:- 
apply-cmvn --utt2spk=ark:data/train/split30/18/utt2spk scp:data/train/split30/18/cmvn.scp scp:data/train/split30/18/feats.scp ark:- 
splice-feats --left-context=3 --right-context=3 ark:- ark:- 
LOG (gmm-acc-stats-ali[5.5.863~1-813b7]:main():gmm-acc-stats-ali.cc:105) Processed 50 utterances; for utterance MJLG1_SI1642 avg. like is -44.8493 over 280 frames.
LOG (gmm-acc-stats-ali[5.5.863~1-813b7]:main():gmm-acc-stats-ali.cc:105) Processed 100 utterances; for utterance MJPM0_SX108 avg. like is -48.5032 over 248 frames.
LOG (apply-cmvn[5.5.863~1-813b7]:main():apply-cmvn.cc:162) Applied cepstral mean normalization to 120 utterances, errors on 0
LOG (transform-feats[5.5.863~1-813b7]:main():transform-feats.cc:158) Overall average [pseudo-]logdet is -88.1809 over 35352 frames.
LOG (transform-feats[5.5.863~1-813b7]:main():transform-feats.cc:161) Applied transform to 120 utterances; 0 had errors.
LOG (transform-feats[5.5.863~1-813b7]:main():transform-feats.cc:158) Overall average logdet is 2.2209 over 35352 frames.
LOG (transform-feats[5.5.863~1-813b7]:main():transform-feats.cc:161) Applied transform to 120 utterances; 0 had errors.
LOG (gmm-acc-stats-ali[5.5.863~1-813b7]:main():gmm-acc-stats-ali.cc:112) Done 120 files, 0 with errors.
LOG (gmm-acc-stats-ali[5.5.863~1-813b7]:main():gmm-acc-stats-ali.cc:115) Overall avg like per frame (Gaussian only) = -47.5289 over 35352 frames.
LOG (gmm-acc-stats-ali[5.5.863~1-813b7]:main():gmm-acc-stats-ali.cc:123) Written accs.
# Accounting: time=1 threads=1
# Ended (code 0) at Wed Jan  6 01:44:06 EST 2021, elapsed time 1 seconds
