# ali-to-post "ark:gunzip -c exp/tri3/ali.27.gz|" ark:- | gmm-acc-stats-twofeats exp/tri3/35.mdl "ark,s,cs:apply-cmvn  --utt2spk=ark:data/train/split30/27/utt2spk scp:data/train/split30/27/cmvn.scp scp:data/train/split30/27/feats.scp ark:- | splice-feats --left-context=3 --right-context=3 ark:- ark:- | transform-feats exp/tri2_ali/final.mat ark:- ark:- | transform-feats --utt2spk=ark:data/train/split30/27/utt2spk ark:exp/tri3/trans.27 ark:- ark:- |" "ark,s,cs:apply-cmvn  --utt2spk=ark:data/train/split30/27/utt2spk scp:data/train/split30/27/cmvn.scp scp:data/train/split30/27/feats.scp ark:- | splice-feats --left-context=3 --right-context=3 ark:- ark:- | transform-feats exp/tri2_ali/final.mat ark:- ark:- |" ark,s,cs:- exp/tri3/35.27.acc 
# Started at Wed Jan  6 01:46:42 EST 2021
#
ali-to-post 'ark:gunzip -c exp/tri3/ali.27.gz|' ark:- 
gmm-acc-stats-twofeats exp/tri3/35.mdl 'ark,s,cs:apply-cmvn  --utt2spk=ark:data/train/split30/27/utt2spk scp:data/train/split30/27/cmvn.scp scp:data/train/split30/27/feats.scp ark:- | splice-feats --left-context=3 --right-context=3 ark:- ark:- | transform-feats exp/tri2_ali/final.mat ark:- ark:- | transform-feats --utt2spk=ark:data/train/split30/27/utt2spk ark:exp/tri3/trans.27 ark:- ark:- |' 'ark,s,cs:apply-cmvn  --utt2spk=ark:data/train/split30/27/utt2spk scp:data/train/split30/27/cmvn.scp scp:data/train/split30/27/feats.scp ark:- | splice-feats --left-context=3 --right-context=3 ark:- ark:- | transform-feats exp/tri2_ali/final.mat ark:- ark:- |' ark,s,cs:- exp/tri3/35.27.acc 
apply-cmvn --utt2spk=ark:data/train/split30/27/utt2spk scp:data/train/split30/27/cmvn.scp scp:data/train/split30/27/feats.scp ark:- 
splice-feats --left-context=3 --right-context=3 ark:- ark:- 
transform-feats exp/tri2_ali/final.mat ark:- ark:- 
transform-feats --utt2spk=ark:data/train/split30/27/utt2spk ark:exp/tri3/trans.27 ark:- ark:- 
splice-feats --left-context=3 --right-context=3 ark:- ark:- 
transform-feats exp/tri2_ali/final.mat ark:- ark:- 
apply-cmvn --utt2spk=ark:data/train/split30/27/utt2spk scp:data/train/split30/27/cmvn.scp scp:data/train/split30/27/feats.scp ark:- 
LOG (gmm-acc-stats-twofeats[5.5.863~1-813b7]:main():gmm-acc-stats-twofeats.cc:140) Average like for this file is -41.1851 over 324 frames.
LOG (gmm-acc-stats-twofeats[5.5.863~1-813b7]:main():gmm-acc-stats-twofeats.cc:140) Average like for this file is -43.8038 over 264 frames.
LOG (gmm-acc-stats-twofeats[5.5.863~1-813b7]:main():gmm-acc-stats-twofeats.cc:140) Average like for this file is -48.7948 over 262 frames.
LOG (gmm-acc-stats-twofeats[5.5.863~1-813b7]:main():gmm-acc-stats-twofeats.cc:140) Average like for this file is -42.4219 over 382 frames.
LOG (gmm-acc-stats-twofeats[5.5.863~1-813b7]:main():gmm-acc-stats-twofeats.cc:140) Average like for this file is -42.0908 over 242 frames.
LOG (gmm-acc-stats-twofeats[5.5.863~1-813b7]:main():gmm-acc-stats-twofeats.cc:140) Average like for this file is -44.3318 over 280 frames.
LOG (gmm-acc-stats-twofeats[5.5.863~1-813b7]:main():gmm-acc-stats-twofeats.cc:140) Average like for this file is -39.9212 over 285 frames.
LOG (gmm-acc-stats-twofeats[5.5.863~1-813b7]:main():gmm-acc-stats-twofeats.cc:140) Average like for this file is -47.1626 over 270 frames.
LOG (gmm-acc-stats-twofeats[5.5.863~1-813b7]:main():gmm-acc-stats-twofeats.cc:140) Average like for this file is -47.6859 over 377 frames.
LOG (gmm-acc-stats-twofeats[5.5.863~1-813b7]:main():gmm-acc-stats-twofeats.cc:140) Average like for this file is -49.0672 over 191 frames.
LOG (gmm-acc-stats-twofeats[5.5.863~1-813b7]:main():gmm-acc-stats-twofeats.cc:146) Avg like per frame so far is -44.476
LOG (gmm-acc-stats-twofeats[5.5.863~1-813b7]:main():gmm-acc-stats-twofeats.cc:140) Average like for this file is -48.0362 over 196 frames.
LOG (gmm-acc-stats-twofeats[5.5.863~1-813b7]:main():gmm-acc-stats-twofeats.cc:140) Average like for this file is -49.4114 over 209 frames.
LOG (gmm-acc-stats-twofeats[5.5.863~1-813b7]:main():gmm-acc-stats-twofeats.cc:140) Average like for this file is -45.1163 over 142 frames.
LOG (gmm-acc-stats-twofeats[5.5.863~1-813b7]:main():gmm-acc-stats-twofeats.cc:140) Average like for this file is -49.7437 over 176 frames.
LOG (gmm-acc-stats-twofeats[5.5.863~1-813b7]:main():gmm-acc-stats-twofeats.cc:140) Average like for this file is -44.7029 over 207 frames.
LOG (gmm-acc-stats-twofeats[5.5.863~1-813b7]:main():gmm-acc-stats-twofeats.cc:140) Average like for this file is -50.8585 over 226 frames.
LOG (gmm-acc-stats-twofeats[5.5.863~1-813b7]:main():gmm-acc-stats-twofeats.cc:140) Average like for this file is -46.2143 over 125 frames.
LOG (gmm-acc-stats-twofeats[5.5.863~1-813b7]:main():gmm-acc-stats-twofeats.cc:140) Average like for this file is -46.2145 over 141 frames.
LOG (gmm-acc-stats-twofeats[5.5.863~1-813b7]:main():gmm-acc-stats-twofeats.cc:140) Average like for this file is -43.4712 over 448 frames.
LOG (gmm-acc-stats-twofeats[5.5.863~1-813b7]:main():gmm-acc-stats-twofeats.cc:140) Average like for this file is -44.8773 over 438 frames.
LOG (gmm-acc-stats-twofeats[5.5.863~1-813b7]:main():gmm-acc-stats-twofeats.cc:146) Avg like per frame so far is -45.3294
LOG (gmm-acc-stats-twofeats[5.5.863~1-813b7]:main():gmm-acc-stats-twofeats.cc:140) Average like for this file is -45.6455 over 297 frames.
LOG (gmm-acc-stats-twofeats[5.5.863~1-813b7]:main():gmm-acc-stats-twofeats.cc:140) Average like for this file is -44.0036 over 398 frames.
LOG (gmm-acc-stats-twofeats[5.5.863~1-813b7]:main():gmm-acc-stats-twofeats.cc:140) Average like for this file is -44.9653 over 369 frames.
LOG (gmm-acc-stats-twofeats[5.5.863~1-813b7]:main():gmm-acc-stats-twofeats.cc:140) Average like for this file is -48.8583 over 214 frames.
LOG (gmm-acc-stats-twofeats[5.5.863~1-813b7]:main():gmm-acc-stats-twofeats.cc:140) Average like for this file is -46.8892 over 572 frames.
LOG (gmm-acc-stats-twofeats[5.5.863~1-813b7]:main():gmm-acc-stats-twofeats.cc:140) Average like for this file is -44.7571 over 341 frames.
LOG (gmm-acc-stats-twofeats[5.5.863~1-813b7]:main():gmm-acc-stats-twofeats.cc:140) Average like for this file is -48.4358 over 371 frames.
LOG (gmm-acc-stats-twofeats[5.5.863~1-813b7]:main():gmm-acc-stats-twofeats.cc:140) Average like for this file is -48.8898 over 207 frames.
LOG (gmm-acc-stats-twofeats[5.5.863~1-813b7]:main():gmm-acc-stats-twofeats.cc:140) Average like for this file is -46.3386 over 422 frames.
LOG (gmm-acc-stats-twofeats[5.5.863~1-813b7]:main():gmm-acc-stats-twofeats.cc:140) Average like for this file is -45.5215 over 459 frames.
LOG (gmm-acc-stats-twofeats[5.5.863~1-813b7]:main():gmm-acc-stats-twofeats.cc:146) Avg like per frame so far is -45.7015
LOG (gmm-acc-stats-twofeats[5.5.863~1-813b7]:main():gmm-acc-stats-twofeats.cc:140) Average like for this file is -47.2145 over 260 frames.
LOG (gmm-acc-stats-twofeats[5.5.863~1-813b7]:main():gmm-acc-stats-twofeats.cc:140) Average like for this file is -49.7382 over 292 frames.
LOG (gmm-acc-stats-twofeats[5.5.863~1-813b7]:main():gmm-acc-stats-twofeats.cc:140) Average like for this file is -46.8144 over 324 frames.
LOG (gmm-acc-stats-twofeats[5.5.863~1-813b7]:main():gmm-acc-stats-twofeats.cc:140) Average like for this file is -45.1007 over 545 frames.
LOG (gmm-acc-stats-twofeats[5.5.863~1-813b7]:main():gmm-acc-stats-twofeats.cc:140) Average like for this file is -45.8273 over 685 frames.
LOG (gmm-acc-stats-twofeats[5.5.863~1-813b7]:main():gmm-acc-stats-twofeats.cc:140) Average like for this file is -44.7497 over 378 frames.
LOG (gmm-acc-stats-twofeats[5.5.863~1-813b7]:main():gmm-acc-stats-twofeats.cc:140) Average like for this file is -46.0298 over 244 frames.
LOG (gmm-acc-stats-twofeats[5.5.863~1-813b7]:main():gmm-acc-stats-twofeats.cc:140) Average like for this file is -42.9969 over 306 frames.
LOG (gmm-acc-stats-twofeats[5.5.863~1-813b7]:main():gmm-acc-stats-twofeats.cc:140) Average like for this file is -45.2051 over 389 frames.
LOG (gmm-acc-stats-twofeats[5.5.863~1-813b7]:main():gmm-acc-stats-twofeats.cc:140) Average like for this file is -45.3283 over 299 frames.
LOG (gmm-acc-stats-twofeats[5.5.863~1-813b7]:main():gmm-acc-stats-twofeats.cc:146) Avg like per frame so far is -45.7237
LOG (gmm-acc-stats-twofeats[5.5.863~1-813b7]:main():gmm-acc-stats-twofeats.cc:140) Average like for this file is -47.9186 over 366 frames.
LOG (gmm-acc-stats-twofeats[5.5.863~1-813b7]:main():gmm-acc-stats-twofeats.cc:140) Average like for this file is -43.5553 over 175 frames.
LOG (gmm-acc-stats-twofeats[5.5.863~1-813b7]:main():gmm-acc-stats-twofeats.cc:140) Average like for this file is -47.8435 over 294 frames.
LOG (gmm-acc-stats-twofeats[5.5.863~1-813b7]:main():gmm-acc-stats-twofeats.cc:140) Average like for this file is -50.5711 over 276 frames.
LOG (gmm-acc-stats-twofeats[5.5.863~1-813b7]:main():gmm-acc-stats-twofeats.cc:140) Average like for this file is -44.6646 over 268 frames.
LOG (gmm-acc-stats-twofeats[5.5.863~1-813b7]:main():gmm-acc-stats-twofeats.cc:140) Average like for this file is -48.867 over 311 frames.
LOG (gmm-acc-stats-twofeats[5.5.863~1-813b7]:main():gmm-acc-stats-twofeats.cc:140) Average like for this file is -45.2938 over 241 frames.
LOG (gmm-acc-stats-twofeats[5.5.863~1-813b7]:main():gmm-acc-stats-twofeats.cc:140) Average like for this file is -48.9198 over 173 frames.
LOG (gmm-acc-stats-twofeats[5.5.863~1-813b7]:main():gmm-acc-stats-twofeats.cc:140) Average like for this file is -39.7276 over 331 frames.
LOG (gmm-acc-stats-twofeats[5.5.863~1-813b7]:main():gmm-acc-stats-twofeats.cc:140) Average like for this file is -42.4427 over 577 frames.
LOG (gmm-acc-stats-twofeats[5.5.863~1-813b7]:main():gmm-acc-stats-twofeats.cc:146) Avg like per frame so far is -45.7013
LOG (gmm-acc-stats-twofeats[5.5.863~1-813b7]:main():gmm-acc-stats-twofeats.cc:140) Average like for this file is -45.857 over 312 frames.
LOG (gmm-acc-stats-twofeats[5.5.863~1-813b7]:main():gmm-acc-stats-twofeats.cc:140) Average like for this file is -46.781 over 405 frames.
LOG (gmm-acc-stats-twofeats[5.5.863~1-813b7]:main():gmm-acc-stats-twofeats.cc:140) Average like for this file is -44.293 over 354 frames.
LOG (gmm-acc-stats-twofeats[5.5.863~1-813b7]:main():gmm-acc-stats-twofeats.cc:140) Average like for this file is -46.0118 over 271 frames.
LOG (gmm-acc-stats-twofeats[5.5.863~1-813b7]:main():gmm-acc-stats-twofeats.cc:140) Average like for this file is -47.1568 over 442 frames.
LOG (gmm-acc-stats-twofeats[5.5.863~1-813b7]:main():gmm-acc-stats-twofeats.cc:140) Average like for this file is -49.127 over 283 frames.
LOG (gmm-acc-stats-twofeats[5.5.863~1-813b7]:main():gmm-acc-stats-twofeats.cc:140) Average like for this file is -44.2661 over 227 frames.
LOG (gmm-acc-stats-twofeats[5.5.863~1-813b7]:main():gmm-acc-stats-twofeats.cc:140) Average like for this file is -44.018 over 392 frames.
LOG (gmm-acc-stats-twofeats[5.5.863~1-813b7]:main():gmm-acc-stats-twofeats.cc:140) Average like for this file is -48.7745 over 470 frames.
LOG (gmm-acc-stats-twofeats[5.5.863~1-813b7]:main():gmm-acc-stats-twofeats.cc:140) Average like for this file is -48.1222 over 269 frames.
LOG (gmm-acc-stats-twofeats[5.5.863~1-813b7]:main():gmm-acc-stats-twofeats.cc:146) Avg like per frame so far is -45.8484
LOG (gmm-acc-stats-twofeats[5.5.863~1-813b7]:main():gmm-acc-stats-twofeats.cc:140) Average like for this file is -45.6849 over 271 frames.
LOG (gmm-acc-stats-twofeats[5.5.863~1-813b7]:main():gmm-acc-stats-twofeats.cc:140) Average like for this file is -44.1722 over 358 frames.
LOG (gmm-acc-stats-twofeats[5.5.863~1-813b7]:main():gmm-acc-stats-twofeats.cc:140) Average like for this file is -45.1831 over 395 frames.
LOG (gmm-acc-stats-twofeats[5.5.863~1-813b7]:main():gmm-acc-stats-twofeats.cc:140) Average like for this file is -46.5662 over 341 frames.
LOG (gmm-acc-stats-twofeats[5.5.863~1-813b7]:main():gmm-acc-stats-twofeats.cc:140) Average like for this file is -47.6931 over 475 frames.
LOG (gmm-acc-stats-twofeats[5.5.863~1-813b7]:main():gmm-acc-stats-twofeats.cc:140) Average like for this file is -45.3314 over 213 frames.
LOG (gmm-acc-stats-twofeats[5.5.863~1-813b7]:main():gmm-acc-stats-twofeats.cc:140) Average like for this file is -45.2631 over 276 frames.
LOG (gmm-acc-stats-twofeats[5.5.863~1-813b7]:main():gmm-acc-stats-twofeats.cc:140) Average like for this file is -48.288 over 335 frames.
LOG (gmm-acc-stats-twofeats[5.5.863~1-813b7]:main():gmm-acc-stats-twofeats.cc:140) Average like for this file is -44.8457 over 268 frames.
LOG (gmm-acc-stats-twofeats[5.5.863~1-813b7]:main():gmm-acc-stats-twofeats.cc:140) Average like for this file is -47.961 over 416 frames.
LOG (gmm-acc-stats-twofeats[5.5.863~1-813b7]:main():gmm-acc-stats-twofeats.cc:146) Avg like per frame so far is -45.9097
LOG (gmm-acc-stats-twofeats[5.5.863~1-813b7]:main():gmm-acc-stats-twofeats.cc:140) Average like for this file is -45.4979 over 339 frames.
LOG (gmm-acc-stats-twofeats[5.5.863~1-813b7]:main():gmm-acc-stats-twofeats.cc:140) Average like for this file is -46.4171 over 256 frames.
LOG (gmm-acc-stats-twofeats[5.5.863~1-813b7]:main():gmm-acc-stats-twofeats.cc:140) Average like for this file is -43.8 over 252 frames.
LOG (gmm-acc-stats-twofeats[5.5.863~1-813b7]:main():gmm-acc-stats-twofeats.cc:140) Average like for this file is -48.9161 over 405 frames.
LOG (gmm-acc-stats-twofeats[5.5.863~1-813b7]:main():gmm-acc-stats-twofeats.cc:140) Average like for this file is -48.4813 over 356 frames.
LOG (gmm-acc-stats-twofeats[5.5.863~1-813b7]:main():gmm-acc-stats-twofeats.cc:140) Average like for this file is -46.0978 over 343 frames.
LOG (gmm-acc-stats-twofeats[5.5.863~1-813b7]:main():gmm-acc-stats-twofeats.cc:140) Average like for this file is -38.9893 over 207 frames.
LOG (gmm-acc-stats-twofeats[5.5.863~1-813b7]:main():gmm-acc-stats-twofeats.cc:140) Average like for this file is -43.7967 over 284 frames.
LOG (gmm-acc-stats-twofeats[5.5.863~1-813b7]:main():gmm-acc-stats-twofeats.cc:140) Average like for this file is -44.1257 over 292 frames.
LOG (gmm-acc-stats-twofeats[5.5.863~1-813b7]:main():gmm-acc-stats-twofeats.cc:140) Average like for this file is -45.8872 over 311 frames.
LOG (gmm-acc-stats-twofeats[5.5.863~1-813b7]:main():gmm-acc-stats-twofeats.cc:146) Avg like per frame so far is -45.8741
LOG (gmm-acc-stats-twofeats[5.5.863~1-813b7]:main():gmm-acc-stats-twofeats.cc:140) Average like for this file is -48.0628 over 521 frames.
LOG (gmm-acc-stats-twofeats[5.5.863~1-813b7]:main():gmm-acc-stats-twofeats.cc:140) Average like for this file is -45.8418 over 266 frames.
LOG (gmm-acc-stats-twofeats[5.5.863~1-813b7]:main():gmm-acc-stats-twofeats.cc:140) Average like for this file is -44.2482 over 254 frames.
LOG (gmm-acc-stats-twofeats[5.5.863~1-813b7]:main():gmm-acc-stats-twofeats.cc:140) Average like for this file is -49.2519 over 288 frames.
LOG (gmm-acc-stats-twofeats[5.5.863~1-813b7]:main():gmm-acc-stats-twofeats.cc:140) Average like for this file is -43.0396 over 294 frames.
LOG (gmm-acc-stats-twofeats[5.5.863~1-813b7]:main():gmm-acc-stats-twofeats.cc:140) Average like for this file is -43.3195 over 230 frames.
LOG (gmm-acc-stats-twofeats[5.5.863~1-813b7]:main():gmm-acc-stats-twofeats.cc:140) Average like for this file is -43.9111 over 241 frames.
LOG (gmm-acc-stats-twofeats[5.5.863~1-813b7]:main():gmm-acc-stats-twofeats.cc:140) Average like for this file is -48.312 over 280 frames.
LOG (gmm-acc-stats-twofeats[5.5.863~1-813b7]:main():gmm-acc-stats-twofeats.cc:140) Average like for this file is -43.5402 over 427 frames.
LOG (gmm-acc-stats-twofeats[5.5.863~1-813b7]:main():gmm-acc-stats-twofeats.cc:140) Average like for this file is -46.0057 over 244 frames.
LOG (gmm-acc-stats-twofeats[5.5.863~1-813b7]:main():gmm-acc-stats-twofeats.cc:146) Avg like per frame so far is -45.857
LOG (gmm-acc-stats-twofeats[5.5.863~1-813b7]:main():gmm-acc-stats-twofeats.cc:140) Average like for this file is -48.4346 over 338 frames.
LOG (gmm-acc-stats-twofeats[5.5.863~1-813b7]:main():gmm-acc-stats-twofeats.cc:140) Average like for this file is -42.147 over 344 frames.
LOG (gmm-acc-stats-twofeats[5.5.863~1-813b7]:main():gmm-acc-stats-twofeats.cc:140) Average like for this file is -44.8866 over 232 frames.
LOG (gmm-acc-stats-twofeats[5.5.863~1-813b7]:main():gmm-acc-stats-twofeats.cc:140) Average like for this file is -45.33 over 289 frames.
LOG (gmm-acc-stats-twofeats[5.5.863~1-813b7]:main():gmm-acc-stats-twofeats.cc:140) Average like for this file is -46.2763 over 273 frames.
LOG (gmm-acc-stats-twofeats[5.5.863~1-813b7]:main():gmm-acc-stats-twofeats.cc:140) Average like for this file is -48.4033 over 254 frames.
LOG (gmm-acc-stats-twofeats[5.5.863~1-813b7]:main():gmm-acc-stats-twofeats.cc:140) Average like for this file is -45.9565 over 388 frames.
LOG (gmm-acc-stats-twofeats[5.5.863~1-813b7]:main():gmm-acc-stats-twofeats.cc:140) Average like for this file is -44.0227 over 152 frames.
LOG (gmm-acc-stats-twofeats[5.5.863~1-813b7]:main():gmm-acc-stats-twofeats.cc:140) Average like for this file is -47.7574 over 397 frames.
LOG (gmm-acc-stats-twofeats[5.5.863~1-813b7]:main():gmm-acc-stats-twofeats.cc:140) Average like for this file is -46.9829 over 289 frames.
LOG (gmm-acc-stats-twofeats[5.5.863~1-813b7]:main():gmm-acc-stats-twofeats.cc:146) Avg like per frame so far is -45.8831
LOG (gmm-acc-stats-twofeats[5.5.863~1-813b7]:main():gmm-acc-stats-twofeats.cc:140) Average like for this file is -41.7557 over 146 frames.
LOG (gmm-acc-stats-twofeats[5.5.863~1-813b7]:main():gmm-acc-stats-twofeats.cc:140) Average like for this file is -44.8916 over 339 frames.
LOG (gmm-acc-stats-twofeats[5.5.863~1-813b7]:main():gmm-acc-stats-twofeats.cc:140) Average like for this file is -46.3895 over 290 frames.
LOG (gmm-acc-stats-twofeats[5.5.863~1-813b7]:main():gmm-acc-stats-twofeats.cc:140) Average like for this file is -51.7425 over 231 frames.
LOG (gmm-acc-stats-twofeats[5.5.863~1-813b7]:main():gmm-acc-stats-twofeats.cc:140) Average like for this file is -46.2554 over 267 frames.
LOG (ali-to-post[5.5.863~1-813b7]:main():ali-to-post.cc:73) Converted 120 alignments.
LOG (gmm-acc-stats-twofeats[5.5.863~1-813b7]:main():gmm-acc-stats-twofeats.cc:140) Average like for this file is -46.8552 over 416 frames.
LOG (gmm-acc-stats-twofeats[5.5.863~1-813b7]:main():gmm-acc-stats-twofeats.cc:140) Average like for this file is -48.0696 over 442 frames.
LOG (gmm-acc-stats-twofeats[5.5.863~1-813b7]:main():gmm-acc-stats-twofeats.cc:140) Average like for this file is -47.8027 over 372 frames.
LOG (gmm-acc-stats-twofeats[5.5.863~1-813b7]:main():gmm-acc-stats-twofeats.cc:140) Average like for this file is -38.7801 over 143 frames.
LOG (gmm-acc-stats-twofeats[5.5.863~1-813b7]:main():gmm-acc-stats-twofeats.cc:140) Average like for this file is -48.2075 over 181 frames.
LOG (gmm-acc-stats-twofeats[5.5.863~1-813b7]:main():gmm-acc-stats-twofeats.cc:146) Avg like per frame so far is -45.946
LOG (apply-cmvn[5.5.863~1-813b7]:main():apply-cmvn.cc:162) Applied cepstral mean normalization to 120 utterances, errors on 0
LOG (gmm-acc-stats-twofeats[5.5.863~1-813b7]:main():gmm-acc-stats-twofeats.cc:140) Average like for this file is -46.7313 over 314 frames.
LOG (gmm-acc-stats-twofeats[5.5.863~1-813b7]:main():gmm-acc-stats-twofeats.cc:140) Average like for this file is -48.5789 over 288 frames.
LOG (apply-cmvn[5.5.863~1-813b7]:main():apply-cmvn.cc:162) Applied cepstral mean normalization to 120 utterances, errors on 0
LOG (gmm-acc-stats-twofeats[5.5.863~1-813b7]:main():gmm-acc-stats-twofeats.cc:140) Average like for this file is -47.7585 over 333 frames.
LOG (gmm-acc-stats-twofeats[5.5.863~1-813b7]:main():gmm-acc-stats-twofeats.cc:140) Average like for this file is -44.4666 over 194 frames.
LOG (gmm-acc-stats-twofeats[5.5.863~1-813b7]:main():gmm-acc-stats-twofeats.cc:140) Average like for this file is -46.2142 over 483 frames.
LOG (gmm-acc-stats-twofeats[5.5.863~1-813b7]:main():gmm-acc-stats-twofeats.cc:140) Average like for this file is -50.2744 over 358 frames.
LOG (transform-feats[5.5.863~1-813b7]:main():transform-feats.cc:158) Overall average [pseudo-]logdet is -88.1809 over 37417 frames.
LOG (transform-feats[5.5.863~1-813b7]:main():transform-feats.cc:161) Applied transform to 120 utterances; 0 had errors.
LOG (gmm-acc-stats-twofeats[5.5.863~1-813b7]:main():gmm-acc-stats-twofeats.cc:140) Average like for this file is -50.6846 over 286 frames.
LOG (gmm-acc-stats-twofeats[5.5.863~1-813b7]:main():gmm-acc-stats-twofeats.cc:140) Average like for this file is -48.331 over 289 frames.
LOG (transform-feats[5.5.863~1-813b7]:main():transform-feats.cc:158) Overall average logdet is 3.1803 over 37417 frames.
LOG (transform-feats[5.5.863~1-813b7]:main():transform-feats.cc:161) Applied transform to 120 utterances; 0 had errors.
LOG (transform-feats[5.5.863~1-813b7]:main():transform-feats.cc:158) Overall average [pseudo-]logdet is -88.1809 over 37417 frames.
LOG (transform-feats[5.5.863~1-813b7]:main():transform-feats.cc:161) Applied transform to 120 utterances; 0 had errors.
LOG (gmm-acc-stats-twofeats[5.5.863~1-813b7]:main():gmm-acc-stats-twofeats.cc:140) Average like for this file is -48.9276 over 399 frames.
LOG (gmm-acc-stats-twofeats[5.5.863~1-813b7]:main():gmm-acc-stats-twofeats.cc:140) Average like for this file is -51.8554 over 258 frames.
LOG (gmm-acc-stats-twofeats[5.5.863~1-813b7]:main():gmm-acc-stats-twofeats.cc:146) Avg like per frame so far is -46.1534
LOG (gmm-acc-stats-twofeats[5.5.863~1-813b7]:main():gmm-acc-stats-twofeats.cc:150) Done 120 files, 0 with no posteriors, 0 with no second features, 0 with other errors.
LOG (gmm-acc-stats-twofeats[5.5.863~1-813b7]:main():gmm-acc-stats-twofeats.cc:155) Overall avg like per frame (Gaussian only) = -46.1534 over 37417 frames.
LOG (gmm-acc-stats-twofeats[5.5.863~1-813b7]:main():gmm-acc-stats-twofeats.cc:163) Written accs.
# Accounting: time=1 threads=1
# Ended (code 0) at Wed Jan  6 01:46:43 EST 2021, elapsed time 1 seconds
