# ali-to-post "ark:gunzip -c exp/tri3/ali.18.gz|" ark:- | weight-silence-post 0.0 1 exp/tri3/4.mdl ark:- ark:- | gmm-est-fmllr --fmllr-update-type=full --spk2utt=ark:data/train/split30/18/spk2utt exp/tri3/4.mdl "ark,s,cs:apply-cmvn  --utt2spk=ark:data/train/split30/18/utt2spk scp:data/train/split30/18/cmvn.scp scp:data/train/split30/18/feats.scp ark:- | splice-feats --left-context=3 --right-context=3 ark:- ark:- | transform-feats exp/tri2_ali/final.mat ark:- ark:- | transform-feats --utt2spk=ark:data/train/split30/18/utt2spk ark:exp/tri3/trans.18 ark:- ark:- |" ark:- ark:exp/tri3/tmp_trans.18 
# Started at Wed Jan  6 01:40:59 EST 2021
#
weight-silence-post 0.0 1 exp/tri3/4.mdl ark:- ark:- 
ali-to-post 'ark:gunzip -c exp/tri3/ali.18.gz|' ark:- 
gmm-est-fmllr --fmllr-update-type=full --spk2utt=ark:data/train/split30/18/spk2utt exp/tri3/4.mdl 'ark,s,cs:apply-cmvn  --utt2spk=ark:data/train/split30/18/utt2spk scp:data/train/split30/18/cmvn.scp scp:data/train/split30/18/feats.scp ark:- | splice-feats --left-context=3 --right-context=3 ark:- ark:- | transform-feats exp/tri2_ali/final.mat ark:- ark:- | transform-feats --utt2spk=ark:data/train/split30/18/utt2spk ark:exp/tri3/trans.18 ark:- ark:- |' ark:- ark:exp/tri3/tmp_trans.18 
transform-feats --utt2spk=ark:data/train/split30/18/utt2spk ark:exp/tri3/trans.18 ark:- ark:- 
apply-cmvn --utt2spk=ark:data/train/split30/18/utt2spk scp:data/train/split30/18/cmvn.scp scp:data/train/split30/18/feats.scp ark:- 
splice-feats --left-context=3 --right-context=3 ark:- ark:- 
transform-feats exp/tri2_ali/final.mat ark:- ark:- 
LOG (gmm-est-fmllr[5.5.863~1-813b7]:ComputeFmllrMatrixDiagGmmFull():fmllr-diag-gmm.cc:262) fMLLR objf improvement is 0.0412099 per frame over 2217 frames.
LOG (gmm-est-fmllr[5.5.863~1-813b7]:main():gmm-est-fmllr.cc:143) For speaker MJHI0, auxf-impr from fMLLR is 0.0412099, over 2217 frames.
LOG (gmm-est-fmllr[5.5.863~1-813b7]:ComputeFmllrMatrixDiagGmmFull():fmllr-diag-gmm.cc:262) fMLLR objf improvement is 0.050526 per frame over 2219 frames.
LOG (gmm-est-fmllr[5.5.863~1-813b7]:main():gmm-est-fmllr.cc:143) For speaker MJJB0, auxf-impr from fMLLR is 0.050526, over 2219 frames.
LOG (gmm-est-fmllr[5.5.863~1-813b7]:ComputeFmllrMatrixDiagGmmFull():fmllr-diag-gmm.cc:262) fMLLR objf improvement is 0.0491201 per frame over 2154 frames.
LOG (gmm-est-fmllr[5.5.863~1-813b7]:main():gmm-est-fmllr.cc:143) For speaker MJJJ0, auxf-impr from fMLLR is 0.0491201, over 2154 frames.
LOG (gmm-est-fmllr[5.5.863~1-813b7]:ComputeFmllrMatrixDiagGmmFull():fmllr-diag-gmm.cc:262) fMLLR objf improvement is 0.052633 per frame over 2042 frames.
LOG (gmm-est-fmllr[5.5.863~1-813b7]:main():gmm-est-fmllr.cc:143) For speaker MJJM0, auxf-impr from fMLLR is 0.052633, over 2042 frames.
LOG (gmm-est-fmllr[5.5.863~1-813b7]:ComputeFmllrMatrixDiagGmmFull():fmllr-diag-gmm.cc:262) fMLLR objf improvement is 0.0519739 per frame over 2255 frames.
LOG (gmm-est-fmllr[5.5.863~1-813b7]:main():gmm-est-fmllr.cc:143) For speaker MJKR0, auxf-impr from fMLLR is 0.0519739, over 2255 frames.
LOG (gmm-est-fmllr[5.5.863~1-813b7]:ComputeFmllrMatrixDiagGmmFull():fmllr-diag-gmm.cc:262) fMLLR objf improvement is 0.0466655 per frame over 2018 frames.
LOG (gmm-est-fmllr[5.5.863~1-813b7]:main():gmm-est-fmllr.cc:143) For speaker MJLB0, auxf-impr from fMLLR is 0.0466655, over 2018 frames.
LOG (gmm-est-fmllr[5.5.863~1-813b7]:ComputeFmllrMatrixDiagGmmFull():fmllr-diag-gmm.cc:262) fMLLR objf improvement is 0.0459807 per frame over 1922 frames.
LOG (gmm-est-fmllr[5.5.863~1-813b7]:main():gmm-est-fmllr.cc:143) For speaker MJLG1, auxf-impr from fMLLR is 0.0459807, over 1922 frames.
LOG (gmm-est-fmllr[5.5.863~1-813b7]:ComputeFmllrMatrixDiagGmmFull():fmllr-diag-gmm.cc:262) fMLLR objf improvement is 0.0490047 per frame over 2245 frames.
LOG (gmm-est-fmllr[5.5.863~1-813b7]:main():gmm-est-fmllr.cc:143) For speaker MJLS0, auxf-impr from fMLLR is 0.0490047, over 2245 frames.
LOG (gmm-est-fmllr[5.5.863~1-813b7]:ComputeFmllrMatrixDiagGmmFull():fmllr-diag-gmm.cc:262) fMLLR objf improvement is 0.0419983 per frame over 2073 frames.
LOG (gmm-est-fmllr[5.5.863~1-813b7]:main():gmm-est-fmllr.cc:143) For speaker MJMA0, auxf-impr from fMLLR is 0.0419983, over 2073 frames.
LOG (gmm-est-fmllr[5.5.863~1-813b7]:ComputeFmllrMatrixDiagGmmFull():fmllr-diag-gmm.cc:262) fMLLR objf improvement is 0.0434473 per frame over 1916 frames.
LOG (gmm-est-fmllr[5.5.863~1-813b7]:main():gmm-est-fmllr.cc:143) For speaker MJMD0, auxf-impr from fMLLR is 0.0434473, over 1916 frames.
LOG (gmm-est-fmllr[5.5.863~1-813b7]:ComputeFmllrMatrixDiagGmmFull():fmllr-diag-gmm.cc:262) fMLLR objf improvement is 0.0429974 per frame over 2008 frames.
LOG (gmm-est-fmllr[5.5.863~1-813b7]:main():gmm-est-fmllr.cc:143) For speaker MJMM0, auxf-impr from fMLLR is 0.0429974, over 2008 frames.
LOG (ali-to-post[5.5.863~1-813b7]:main():ali-to-post.cc:73) Converted 120 alignments.
LOG (gmm-est-fmllr[5.5.863~1-813b7]:ComputeFmllrMatrixDiagGmmFull():fmllr-diag-gmm.cc:262) fMLLR objf improvement is 0.0473097 per frame over 1806 frames.
LOG (gmm-est-fmllr[5.5.863~1-813b7]:main():gmm-est-fmllr.cc:143) For speaker MJPG0, auxf-impr from fMLLR is 0.0473097, over 1806 frames.
LOG (gmm-est-fmllr[5.5.863~1-813b7]:ComputeFmllrMatrixDiagGmmFull():fmllr-diag-gmm.cc:262) fMLLR objf improvement is 0.0413208 per frame over 2051 frames.
LOG (gmm-est-fmllr[5.5.863~1-813b7]:main():gmm-est-fmllr.cc:143) For speaker MJPM0, auxf-impr from fMLLR is 0.0413208, over 2051 frames.
LOG (weight-silence-post[5.5.863~1-813b7]:main():weight-silence-post.cc:95) Done 120 posteriors.
LOG (apply-cmvn[5.5.863~1-813b7]:main():apply-cmvn.cc:162) Applied cepstral mean normalization to 120 utterances, errors on 0
LOG (gmm-est-fmllr[5.5.863~1-813b7]:ComputeFmllrMatrixDiagGmmFull():fmllr-diag-gmm.cc:262) fMLLR objf improvement is 0.0385086 per frame over 2165 frames.
LOG (gmm-est-fmllr[5.5.863~1-813b7]:main():gmm-est-fmllr.cc:143) For speaker MJPM1, auxf-impr from fMLLR is 0.0385086, over 2165 frames.
LOG (transform-feats[5.5.863~1-813b7]:main():transform-feats.cc:158) Overall average [pseudo-]logdet is -88.1809 over 35352 frames.
LOG (transform-feats[5.5.863~1-813b7]:main():transform-feats.cc:161) Applied transform to 120 utterances; 0 had errors.
LOG (transform-feats[5.5.863~1-813b7]:main():transform-feats.cc:158) Overall average logdet is 1.91608 over 35352 frames.
LOG (transform-feats[5.5.863~1-813b7]:main():transform-feats.cc:161) Applied transform to 120 utterances; 0 had errors.
LOG (gmm-est-fmllr[5.5.863~1-813b7]:ComputeFmllrMatrixDiagGmmFull():fmllr-diag-gmm.cc:262) fMLLR objf improvement is 0.0411048 per frame over 2125 frames.
LOG (gmm-est-fmllr[5.5.863~1-813b7]:main():gmm-est-fmllr.cc:143) For speaker MJRA0, auxf-impr from fMLLR is 0.0411048, over 2125 frames.
LOG (gmm-est-fmllr[5.5.863~1-813b7]:main():gmm-est-fmllr.cc:188) Done 120 files, 0 with no posts, 0 with other errors.
LOG (gmm-est-fmllr[5.5.863~1-813b7]:main():gmm-est-fmllr.cc:190) Overall fMLLR auxf impr per frame is 0.0456202 over 31216 frames.
# Accounting: time=4 threads=1
# Ended (code 0) at Wed Jan  6 01:41:03 EST 2021, elapsed time 4 seconds
