# ali-to-post "ark:gunzip -c exp/tri3/ali.14.gz|" ark:- | weight-silence-post 0.0 1 exp/tri3/6.mdl ark:- ark:- | gmm-est-fmllr --fmllr-update-type=full --spk2utt=ark:data/train/split30/14/spk2utt exp/tri3/6.mdl "ark,s,cs:apply-cmvn  --utt2spk=ark:data/train/split30/14/utt2spk scp:data/train/split30/14/cmvn.scp scp:data/train/split30/14/feats.scp ark:- | splice-feats --left-context=3 --right-context=3 ark:- ark:- | transform-feats exp/tri2_ali/final.mat ark:- ark:- | transform-feats --utt2spk=ark:data/train/split30/14/utt2spk ark:exp/tri3/trans.14 ark:- ark:- |" ark:- ark:exp/tri3/tmp_trans.14 
# Started at Wed Jan  6 01:41:39 EST 2021
#
ali-to-post 'ark:gunzip -c exp/tri3/ali.14.gz|' ark:- 
gmm-est-fmllr --fmllr-update-type=full --spk2utt=ark:data/train/split30/14/spk2utt exp/tri3/6.mdl 'ark,s,cs:apply-cmvn  --utt2spk=ark:data/train/split30/14/utt2spk scp:data/train/split30/14/cmvn.scp scp:data/train/split30/14/feats.scp ark:- | splice-feats --left-context=3 --right-context=3 ark:- ark:- | transform-feats exp/tri2_ali/final.mat ark:- ark:- | transform-feats --utt2spk=ark:data/train/split30/14/utt2spk ark:exp/tri3/trans.14 ark:- ark:- |' ark:- ark:exp/tri3/tmp_trans.14 
weight-silence-post 0.0 1 exp/tri3/6.mdl ark:- ark:- 
splice-feats --left-context=3 --right-context=3 ark:- ark:- 
transform-feats --utt2spk=ark:data/train/split30/14/utt2spk ark:exp/tri3/trans.14 ark:- ark:- 
transform-feats exp/tri2_ali/final.mat ark:- ark:- 
apply-cmvn --utt2spk=ark:data/train/split30/14/utt2spk scp:data/train/split30/14/cmvn.scp scp:data/train/split30/14/feats.scp ark:- 
LOG (gmm-est-fmllr[5.5.863~1-813b7]:ComputeFmllrMatrixDiagGmmFull():fmllr-diag-gmm.cc:262) fMLLR objf improvement is 0.0748455 per frame over 1985 frames.
LOG (gmm-est-fmllr[5.5.863~1-813b7]:main():gmm-est-fmllr.cc:143) For speaker MDMT0, auxf-impr from fMLLR is 0.0748455, over 1985 frames.
LOG (gmm-est-fmllr[5.5.863~1-813b7]:ComputeFmllrMatrixDiagGmmFull():fmllr-diag-gmm.cc:262) fMLLR objf improvement is 0.0695679 per frame over 2214 frames.
LOG (gmm-est-fmllr[5.5.863~1-813b7]:main():gmm-est-fmllr.cc:143) For speaker MDNS0, auxf-impr from fMLLR is 0.0695679, over 2214 frames.
LOG (gmm-est-fmllr[5.5.863~1-813b7]:ComputeFmllrMatrixDiagGmmFull():fmllr-diag-gmm.cc:262) fMLLR objf improvement is 0.0709258 per frame over 2274 frames.
LOG (gmm-est-fmllr[5.5.863~1-813b7]:main():gmm-est-fmllr.cc:143) For speaker MDPB0, auxf-impr from fMLLR is 0.0709257, over 2274 frames.
LOG (gmm-est-fmllr[5.5.863~1-813b7]:ComputeFmllrMatrixDiagGmmFull():fmllr-diag-gmm.cc:262) fMLLR objf improvement is 0.065249 per frame over 1843 frames.
LOG (gmm-est-fmllr[5.5.863~1-813b7]:main():gmm-est-fmllr.cc:143) For speaker MDPK0, auxf-impr from fMLLR is 0.065249, over 1843 frames.
LOG (gmm-est-fmllr[5.5.863~1-813b7]:ComputeFmllrMatrixDiagGmmFull():fmllr-diag-gmm.cc:262) fMLLR objf improvement is 0.0774569 per frame over 2017 frames.
LOG (gmm-est-fmllr[5.5.863~1-813b7]:main():gmm-est-fmllr.cc:143) For speaker MDPS0, auxf-impr from fMLLR is 0.0774569, over 2017 frames.
LOG (gmm-est-fmllr[5.5.863~1-813b7]:ComputeFmllrMatrixDiagGmmFull():fmllr-diag-gmm.cc:262) fMLLR objf improvement is 0.0738921 per frame over 2535 frames.
LOG (gmm-est-fmllr[5.5.863~1-813b7]:main():gmm-est-fmllr.cc:143) For speaker MDRD0, auxf-impr from fMLLR is 0.0738921, over 2535 frames.
LOG (gmm-est-fmllr[5.5.863~1-813b7]:ComputeFmllrMatrixDiagGmmFull():fmllr-diag-gmm.cc:262) fMLLR objf improvement is 0.0736181 per frame over 2250 frames.
LOG (gmm-est-fmllr[5.5.863~1-813b7]:main():gmm-est-fmllr.cc:143) For speaker MDSJ0, auxf-impr from fMLLR is 0.0736181, over 2250 frames.
LOG (gmm-est-fmllr[5.5.863~1-813b7]:ComputeFmllrMatrixDiagGmmFull():fmllr-diag-gmm.cc:262) fMLLR objf improvement is 0.0760791 per frame over 1705 frames.
LOG (gmm-est-fmllr[5.5.863~1-813b7]:main():gmm-est-fmllr.cc:143) For speaker MDSS0, auxf-impr from fMLLR is 0.0760791, over 1705 frames.
LOG (gmm-est-fmllr[5.5.863~1-813b7]:ComputeFmllrMatrixDiagGmmFull():fmllr-diag-gmm.cc:262) fMLLR objf improvement is 0.0734539 per frame over 2002 frames.
LOG (gmm-est-fmllr[5.5.863~1-813b7]:main():gmm-est-fmllr.cc:143) For speaker MDSS1, auxf-impr from fMLLR is 0.0734539, over 2002 frames.
LOG (gmm-est-fmllr[5.5.863~1-813b7]:ComputeFmllrMatrixDiagGmmFull():fmllr-diag-gmm.cc:262) fMLLR objf improvement is 0.0810985 per frame over 1895 frames.
LOG (gmm-est-fmllr[5.5.863~1-813b7]:main():gmm-est-fmllr.cc:143) For speaker MDTB0, auxf-impr from fMLLR is 0.0810985, over 1895 frames.
LOG (gmm-est-fmllr[5.5.863~1-813b7]:ComputeFmllrMatrixDiagGmmFull():fmllr-diag-gmm.cc:262) fMLLR objf improvement is 0.074232 per frame over 2060 frames.
LOG (gmm-est-fmllr[5.5.863~1-813b7]:main():gmm-est-fmllr.cc:143) For speaker MDWD0, auxf-impr from fMLLR is 0.074232, over 2060 frames.
LOG (gmm-est-fmllr[5.5.863~1-813b7]:ComputeFmllrMatrixDiagGmmFull():fmllr-diag-gmm.cc:262) fMLLR objf improvement is 0.0687733 per frame over 2619 frames.
LOG (gmm-est-fmllr[5.5.863~1-813b7]:main():gmm-est-fmllr.cc:143) For speaker MDWH0, auxf-impr from fMLLR is 0.0687733, over 2619 frames.
LOG (ali-to-post[5.5.863~1-813b7]:main():ali-to-post.cc:73) Converted 128 alignments.
LOG (gmm-est-fmllr[5.5.863~1-813b7]:ComputeFmllrMatrixDiagGmmFull():fmllr-diag-gmm.cc:262) fMLLR objf improvement is 0.061317 per frame over 2181 frames.
LOG (gmm-est-fmllr[5.5.863~1-813b7]:main():gmm-est-fmllr.cc:143) For speaker MDWM0, auxf-impr from fMLLR is 0.061317, over 2181 frames.
LOG (gmm-est-fmllr[5.5.863~1-813b7]:ComputeFmllrMatrixDiagGmmFull():fmllr-diag-gmm.cc:262) fMLLR objf improvement is 0.0997915 per frame over 1662 frames.
LOG (gmm-est-fmllr[5.5.863~1-813b7]:main():gmm-est-fmllr.cc:143) For speaker MEAL0, auxf-impr from fMLLR is 0.0997915, over 1662 frames.
LOG (weight-silence-post[5.5.863~1-813b7]:main():weight-silence-post.cc:95) Done 128 posteriors.
LOG (apply-cmvn[5.5.863~1-813b7]:main():apply-cmvn.cc:162) Applied cepstral mean normalization to 128 utterances, errors on 0
LOG (gmm-est-fmllr[5.5.863~1-813b7]:ComputeFmllrMatrixDiagGmmFull():fmllr-diag-gmm.cc:262) fMLLR objf improvement is 0.0935181 per frame over 1861 frames.
LOG (gmm-est-fmllr[5.5.863~1-813b7]:main():gmm-est-fmllr.cc:143) For speaker MEDR0, auxf-impr from fMLLR is 0.0935181, over 1861 frames.
LOG (transform-feats[5.5.863~1-813b7]:main():transform-feats.cc:158) Overall average [pseudo-]logdet is -88.1809 over 36825 frames.
LOG (transform-feats[5.5.863~1-813b7]:main():transform-feats.cc:161) Applied transform to 128 utterances; 0 had errors.
LOG (transform-feats[5.5.863~1-813b7]:main():transform-feats.cc:158) Overall average logdet is 2.55238 over 36825 frames.
LOG (transform-feats[5.5.863~1-813b7]:main():transform-feats.cc:161) Applied transform to 128 utterances; 0 had errors.
LOG (gmm-est-fmllr[5.5.863~1-813b7]:ComputeFmllrMatrixDiagGmmFull():fmllr-diag-gmm.cc:262) fMLLR objf improvement is 0.0727883 per frame over 2354 frames.
LOG (gmm-est-fmllr[5.5.863~1-813b7]:main():gmm-est-fmllr.cc:143) For speaker MEFG0, auxf-impr from fMLLR is 0.0727883, over 2354 frames.
LOG (gmm-est-fmllr[5.5.863~1-813b7]:main():gmm-est-fmllr.cc:188) Done 128 files, 0 with no posts, 0 with other errors.
LOG (gmm-est-fmllr[5.5.863~1-813b7]:main():gmm-est-fmllr.cc:190) Overall fMLLR auxf impr per frame is 0.0747757 over 33457 frames.
# Accounting: time=4 threads=1
# Ended (code 0) at Wed Jan  6 01:41:43 EST 2021, elapsed time 4 seconds
