# gmm-est --power=0.2 --write-occs=exp/tri3/23.occs --mix-up=13000 exp/tri3/22.mdl "gmm-sum-accs - exp/tri3/22.*.acc |" exp/tri3/23.mdl 
# Started at Wed Jan  6 01:44:51 EST 2021
#
gmm-est --power=0.2 --write-occs=exp/tri3/23.occs --mix-up=13000 exp/tri3/22.mdl 'gmm-sum-accs - exp/tri3/22.*.acc |' exp/tri3/23.mdl 
gmm-sum-accs - exp/tri3/22.1.acc exp/tri3/22.10.acc exp/tri3/22.11.acc exp/tri3/22.12.acc exp/tri3/22.13.acc exp/tri3/22.14.acc exp/tri3/22.15.acc exp/tri3/22.16.acc exp/tri3/22.17.acc exp/tri3/22.18.acc exp/tri3/22.19.acc exp/tri3/22.2.acc exp/tri3/22.20.acc exp/tri3/22.21.acc exp/tri3/22.22.acc exp/tri3/22.23.acc exp/tri3/22.24.acc exp/tri3/22.25.acc exp/tri3/22.26.acc exp/tri3/22.27.acc exp/tri3/22.28.acc exp/tri3/22.29.acc exp/tri3/22.3.acc exp/tri3/22.30.acc exp/tri3/22.4.acc exp/tri3/22.5.acc exp/tri3/22.6.acc exp/tri3/22.7.acc exp/tri3/22.8.acc exp/tri3/22.9.acc 
LOG (gmm-sum-accs[5.5.863~1-813b7]:main():gmm-sum-accs.cc:63) Summed 30 stats, total count 1.12578e+06, avg like/frame -47.1039
LOG (gmm-sum-accs[5.5.863~1-813b7]:main():gmm-sum-accs.cc:66) Total count of stats is 1.12578e+06
LOG (gmm-sum-accs[5.5.863~1-813b7]:main():gmm-sum-accs.cc:67) Written stats to -
LOG (gmm-est[5.5.863~1-813b7]:MleUpdate():transition-model.cc:528) TransitionModel::Update, objf change is 0 per frame over 1.12578e+06 frames. 
LOG (gmm-est[5.5.863~1-813b7]:MleUpdate():transition-model.cc:531) 49 probabilities floored, 1 out of 1996 transition-states skipped due to insuffient data (it is normal to have some skipped.)
LOG (gmm-est[5.5.863~1-813b7]:main():gmm-est.cc:102) Transition model update: Overall 0 log-like improvement per frame over 1.12578e+06 frames.
WARNING (gmm-est[5.5.863~1-813b7]:MleDiagGmmUpdate():mle-diag-gmm.cc:359) Too little data - removing Gaussian (weight 0.072908, occupation count 9.259325, vector size 40)
LOG (gmm-est[5.5.863~1-813b7]:MleAmDiagGmmUpdate():mle-am-diag-gmm.cc:225) 0 variance elements floored in 0 Gaussians, out of 12499
LOG (gmm-est[5.5.863~1-813b7]:MleAmDiagGmmUpdate():mle-am-diag-gmm.cc:229) Removed 1 Gaussians due to counts < --min-gaussian-occupancy=10 and --remove-low-count-gaussians=true
LOG (gmm-est[5.5.863~1-813b7]:main():gmm-est.cc:113) GMM update: Overall 0.043684 objective function improvement per frame over 1.12578e+06 frames
LOG (gmm-est[5.5.863~1-813b7]:main():gmm-est.cc:116) GMM update: Overall avg like per frame = -47.1039 over 1.12578e+06 frames.
LOG (gmm-est[5.5.863~1-813b7]:SplitByCount():am-diag-gmm.cc:116) Split 1912 states with target = 13000, power = 0.2, perturb_factor = 0.01 and min_count = 20, split #Gauss from 12499 to 13000
LOG (gmm-est[5.5.863~1-813b7]:main():gmm-est.cc:146) Written model to exp/tri3/23.mdl
# Accounting: time=3 threads=1
# Ended (code 0) at Wed Jan  6 01:44:54 EST 2021, elapsed time 3 seconds
