# gmm-est --mix-up=13000 --power=0.25 --write-occs=exp/tri1/23.occs exp/tri1/22.mdl "gmm-sum-accs - exp/tri1/22.*.acc |" exp/tri1/23.mdl 
# Started at Tue Jan  5 16:58:41 EST 2021
#
gmm-est --mix-up=13000 --power=0.25 --write-occs=exp/tri1/23.occs exp/tri1/22.mdl 'gmm-sum-accs - exp/tri1/22.*.acc |' exp/tri1/23.mdl 
gmm-sum-accs - exp/tri1/22.1.acc exp/tri1/22.10.acc exp/tri1/22.11.acc exp/tri1/22.12.acc exp/tri1/22.13.acc exp/tri1/22.14.acc exp/tri1/22.15.acc exp/tri1/22.16.acc exp/tri1/22.17.acc exp/tri1/22.18.acc exp/tri1/22.19.acc exp/tri1/22.2.acc exp/tri1/22.20.acc exp/tri1/22.21.acc exp/tri1/22.22.acc exp/tri1/22.23.acc exp/tri1/22.24.acc exp/tri1/22.25.acc exp/tri1/22.26.acc exp/tri1/22.27.acc exp/tri1/22.28.acc exp/tri1/22.29.acc exp/tri1/22.3.acc exp/tri1/22.30.acc exp/tri1/22.4.acc exp/tri1/22.5.acc exp/tri1/22.6.acc exp/tri1/22.7.acc exp/tri1/22.8.acc exp/tri1/22.9.acc 
LOG (gmm-sum-accs[5.5.863~1-813b7]:main():gmm-sum-accs.cc:63) Summed 30 stats, total count 1.1274e+06, avg like/frame -95.4275
LOG (gmm-sum-accs[5.5.863~1-813b7]:main():gmm-sum-accs.cc:66) Total count of stats is 1.1274e+06
LOG (gmm-sum-accs[5.5.863~1-813b7]:main():gmm-sum-accs.cc:67) Written stats to -
LOG (gmm-est[5.5.863~1-813b7]:MleUpdate():transition-model.cc:528) TransitionModel::Update, objf change is 0 per frame over 1.1274e+06 frames. 
LOG (gmm-est[5.5.863~1-813b7]:MleUpdate():transition-model.cc:531) 25 probabilities floored, 0 out of 1894 transition-states skipped due to insuffient data (it is normal to have some skipped.)
LOG (gmm-est[5.5.863~1-813b7]:main():gmm-est.cc:102) Transition model update: Overall 0 log-like improvement per frame over 1.1274e+06 frames.
WARNING (gmm-est[5.5.863~1-813b7]:MleDiagGmmUpdate():mle-diag-gmm.cc:359) Too little data - removing Gaussian (weight 0.067963, occupation count 9.310926, vector size 39)
WARNING (gmm-est[5.5.863~1-813b7]:MleDiagGmmUpdate():mle-diag-gmm.cc:359) Too little data - removing Gaussian (weight 0.084815, occupation count 9.753718, vector size 39)
LOG (gmm-est[5.5.863~1-813b7]:MleAmDiagGmmUpdate():mle-am-diag-gmm.cc:225) 0 variance elements floored in 0 Gaussians, out of 12498
LOG (gmm-est[5.5.863~1-813b7]:MleAmDiagGmmUpdate():mle-am-diag-gmm.cc:229) Removed 2 Gaussians due to counts < --min-gaussian-occupancy=10 and --remove-low-count-gaussians=true
LOG (gmm-est[5.5.863~1-813b7]:main():gmm-est.cc:113) GMM update: Overall 0.0511054 objective function improvement per frame over 1.1274e+06 frames
LOG (gmm-est[5.5.863~1-813b7]:main():gmm-est.cc:116) GMM update: Overall avg like per frame = -95.4275 over 1.1274e+06 frames.
LOG (gmm-est[5.5.863~1-813b7]:SplitByCount():am-diag-gmm.cc:116) Split 1856 states with target = 13000, power = 0.25, perturb_factor = 0.01 and min_count = 20, split #Gauss from 12498 to 13000
LOG (gmm-est[5.5.863~1-813b7]:main():gmm-est.cc:146) Written model to exp/tri1/23.mdl
# Accounting: time=3 threads=1
# Ended (code 0) at Tue Jan  5 16:58:44 EST 2021, elapsed time 3 seconds
