# gmm-acc-stats-ali exp/tri3/6.mdl "ark,s,cs:apply-cmvn  --utt2spk=ark:data/train/split30/29/utt2spk scp:data/train/split30/29/cmvn.scp scp:data/train/split30/29/feats.scp ark:- | splice-feats --left-context=3 --right-context=3 ark:- ark:- | transform-feats exp/tri2_ali/final.mat ark:- ark:- | transform-feats --utt2spk=ark:data/train/split30/29/utt2spk ark:exp/tri3/trans.29 ark:- ark:- |" "ark,s,cs:gunzip -c exp/tri3/ali.29.gz|" exp/tri3/6.29.acc 
# Started at Tue Jan  5 21:29:46 EST 2021
#
gmm-acc-stats-ali exp/tri3/6.mdl 'ark,s,cs:apply-cmvn  --utt2spk=ark:data/train/split30/29/utt2spk scp:data/train/split30/29/cmvn.scp scp:data/train/split30/29/feats.scp ark:- | splice-feats --left-context=3 --right-context=3 ark:- ark:- | transform-feats exp/tri2_ali/final.mat ark:- ark:- | transform-feats --utt2spk=ark:data/train/split30/29/utt2spk ark:exp/tri3/trans.29 ark:- ark:- |' 'ark,s,cs:gunzip -c exp/tri3/ali.29.gz|' exp/tri3/6.29.acc 
apply-cmvn --utt2spk=ark:data/train/split30/29/utt2spk scp:data/train/split30/29/cmvn.scp scp:data/train/split30/29/feats.scp ark:- 
transform-feats exp/tri2_ali/final.mat ark:- ark:- 
transform-feats --utt2spk=ark:data/train/split30/29/utt2spk ark:exp/tri3/trans.29 ark:- ark:- 
splice-feats --left-context=3 --right-context=3 ark:- ark:- 
LOG (gmm-acc-stats-ali[5.5.863~1-813b7]:main():gmm-acc-stats-ali.cc:105) Processed 50 utterances; for utterance MTPG0_SI2013 avg. like is -49.5963 over 197 frames.
LOG (gmm-acc-stats-ali[5.5.863~1-813b7]:main():gmm-acc-stats-ali.cc:105) Processed 100 utterances; for utterance MTRT0_SX147 avg. like is -53.7558 over 289 frames.
LOG (apply-cmvn[5.5.863~1-813b7]:main():apply-cmvn.cc:162) Applied cepstral mean normalization to 120 utterances, errors on 0
LOG (transform-feats[5.5.863~1-813b7]:main():transform-feats.cc:158) Overall average [pseudo-]logdet is -88.0273 over 36474 frames.
LOG (transform-feats[5.5.863~1-813b7]:main():transform-feats.cc:161) Applied transform to 120 utterances; 0 had errors.
LOG (transform-feats[5.5.863~1-813b7]:main():transform-feats.cc:158) Overall average logdet is 3.80492 over 36474 frames.
LOG (transform-feats[5.5.863~1-813b7]:main():transform-feats.cc:161) Applied transform to 120 utterances; 0 had errors.
LOG (gmm-acc-stats-ali[5.5.863~1-813b7]:main():gmm-acc-stats-ali.cc:112) Done 120 files, 0 with errors.
LOG (gmm-acc-stats-ali[5.5.863~1-813b7]:main():gmm-acc-stats-ali.cc:115) Overall avg like per frame (Gaussian only) = -50.4905 over 36474 frames.
LOG (gmm-acc-stats-ali[5.5.863~1-813b7]:main():gmm-acc-stats-ali.cc:123) Written accs.
# Accounting: time=0 threads=1
# Ended (code 0) at Tue Jan  5 21:29:46 EST 2021, elapsed time 0 seconds
