# ali-to-post "ark:gunzip -c exp/tri3/ali.15.gz|" ark:- | gmm-acc-stats-twofeats exp/tri3/35.mdl "ark,s,cs:apply-cmvn  --utt2spk=ark:data/train/split30/15/utt2spk scp:data/train/split30/15/cmvn.scp scp:data/train/split30/15/feats.scp ark:- | splice-feats --left-context=3 --right-context=3 ark:- ark:- | transform-feats exp/tri2_ali/final.mat ark:- ark:- | transform-feats --utt2spk=ark:data/train/split30/15/utt2spk ark:exp/tri3/trans.15 ark:- ark:- |" "ark,s,cs:apply-cmvn  --utt2spk=ark:data/train/split30/15/utt2spk scp:data/train/split30/15/cmvn.scp scp:data/train/split30/15/feats.scp ark:- | splice-feats --left-context=3 --right-context=3 ark:- ark:- | transform-feats exp/tri2_ali/final.mat ark:- ark:- |" ark,s,cs:- exp/tri3/35.15.acc 
# Started at Tue Jan  5 21:34:37 EST 2021
#
gmm-acc-stats-twofeats exp/tri3/35.mdl 'ark,s,cs:apply-cmvn  --utt2spk=ark:data/train/split30/15/utt2spk scp:data/train/split30/15/cmvn.scp scp:data/train/split30/15/feats.scp ark:- | splice-feats --left-context=3 --right-context=3 ark:- ark:- | transform-feats exp/tri2_ali/final.mat ark:- ark:- | transform-feats --utt2spk=ark:data/train/split30/15/utt2spk ark:exp/tri3/trans.15 ark:- ark:- |' 'ark,s,cs:apply-cmvn  --utt2spk=ark:data/train/split30/15/utt2spk scp:data/train/split30/15/cmvn.scp scp:data/train/split30/15/feats.scp ark:- | splice-feats --left-context=3 --right-context=3 ark:- ark:- | transform-feats exp/tri2_ali/final.mat ark:- ark:- |' ark,s,cs:- exp/tri3/35.15.acc 
ali-to-post 'ark:gunzip -c exp/tri3/ali.15.gz|' ark:- 
transform-feats --utt2spk=ark:data/train/split30/15/utt2spk ark:exp/tri3/trans.15 ark:- ark:- 
apply-cmvn --utt2spk=ark:data/train/split30/15/utt2spk scp:data/train/split30/15/cmvn.scp scp:data/train/split30/15/feats.scp ark:- 
transform-feats exp/tri2_ali/final.mat ark:- ark:- 
splice-feats --left-context=3 --right-context=3 ark:- ark:- 
transform-feats exp/tri2_ali/final.mat ark:- ark:- 
apply-cmvn --utt2spk=ark:data/train/split30/15/utt2spk scp:data/train/split30/15/cmvn.scp scp:data/train/split30/15/feats.scp ark:- 
splice-feats --left-context=3 --right-context=3 ark:- ark:- 
LOG (gmm-acc-stats-twofeats[5.5.863~1-813b7]:main():gmm-acc-stats-twofeats.cc:140) Average like for this file is -49.8236 over 612 frames.
LOG (gmm-acc-stats-twofeats[5.5.863~1-813b7]:main():gmm-acc-stats-twofeats.cc:140) Average like for this file is -53.1706 over 133 frames.
LOG (gmm-acc-stats-twofeats[5.5.863~1-813b7]:main():gmm-acc-stats-twofeats.cc:140) Average like for this file is -47.1586 over 415 frames.
LOG (gmm-acc-stats-twofeats[5.5.863~1-813b7]:main():gmm-acc-stats-twofeats.cc:140) Average like for this file is -46.1283 over 481 frames.
LOG (gmm-acc-stats-twofeats[5.5.863~1-813b7]:main():gmm-acc-stats-twofeats.cc:140) Average like for this file is -45.1656 over 193 frames.
LOG (gmm-acc-stats-twofeats[5.5.863~1-813b7]:main():gmm-acc-stats-twofeats.cc:140) Average like for this file is -45.2345 over 173 frames.
LOG (gmm-acc-stats-twofeats[5.5.863~1-813b7]:main():gmm-acc-stats-twofeats.cc:140) Average like for this file is -46.75 over 386 frames.
LOG (gmm-acc-stats-twofeats[5.5.863~1-813b7]:main():gmm-acc-stats-twofeats.cc:140) Average like for this file is -48.5021 over 327 frames.
LOG (gmm-acc-stats-twofeats[5.5.863~1-813b7]:main():gmm-acc-stats-twofeats.cc:140) Average like for this file is -49.6518 over 248 frames.
LOG (gmm-acc-stats-twofeats[5.5.863~1-813b7]:main():gmm-acc-stats-twofeats.cc:140) Average like for this file is -47.6586 over 192 frames.
LOG (gmm-acc-stats-twofeats[5.5.863~1-813b7]:main():gmm-acc-stats-twofeats.cc:146) Avg like per frame so far is -47.859
LOG (gmm-acc-stats-twofeats[5.5.863~1-813b7]:main():gmm-acc-stats-twofeats.cc:140) Average like for this file is -50.0838 over 288 frames.
LOG (gmm-acc-stats-twofeats[5.5.863~1-813b7]:main():gmm-acc-stats-twofeats.cc:140) Average like for this file is -46.4349 over 250 frames.
LOG (gmm-acc-stats-twofeats[5.5.863~1-813b7]:main():gmm-acc-stats-twofeats.cc:140) Average like for this file is -41.0375 over 271 frames.
LOG (gmm-acc-stats-twofeats[5.5.863~1-813b7]:main():gmm-acc-stats-twofeats.cc:140) Average like for this file is -45.7215 over 295 frames.
LOG (gmm-acc-stats-twofeats[5.5.863~1-813b7]:main():gmm-acc-stats-twofeats.cc:140) Average like for this file is -47.8538 over 301 frames.
LOG (gmm-acc-stats-twofeats[5.5.863~1-813b7]:main():gmm-acc-stats-twofeats.cc:140) Average like for this file is -50.7116 over 269 frames.
LOG (gmm-acc-stats-twofeats[5.5.863~1-813b7]:main():gmm-acc-stats-twofeats.cc:140) Average like for this file is -46.5589 over 426 frames.
LOG (gmm-acc-stats-twofeats[5.5.863~1-813b7]:main():gmm-acc-stats-twofeats.cc:140) Average like for this file is -48.0846 over 229 frames.
LOG (gmm-acc-stats-twofeats[5.5.863~1-813b7]:main():gmm-acc-stats-twofeats.cc:140) Average like for this file is -46.8675 over 288 frames.
LOG (gmm-acc-stats-twofeats[5.5.863~1-813b7]:main():gmm-acc-stats-twofeats.cc:140) Average like for this file is -45.8363 over 386 frames.
LOG (gmm-acc-stats-twofeats[5.5.863~1-813b7]:main():gmm-acc-stats-twofeats.cc:146) Avg like per frame so far is -47.3727
LOG (gmm-acc-stats-twofeats[5.5.863~1-813b7]:main():gmm-acc-stats-twofeats.cc:140) Average like for this file is -43.4976 over 278 frames.
LOG (gmm-acc-stats-twofeats[5.5.863~1-813b7]:main():gmm-acc-stats-twofeats.cc:140) Average like for this file is -47.1401 over 263 frames.
LOG (gmm-acc-stats-twofeats[5.5.863~1-813b7]:main():gmm-acc-stats-twofeats.cc:140) Average like for this file is -45.5963 over 379 frames.
LOG (gmm-acc-stats-twofeats[5.5.863~1-813b7]:main():gmm-acc-stats-twofeats.cc:140) Average like for this file is -45.5613 over 90 frames.
LOG (gmm-acc-stats-twofeats[5.5.863~1-813b7]:main():gmm-acc-stats-twofeats.cc:140) Average like for this file is -48.2515 over 298 frames.
LOG (gmm-acc-stats-twofeats[5.5.863~1-813b7]:main():gmm-acc-stats-twofeats.cc:140) Average like for this file is -45.7033 over 193 frames.
LOG (gmm-acc-stats-twofeats[5.5.863~1-813b7]:main():gmm-acc-stats-twofeats.cc:140) Average like for this file is -44.4918 over 435 frames.
LOG (gmm-acc-stats-twofeats[5.5.863~1-813b7]:main():gmm-acc-stats-twofeats.cc:140) Average like for this file is -42.9292 over 322 frames.
LOG (gmm-acc-stats-twofeats[5.5.863~1-813b7]:main():gmm-acc-stats-twofeats.cc:140) Average like for this file is -48.5438 over 253 frames.
LOG (gmm-acc-stats-twofeats[5.5.863~1-813b7]:main():gmm-acc-stats-twofeats.cc:140) Average like for this file is -46.476 over 337 frames.
LOG (gmm-acc-stats-twofeats[5.5.863~1-813b7]:main():gmm-acc-stats-twofeats.cc:146) Avg like per frame so far is -46.8483
LOG (gmm-acc-stats-twofeats[5.5.863~1-813b7]:main():gmm-acc-stats-twofeats.cc:140) Average like for this file is -47.8176 over 397 frames.
LOG (gmm-acc-stats-twofeats[5.5.863~1-813b7]:main():gmm-acc-stats-twofeats.cc:140) Average like for this file is -45.0694 over 166 frames.
LOG (gmm-acc-stats-twofeats[5.5.863~1-813b7]:main():gmm-acc-stats-twofeats.cc:140) Average like for this file is -46.2689 over 463 frames.
LOG (gmm-acc-stats-twofeats[5.5.863~1-813b7]:main():gmm-acc-stats-twofeats.cc:140) Average like for this file is -49.0778 over 224 frames.
LOG (gmm-acc-stats-twofeats[5.5.863~1-813b7]:main():gmm-acc-stats-twofeats.cc:140) Average like for this file is -47.0769 over 362 frames.
LOG (gmm-acc-stats-twofeats[5.5.863~1-813b7]:main():gmm-acc-stats-twofeats.cc:140) Average like for this file is -44.2126 over 160 frames.
LOG (gmm-acc-stats-twofeats[5.5.863~1-813b7]:main():gmm-acc-stats-twofeats.cc:140) Average like for this file is -44.2364 over 224 frames.
LOG (gmm-acc-stats-twofeats[5.5.863~1-813b7]:main():gmm-acc-stats-twofeats.cc:140) Average like for this file is -46.3103 over 261 frames.
LOG (gmm-acc-stats-twofeats[5.5.863~1-813b7]:main():gmm-acc-stats-twofeats.cc:140) Average like for this file is -49.513 over 199 frames.
LOG (gmm-acc-stats-twofeats[5.5.863~1-813b7]:main():gmm-acc-stats-twofeats.cc:140) Average like for this file is -42.448 over 203 frames.
LOG (gmm-acc-stats-twofeats[5.5.863~1-813b7]:main():gmm-acc-stats-twofeats.cc:146) Avg like per frame so far is -46.7535
LOG (gmm-acc-stats-twofeats[5.5.863~1-813b7]:main():gmm-acc-stats-twofeats.cc:140) Average like for this file is -47.1393 over 230 frames.
LOG (gmm-acc-stats-twofeats[5.5.863~1-813b7]:main():gmm-acc-stats-twofeats.cc:140) Average like for this file is -47.2783 over 136 frames.
LOG (gmm-acc-stats-twofeats[5.5.863~1-813b7]:main():gmm-acc-stats-twofeats.cc:140) Average like for this file is -47.8672 over 296 frames.
LOG (gmm-acc-stats-twofeats[5.5.863~1-813b7]:main():gmm-acc-stats-twofeats.cc:140) Average like for this file is -46.8476 over 370 frames.
LOG (gmm-acc-stats-twofeats[5.5.863~1-813b7]:main():gmm-acc-stats-twofeats.cc:140) Average like for this file is -46.7732 over 283 frames.
LOG (gmm-acc-stats-twofeats[5.5.863~1-813b7]:main():gmm-acc-stats-twofeats.cc:140) Average like for this file is -42.115 over 241 frames.
LOG (gmm-acc-stats-twofeats[5.5.863~1-813b7]:main():gmm-acc-stats-twofeats.cc:140) Average like for this file is -50.749 over 203 frames.
LOG (gmm-acc-stats-twofeats[5.5.863~1-813b7]:main():gmm-acc-stats-twofeats.cc:140) Average like for this file is -47.3376 over 333 frames.
LOG (gmm-acc-stats-twofeats[5.5.863~1-813b7]:main():gmm-acc-stats-twofeats.cc:140) Average like for this file is -43.5257 over 163 frames.
LOG (gmm-acc-stats-twofeats[5.5.863~1-813b7]:main():gmm-acc-stats-twofeats.cc:140) Average like for this file is -45.1242 over 132 frames.
LOG (gmm-acc-stats-twofeats[5.5.863~1-813b7]:main():gmm-acc-stats-twofeats.cc:146) Avg like per frame so far is -46.7305
LOG (gmm-acc-stats-twofeats[5.5.863~1-813b7]:main():gmm-acc-stats-twofeats.cc:140) Average like for this file is -46.3485 over 388 frames.
LOG (gmm-acc-stats-twofeats[5.5.863~1-813b7]:main():gmm-acc-stats-twofeats.cc:140) Average like for this file is -47.0218 over 284 frames.
LOG (gmm-acc-stats-twofeats[5.5.863~1-813b7]:main():gmm-acc-stats-twofeats.cc:140) Average like for this file is -47.6499 over 337 frames.
LOG (gmm-acc-stats-twofeats[5.5.863~1-813b7]:main():gmm-acc-stats-twofeats.cc:140) Average like for this file is -45.2063 over 211 frames.
LOG (gmm-acc-stats-twofeats[5.5.863~1-813b7]:main():gmm-acc-stats-twofeats.cc:140) Average like for this file is -46.894 over 249 frames.
LOG (gmm-acc-stats-twofeats[5.5.863~1-813b7]:main():gmm-acc-stats-twofeats.cc:140) Average like for this file is -50.0982 over 231 frames.
LOG (gmm-acc-stats-twofeats[5.5.863~1-813b7]:main():gmm-acc-stats-twofeats.cc:140) Average like for this file is -42.5226 over 358 frames.
LOG (gmm-acc-stats-twofeats[5.5.863~1-813b7]:main():gmm-acc-stats-twofeats.cc:140) Average like for this file is -45.2474 over 297 frames.
LOG (gmm-acc-stats-twofeats[5.5.863~1-813b7]:main():gmm-acc-stats-twofeats.cc:140) Average like for this file is -45.8225 over 288 frames.
LOG (gmm-acc-stats-twofeats[5.5.863~1-813b7]:main():gmm-acc-stats-twofeats.cc:140) Average like for this file is -45.605 over 369 frames.
LOG (gmm-acc-stats-twofeats[5.5.863~1-813b7]:main():gmm-acc-stats-twofeats.cc:146) Avg like per frame so far is -46.6202
LOG (gmm-acc-stats-twofeats[5.5.863~1-813b7]:main():gmm-acc-stats-twofeats.cc:140) Average like for this file is -44.8912 over 374 frames.
LOG (gmm-acc-stats-twofeats[5.5.863~1-813b7]:main():gmm-acc-stats-twofeats.cc:140) Average like for this file is -47.058 over 258 frames.
LOG (gmm-acc-stats-twofeats[5.5.863~1-813b7]:main():gmm-acc-stats-twofeats.cc:140) Average like for this file is -46.7956 over 290 frames.
LOG (gmm-acc-stats-twofeats[5.5.863~1-813b7]:main():gmm-acc-stats-twofeats.cc:140) Average like for this file is -47.5192 over 324 frames.
LOG (gmm-acc-stats-twofeats[5.5.863~1-813b7]:main():gmm-acc-stats-twofeats.cc:140) Average like for this file is -49.6332 over 384 frames.
LOG (gmm-acc-stats-twofeats[5.5.863~1-813b7]:main():gmm-acc-stats-twofeats.cc:140) Average like for this file is -48.703 over 255 frames.
LOG (gmm-acc-stats-twofeats[5.5.863~1-813b7]:main():gmm-acc-stats-twofeats.cc:140) Average like for this file is -44.9904 over 277 frames.
LOG (gmm-acc-stats-twofeats[5.5.863~1-813b7]:main():gmm-acc-stats-twofeats.cc:140) Average like for this file is -48.759 over 280 frames.
LOG (gmm-acc-stats-twofeats[5.5.863~1-813b7]:main():gmm-acc-stats-twofeats.cc:140) Average like for this file is -44.9531 over 253 frames.
LOG (gmm-acc-stats-twofeats[5.5.863~1-813b7]:main():gmm-acc-stats-twofeats.cc:140) Average like for this file is -42.8742 over 255 frames.
LOG (gmm-acc-stats-twofeats[5.5.863~1-813b7]:main():gmm-acc-stats-twofeats.cc:146) Avg like per frame so far is -46.6336
LOG (gmm-acc-stats-twofeats[5.5.863~1-813b7]:main():gmm-acc-stats-twofeats.cc:140) Average like for this file is -49.0632 over 360 frames.
LOG (gmm-acc-stats-twofeats[5.5.863~1-813b7]:main():gmm-acc-stats-twofeats.cc:140) Average like for this file is -47.6031 over 233 frames.
LOG (gmm-acc-stats-twofeats[5.5.863~1-813b7]:main():gmm-acc-stats-twofeats.cc:140) Average like for this file is -45.6243 over 242 frames.
LOG (gmm-acc-stats-twofeats[5.5.863~1-813b7]:main():gmm-acc-stats-twofeats.cc:140) Average like for this file is -44.3585 over 244 frames.
LOG (gmm-acc-stats-twofeats[5.5.863~1-813b7]:main():gmm-acc-stats-twofeats.cc:140) Average like for this file is -46.0319 over 260 frames.
LOG (gmm-acc-stats-twofeats[5.5.863~1-813b7]:main():gmm-acc-stats-twofeats.cc:140) Average like for this file is -43.2776 over 282 frames.
LOG (gmm-acc-stats-twofeats[5.5.863~1-813b7]:main():gmm-acc-stats-twofeats.cc:140) Average like for this file is -44.6175 over 271 frames.
LOG (gmm-acc-stats-twofeats[5.5.863~1-813b7]:main():gmm-acc-stats-twofeats.cc:140) Average like for this file is -47.4999 over 422 frames.
LOG (gmm-acc-stats-twofeats[5.5.863~1-813b7]:main():gmm-acc-stats-twofeats.cc:140) Average like for this file is -42.9364 over 337 frames.
LOG (gmm-acc-stats-twofeats[5.5.863~1-813b7]:main():gmm-acc-stats-twofeats.cc:140) Average like for this file is -43.7592 over 271 frames.
LOG (gmm-acc-stats-twofeats[5.5.863~1-813b7]:main():gmm-acc-stats-twofeats.cc:146) Avg like per frame so far is -46.5025
LOG (gmm-acc-stats-twofeats[5.5.863~1-813b7]:main():gmm-acc-stats-twofeats.cc:140) Average like for this file is -48.5071 over 248 frames.
LOG (gmm-acc-stats-twofeats[5.5.863~1-813b7]:main():gmm-acc-stats-twofeats.cc:140) Average like for this file is -42.8506 over 160 frames.
LOG (gmm-acc-stats-twofeats[5.5.863~1-813b7]:main():gmm-acc-stats-twofeats.cc:140) Average like for this file is -47.0821 over 253 frames.
LOG (gmm-acc-stats-twofeats[5.5.863~1-813b7]:main():gmm-acc-stats-twofeats.cc:140) Average like for this file is -46.3764 over 265 frames.
LOG (gmm-acc-stats-twofeats[5.5.863~1-813b7]:main():gmm-acc-stats-twofeats.cc:140) Average like for this file is -45.4963 over 319 frames.
LOG (gmm-acc-stats-twofeats[5.5.863~1-813b7]:main():gmm-acc-stats-twofeats.cc:140) Average like for this file is -48.325 over 419 frames.
LOG (gmm-acc-stats-twofeats[5.5.863~1-813b7]:main():gmm-acc-stats-twofeats.cc:140) Average like for this file is -48.2249 over 306 frames.
LOG (gmm-acc-stats-twofeats[5.5.863~1-813b7]:main():gmm-acc-stats-twofeats.cc:140) Average like for this file is -47.2151 over 343 frames.
LOG (gmm-acc-stats-twofeats[5.5.863~1-813b7]:main():gmm-acc-stats-twofeats.cc:140) Average like for this file is -43.0482 over 408 frames.
LOG (gmm-acc-stats-twofeats[5.5.863~1-813b7]:main():gmm-acc-stats-twofeats.cc:140) Average like for this file is -45.8611 over 433 frames.
LOG (gmm-acc-stats-twofeats[5.5.863~1-813b7]:main():gmm-acc-stats-twofeats.cc:146) Avg like per frame so far is -46.4853
LOG (gmm-acc-stats-twofeats[5.5.863~1-813b7]:main():gmm-acc-stats-twofeats.cc:140) Average like for this file is -49.0674 over 205 frames.
LOG (gmm-acc-stats-twofeats[5.5.863~1-813b7]:main():gmm-acc-stats-twofeats.cc:140) Average like for this file is -46.9178 over 224 frames.
LOG (gmm-acc-stats-twofeats[5.5.863~1-813b7]:main():gmm-acc-stats-twofeats.cc:140) Average like for this file is -41.9493 over 243 frames.
LOG (gmm-acc-stats-twofeats[5.5.863~1-813b7]:main():gmm-acc-stats-twofeats.cc:140) Average like for this file is -43.3309 over 187 frames.
LOG (gmm-acc-stats-twofeats[5.5.863~1-813b7]:main():gmm-acc-stats-twofeats.cc:140) Average like for this file is -47.264 over 273 frames.
LOG (gmm-acc-stats-twofeats[5.5.863~1-813b7]:main():gmm-acc-stats-twofeats.cc:140) Average like for this file is -49.8698 over 315 frames.
LOG (gmm-acc-stats-twofeats[5.5.863~1-813b7]:main():gmm-acc-stats-twofeats.cc:140) Average like for this file is -43.3326 over 410 frames.
LOG (gmm-acc-stats-twofeats[5.5.863~1-813b7]:main():gmm-acc-stats-twofeats.cc:140) Average like for this file is -45.5352 over 376 frames.
LOG (gmm-acc-stats-twofeats[5.5.863~1-813b7]:main():gmm-acc-stats-twofeats.cc:140) Average like for this file is -47.0996 over 209 frames.
LOG (gmm-acc-stats-twofeats[5.5.863~1-813b7]:main():gmm-acc-stats-twofeats.cc:140) Average like for this file is -45.7924 over 239 frames.
LOG (gmm-acc-stats-twofeats[5.5.863~1-813b7]:main():gmm-acc-stats-twofeats.cc:146) Avg like per frame so far is -46.4341
LOG (gmm-acc-stats-twofeats[5.5.863~1-813b7]:main():gmm-acc-stats-twofeats.cc:140) Average like for this file is -45.7073 over 137 frames.
LOG (gmm-acc-stats-twofeats[5.5.863~1-813b7]:main():gmm-acc-stats-twofeats.cc:140) Average like for this file is -41.5497 over 181 frames.
LOG (gmm-acc-stats-twofeats[5.5.863~1-813b7]:main():gmm-acc-stats-twofeats.cc:140) Average like for this file is -49.2203 over 303 frames.
LOG (gmm-acc-stats-twofeats[5.5.863~1-813b7]:main():gmm-acc-stats-twofeats.cc:140) Average like for this file is -47.3223 over 266 frames.
LOG (gmm-acc-stats-twofeats[5.5.863~1-813b7]:main():gmm-acc-stats-twofeats.cc:140) Average like for this file is -48.7103 over 372 frames.
LOG (ali-to-post[5.5.863~1-813b7]:main():ali-to-post.cc:73) Converted 120 alignments.
LOG (gmm-acc-stats-twofeats[5.5.863~1-813b7]:main():gmm-acc-stats-twofeats.cc:140) Average like for this file is -46.8196 over 189 frames.
LOG (gmm-acc-stats-twofeats[5.5.863~1-813b7]:main():gmm-acc-stats-twofeats.cc:140) Average like for this file is -50.0908 over 401 frames.
LOG (gmm-acc-stats-twofeats[5.5.863~1-813b7]:main():gmm-acc-stats-twofeats.cc:140) Average like for this file is -47.3284 over 275 frames.
LOG (gmm-acc-stats-twofeats[5.5.863~1-813b7]:main():gmm-acc-stats-twofeats.cc:140) Average like for this file is -47.7303 over 214 frames.
LOG (gmm-acc-stats-twofeats[5.5.863~1-813b7]:main():gmm-acc-stats-twofeats.cc:140) Average like for this file is -46.054 over 235 frames.
LOG (gmm-acc-stats-twofeats[5.5.863~1-813b7]:main():gmm-acc-stats-twofeats.cc:146) Avg like per frame so far is -46.5272
LOG (apply-cmvn[5.5.863~1-813b7]:main():apply-cmvn.cc:162) Applied cepstral mean normalization to 120 utterances, errors on 0
LOG (gmm-acc-stats-twofeats[5.5.863~1-813b7]:main():gmm-acc-stats-twofeats.cc:140) Average like for this file is -43.7676 over 227 frames.
LOG (gmm-acc-stats-twofeats[5.5.863~1-813b7]:main():gmm-acc-stats-twofeats.cc:140) Average like for this file is -48.3878 over 271 frames.
LOG (apply-cmvn[5.5.863~1-813b7]:main():apply-cmvn.cc:162) Applied cepstral mean normalization to 120 utterances, errors on 0
LOG (gmm-acc-stats-twofeats[5.5.863~1-813b7]:main():gmm-acc-stats-twofeats.cc:140) Average like for this file is -45.662 over 454 frames.
LOG (gmm-acc-stats-twofeats[5.5.863~1-813b7]:main():gmm-acc-stats-twofeats.cc:140) Average like for this file is -44.7641 over 290 frames.
LOG (gmm-acc-stats-twofeats[5.5.863~1-813b7]:main():gmm-acc-stats-twofeats.cc:140) Average like for this file is -46.665 over 239 frames.
LOG (gmm-acc-stats-twofeats[5.5.863~1-813b7]:main():gmm-acc-stats-twofeats.cc:140) Average like for this file is -47.0527 over 471 frames.
LOG (transform-feats[5.5.863~1-813b7]:main():transform-feats.cc:158) Overall average [pseudo-]logdet is -88.0273 over 34528 frames.
LOG (transform-feats[5.5.863~1-813b7]:main():transform-feats.cc:161) Applied transform to 120 utterances; 0 had errors.
LOG (gmm-acc-stats-twofeats[5.5.863~1-813b7]:main():gmm-acc-stats-twofeats.cc:140) Average like for this file is -44.6724 over 333 frames.
LOG (gmm-acc-stats-twofeats[5.5.863~1-813b7]:main():gmm-acc-stats-twofeats.cc:140) Average like for this file is -48.4559 over 284 frames.
LOG (transform-feats[5.5.863~1-813b7]:main():transform-feats.cc:158) Overall average logdet is 3.42953 over 34528 frames.
LOG (transform-feats[5.5.863~1-813b7]:main():transform-feats.cc:161) Applied transform to 120 utterances; 0 had errors.
LOG (transform-feats[5.5.863~1-813b7]:main():transform-feats.cc:158) Overall average [pseudo-]logdet is -88.0273 over 34528 frames.
LOG (transform-feats[5.5.863~1-813b7]:main():transform-feats.cc:161) Applied transform to 120 utterances; 0 had errors.
LOG (gmm-acc-stats-twofeats[5.5.863~1-813b7]:main():gmm-acc-stats-twofeats.cc:140) Average like for this file is -46.0663 over 398 frames.
LOG (gmm-acc-stats-twofeats[5.5.863~1-813b7]:main():gmm-acc-stats-twofeats.cc:140) Average like for this file is -51.2084 over 212 frames.
LOG (gmm-acc-stats-twofeats[5.5.863~1-813b7]:main():gmm-acc-stats-twofeats.cc:146) Avg like per frame so far is -46.527
LOG (gmm-acc-stats-twofeats[5.5.863~1-813b7]:main():gmm-acc-stats-twofeats.cc:150) Done 120 files, 0 with no posteriors, 0 with no second features, 0 with other errors.
LOG (gmm-acc-stats-twofeats[5.5.863~1-813b7]:main():gmm-acc-stats-twofeats.cc:155) Overall avg like per frame (Gaussian only) = -46.527 over 34528 frames.
LOG (gmm-acc-stats-twofeats[5.5.863~1-813b7]:main():gmm-acc-stats-twofeats.cc:163) Written accs.
# Accounting: time=1 threads=1
# Ended (code 0) at Tue Jan  5 21:34:38 EST 2021, elapsed time 1 seconds
