# ali-to-post "ark:gunzip -c exp/tri3/ali.8.gz|" ark:- | weight-silence-post 0.0 1 exp/tri3/4.mdl ark:- ark:- | gmm-est-fmllr --fmllr-update-type=full --spk2utt=ark:data/train/split30/8/spk2utt exp/tri3/4.mdl "ark,s,cs:apply-cmvn  --utt2spk=ark:data/train/split30/8/utt2spk scp:data/train/split30/8/cmvn.scp scp:data/train/split30/8/feats.scp ark:- | splice-feats --left-context=3 --right-context=3 ark:- ark:- | transform-feats exp/tri2_ali/final.mat ark:- ark:- | transform-feats --utt2spk=ark:data/train/split30/8/utt2spk ark:exp/tri3/trans.8 ark:- ark:- |" ark:- ark:exp/tri3/tmp_trans.8 
# Started at Tue Jan  5 21:28:29 EST 2021
#
gmm-est-fmllr --fmllr-update-type=full --spk2utt=ark:data/train/split30/8/spk2utt exp/tri3/4.mdl 'ark,s,cs:apply-cmvn  --utt2spk=ark:data/train/split30/8/utt2spk scp:data/train/split30/8/cmvn.scp scp:data/train/split30/8/feats.scp ark:- | splice-feats --left-context=3 --right-context=3 ark:- ark:- | transform-feats exp/tri2_ali/final.mat ark:- ark:- | transform-feats --utt2spk=ark:data/train/split30/8/utt2spk ark:exp/tri3/trans.8 ark:- ark:- |' ark:- ark:exp/tri3/tmp_trans.8 
ali-to-post 'ark:gunzip -c exp/tri3/ali.8.gz|' ark:- 
weight-silence-post 0.0 1 exp/tri3/4.mdl ark:- ark:- 
transform-feats --utt2spk=ark:data/train/split30/8/utt2spk ark:exp/tri3/trans.8 ark:- ark:- 
splice-feats --left-context=3 --right-context=3 ark:- ark:- 
apply-cmvn --utt2spk=ark:data/train/split30/8/utt2spk scp:data/train/split30/8/cmvn.scp scp:data/train/split30/8/feats.scp ark:- 
transform-feats exp/tri2_ali/final.mat ark:- ark:- 
LOG (gmm-est-fmllr[5.5.863~1-813b7]:ComputeFmllrMatrixDiagGmmFull():fmllr-diag-gmm.cc:262) fMLLR objf improvement is 0.0984527 per frame over 2114 frames.
LOG (gmm-est-fmllr[5.5.863~1-813b7]:main():gmm-est-fmllr.cc:143) For speaker FSAK0, auxf-impr from fMLLR is 0.0984527, over 2114 frames.
LOG (gmm-est-fmllr[5.5.863~1-813b7]:ComputeFmllrMatrixDiagGmmFull():fmllr-diag-gmm.cc:262) fMLLR objf improvement is 0.070199 per frame over 2375 frames.
LOG (gmm-est-fmllr[5.5.863~1-813b7]:main():gmm-est-fmllr.cc:143) For speaker FSBK0, auxf-impr from fMLLR is 0.070199, over 2375 frames.
LOG (gmm-est-fmllr[5.5.863~1-813b7]:ComputeFmllrMatrixDiagGmmFull():fmllr-diag-gmm.cc:262) fMLLR objf improvement is 0.157412 per frame over 2621 frames.
LOG (gmm-est-fmllr[5.5.863~1-813b7]:main():gmm-est-fmllr.cc:143) For speaker FSCN0, auxf-impr from fMLLR is 0.157412, over 2621 frames.
LOG (gmm-est-fmllr[5.5.863~1-813b7]:ComputeFmllrMatrixDiagGmmFull():fmllr-diag-gmm.cc:262) fMLLR objf improvement is 0.0919408 per frame over 2077 frames.
LOG (gmm-est-fmllr[5.5.863~1-813b7]:main():gmm-est-fmllr.cc:143) For speaker FSDC0, auxf-impr from fMLLR is 0.0919408, over 2077 frames.
LOG (gmm-est-fmllr[5.5.863~1-813b7]:ComputeFmllrMatrixDiagGmmFull():fmllr-diag-gmm.cc:262) fMLLR objf improvement is 0.0616412 per frame over 1907 frames.
LOG (gmm-est-fmllr[5.5.863~1-813b7]:main():gmm-est-fmllr.cc:143) For speaker FSDJ0, auxf-impr from fMLLR is 0.0616412, over 1907 frames.
LOG (gmm-est-fmllr[5.5.863~1-813b7]:ComputeFmllrMatrixDiagGmmFull():fmllr-diag-gmm.cc:262) fMLLR objf improvement is 0.104932 per frame over 2109 frames.
LOG (gmm-est-fmllr[5.5.863~1-813b7]:main():gmm-est-fmllr.cc:143) For speaker FSGF0, auxf-impr from fMLLR is 0.104932, over 2109 frames.
LOG (gmm-est-fmllr[5.5.863~1-813b7]:ComputeFmllrMatrixDiagGmmFull():fmllr-diag-gmm.cc:262) fMLLR objf improvement is 0.0851624 per frame over 3083 frames.
LOG (gmm-est-fmllr[5.5.863~1-813b7]:main():gmm-est-fmllr.cc:143) For speaker FSJG0, auxf-impr from fMLLR is 0.0851624, over 3083 frames.
LOG (gmm-est-fmllr[5.5.863~1-813b7]:ComputeFmllrMatrixDiagGmmFull():fmllr-diag-gmm.cc:262) fMLLR objf improvement is 0.0953886 per frame over 1950 frames.
LOG (gmm-est-fmllr[5.5.863~1-813b7]:main():gmm-est-fmllr.cc:143) For speaker FSJK1, auxf-impr from fMLLR is 0.0953886, over 1950 frames.
LOG (gmm-est-fmllr[5.5.863~1-813b7]:ComputeFmllrMatrixDiagGmmFull():fmllr-diag-gmm.cc:262) fMLLR objf improvement is 0.13579 per frame over 2323 frames.
LOG (gmm-est-fmllr[5.5.863~1-813b7]:main():gmm-est-fmllr.cc:143) For speaker FSJS0, auxf-impr from fMLLR is 0.13579, over 2323 frames.
LOG (gmm-est-fmllr[5.5.863~1-813b7]:ComputeFmllrMatrixDiagGmmFull():fmllr-diag-gmm.cc:262) fMLLR objf improvement is 0.103086 per frame over 2248 frames.
LOG (gmm-est-fmllr[5.5.863~1-813b7]:main():gmm-est-fmllr.cc:143) For speaker FSJW0, auxf-impr from fMLLR is 0.103086, over 2248 frames.
LOG (gmm-est-fmllr[5.5.863~1-813b7]:ComputeFmllrMatrixDiagGmmFull():fmllr-diag-gmm.cc:262) fMLLR objf improvement is 0.053369 per frame over 2059 frames.
LOG (gmm-est-fmllr[5.5.863~1-813b7]:main():gmm-est-fmllr.cc:143) For speaker FSKC0, auxf-impr from fMLLR is 0.053369, over 2059 frames.
LOG (gmm-est-fmllr[5.5.863~1-813b7]:ComputeFmllrMatrixDiagGmmFull():fmllr-diag-gmm.cc:262) fMLLR objf improvement is 0.0519975 per frame over 2094 frames.
LOG (gmm-est-fmllr[5.5.863~1-813b7]:main():gmm-est-fmllr.cc:143) For speaker FSKL0, auxf-impr from fMLLR is 0.0519975, over 2094 frames.
LOG (ali-to-post[5.5.863~1-813b7]:main():ali-to-post.cc:73) Converted 128 alignments.
LOG (gmm-est-fmllr[5.5.863~1-813b7]:ComputeFmllrMatrixDiagGmmFull():fmllr-diag-gmm.cc:262) fMLLR objf improvement is 0.0774364 per frame over 1991 frames.
LOG (gmm-est-fmllr[5.5.863~1-813b7]:main():gmm-est-fmllr.cc:143) For speaker FSKP0, auxf-impr from fMLLR is 0.0774364, over 1991 frames.
LOG (gmm-est-fmllr[5.5.863~1-813b7]:ComputeFmllrMatrixDiagGmmFull():fmllr-diag-gmm.cc:262) fMLLR objf improvement is 0.0885212 per frame over 2182 frames.
LOG (gmm-est-fmllr[5.5.863~1-813b7]:main():gmm-est-fmllr.cc:143) For speaker FSLS0, auxf-impr from fMLLR is 0.0885212, over 2182 frames.
LOG (weight-silence-post[5.5.863~1-813b7]:main():weight-silence-post.cc:95) Done 128 posteriors.
LOG (apply-cmvn[5.5.863~1-813b7]:main():apply-cmvn.cc:162) Applied cepstral mean normalization to 128 utterances, errors on 0
LOG (gmm-est-fmllr[5.5.863~1-813b7]:ComputeFmllrMatrixDiagGmmFull():fmllr-diag-gmm.cc:262) fMLLR objf improvement is 0.112808 per frame over 2374 frames.
LOG (gmm-est-fmllr[5.5.863~1-813b7]:main():gmm-est-fmllr.cc:143) For speaker FSMA0, auxf-impr from fMLLR is 0.112808, over 2374 frames.
LOG (transform-feats[5.5.863~1-813b7]:main():transform-feats.cc:158) Overall average [pseudo-]logdet is -88.0273 over 39697 frames.
LOG (transform-feats[5.5.863~1-813b7]:main():transform-feats.cc:161) Applied transform to 128 utterances; 0 had errors.
LOG (transform-feats[5.5.863~1-813b7]:main():transform-feats.cc:158) Overall average logdet is 1.73397 over 39697 frames.
LOG (transform-feats[5.5.863~1-813b7]:main():transform-feats.cc:161) Applied transform to 128 utterances; 0 had errors.
LOG (gmm-est-fmllr[5.5.863~1-813b7]:ComputeFmllrMatrixDiagGmmFull():fmllr-diag-gmm.cc:262) fMLLR objf improvement is 0.0618893 per frame over 2346 frames.
LOG (gmm-est-fmllr[5.5.863~1-813b7]:main():gmm-est-fmllr.cc:143) For speaker FSMM0, auxf-impr from fMLLR is 0.0618893, over 2346 frames.
LOG (gmm-est-fmllr[5.5.863~1-813b7]:main():gmm-est-fmllr.cc:188) Done 128 files, 0 with no posts, 0 with other errors.
LOG (gmm-est-fmllr[5.5.863~1-813b7]:main():gmm-est-fmllr.cc:190) Overall fMLLR auxf impr per frame is 0.0918216 over 35853 frames.
# Accounting: time=5 threads=1
# Ended (code 0) at Tue Jan  5 21:28:34 EST 2021, elapsed time 5 seconds
