# ali-to-post "ark:gunzip -c exp/tri2_ali/ali.14.gz|" ark:- | weight-silence-post 0.0 1 exp/tri2_ali/final.mdl ark:- ark:- | gmm-est-fmllr --fmllr-update-type=full --spk2utt=ark:data/train/split30/14/spk2utt exp/tri2_ali/final.mdl "ark,s,cs:apply-cmvn  --utt2spk=ark:data/train/split30/14/utt2spk scp:data/train/split30/14/cmvn.scp scp:data/train/split30/14/feats.scp ark:- | splice-feats --left-context=3 --right-context=3 ark:- ark:- | transform-feats exp/tri2_ali/final.mat ark:- ark:- |" ark:- ark:exp/tri3/trans.14 
# Started at Tue Jan  5 21:26:52 EST 2021
#
weight-silence-post 0.0 1 exp/tri2_ali/final.mdl ark:- ark:- 
ali-to-post 'ark:gunzip -c exp/tri2_ali/ali.14.gz|' ark:- 
gmm-est-fmllr --fmllr-update-type=full --spk2utt=ark:data/train/split30/14/spk2utt exp/tri2_ali/final.mdl 'ark,s,cs:apply-cmvn  --utt2spk=ark:data/train/split30/14/utt2spk scp:data/train/split30/14/cmvn.scp scp:data/train/split30/14/feats.scp ark:- | splice-feats --left-context=3 --right-context=3 ark:- ark:- | transform-feats exp/tri2_ali/final.mat ark:- ark:- |' ark:- ark:exp/tri3/trans.14 
transform-feats exp/tri2_ali/final.mat ark:- ark:- 
apply-cmvn --utt2spk=ark:data/train/split30/14/utt2spk scp:data/train/split30/14/cmvn.scp scp:data/train/split30/14/feats.scp ark:- 
splice-feats --left-context=3 --right-context=3 ark:- ark:- 
LOG (gmm-est-fmllr[5.5.863~1-813b7]:ComputeFmllrMatrixDiagGmmFull():fmllr-diag-gmm.cc:262) fMLLR objf improvement is 2.16097 per frame over 2213 frames.
LOG (gmm-est-fmllr[5.5.863~1-813b7]:main():gmm-est-fmllr.cc:143) For speaker MDNS0, auxf-impr from fMLLR is 2.16097, over 2213 frames.
LOG (gmm-est-fmllr[5.5.863~1-813b7]:ComputeFmllrMatrixDiagGmmFull():fmllr-diag-gmm.cc:262) fMLLR objf improvement is 2.12641 per frame over 2270 frames.
LOG (gmm-est-fmllr[5.5.863~1-813b7]:main():gmm-est-fmllr.cc:143) For speaker MDPB0, auxf-impr from fMLLR is 2.12641, over 2270 frames.
LOG (gmm-est-fmllr[5.5.863~1-813b7]:ComputeFmllrMatrixDiagGmmFull():fmllr-diag-gmm.cc:262) fMLLR objf improvement is 2.71622 per frame over 1857 frames.
LOG (gmm-est-fmllr[5.5.863~1-813b7]:main():gmm-est-fmllr.cc:143) For speaker MDPK0, auxf-impr from fMLLR is 2.71622, over 1857 frames.
LOG (gmm-est-fmllr[5.5.863~1-813b7]:ComputeFmllrMatrixDiagGmmFull():fmllr-diag-gmm.cc:262) fMLLR objf improvement is 2.54671 per frame over 2020 frames.
LOG (gmm-est-fmllr[5.5.863~1-813b7]:main():gmm-est-fmllr.cc:143) For speaker MDPS0, auxf-impr from fMLLR is 2.54671, over 2020 frames.
LOG (gmm-est-fmllr[5.5.863~1-813b7]:ComputeFmllrMatrixDiagGmmFull():fmllr-diag-gmm.cc:262) fMLLR objf improvement is 2.13154 per frame over 2531 frames.
LOG (gmm-est-fmllr[5.5.863~1-813b7]:main():gmm-est-fmllr.cc:143) For speaker MDRD0, auxf-impr from fMLLR is 2.13154, over 2531 frames.
LOG (gmm-est-fmllr[5.5.863~1-813b7]:ComputeFmllrMatrixDiagGmmFull():fmllr-diag-gmm.cc:262) fMLLR objf improvement is 2.68976 per frame over 2234 frames.
LOG (gmm-est-fmllr[5.5.863~1-813b7]:main():gmm-est-fmllr.cc:143) For speaker MDSJ0, auxf-impr from fMLLR is 2.68976, over 2234 frames.
LOG (gmm-est-fmllr[5.5.863~1-813b7]:ComputeFmllrMatrixDiagGmmFull():fmllr-diag-gmm.cc:262) fMLLR objf improvement is 2.01074 per frame over 1708 frames.
LOG (gmm-est-fmllr[5.5.863~1-813b7]:main():gmm-est-fmllr.cc:143) For speaker MDSS0, auxf-impr from fMLLR is 2.01074, over 1708 frames.
LOG (gmm-est-fmllr[5.5.863~1-813b7]:ComputeFmllrMatrixDiagGmmFull():fmllr-diag-gmm.cc:262) fMLLR objf improvement is 2.226 per frame over 2001 frames.
LOG (gmm-est-fmllr[5.5.863~1-813b7]:main():gmm-est-fmllr.cc:143) For speaker MDSS1, auxf-impr from fMLLR is 2.226, over 2001 frames.
LOG (gmm-est-fmllr[5.5.863~1-813b7]:ComputeFmllrMatrixDiagGmmFull():fmllr-diag-gmm.cc:262) fMLLR objf improvement is 3.0172 per frame over 1896 frames.
LOG (gmm-est-fmllr[5.5.863~1-813b7]:main():gmm-est-fmllr.cc:143) For speaker MDTB0, auxf-impr from fMLLR is 3.0172, over 1896 frames.
LOG (gmm-est-fmllr[5.5.863~1-813b7]:ComputeFmllrMatrixDiagGmmFull():fmllr-diag-gmm.cc:262) fMLLR objf improvement is 3.2068 per frame over 2058 frames.
LOG (gmm-est-fmllr[5.5.863~1-813b7]:main():gmm-est-fmllr.cc:143) For speaker MDWD0, auxf-impr from fMLLR is 3.2068, over 2058 frames.
LOG (gmm-est-fmllr[5.5.863~1-813b7]:ComputeFmllrMatrixDiagGmmFull():fmllr-diag-gmm.cc:262) fMLLR objf improvement is 2.40437 per frame over 2618 frames.
LOG (gmm-est-fmllr[5.5.863~1-813b7]:main():gmm-est-fmllr.cc:143) For speaker MDWH0, auxf-impr from fMLLR is 2.40437, over 2618 frames.
LOG (ali-to-post[5.5.863~1-813b7]:main():ali-to-post.cc:73) Converted 120 alignments.
LOG (gmm-est-fmllr[5.5.863~1-813b7]:ComputeFmllrMatrixDiagGmmFull():fmllr-diag-gmm.cc:262) fMLLR objf improvement is 2.50643 per frame over 2173 frames.
LOG (gmm-est-fmllr[5.5.863~1-813b7]:main():gmm-est-fmllr.cc:143) For speaker MDWM0, auxf-impr from fMLLR is 2.50643, over 2173 frames.
LOG (gmm-est-fmllr[5.5.863~1-813b7]:ComputeFmllrMatrixDiagGmmFull():fmllr-diag-gmm.cc:262) fMLLR objf improvement is 3.05546 per frame over 1661 frames.
LOG (gmm-est-fmllr[5.5.863~1-813b7]:main():gmm-est-fmllr.cc:143) For speaker MEAL0, auxf-impr from fMLLR is 3.05546, over 1661 frames.
LOG (weight-silence-post[5.5.863~1-813b7]:main():weight-silence-post.cc:95) Done 120 posteriors.
LOG (gmm-est-fmllr[5.5.863~1-813b7]:ComputeFmllrMatrixDiagGmmFull():fmllr-diag-gmm.cc:262) fMLLR objf improvement is 2.56471 per frame over 1869 frames.
LOG (gmm-est-fmllr[5.5.863~1-813b7]:main():gmm-est-fmllr.cc:143) For speaker MEDR0, auxf-impr from fMLLR is 2.56471, over 1869 frames.
LOG (apply-cmvn[5.5.863~1-813b7]:main():apply-cmvn.cc:162) Applied cepstral mean normalization to 120 utterances, errors on 0
LOG (transform-feats[5.5.863~1-813b7]:main():transform-feats.cc:158) Overall average [pseudo-]logdet is -88.0273 over 34637 frames.
LOG (transform-feats[5.5.863~1-813b7]:main():transform-feats.cc:161) Applied transform to 120 utterances; 0 had errors.
LOG (gmm-est-fmllr[5.5.863~1-813b7]:ComputeFmllrMatrixDiagGmmFull():fmllr-diag-gmm.cc:262) fMLLR objf improvement is 3.29541 per frame over 2347 frames.
LOG (gmm-est-fmllr[5.5.863~1-813b7]:main():gmm-est-fmllr.cc:143) For speaker MEFG0, auxf-impr from fMLLR is 3.29541, over 2347 frames.
LOG (gmm-est-fmllr[5.5.863~1-813b7]:main():gmm-est-fmllr.cc:188) Done 120 files, 0 with no posts, 0 with other errors.
LOG (gmm-est-fmllr[5.5.863~1-813b7]:main():gmm-est-fmllr.cc:190) Overall fMLLR auxf impr per frame is 2.56721 over 31456 frames.
# Accounting: time=4 threads=1
# Ended (code 0) at Tue Jan  5 21:26:56 EST 2021, elapsed time 4 seconds
