# nnet-get-egs --left-context=4 --right-context=4 "ark,s,cs:utils/filter_scp.pl --exclude exp/tri4_nnet_2/valid_uttlist data/train/split30/27/feats.scp | apply-cmvn  --utt2spk=ark:data/train/split30/27/utt2spk scp:data/train/split30/27/cmvn.scp scp:- ark:- | splice-feats --left-context=3 --right-context=3 ark:- ark:- | transform-feats exp/tri4_nnet_2/final.mat ark:- ark:- | transform-feats --utt2spk=ark:data/train/split30/27/utt2spk ark:exp/tri3_ali/trans.27 ark:- ark:- |" "ark,s,cs:gunzip -c exp/tri3_ali/ali.27.gz | ali-to-pdf exp/tri3_ali/final.mdl ark:- ark:- | ali-to-post ark:- ark:- |" ark:- | nnet-copy-egs ark:- ark:exp/tri4_nnet_2/egs/egs_orig.1.27.ark ark:exp/tri4_nnet_2/egs/egs_orig.2.27.ark ark:exp/tri4_nnet_2/egs/egs_orig.3.27.ark ark:exp/tri4_nnet_2/egs/egs_orig.4.27.ark ark:exp/tri4_nnet_2/egs/egs_orig.5.27.ark ark:exp/tri4_nnet_2/egs/egs_orig.6.27.ark ark:exp/tri4_nnet_2/egs/egs_orig.7.27.ark ark:exp/tri4_nnet_2/egs/egs_orig.8.27.ark ark:exp/tri4_nnet_2/egs/egs_orig.9.27.ark ark:exp/tri4_nnet_2/egs/egs_orig.10.27.ark ark:exp/tri4_nnet_2/egs/egs_orig.11.27.ark ark:exp/tri4_nnet_2/egs/egs_orig.12.27.ark ark:exp/tri4_nnet_2/egs/egs_orig.13.27.ark ark:exp/tri4_nnet_2/egs/egs_orig.14.27.ark ark:exp/tri4_nnet_2/egs/egs_orig.15.27.ark ark:exp/tri4_nnet_2/egs/egs_orig.16.27.ark ark:exp/tri4_nnet_2/egs/egs_orig.17.27.ark ark:exp/tri4_nnet_2/egs/egs_orig.18.27.ark ark:exp/tri4_nnet_2/egs/egs_orig.19.27.ark ark:exp/tri4_nnet_2/egs/egs_orig.20.27.ark ark:exp/tri4_nnet_2/egs/egs_orig.21.27.ark ark:exp/tri4_nnet_2/egs/egs_orig.22.27.ark ark:exp/tri4_nnet_2/egs/egs_orig.23.27.ark ark:exp/tri4_nnet_2/egs/egs_orig.24.27.ark ark:exp/tri4_nnet_2/egs/egs_orig.25.27.ark ark:exp/tri4_nnet_2/egs/egs_orig.26.27.ark ark:exp/tri4_nnet_2/egs/egs_orig.27.27.ark ark:exp/tri4_nnet_2/egs/egs_orig.28.27.ark ark:exp/tri4_nnet_2/egs/egs_orig.29.27.ark ark:exp/tri4_nnet_2/egs/egs_orig.30.27.ark 
# Started at Wed Jan  6 07:20:27 EST 2021
#
nnet-get-egs --left-context=4 --right-context=4 'ark,s,cs:utils/filter_scp.pl --exclude exp/tri4_nnet_2/valid_uttlist data/train/split30/27/feats.scp | apply-cmvn  --utt2spk=ark:data/train/split30/27/utt2spk scp:data/train/split30/27/cmvn.scp scp:- ark:- | splice-feats --left-context=3 --right-context=3 ark:- ark:- | transform-feats exp/tri4_nnet_2/final.mat ark:- ark:- | transform-feats --utt2spk=ark:data/train/split30/27/utt2spk ark:exp/tri3_ali/trans.27 ark:- ark:- |' 'ark,s,cs:gunzip -c exp/tri3_ali/ali.27.gz | ali-to-pdf exp/tri3_ali/final.mdl ark:- ark:- | ali-to-post ark:- ark:- |' ark:- 
nnet-copy-egs ark:- ark:exp/tri4_nnet_2/egs/egs_orig.1.27.ark ark:exp/tri4_nnet_2/egs/egs_orig.2.27.ark ark:exp/tri4_nnet_2/egs/egs_orig.3.27.ark ark:exp/tri4_nnet_2/egs/egs_orig.4.27.ark ark:exp/tri4_nnet_2/egs/egs_orig.5.27.ark ark:exp/tri4_nnet_2/egs/egs_orig.6.27.ark ark:exp/tri4_nnet_2/egs/egs_orig.7.27.ark ark:exp/tri4_nnet_2/egs/egs_orig.8.27.ark ark:exp/tri4_nnet_2/egs/egs_orig.9.27.ark ark:exp/tri4_nnet_2/egs/egs_orig.10.27.ark ark:exp/tri4_nnet_2/egs/egs_orig.11.27.ark ark:exp/tri4_nnet_2/egs/egs_orig.12.27.ark ark:exp/tri4_nnet_2/egs/egs_orig.13.27.ark ark:exp/tri4_nnet_2/egs/egs_orig.14.27.ark ark:exp/tri4_nnet_2/egs/egs_orig.15.27.ark ark:exp/tri4_nnet_2/egs/egs_orig.16.27.ark ark:exp/tri4_nnet_2/egs/egs_orig.17.27.ark ark:exp/tri4_nnet_2/egs/egs_orig.18.27.ark ark:exp/tri4_nnet_2/egs/egs_orig.19.27.ark ark:exp/tri4_nnet_2/egs/egs_orig.20.27.ark ark:exp/tri4_nnet_2/egs/egs_orig.21.27.ark ark:exp/tri4_nnet_2/egs/egs_orig.22.27.ark ark:exp/tri4_nnet_2/egs/egs_orig.23.27.ark ark:exp/tri4_nnet_2/egs/egs_orig.24.27.ark ark:exp/tri4_nnet_2/egs/egs_orig.25.27.ark ark:exp/tri4_nnet_2/egs/egs_orig.26.27.ark ark:exp/tri4_nnet_2/egs/egs_orig.27.27.ark ark:exp/tri4_nnet_2/egs/egs_orig.28.27.ark ark:exp/tri4_nnet_2/egs/egs_orig.29.27.ark ark:exp/tri4_nnet_2/egs/egs_orig.30.27.ark 
transform-feats exp/tri4_nnet_2/final.mat ark:- ark:- 
splice-feats --left-context=3 --right-context=3 ark:- ark:- 
transform-feats --utt2spk=ark:data/train/split30/27/utt2spk ark:exp/tri3_ali/trans.27 ark:- ark:- 
apply-cmvn --utt2spk=ark:data/train/split30/27/utt2spk scp:data/train/split30/27/cmvn.scp scp:- ark:- 
ali-to-pdf exp/tri3_ali/final.mdl ark:- ark:- 
ali-to-post ark:- ark:- 
LOG (ali-to-pdf[5.5.863~1-813b7]:main():ali-to-pdf.cc:68) Converted 120 alignments to pdf sequences.
LOG (ali-to-post[5.5.863~1-813b7]:main():ali-to-post.cc:73) Converted 120 alignments.
LOG (apply-cmvn[5.5.863~1-813b7]:main():apply-cmvn.cc:162) Applied cepstral mean normalization to 110 utterances, errors on 0
LOG (transform-feats[5.5.863~1-813b7]:main():transform-feats.cc:158) Overall average [pseudo-]logdet is -88.0273 over 33984 frames.
LOG (transform-feats[5.5.863~1-813b7]:main():transform-feats.cc:161) Applied transform to 110 utterances; 0 had errors.
LOG (transform-feats[5.5.863~1-813b7]:main():transform-feats.cc:158) Overall average logdet is 2.71115 over 33984 frames.
LOG (transform-feats[5.5.863~1-813b7]:main():transform-feats.cc:161) Applied transform to 110 utterances; 0 had errors.
LOG (nnet-get-egs[5.5.863~1-813b7]:main():nnet-get-egs.cc:174) Finished generating examples, successfully processed 110 feature files, wrote 33984 examples,  with 33984 egs in total; 0 files had errors.
LOG (nnet-copy-egs[5.5.863~1-813b7]:main():nnet-copy-egs.cc:170) Read 33984 neural-network training examples, wrote 33984
# Accounting: time=4 threads=1
# Ended (code 0) at Wed Jan  6 07:20:31 EST 2021, elapsed time 4 seconds
