# nnet-get-egs --left-context=4 --right-context=4 "ark,s,cs:utils/filter_scp.pl --exclude exp/tri4_nnet_2/valid_uttlist data/train/split30/30/feats.scp | apply-cmvn  --utt2spk=ark:data/train/split30/30/utt2spk scp:data/train/split30/30/cmvn.scp scp:- ark:- | splice-feats --left-context=3 --right-context=3 ark:- ark:- | transform-feats exp/tri4_nnet_2/final.mat ark:- ark:- | transform-feats --utt2spk=ark:data/train/split30/30/utt2spk ark:exp/tri3_ali/trans.30 ark:- ark:- |" "ark,s,cs:gunzip -c exp/tri3_ali/ali.30.gz | ali-to-pdf exp/tri3_ali/final.mdl ark:- ark:- | ali-to-post ark:- ark:- |" ark:- | nnet-copy-egs ark:- ark:exp/tri4_nnet_2/egs/egs_orig.1.30.ark ark:exp/tri4_nnet_2/egs/egs_orig.2.30.ark ark:exp/tri4_nnet_2/egs/egs_orig.3.30.ark ark:exp/tri4_nnet_2/egs/egs_orig.4.30.ark ark:exp/tri4_nnet_2/egs/egs_orig.5.30.ark ark:exp/tri4_nnet_2/egs/egs_orig.6.30.ark ark:exp/tri4_nnet_2/egs/egs_orig.7.30.ark ark:exp/tri4_nnet_2/egs/egs_orig.8.30.ark ark:exp/tri4_nnet_2/egs/egs_orig.9.30.ark ark:exp/tri4_nnet_2/egs/egs_orig.10.30.ark ark:exp/tri4_nnet_2/egs/egs_orig.11.30.ark ark:exp/tri4_nnet_2/egs/egs_orig.12.30.ark ark:exp/tri4_nnet_2/egs/egs_orig.13.30.ark ark:exp/tri4_nnet_2/egs/egs_orig.14.30.ark ark:exp/tri4_nnet_2/egs/egs_orig.15.30.ark ark:exp/tri4_nnet_2/egs/egs_orig.16.30.ark ark:exp/tri4_nnet_2/egs/egs_orig.17.30.ark ark:exp/tri4_nnet_2/egs/egs_orig.18.30.ark ark:exp/tri4_nnet_2/egs/egs_orig.19.30.ark ark:exp/tri4_nnet_2/egs/egs_orig.20.30.ark ark:exp/tri4_nnet_2/egs/egs_orig.21.30.ark ark:exp/tri4_nnet_2/egs/egs_orig.22.30.ark ark:exp/tri4_nnet_2/egs/egs_orig.23.30.ark ark:exp/tri4_nnet_2/egs/egs_orig.24.30.ark ark:exp/tri4_nnet_2/egs/egs_orig.25.30.ark ark:exp/tri4_nnet_2/egs/egs_orig.26.30.ark ark:exp/tri4_nnet_2/egs/egs_orig.27.30.ark ark:exp/tri4_nnet_2/egs/egs_orig.28.30.ark ark:exp/tri4_nnet_2/egs/egs_orig.29.30.ark ark:exp/tri4_nnet_2/egs/egs_orig.30.30.ark 
# Started at Wed Jan  6 07:20:29 EST 2021
#
nnet-copy-egs ark:- ark:exp/tri4_nnet_2/egs/egs_orig.1.30.ark ark:exp/tri4_nnet_2/egs/egs_orig.2.30.ark ark:exp/tri4_nnet_2/egs/egs_orig.3.30.ark ark:exp/tri4_nnet_2/egs/egs_orig.4.30.ark ark:exp/tri4_nnet_2/egs/egs_orig.5.30.ark ark:exp/tri4_nnet_2/egs/egs_orig.6.30.ark ark:exp/tri4_nnet_2/egs/egs_orig.7.30.ark ark:exp/tri4_nnet_2/egs/egs_orig.8.30.ark ark:exp/tri4_nnet_2/egs/egs_orig.9.30.ark ark:exp/tri4_nnet_2/egs/egs_orig.10.30.ark ark:exp/tri4_nnet_2/egs/egs_orig.11.30.ark ark:exp/tri4_nnet_2/egs/egs_orig.12.30.ark ark:exp/tri4_nnet_2/egs/egs_orig.13.30.ark ark:exp/tri4_nnet_2/egs/egs_orig.14.30.ark ark:exp/tri4_nnet_2/egs/egs_orig.15.30.ark ark:exp/tri4_nnet_2/egs/egs_orig.16.30.ark ark:exp/tri4_nnet_2/egs/egs_orig.17.30.ark ark:exp/tri4_nnet_2/egs/egs_orig.18.30.ark ark:exp/tri4_nnet_2/egs/egs_orig.19.30.ark ark:exp/tri4_nnet_2/egs/egs_orig.20.30.ark ark:exp/tri4_nnet_2/egs/egs_orig.21.30.ark ark:exp/tri4_nnet_2/egs/egs_orig.22.30.ark ark:exp/tri4_nnet_2/egs/egs_orig.23.30.ark ark:exp/tri4_nnet_2/egs/egs_orig.24.30.ark ark:exp/tri4_nnet_2/egs/egs_orig.25.30.ark ark:exp/tri4_nnet_2/egs/egs_orig.26.30.ark ark:exp/tri4_nnet_2/egs/egs_orig.27.30.ark ark:exp/tri4_nnet_2/egs/egs_orig.28.30.ark ark:exp/tri4_nnet_2/egs/egs_orig.29.30.ark ark:exp/tri4_nnet_2/egs/egs_orig.30.30.ark 
nnet-get-egs --left-context=4 --right-context=4 'ark,s,cs:utils/filter_scp.pl --exclude exp/tri4_nnet_2/valid_uttlist data/train/split30/30/feats.scp | apply-cmvn  --utt2spk=ark:data/train/split30/30/utt2spk scp:data/train/split30/30/cmvn.scp scp:- ark:- | splice-feats --left-context=3 --right-context=3 ark:- ark:- | transform-feats exp/tri4_nnet_2/final.mat ark:- ark:- | transform-feats --utt2spk=ark:data/train/split30/30/utt2spk ark:exp/tri3_ali/trans.30 ark:- ark:- |' 'ark,s,cs:gunzip -c exp/tri3_ali/ali.30.gz | ali-to-pdf exp/tri3_ali/final.mdl ark:- ark:- | ali-to-post ark:- ark:- |' ark:- 
transform-feats --utt2spk=ark:data/train/split30/30/utt2spk ark:exp/tri3_ali/trans.30 ark:- ark:- 
transform-feats exp/tri4_nnet_2/final.mat ark:- ark:- 
splice-feats --left-context=3 --right-context=3 ark:- ark:- 
apply-cmvn --utt2spk=ark:data/train/split30/30/utt2spk scp:data/train/split30/30/cmvn.scp scp:- ark:- 
ali-to-pdf exp/tri3_ali/final.mdl ark:- ark:- 
ali-to-post ark:- ark:- 
LOG (ali-to-pdf[5.5.863~1-813b7]:main():ali-to-pdf.cc:68) Converted 120 alignments to pdf sequences.
LOG (apply-cmvn[5.5.863~1-813b7]:main():apply-cmvn.cc:162) Applied cepstral mean normalization to 114 utterances, errors on 0
LOG (ali-to-post[5.5.863~1-813b7]:main():ali-to-post.cc:73) Converted 120 alignments.
LOG (transform-feats[5.5.863~1-813b7]:main():transform-feats.cc:158) Overall average [pseudo-]logdet is -88.0273 over 33608 frames.
LOG (transform-feats[5.5.863~1-813b7]:main():transform-feats.cc:161) Applied transform to 114 utterances; 0 had errors.
LOG (transform-feats[5.5.863~1-813b7]:main():transform-feats.cc:158) Overall average logdet is 2.72455 over 33608 frames.
LOG (transform-feats[5.5.863~1-813b7]:main():transform-feats.cc:161) Applied transform to 114 utterances; 0 had errors.
LOG (nnet-get-egs[5.5.863~1-813b7]:main():nnet-get-egs.cc:174) Finished generating examples, successfully processed 114 feature files, wrote 33608 examples,  with 33608 egs in total; 0 files had errors.
LOG (nnet-copy-egs[5.5.863~1-813b7]:main():nnet-copy-egs.cc:170) Read 33608 neural-network training examples, wrote 33608
# Accounting: time=3 threads=1
# Ended (code 0) at Wed Jan  6 07:20:32 EST 2021, elapsed time 3 seconds
