# build-tree --verbose=1 --max-leaves=2500 --cluster-thresh=-1 exp/tri2/treeacc data/lang/phones/roots.int exp/tri2/questions.qst data/lang/topo exp/tri2/tree 
# Started at Tue Jan  5 21:20:44 EST 2021
#
build-tree --verbose=1 --max-leaves=2500 --cluster-thresh=-1 exp/tri2/treeacc data/lang/phones/roots.int exp/tri2/questions.qst data/lang/topo exp/tri2/tree 
LOG (build-tree[5.5.863~1-813b7]:main():build-tree.cc:104) Number of separate statistics is 46551
LOG (build-tree[5.5.863~1-813b7]:BuildTree():build-tree.cc:161) BuildTree: before building trees, map has 48 leaves.
LOG (build-tree[5.5.863~1-813b7]:SplitDecisionTree():build-tree-utils.cc:577) DoDecisionTreeSplit: split 2452 times, #leaves now 2500
LOG (build-tree[5.5.863~1-813b7]:BuildTree():build-tree.cc:187) Setting clustering threshold to smallest split 396.633
VLOG[1] (build-tree[5.5.863~1-813b7]:BuildTree():build-tree.cc:196) After decision tree split, num-leaves = 2500, like-impr = 5.58592 per frame over 1.12482e+06 frames.
VLOG[1] (build-tree[5.5.863~1-813b7]:BuildTree():build-tree.cc:200) Including just phones that were split, improvement is 5.58592 per frame over 1.12482e+06 frames.
LOG (build-tree[5.5.863~1-813b7]:BuildTree():build-tree.cc:215) BuildTree: removed 486 leaves.
VLOG[1] (build-tree[5.5.863~1-813b7]:ClusterEventMapToNClustersRestrictedByMap():build-tree-utils.cc:914) Number of non-empty clusters in map = 48
VLOG[1] (build-tree[5.5.863~1-813b7]:ClusterEventMapToNClustersRestrictedByMap():build-tree-utils.cc:915) Number of non-empty clusters = 2014
LOG (build-tree[5.5.863~1-813b7]:BuildTree():build-tree.cc:231) BuildTree: Rounded num leaves to multiple of 8 by removing 6 leaves.
VLOG[1] (build-tree[5.5.863~1-813b7]:BuildTree():build-tree.cc:256) Objf change due to clustering -0.11866 per frame.
VLOG[1] (build-tree[5.5.863~1-813b7]:BuildTree():build-tree.cc:259) Normalizing over only split phones, this is: -0.11866 per frame.
VLOG[1] (build-tree[5.5.863~1-813b7]:BuildTree():build-tree.cc:262) Num-leaves is now 2008
VLOG[1] (build-tree[5.5.863~1-813b7]:main():build-tree.cc:143) For pdf-id 9, low count 58
VLOG[1] (build-tree[5.5.863~1-813b7]:main():build-tree.cc:143) For pdf-id 18, low count 88
VLOG[1] (build-tree[5.5.863~1-813b7]:main():build-tree.cc:143) For pdf-id 28, low count 76
VLOG[1] (build-tree[5.5.863~1-813b7]:main():build-tree.cc:143) For pdf-id 57, low count 91
VLOG[1] (build-tree[5.5.863~1-813b7]:main():build-tree.cc:143) For pdf-id 113, low count 20
VLOG[1] (build-tree[5.5.863~1-813b7]:main():build-tree.cc:143) For pdf-id 137, low count 86
VLOG[1] (build-tree[5.5.863~1-813b7]:main():build-tree.cc:143) For pdf-id 150, low count 11
VLOG[1] (build-tree[5.5.863~1-813b7]:main():build-tree.cc:143) For pdf-id 161, low count 67
VLOG[1] (build-tree[5.5.863~1-813b7]:main():build-tree.cc:143) For pdf-id 236, low count 31
VLOG[1] (build-tree[5.5.863~1-813b7]:main():build-tree.cc:143) For pdf-id 245, low count 56
VLOG[1] (build-tree[5.5.863~1-813b7]:main():build-tree.cc:143) For pdf-id 315, low count 14
VLOG[1] (build-tree[5.5.863~1-813b7]:main():build-tree.cc:143) For pdf-id 320, low count 15
VLOG[1] (build-tree[5.5.863~1-813b7]:main():build-tree.cc:143) For pdf-id 392, low count 96
VLOG[1] (build-tree[5.5.863~1-813b7]:main():build-tree.cc:143) For pdf-id 448, low count 97
VLOG[1] (build-tree[5.5.863~1-813b7]:main():build-tree.cc:143) For pdf-id 449, low count 94
VLOG[1] (build-tree[5.5.863~1-813b7]:main():build-tree.cc:143) For pdf-id 471, low count 12
VLOG[1] (build-tree[5.5.863~1-813b7]:main():build-tree.cc:143) For pdf-id 492, low count 53
VLOG[1] (build-tree[5.5.863~1-813b7]:main():build-tree.cc:143) For pdf-id 524, low count 79
VLOG[1] (build-tree[5.5.863~1-813b7]:main():build-tree.cc:143) For pdf-id 525, low count 57
VLOG[1] (build-tree[5.5.863~1-813b7]:main():build-tree.cc:143) For pdf-id 552, low count 85
VLOG[1] (build-tree[5.5.863~1-813b7]:main():build-tree.cc:143) For pdf-id 560, low count 14
VLOG[1] (build-tree[5.5.863~1-813b7]:main():build-tree.cc:143) For pdf-id 570, low count 63
VLOG[1] (build-tree[5.5.863~1-813b7]:main():build-tree.cc:143) For pdf-id 605, low count 18
VLOG[1] (build-tree[5.5.863~1-813b7]:main():build-tree.cc:143) For pdf-id 613, low count 86
VLOG[1] (build-tree[5.5.863~1-813b7]:main():build-tree.cc:143) For pdf-id 618, low count 34
VLOG[1] (build-tree[5.5.863~1-813b7]:main():build-tree.cc:143) For pdf-id 623, low count 19
VLOG[1] (build-tree[5.5.863~1-813b7]:main():build-tree.cc:143) For pdf-id 626, low count 9
VLOG[1] (build-tree[5.5.863~1-813b7]:main():build-tree.cc:143) For pdf-id 651, low count 90
VLOG[1] (build-tree[5.5.863~1-813b7]:main():build-tree.cc:143) For pdf-id 663, low count 91
VLOG[1] (build-tree[5.5.863~1-813b7]:main():build-tree.cc:143) For pdf-id 676, low count 87
VLOG[1] (build-tree[5.5.863~1-813b7]:main():build-tree.cc:143) For pdf-id 689, low count 94
VLOG[1] (build-tree[5.5.863~1-813b7]:main():build-tree.cc:143) For pdf-id 700, low count 27
VLOG[1] (build-tree[5.5.863~1-813b7]:main():build-tree.cc:143) For pdf-id 715, low count 10
VLOG[1] (build-tree[5.5.863~1-813b7]:main():build-tree.cc:143) For pdf-id 726, low count 10
VLOG[1] (build-tree[5.5.863~1-813b7]:main():build-tree.cc:143) For pdf-id 743, low count 93
VLOG[1] (build-tree[5.5.863~1-813b7]:main():build-tree.cc:143) For pdf-id 757, low count 74
VLOG[1] (build-tree[5.5.863~1-813b7]:main():build-tree.cc:143) For pdf-id 763, low count 95
VLOG[1] (build-tree[5.5.863~1-813b7]:main():build-tree.cc:143) For pdf-id 766, low count 19
VLOG[1] (build-tree[5.5.863~1-813b7]:main():build-tree.cc:143) For pdf-id 854, low count 17
VLOG[1] (build-tree[5.5.863~1-813b7]:main():build-tree.cc:143) For pdf-id 858, low count 28
VLOG[1] (build-tree[5.5.863~1-813b7]:main():build-tree.cc:143) For pdf-id 879, low count 68
VLOG[1] (build-tree[5.5.863~1-813b7]:main():build-tree.cc:143) For pdf-id 891, low count 56
VLOG[1] (build-tree[5.5.863~1-813b7]:main():build-tree.cc:143) For pdf-id 901, low count 13
VLOG[1] (build-tree[5.5.863~1-813b7]:main():build-tree.cc:143) For pdf-id 972, low count 97
VLOG[1] (build-tree[5.5.863~1-813b7]:main():build-tree.cc:143) For pdf-id 1002, low count 95
VLOG[1] (build-tree[5.5.863~1-813b7]:main():build-tree.cc:143) For pdf-id 1014, low count 21
VLOG[1] (build-tree[5.5.863~1-813b7]:main():build-tree.cc:143) For pdf-id 1029, low count 60
VLOG[1] (build-tree[5.5.863~1-813b7]:main():build-tree.cc:143) For pdf-id 1071, low count 90
VLOG[1] (build-tree[5.5.863~1-813b7]:main():build-tree.cc:143) For pdf-id 1072, low count 17
VLOG[1] (build-tree[5.5.863~1-813b7]:main():build-tree.cc:143) For pdf-id 1107, low count 21
VLOG[1] (build-tree[5.5.863~1-813b7]:main():build-tree.cc:143) For pdf-id 1111, low count 51
VLOG[1] (build-tree[5.5.863~1-813b7]:main():build-tree.cc:143) For pdf-id 1136, low count 9
VLOG[1] (build-tree[5.5.863~1-813b7]:main():build-tree.cc:143) For pdf-id 1179, low count 41
VLOG[1] (build-tree[5.5.863~1-813b7]:main():build-tree.cc:143) For pdf-id 1192, low count 48
VLOG[1] (build-tree[5.5.863~1-813b7]:main():build-tree.cc:143) For pdf-id 1208, low count 85
VLOG[1] (build-tree[5.5.863~1-813b7]:main():build-tree.cc:143) For pdf-id 1246, low count 39
VLOG[1] (build-tree[5.5.863~1-813b7]:main():build-tree.cc:143) For pdf-id 1248, low count 98
VLOG[1] (build-tree[5.5.863~1-813b7]:main():build-tree.cc:143) For pdf-id 1272, low count 31
VLOG[1] (build-tree[5.5.863~1-813b7]:main():build-tree.cc:143) For pdf-id 1283, low count 23
VLOG[1] (build-tree[5.5.863~1-813b7]:main():build-tree.cc:143) For pdf-id 1308, low count 64
VLOG[1] (build-tree[5.5.863~1-813b7]:main():build-tree.cc:143) For pdf-id 1344, low count 10
VLOG[1] (build-tree[5.5.863~1-813b7]:main():build-tree.cc:143) For pdf-id 1347, low count 93
VLOG[1] (build-tree[5.5.863~1-813b7]:main():build-tree.cc:143) For pdf-id 1348, low count 71
VLOG[1] (build-tree[5.5.863~1-813b7]:main():build-tree.cc:143) For pdf-id 1352, low count 48
VLOG[1] (build-tree[5.5.863~1-813b7]:main():build-tree.cc:143) For pdf-id 1381, low count 47
VLOG[1] (build-tree[5.5.863~1-813b7]:main():build-tree.cc:143) For pdf-id 1391, low count 20
VLOG[1] (build-tree[5.5.863~1-813b7]:main():build-tree.cc:143) For pdf-id 1412, low count 31
VLOG[1] (build-tree[5.5.863~1-813b7]:main():build-tree.cc:143) For pdf-id 1430, low count 26
VLOG[1] (build-tree[5.5.863~1-813b7]:main():build-tree.cc:143) For pdf-id 1473, low count 17
VLOG[1] (build-tree[5.5.863~1-813b7]:main():build-tree.cc:143) For pdf-id 1522, low count 87
VLOG[1] (build-tree[5.5.863~1-813b7]:main():build-tree.cc:143) For pdf-id 1527, low count 11
VLOG[1] (build-tree[5.5.863~1-813b7]:main():build-tree.cc:143) For pdf-id 1610, low count 61
VLOG[1] (build-tree[5.5.863~1-813b7]:main():build-tree.cc:143) For pdf-id 1652, low count 11
VLOG[1] (build-tree[5.5.863~1-813b7]:main():build-tree.cc:143) For pdf-id 1660, low count 68
VLOG[1] (build-tree[5.5.863~1-813b7]:main():build-tree.cc:143) For pdf-id 1674, low count 26
VLOG[1] (build-tree[5.5.863~1-813b7]:main():build-tree.cc:143) For pdf-id 1684, low count 36
VLOG[1] (build-tree[5.5.863~1-813b7]:main():build-tree.cc:143) For pdf-id 1705, low count 77
VLOG[1] (build-tree[5.5.863~1-813b7]:main():build-tree.cc:143) For pdf-id 1746, low count 34
VLOG[1] (build-tree[5.5.863~1-813b7]:main():build-tree.cc:143) For pdf-id 1753, low count 20
VLOG[1] (build-tree[5.5.863~1-813b7]:main():build-tree.cc:143) For pdf-id 1775, low count 58
VLOG[1] (build-tree[5.5.863~1-813b7]:main():build-tree.cc:143) For pdf-id 1785, low count 38
VLOG[1] (build-tree[5.5.863~1-813b7]:main():build-tree.cc:143) For pdf-id 1803, low count 32
VLOG[1] (build-tree[5.5.863~1-813b7]:main():build-tree.cc:143) For pdf-id 1804, low count 13
VLOG[1] (build-tree[5.5.863~1-813b7]:main():build-tree.cc:143) For pdf-id 1814, low count 28
VLOG[1] (build-tree[5.5.863~1-813b7]:main():build-tree.cc:143) For pdf-id 1874, low count 92
VLOG[1] (build-tree[5.5.863~1-813b7]:main():build-tree.cc:143) For pdf-id 1876, low count 87
VLOG[1] (build-tree[5.5.863~1-813b7]:main():build-tree.cc:143) For pdf-id 1890, low count 19
VLOG[1] (build-tree[5.5.863~1-813b7]:main():build-tree.cc:143) For pdf-id 1911, low count 22
VLOG[1] (build-tree[5.5.863~1-813b7]:main():build-tree.cc:143) For pdf-id 1956, low count 18
LOG (build-tree[5.5.863~1-813b7]:main():build-tree.cc:189) Wrote tree
# Accounting: time=9 threads=1
# Ended (code 0) at Tue Jan  5 21:20:53 EST 2021, elapsed time 9 seconds
