# gmm-est --write-occs=exp/tri2/16.occs --mix-up=9500 --power=0.25 exp/tri2/15.mdl "gmm-sum-accs - exp/tri2/15.*.acc |" exp/tri2/16.mdl 
# Started at Tue Jan  5 21:23:17 EST 2021
#
gmm-est --write-occs=exp/tri2/16.occs --mix-up=9500 --power=0.25 exp/tri2/15.mdl 'gmm-sum-accs - exp/tri2/15.*.acc |' exp/tri2/16.mdl 
gmm-sum-accs - exp/tri2/15.1.acc exp/tri2/15.10.acc exp/tri2/15.11.acc exp/tri2/15.12.acc exp/tri2/15.13.acc exp/tri2/15.14.acc exp/tri2/15.15.acc exp/tri2/15.16.acc exp/tri2/15.17.acc exp/tri2/15.18.acc exp/tri2/15.19.acc exp/tri2/15.2.acc exp/tri2/15.20.acc exp/tri2/15.21.acc exp/tri2/15.22.acc exp/tri2/15.23.acc exp/tri2/15.24.acc exp/tri2/15.25.acc exp/tri2/15.26.acc exp/tri2/15.27.acc exp/tri2/15.28.acc exp/tri2/15.29.acc exp/tri2/15.3.acc exp/tri2/15.30.acc exp/tri2/15.4.acc exp/tri2/15.5.acc exp/tri2/15.6.acc exp/tri2/15.7.acc exp/tri2/15.8.acc exp/tri2/15.9.acc 
LOG (gmm-sum-accs[5.5.863~1-813b7]:main():gmm-sum-accs.cc:63) Summed 30 stats, total count 1.12482e+06, avg like/frame -49.0562
LOG (gmm-sum-accs[5.5.863~1-813b7]:main():gmm-sum-accs.cc:66) Total count of stats is 1.12482e+06
LOG (gmm-sum-accs[5.5.863~1-813b7]:main():gmm-sum-accs.cc:67) Written stats to -
LOG (gmm-est[5.5.863~1-813b7]:MleUpdate():transition-model.cc:528) TransitionModel::Update, objf change is 0 per frame over 1.12482e+06 frames. 
LOG (gmm-est[5.5.863~1-813b7]:MleUpdate():transition-model.cc:531) 45 probabilities floored, 0 out of 2081 transition-states skipped due to insuffient data (it is normal to have some skipped.)
LOG (gmm-est[5.5.863~1-813b7]:main():gmm-est.cc:102) Transition model update: Overall 0 log-like improvement per frame over 1.12482e+06 frames.
WARNING (gmm-est[5.5.863~1-813b7]:MleDiagGmmUpdate():mle-diag-gmm.cc:359) Too little data - removing Gaussian (weight 0.101802, occupation count 8.958583, vector size 40)
WARNING (gmm-est[5.5.863~1-813b7]:MleDiagGmmUpdate():mle-diag-gmm.cc:359) Too little data - removing Gaussian (weight 0.146127, occupation count 9.059900, vector size 40)
WARNING (gmm-est[5.5.863~1-813b7]:MleDiagGmmUpdate():mle-diag-gmm.cc:359) Too little data - removing Gaussian (weight 0.126848, occupation count 9.006175, vector size 40)
WARNING (gmm-est[5.5.863~1-813b7]:MleDiagGmmUpdate():mle-diag-gmm.cc:365) Gaussian has too little data but not removing it because it is the last Gaussian: i = 0, occ = 7, weight = 1
WARNING (gmm-est[5.5.863~1-813b7]:MleDiagGmmUpdate():mle-diag-gmm.cc:365) Gaussian has too little data but not removing it because it is the last Gaussian: i = 0, occ = 7, weight = 1
WARNING (gmm-est[5.5.863~1-813b7]:MleDiagGmmUpdate():mle-diag-gmm.cc:365) Gaussian has too little data but not removing it because it is the last Gaussian: i = 0, occ = 9, weight = 1
WARNING (gmm-est[5.5.863~1-813b7]:MleDiagGmmUpdate():mle-diag-gmm.cc:359) Too little data - removing Gaussian (weight 0.152444, occupation count 9.756422, vector size 40)
WARNING (gmm-est[5.5.863~1-813b7]:MleDiagGmmUpdate():mle-diag-gmm.cc:365) Gaussian has too little data but not removing it because it is the last Gaussian: i = 0, occ = 8, weight = 1
WARNING (gmm-est[5.5.863~1-813b7]:MleDiagGmmUpdate():mle-diag-gmm.cc:365) Gaussian has too little data but not removing it because it is the last Gaussian: i = 0, occ = 10, weight = 1
LOG (gmm-est[5.5.863~1-813b7]:MleAmDiagGmmUpdate():mle-am-diag-gmm.cc:225) 0 variance elements floored in 0 Gaussians, out of 8996
LOG (gmm-est[5.5.863~1-813b7]:MleAmDiagGmmUpdate():mle-am-diag-gmm.cc:229) Removed 4 Gaussians due to counts < --min-gaussian-occupancy=10 and --remove-low-count-gaussians=true
LOG (gmm-est[5.5.863~1-813b7]:main():gmm-est.cc:113) GMM update: Overall 0.0742382 objective function improvement per frame over 1.12482e+06 frames
LOG (gmm-est[5.5.863~1-813b7]:main():gmm-est.cc:116) GMM update: Overall avg like per frame = -49.0562 over 1.12482e+06 frames.
LOG (gmm-est[5.5.863~1-813b7]:SplitByCount():am-diag-gmm.cc:116) Split 2008 states with target = 9500, power = 0.25, perturb_factor = 0.01 and min_count = 20, split #Gauss from 8996 to 9500
LOG (gmm-est[5.5.863~1-813b7]:main():gmm-est.cc:146) Written model to exp/tri2/16.mdl
# Accounting: time=3 threads=1
# Ended (code 0) at Tue Jan  5 21:23:20 EST 2021, elapsed time 3 seconds
