# gmm-est --write-occs=exp/tri2/22.occs --mix-up=12500 --power=0.25 exp/tri2/21.mdl "gmm-sum-accs - exp/tri2/21.*.acc |" exp/tri2/22.mdl 
# Started at Tue Jan  5 21:24:17 EST 2021
#
gmm-est --write-occs=exp/tri2/22.occs --mix-up=12500 --power=0.25 exp/tri2/21.mdl 'gmm-sum-accs - exp/tri2/21.*.acc |' exp/tri2/22.mdl 
gmm-sum-accs - exp/tri2/21.1.acc exp/tri2/21.10.acc exp/tri2/21.11.acc exp/tri2/21.12.acc exp/tri2/21.13.acc exp/tri2/21.14.acc exp/tri2/21.15.acc exp/tri2/21.16.acc exp/tri2/21.17.acc exp/tri2/21.18.acc exp/tri2/21.19.acc exp/tri2/21.2.acc exp/tri2/21.20.acc exp/tri2/21.21.acc exp/tri2/21.22.acc exp/tri2/21.23.acc exp/tri2/21.24.acc exp/tri2/21.25.acc exp/tri2/21.26.acc exp/tri2/21.27.acc exp/tri2/21.28.acc exp/tri2/21.29.acc exp/tri2/21.3.acc exp/tri2/21.30.acc exp/tri2/21.4.acc exp/tri2/21.5.acc exp/tri2/21.6.acc exp/tri2/21.7.acc exp/tri2/21.8.acc exp/tri2/21.9.acc 
LOG (gmm-sum-accs[5.5.863~1-813b7]:main():gmm-sum-accs.cc:63) Summed 30 stats, total count 1.12482e+06, avg like/frame -48.1657
LOG (gmm-sum-accs[5.5.863~1-813b7]:main():gmm-sum-accs.cc:66) Total count of stats is 1.12482e+06
LOG (gmm-sum-accs[5.5.863~1-813b7]:main():gmm-sum-accs.cc:67) Written stats to -
LOG (gmm-est[5.5.863~1-813b7]:MleUpdate():transition-model.cc:528) TransitionModel::Update, objf change is 0 per frame over 1.12482e+06 frames. 
LOG (gmm-est[5.5.863~1-813b7]:MleUpdate():transition-model.cc:531) 47 probabilities floored, 0 out of 2081 transition-states skipped due to insuffient data (it is normal to have some skipped.)
LOG (gmm-est[5.5.863~1-813b7]:main():gmm-est.cc:102) Transition model update: Overall 0 log-like improvement per frame over 1.12482e+06 frames.
WARNING (gmm-est[5.5.863~1-813b7]:MleDiagGmmUpdate():mle-diag-gmm.cc:365) Gaussian has too little data but not removing it because it is the last Gaussian: i = 0, occ = 7, weight = 1
WARNING (gmm-est[5.5.863~1-813b7]:MleDiagGmmUpdate():mle-diag-gmm.cc:365) Gaussian has too little data but not removing it because it is the last Gaussian: i = 0, occ = 7, weight = 1
WARNING (gmm-est[5.5.863~1-813b7]:MleDiagGmmUpdate():mle-diag-gmm.cc:365) Gaussian has too little data but not removing it because it is the last Gaussian: i = 0, occ = 9, weight = 1
WARNING (gmm-est[5.5.863~1-813b7]:MleDiagGmmUpdate():mle-diag-gmm.cc:365) Gaussian has too little data but not removing it because it is the last Gaussian: i = 0, occ = 8, weight = 1
WARNING (gmm-est[5.5.863~1-813b7]:MleDiagGmmUpdate():mle-diag-gmm.cc:365) Gaussian has too little data but not removing it because it is the last Gaussian: i = 0, occ = 9, weight = 1
LOG (gmm-est[5.5.863~1-813b7]:MleAmDiagGmmUpdate():mle-am-diag-gmm.cc:225) 0 variance elements floored in 0 Gaussians, out of 12000
LOG (gmm-est[5.5.863~1-813b7]:MleAmDiagGmmUpdate():mle-am-diag-gmm.cc:229) Removed 0 Gaussians due to counts < --min-gaussian-occupancy=10 and --remove-low-count-gaussians=true
LOG (gmm-est[5.5.863~1-813b7]:main():gmm-est.cc:113) GMM update: Overall 0.0563303 objective function improvement per frame over 1.12482e+06 frames
LOG (gmm-est[5.5.863~1-813b7]:main():gmm-est.cc:116) GMM update: Overall avg like per frame = -48.1657 over 1.12482e+06 frames.
LOG (gmm-est[5.5.863~1-813b7]:SplitByCount():am-diag-gmm.cc:116) Split 2008 states with target = 12500, power = 0.25, perturb_factor = 0.01 and min_count = 20, split #Gauss from 12000 to 12500
LOG (gmm-est[5.5.863~1-813b7]:main():gmm-est.cc:146) Written model to exp/tri2/22.mdl
# Accounting: time=3 threads=1
# Ended (code 0) at Tue Jan  5 21:24:20 EST 2021, elapsed time 3 seconds
