# nnet-shuffle-egs --buffer-size=5000 --srand=1 ark:exp/tri4_nnet_1/egs/egs.13.0.ark ark:- | nnet-train-parallel --num-threads=16 --minibatch-size=128 --srand=1 "nnet-init --srand=1 exp/tri4_nnet_1/hidden.config - | nnet-insert exp/tri4_nnet_1/1.mdl - - |" ark:- exp/tri4_nnet_1/2.13.mdl 
# Started at Wed Jan  6 01:59:25 EST 2021
#
nnet-shuffle-egs --buffer-size=5000 --srand=1 ark:exp/tri4_nnet_1/egs/egs.13.0.ark ark:- 
nnet-train-parallel --num-threads=16 --minibatch-size=128 --srand=1 'nnet-init --srand=1 exp/tri4_nnet_1/hidden.config - | nnet-insert exp/tri4_nnet_1/1.mdl - - |' ark:- exp/tri4_nnet_1/2.13.mdl 
nnet-init --srand=1 exp/tri4_nnet_1/hidden.config - 
nnet-insert exp/tri4_nnet_1/1.mdl - - 
LOG (nnet-init[5.5.863~1-813b7]:main():nnet-init.cc:69) Initialized raw neural net and wrote it to -
LOG (nnet-insert[5.5.863~1-813b7]:main():nnet-insert.cc:106) Inserted 2 components at position 4
LOG (nnet-insert[5.5.863~1-813b7]:main():nnet-insert.cc:122) Randomized component index 6 with stddev 0.0057735
LOG (nnet-insert[5.5.863~1-813b7]:main():nnet-insert.cc:132) Write neural-net acoustic model to -
LOG (nnet-train-parallel[5.5.863~1-813b7]:GetScalingFactor():nnet-component.cc:1535) Limiting step size to 10 using scaling factor 0.999474, for component index 6
LOG (nnet-train-parallel[5.5.863~1-813b7]:GetScalingFactor():nnet-component.cc:1535) Limiting step size to 10 using scaling factor 0.984651, for component index 6
LOG (nnet-train-parallel[5.5.863~1-813b7]:GetScalingFactor():nnet-component.cc:1535) Limiting step size to 10 using scaling factor 0.999799, for component index 6
LOG (nnet-train-parallel[5.5.863~1-813b7]:GetScalingFactor():nnet-component.cc:1535) Limiting step size to 10 using scaling factor 0.972495, for component index 6
LOG (nnet-train-parallel[5.5.863~1-813b7]:GetScalingFactor():nnet-component.cc:1535) Limiting step size to 10 using scaling factor 0.97172, for component index 6
LOG (nnet-train-parallel[5.5.863~1-813b7]:GetScalingFactor():nnet-component.cc:1535) Limiting step size to 10 using scaling factor 0.999521, for component index 6
LOG (nnet-train-parallel[5.5.863~1-813b7]:GetScalingFactor():nnet-component.cc:1535) Limiting step size to 10 using scaling factor 0.997139, for component index 6
LOG (nnet-train-parallel[5.5.863~1-813b7]:GetScalingFactor():nnet-component.cc:1535) Limiting step size to 10 using scaling factor 0.995136, for component index 6
LOG (nnet-train-parallel[5.5.863~1-813b7]:GetScalingFactor():nnet-component.cc:1535) Limiting step size to 10 using scaling factor 0.993477, for component index 6
LOG (nnet-train-parallel[5.5.863~1-813b7]:GetScalingFactor():nnet-component.cc:1535) Limiting step size to 10 using scaling factor 0.987494, for component index 6
LOG (nnet-shuffle-egs[5.5.863~1-813b7]:main():nnet-shuffle-egs.cc:102) Shuffled order of 34478 neural-network training examples using a buffer (partial randomization)
LOG (nnet-train-parallel[5.5.863~1-813b7]:DoBackpropParallel():nnet-update-parallel.cc:194) Did backprop on 34478 examples, average log-prob per frame is -4.84217
LOG (nnet-train-parallel[5.5.863~1-813b7]:DoBackpropParallel():nnet-update-parallel.cc:196) [this line is to be parsed by a script:] log-prob-per-frame=-4.84217
LOG (nnet-train-parallel[5.5.863~1-813b7]:main():nnet-train-parallel.cc:102) Finished training, processed 34478 training examples (weighted).  Wrote model to exp/tri4_nnet_1/2.13.mdl
# Accounting: time=18 threads=1
# Ended (code 0) at Wed Jan  6 01:59:43 EST 2021, elapsed time 18 seconds
