# nnet-shuffle-egs --buffer-size=5000 --srand=0 ark:exp/tri4_nnet_2/egs/egs.4.0.ark ark:- | nnet-train-parallel --num-threads=16 --minibatch-size=128 --srand=0 exp/tri4_nnet_2/0.mdl ark:- exp/tri4_nnet_2/1.4.mdl 
# Started at Wed Jan  6 03:08:26 EST 2021
#
nnet-shuffle-egs --buffer-size=5000 --srand=0 ark:exp/tri4_nnet_2/egs/egs.4.0.ark ark:- 
nnet-train-parallel --num-threads=16 --minibatch-size=128 --srand=0 exp/tri4_nnet_2/0.mdl ark:- exp/tri4_nnet_2/1.4.mdl 
LOG (nnet-train-parallel[5.5.863~1-813b7]:GetScalingFactor():nnet-component.cc:1535) Limiting step size to 10 using scaling factor 0.65196, for component index 4
LOG (nnet-train-parallel[5.5.863~1-813b7]:GetScalingFactor():nnet-component.cc:1535) Limiting step size to 10 using scaling factor 0.646543, for component index 4
LOG (nnet-train-parallel[5.5.863~1-813b7]:GetScalingFactor():nnet-component.cc:1535) Limiting step size to 10 using scaling factor 0.657151, for component index 4
LOG (nnet-train-parallel[5.5.863~1-813b7]:GetScalingFactor():nnet-component.cc:1535) Limiting step size to 10 using scaling factor 0.65183, for component index 4
LOG (nnet-train-parallel[5.5.863~1-813b7]:GetScalingFactor():nnet-component.cc:1535) Limiting step size to 10 using scaling factor 0.643413, for component index 4
LOG (nnet-train-parallel[5.5.863~1-813b7]:GetScalingFactor():nnet-component.cc:1535) Limiting step size to 10 using scaling factor 0.659671, for component index 4
LOG (nnet-train-parallel[5.5.863~1-813b7]:GetScalingFactor():nnet-component.cc:1535) Limiting step size to 10 using scaling factor 0.63809, for component index 4
LOG (nnet-train-parallel[5.5.863~1-813b7]:GetScalingFactor():nnet-component.cc:1535) Limiting step size to 10 using scaling factor 0.658556, for component index 4
LOG (nnet-train-parallel[5.5.863~1-813b7]:GetScalingFactor():nnet-component.cc:1535) Limiting step size to 10 using scaling factor 0.648062, for component index 4
LOG (nnet-train-parallel[5.5.863~1-813b7]:GetScalingFactor():nnet-component.cc:1535) Limiting step size to 10 using scaling factor 0.667209, for component index 4
LOG (nnet-shuffle-egs[5.5.863~1-813b7]:main():nnet-shuffle-egs.cc:102) Shuffled order of 34488 neural-network training examples using a buffer (partial randomization)
LOG (nnet-train-parallel[5.5.863~1-813b7]:DoBackpropParallel():nnet-update-parallel.cc:194) Did backprop on 34488 examples, average log-prob per frame is -5.04151
LOG (nnet-train-parallel[5.5.863~1-813b7]:DoBackpropParallel():nnet-update-parallel.cc:196) [this line is to be parsed by a script:] log-prob-per-frame=-5.04151
LOG (nnet-train-parallel[5.5.863~1-813b7]:main():nnet-train-parallel.cc:102) Finished training, processed 34488 training examples (weighted).  Wrote model to exp/tri4_nnet_2/1.4.mdl
# Accounting: time=15 threads=1
# Ended (code 0) at Wed Jan  6 03:08:41 EST 2021, elapsed time 15 seconds
