# gmm-align-compiled --transition-scale=1.0 --acoustic-scale=0.1 --self-loop-scale=0.1 --beam=10 --retry-beam=40 --careful=false "gmm-boost-silence --boost=1.0 1 exp/tri3/final.mdl - |" "ark:gunzip -c exp/tri3_ali/fsts.8.gz|" "ark,s,cs:apply-cmvn  --utt2spk=ark:data/train/split30/8/utt2spk scp:data/train/split30/8/cmvn.scp scp:data/train/split30/8/feats.scp ark:- | splice-feats --left-context=3 --right-context=3 ark:- ark:- | transform-feats exp/tri3/final.mat ark:- ark:- | transform-feats --utt2spk=ark:data/train/split30/8/utt2spk ark:exp/tri3_ali/trans.8 ark:- ark:- |" "ark:|gzip -c >exp/tri3_ali/ali.8.gz" 
# Started at Tue Jan  5 17:22:29 EST 2021
#
gmm-align-compiled --transition-scale=1.0 --acoustic-scale=0.1 --self-loop-scale=0.1 --beam=10 --retry-beam=40 --careful=false 'gmm-boost-silence --boost=1.0 1 exp/tri3/final.mdl - |' 'ark:gunzip -c exp/tri3_ali/fsts.8.gz|' 'ark,s,cs:apply-cmvn  --utt2spk=ark:data/train/split30/8/utt2spk scp:data/train/split30/8/cmvn.scp scp:data/train/split30/8/feats.scp ark:- | splice-feats --left-context=3 --right-context=3 ark:- ark:- | transform-feats exp/tri3/final.mat ark:- ark:- | transform-feats --utt2spk=ark:data/train/split30/8/utt2spk ark:exp/tri3_ali/trans.8 ark:- ark:- |' 'ark:|gzip -c >exp/tri3_ali/ali.8.gz' 
gmm-boost-silence --boost=1.0 1 exp/tri3/final.mdl - 
LOG (gmm-boost-silence[5.5.863~1-813b7]:main():gmm-boost-silence.cc:93) Boosted weights for 3 pdfs, by factor of 1
LOG (gmm-boost-silence[5.5.863~1-813b7]:main():gmm-boost-silence.cc:103) Wrote model to -
apply-cmvn --utt2spk=ark:data/train/split30/8/utt2spk scp:data/train/split30/8/cmvn.scp scp:data/train/split30/8/feats.scp ark:- 
transform-feats exp/tri3/final.mat ark:- ark:- 
transform-feats --utt2spk=ark:data/train/split30/8/utt2spk ark:exp/tri3_ali/trans.8 ark:- ark:- 
splice-feats --left-context=3 --right-context=3 ark:- ark:- 
LOG (gmm-align-compiled[5.5.863~1-813b7]:main():gmm-align-compiled.cc:127) FSAK0_SI1300
LOG (gmm-align-compiled[5.5.863~1-813b7]:main():gmm-align-compiled.cc:127) FSAK0_SI1930
LOG (gmm-align-compiled[5.5.863~1-813b7]:main():gmm-align-compiled.cc:127) FSAK0_SI670
LOG (gmm-align-compiled[5.5.863~1-813b7]:main():gmm-align-compiled.cc:127) FSAK0_SX130
LOG (gmm-align-compiled[5.5.863~1-813b7]:main():gmm-align-compiled.cc:127) FSAK0_SX220
LOG (gmm-align-compiled[5.5.863~1-813b7]:main():gmm-align-compiled.cc:127) FSAK0_SX310
LOG (gmm-align-compiled[5.5.863~1-813b7]:main():gmm-align-compiled.cc:127) FSAK0_SX40
LOG (gmm-align-compiled[5.5.863~1-813b7]:main():gmm-align-compiled.cc:127) FSAK0_SX400
LOG (gmm-align-compiled[5.5.863~1-813b7]:main():gmm-align-compiled.cc:127) FSBK0_SI1069
LOG (gmm-align-compiled[5.5.863~1-813b7]:main():gmm-align-compiled.cc:127) FSBK0_SI1699
LOG (gmm-align-compiled[5.5.863~1-813b7]:main():gmm-align-compiled.cc:127) FSBK0_SI2329
LOG (gmm-align-compiled[5.5.863~1-813b7]:main():gmm-align-compiled.cc:127) FSBK0_SX169
LOG (gmm-align-compiled[5.5.863~1-813b7]:main():gmm-align-compiled.cc:127) FSBK0_SX259
LOG (gmm-align-compiled[5.5.863~1-813b7]:main():gmm-align-compiled.cc:127) FSBK0_SX349
LOG (gmm-align-compiled[5.5.863~1-813b7]:main():gmm-align-compiled.cc:127) FSBK0_SX439
LOG (gmm-align-compiled[5.5.863~1-813b7]:main():gmm-align-compiled.cc:127) FSBK0_SX79
LOG (gmm-align-compiled[5.5.863~1-813b7]:main():gmm-align-compiled.cc:127) FSCN0_SI1886
LOG (gmm-align-compiled[5.5.863~1-813b7]:main():gmm-align-compiled.cc:127) FSCN0_SI626
LOG (gmm-align-compiled[5.5.863~1-813b7]:main():gmm-align-compiled.cc:127) FSCN0_SI705
LOG (gmm-align-compiled[5.5.863~1-813b7]:main():gmm-align-compiled.cc:127) FSCN0_SX176
LOG (gmm-align-compiled[5.5.863~1-813b7]:main():gmm-align-compiled.cc:127) FSCN0_SX266
LOG (gmm-align-compiled[5.5.863~1-813b7]:main():gmm-align-compiled.cc:127) FSCN0_SX356
LOG (gmm-align-compiled[5.5.863~1-813b7]:main():gmm-align-compiled.cc:127) FSCN0_SX446
LOG (gmm-align-compiled[5.5.863~1-813b7]:main():gmm-align-compiled.cc:127) FSCN0_SX86
LOG (gmm-align-compiled[5.5.863~1-813b7]:main():gmm-align-compiled.cc:127) FSDC0_SI1312
LOG (gmm-align-compiled[5.5.863~1-813b7]:main():gmm-align-compiled.cc:127) FSDC0_SI1942
LOG (gmm-align-compiled[5.5.863~1-813b7]:main():gmm-align-compiled.cc:127) FSDC0_SI2234
LOG (gmm-align-compiled[5.5.863~1-813b7]:main():gmm-align-compiled.cc:127) FSDC0_SX142
LOG (gmm-align-compiled[5.5.863~1-813b7]:main():gmm-align-compiled.cc:127) FSDC0_SX232
LOG (gmm-align-compiled[5.5.863~1-813b7]:main():gmm-align-compiled.cc:127) FSDC0_SX322
LOG (gmm-align-compiled[5.5.863~1-813b7]:main():gmm-align-compiled.cc:127) FSDC0_SX412
LOG (gmm-align-compiled[5.5.863~1-813b7]:main():gmm-align-compiled.cc:127) FSDC0_SX52
LOG (gmm-align-compiled[5.5.863~1-813b7]:main():gmm-align-compiled.cc:127) FSDJ0_SI1115
LOG (gmm-align-compiled[5.5.863~1-813b7]:main():gmm-align-compiled.cc:127) FSDJ0_SI1745
LOG (gmm-align-compiled[5.5.863~1-813b7]:main():gmm-align-compiled.cc:127) FSDJ0_SI485
LOG (gmm-align-compiled[5.5.863~1-813b7]:main():gmm-align-compiled.cc:127) FSDJ0_SX125
LOG (gmm-align-compiled[5.5.863~1-813b7]:main():gmm-align-compiled.cc:127) FSDJ0_SX215
LOG (gmm-align-compiled[5.5.863~1-813b7]:main():gmm-align-compiled.cc:127) FSDJ0_SX305
LOG (gmm-align-compiled[5.5.863~1-813b7]:main():gmm-align-compiled.cc:127) FSDJ0_SX35
LOG (gmm-align-compiled[5.5.863~1-813b7]:main():gmm-align-compiled.cc:127) FSDJ0_SX395
LOG (gmm-align-compiled[5.5.863~1-813b7]:main():gmm-align-compiled.cc:127) FSGF0_SI1557
LOG (gmm-align-compiled[5.5.863~1-813b7]:main():gmm-align-compiled.cc:127) FSGF0_SI2187
LOG (gmm-align-compiled[5.5.863~1-813b7]:main():gmm-align-compiled.cc:127) FSGF0_SI927
LOG (gmm-align-compiled[5.5.863~1-813b7]:main():gmm-align-compiled.cc:127) FSGF0_SX117
LOG (gmm-align-compiled[5.5.863~1-813b7]:main():gmm-align-compiled.cc:127) FSGF0_SX207
LOG (gmm-align-compiled[5.5.863~1-813b7]:main():gmm-align-compiled.cc:127) FSGF0_SX27
LOG (gmm-align-compiled[5.5.863~1-813b7]:main():gmm-align-compiled.cc:127) FSGF0_SX297
LOG (gmm-align-compiled[5.5.863~1-813b7]:main():gmm-align-compiled.cc:127) FSGF0_SX387
LOG (gmm-align-compiled[5.5.863~1-813b7]:main():gmm-align-compiled.cc:127) FSJG0_SI1570
LOG (gmm-align-compiled[5.5.863~1-813b7]:main():gmm-align-compiled.cc:127) FSJG0_SI2200
LOG (gmm-align-compiled[5.5.863~1-813b7]:main():gmm-align-compiled.cc:127) FSJG0_SI940
LOG (gmm-align-compiled[5.5.863~1-813b7]:main():gmm-align-compiled.cc:127) FSJG0_SX130
LOG (gmm-align-compiled[5.5.863~1-813b7]:main():gmm-align-compiled.cc:127) FSJG0_SX220
LOG (gmm-align-compiled[5.5.863~1-813b7]:main():gmm-align-compiled.cc:127) FSJG0_SX310
LOG (gmm-align-compiled[5.5.863~1-813b7]:main():gmm-align-compiled.cc:127) FSJG0_SX40
LOG (gmm-align-compiled[5.5.863~1-813b7]:main():gmm-align-compiled.cc:127) FSJG0_SX400
LOG (gmm-align-compiled[5.5.863~1-813b7]:main():gmm-align-compiled.cc:127) FSJK1_SI1025
LOG (gmm-align-compiled[5.5.863~1-813b7]:main():gmm-align-compiled.cc:127) FSJK1_SI2285
LOG (gmm-align-compiled[5.5.863~1-813b7]:main():gmm-align-compiled.cc:127) FSJK1_SI696
LOG (gmm-align-compiled[5.5.863~1-813b7]:main():gmm-align-compiled.cc:127) FSJK1_SX125
LOG (gmm-align-compiled[5.5.863~1-813b7]:main():gmm-align-compiled.cc:127) FSJK1_SX215
LOG (gmm-align-compiled[5.5.863~1-813b7]:main():gmm-align-compiled.cc:127) FSJK1_SX305
LOG (gmm-align-compiled[5.5.863~1-813b7]:main():gmm-align-compiled.cc:127) FSJK1_SX35
LOG (gmm-align-compiled[5.5.863~1-813b7]:main():gmm-align-compiled.cc:127) FSJK1_SX395
LOG (gmm-align-compiled[5.5.863~1-813b7]:main():gmm-align-compiled.cc:127) FSJS0_SI1171
LOG (gmm-align-compiled[5.5.863~1-813b7]:main():gmm-align-compiled.cc:127) FSJS0_SI1801
LOG (gmm-align-compiled[5.5.863~1-813b7]:main():gmm-align-compiled.cc:127) FSJS0_SI541
LOG (gmm-align-compiled[5.5.863~1-813b7]:main():gmm-align-compiled.cc:127) FSJS0_SX181
LOG (gmm-align-compiled[5.5.863~1-813b7]:main():gmm-align-compiled.cc:127) FSJS0_SX271
LOG (gmm-align-compiled[5.5.863~1-813b7]:main():gmm-align-compiled.cc:127) FSJS0_SX361
LOG (gmm-align-compiled[5.5.863~1-813b7]:main():gmm-align-compiled.cc:127) FSJS0_SX451
LOG (gmm-align-compiled[5.5.863~1-813b7]:main():gmm-align-compiled.cc:127) FSJS0_SX91
LOG (gmm-align-compiled[5.5.863~1-813b7]:main():gmm-align-compiled.cc:127) FSJW0_SI1333
LOG (gmm-align-compiled[5.5.863~1-813b7]:main():gmm-align-compiled.cc:127) FSJW0_SI1963
LOG (gmm-align-compiled[5.5.863~1-813b7]:main():gmm-align-compiled.cc:127) FSJW0_SI703
LOG (gmm-align-compiled[5.5.863~1-813b7]:main():gmm-align-compiled.cc:127) FSJW0_SX163
LOG (gmm-align-compiled[5.5.863~1-813b7]:main():gmm-align-compiled.cc:127) FSJW0_SX253
LOG (gmm-align-compiled[5.5.863~1-813b7]:main():gmm-align-compiled.cc:127) FSJW0_SX343
LOG (gmm-align-compiled[5.5.863~1-813b7]:main():gmm-align-compiled.cc:127) FSJW0_SX433
LOG (gmm-align-compiled[5.5.863~1-813b7]:main():gmm-align-compiled.cc:127) FSJW0_SX73
LOG (gmm-align-compiled[5.5.863~1-813b7]:main():gmm-align-compiled.cc:127) FSKC0_SI1416
LOG (gmm-align-compiled[5.5.863~1-813b7]:main():gmm-align-compiled.cc:127) FSKC0_SI2046
LOG (gmm-align-compiled[5.5.863~1-813b7]:main():gmm-align-compiled.cc:127) FSKC0_SI786
LOG (gmm-align-compiled[5.5.863~1-813b7]:main():gmm-align-compiled.cc:127) FSKC0_SX156
LOG (gmm-align-compiled[5.5.863~1-813b7]:main():gmm-align-compiled.cc:127) FSKC0_SX246
LOG (gmm-align-compiled[5.5.863~1-813b7]:main():gmm-align-compiled.cc:127) FSKC0_SX336
LOG (gmm-align-compiled[5.5.863~1-813b7]:main():gmm-align-compiled.cc:127) FSKC0_SX426
LOG (gmm-align-compiled[5.5.863~1-813b7]:main():gmm-align-compiled.cc:127) FSKC0_SX66
LOG (gmm-align-compiled[5.5.863~1-813b7]:main():gmm-align-compiled.cc:127) FSKL0_SI1529
LOG (gmm-align-compiled[5.5.863~1-813b7]:main():gmm-align-compiled.cc:127) FSKL0_SI2159
LOG (gmm-align-compiled[5.5.863~1-813b7]:main():gmm-align-compiled.cc:127) FSKL0_SI899
LOG (gmm-align-compiled[5.5.863~1-813b7]:main():gmm-align-compiled.cc:127) FSKL0_SX179
LOG (gmm-align-compiled[5.5.863~1-813b7]:main():gmm-align-compiled.cc:127) FSKL0_SX269
LOG (gmm-align-compiled[5.5.863~1-813b7]:main():gmm-align-compiled.cc:127) FSKL0_SX359
LOG (gmm-align-compiled[5.5.863~1-813b7]:main():gmm-align-compiled.cc:127) FSKL0_SX449
LOG (gmm-align-compiled[5.5.863~1-813b7]:main():gmm-align-compiled.cc:127) FSKL0_SX89
LOG (gmm-align-compiled[5.5.863~1-813b7]:main():gmm-align-compiled.cc:127) FSKP0_SI1098
LOG (gmm-align-compiled[5.5.863~1-813b7]:main():gmm-align-compiled.cc:127) FSKP0_SI1728
LOG (gmm-align-compiled[5.5.863~1-813b7]:main():gmm-align-compiled.cc:127) FSKP0_SI468
LOG (gmm-align-compiled[5.5.863~1-813b7]:main():gmm-align-compiled.cc:127) FSKP0_SX108
LOG (gmm-align-compiled[5.5.863~1-813b7]:main():gmm-align-compiled.cc:127) FSKP0_SX18
LOG (gmm-align-compiled[5.5.863~1-813b7]:main():gmm-align-compiled.cc:127) FSKP0_SX198
LOG (gmm-align-compiled[5.5.863~1-813b7]:main():gmm-align-compiled.cc:127) FSKP0_SX288
LOG (gmm-align-compiled[5.5.863~1-813b7]:main():gmm-align-compiled.cc:127) FSKP0_SX378
LOG (gmm-align-compiled[5.5.863~1-813b7]:main():gmm-align-compiled.cc:127) FSLS0_SI1056
LOG (gmm-align-compiled[5.5.863~1-813b7]:main():gmm-align-compiled.cc:127) FSLS0_SI1686
LOG (gmm-align-compiled[5.5.863~1-813b7]:main():gmm-align-compiled.cc:127) FSLS0_SI2316
LOG (gmm-align-compiled[5.5.863~1-813b7]:main():gmm-align-compiled.cc:127) FSLS0_SX156
LOG (gmm-align-compiled[5.5.863~1-813b7]:main():gmm-align-compiled.cc:127) FSLS0_SX202
LOG (gmm-align-compiled[5.5.863~1-813b7]:main():gmm-align-compiled.cc:127) FSLS0_SX246
LOG (gmm-align-compiled[5.5.863~1-813b7]:main():gmm-align-compiled.cc:127) FSLS0_SX426
LOG (apply-cmvn[5.5.863~1-813b7]:main():apply-cmvn.cc:162) Applied cepstral mean normalization to 120 utterances, errors on 0
LOG (gmm-align-compiled[5.5.863~1-813b7]:main():gmm-align-compiled.cc:127) FSLS0_SX66
LOG (gmm-align-compiled[5.5.863~1-813b7]:main():gmm-align-compiled.cc:127) FSMA0_SI1621
LOG (gmm-align-compiled[5.5.863~1-813b7]:main():gmm-align-compiled.cc:127) FSMA0_SI2251
LOG (gmm-align-compiled[5.5.863~1-813b7]:main():gmm-align-compiled.cc:127) FSMA0_SI991
LOG (gmm-align-compiled[5.5.863~1-813b7]:main():gmm-align-compiled.cc:127) FSMA0_SX181
LOG (gmm-align-compiled[5.5.863~1-813b7]:main():gmm-align-compiled.cc:127) FSMA0_SX271
LOG (transform-feats[5.5.863~1-813b7]:main():transform-feats.cc:158) Overall average [pseudo-]logdet is -88.5311 over 37099 frames.
LOG (transform-feats[5.5.863~1-813b7]:main():transform-feats.cc:161) Applied transform to 120 utterances; 0 had errors.
LOG (gmm-align-compiled[5.5.863~1-813b7]:main():gmm-align-compiled.cc:127) FSMA0_SX361
LOG (gmm-align-compiled[5.5.863~1-813b7]:main():gmm-align-compiled.cc:127) FSMA0_SX451
LOG (transform-feats[5.5.863~1-813b7]:main():transform-feats.cc:158) Overall average logdet is 1.54224 over 37099 frames.
LOG (transform-feats[5.5.863~1-813b7]:main():transform-feats.cc:161) Applied transform to 120 utterances; 0 had errors.
LOG (gmm-align-compiled[5.5.863~1-813b7]:main():gmm-align-compiled.cc:127) FSMA0_SX91
LOG (gmm-align-compiled[5.5.863~1-813b7]:main():gmm-align-compiled.cc:135) Overall log-likelihood per frame is -46.0419 over 37099 frames.
LOG (gmm-align-compiled[5.5.863~1-813b7]:main():gmm-align-compiled.cc:137) Retried 0 out of 120 utterances.
LOG (gmm-align-compiled[5.5.863~1-813b7]:main():gmm-align-compiled.cc:139) Done 120, errors on 0
# Accounting: time=2 threads=1
# Ended (code 0) at Tue Jan  5 17:22:31 EST 2021, elapsed time 2 seconds
