# ali-to-post "ark:gunzip -c exp/tri3_ali/pre_ali.19.gz|" ark:- | weight-silence-post 0.0 1 exp/tri3/final.alimdl ark:- ark:- | gmm-post-to-gpost exp/tri3/final.alimdl "ark,s,cs:apply-cmvn  --utt2spk=ark:data/train/split30/19/utt2spk scp:data/train/split30/19/cmvn.scp scp:data/train/split30/19/feats.scp ark:- | splice-feats --left-context=3 --right-context=3 ark:- ark:- | transform-feats exp/tri3/final.mat ark:- ark:- |" ark:- ark:- | gmm-est-fmllr-gpost --fmllr-update-type=full --spk2utt=ark:data/train/split30/19/spk2utt exp/tri3/final.mdl "ark,s,cs:apply-cmvn  --utt2spk=ark:data/train/split30/19/utt2spk scp:data/train/split30/19/cmvn.scp scp:data/train/split30/19/feats.scp ark:- | splice-feats --left-context=3 --right-context=3 ark:- ark:- | transform-feats exp/tri3/final.mat ark:- ark:- |" ark,s,cs:- ark:exp/tri3_ali/trans.19 
# Started at Tue Jan  5 17:22:09 EST 2021
#
ali-to-post 'ark:gunzip -c exp/tri3_ali/pre_ali.19.gz|' ark:- 
weight-silence-post 0.0 1 exp/tri3/final.alimdl ark:- ark:- 
gmm-post-to-gpost exp/tri3/final.alimdl 'ark,s,cs:apply-cmvn  --utt2spk=ark:data/train/split30/19/utt2spk scp:data/train/split30/19/cmvn.scp scp:data/train/split30/19/feats.scp ark:- | splice-feats --left-context=3 --right-context=3 ark:- ark:- | transform-feats exp/tri3/final.mat ark:- ark:- |' ark:- ark:- 
gmm-est-fmllr-gpost --fmllr-update-type=full --spk2utt=ark:data/train/split30/19/spk2utt exp/tri3/final.mdl 'ark,s,cs:apply-cmvn  --utt2spk=ark:data/train/split30/19/utt2spk scp:data/train/split30/19/cmvn.scp scp:data/train/split30/19/feats.scp ark:- | splice-feats --left-context=3 --right-context=3 ark:- ark:- | transform-feats exp/tri3/final.mat ark:- ark:- |' ark,s,cs:- ark:exp/tri3_ali/trans.19 
splice-feats --left-context=3 --right-context=3 ark:- ark:- 
transform-feats exp/tri3/final.mat ark:- ark:- 
apply-cmvn --utt2spk=ark:data/train/split30/19/utt2spk scp:data/train/split30/19/cmvn.scp scp:data/train/split30/19/feats.scp ark:- 
splice-feats --left-context=3 --right-context=3 ark:- ark:- 
transform-feats exp/tri3/final.mat ark:- ark:- 
apply-cmvn --utt2spk=ark:data/train/split30/19/utt2spk scp:data/train/split30/19/cmvn.scp scp:data/train/split30/19/feats.scp ark:- 
LOG (gmm-est-fmllr-gpost[5.5.863~1-813b7]:ComputeFmllrMatrixDiagGmmFull():fmllr-diag-gmm.cc:262) fMLLR objf improvement is 8.46458 per frame over 2175 frames.
LOG (gmm-est-fmllr-gpost[5.5.863~1-813b7]:main():gmm-est-fmllr-gpost.cc:141) For speaker MJRG0, auxf-impr from fMLLR is 8.46458, over 2175 frames.

LOG (gmm-est-fmllr-gpost[5.5.863~1-813b7]:ComputeFmllrMatrixDiagGmmFull():fmllr-diag-gmm.cc:262) fMLLR objf improvement is 4.36221 per frame over 2185 frames.
LOG (gmm-est-fmllr-gpost[5.5.863~1-813b7]:main():gmm-est-fmllr-gpost.cc:141) For speaker MJRH0, auxf-impr from fMLLR is 4.36221, over 2185 frames.

LOG (gmm-est-fmllr-gpost[5.5.863~1-813b7]:ComputeFmllrMatrixDiagGmmFull():fmllr-diag-gmm.cc:262) fMLLR objf improvement is 5.83088 per frame over 2236 frames.
LOG (gmm-est-fmllr-gpost[5.5.863~1-813b7]:main():gmm-est-fmllr-gpost.cc:141) For speaker MJRH1, auxf-impr from fMLLR is 5.83088, over 2236 frames.

LOG (gmm-est-fmllr-gpost[5.5.863~1-813b7]:ComputeFmllrMatrixDiagGmmFull():fmllr-diag-gmm.cc:262) fMLLR objf improvement is 7.03871 per frame over 2035 frames.
LOG (gmm-est-fmllr-gpost[5.5.863~1-813b7]:main():gmm-est-fmllr-gpost.cc:141) For speaker MJRK0, auxf-impr from fMLLR is 7.03871, over 2035 frames.

LOG (gmm-est-fmllr-gpost[5.5.863~1-813b7]:ComputeFmllrMatrixDiagGmmFull():fmllr-diag-gmm.cc:262) fMLLR objf improvement is 5.01356 per frame over 1971 frames.
LOG (gmm-est-fmllr-gpost[5.5.863~1-813b7]:main():gmm-est-fmllr-gpost.cc:141) For speaker MJRP0, auxf-impr from fMLLR is 5.01356, over 1971 frames.

LOG (gmm-est-fmllr-gpost[5.5.863~1-813b7]:ComputeFmllrMatrixDiagGmmFull():fmllr-diag-gmm.cc:262) fMLLR objf improvement is 7.27551 per frame over 2528 frames.
LOG (gmm-est-fmllr-gpost[5.5.863~1-813b7]:main():gmm-est-fmllr-gpost.cc:141) For speaker MJSR0, auxf-impr from fMLLR is 7.27551, over 2528 frames.

LOG (gmm-est-fmllr-gpost[5.5.863~1-813b7]:ComputeFmllrMatrixDiagGmmFull():fmllr-diag-gmm.cc:262) fMLLR objf improvement is 6.38883 per frame over 2296 frames.
LOG (gmm-est-fmllr-gpost[5.5.863~1-813b7]:main():gmm-est-fmllr-gpost.cc:141) For speaker MJWG0, auxf-impr from fMLLR is 6.38882, over 2296 frames.

LOG (gmm-est-fmllr-gpost[5.5.863~1-813b7]:ComputeFmllrMatrixDiagGmmFull():fmllr-diag-gmm.cc:262) fMLLR objf improvement is 8.26866 per frame over 2452 frames.
LOG (gmm-est-fmllr-gpost[5.5.863~1-813b7]:main():gmm-est-fmllr-gpost.cc:141) For speaker MJWS0, auxf-impr from fMLLR is 8.26866, over 2452 frames.

LOG (gmm-est-fmllr-gpost[5.5.863~1-813b7]:ComputeFmllrMatrixDiagGmmFull():fmllr-diag-gmm.cc:262) fMLLR objf improvement is 7.40396 per frame over 2424 frames.
LOG (gmm-est-fmllr-gpost[5.5.863~1-813b7]:main():gmm-est-fmllr-gpost.cc:141) For speaker MJWT0, auxf-impr from fMLLR is 7.40396, over 2424 frames.

LOG (gmm-est-fmllr-gpost[5.5.863~1-813b7]:ComputeFmllrMatrixDiagGmmFull():fmllr-diag-gmm.cc:262) fMLLR objf improvement is 6.38643 per frame over 2034 frames.
LOG (gmm-est-fmllr-gpost[5.5.863~1-813b7]:main():gmm-est-fmllr-gpost.cc:141) For speaker MJXA0, auxf-impr from fMLLR is 6.38643, over 2034 frames.

LOG (gmm-est-fmllr-gpost[5.5.863~1-813b7]:ComputeFmllrMatrixDiagGmmFull():fmllr-diag-gmm.cc:262) fMLLR objf improvement is 4.30908 per frame over 2297 frames.
LOG (gmm-est-fmllr-gpost[5.5.863~1-813b7]:main():gmm-est-fmllr-gpost.cc:141) For speaker MJXL0, auxf-impr from fMLLR is 4.30908, over 2297 frames.

LOG (ali-to-post[5.5.863~1-813b7]:main():ali-to-post.cc:73) Converted 128 alignments.
LOG (gmm-est-fmllr-gpost[5.5.863~1-813b7]:ComputeFmllrMatrixDiagGmmFull():fmllr-diag-gmm.cc:262) fMLLR objf improvement is 5.08292 per frame over 2372 frames.
LOG (gmm-est-fmllr-gpost[5.5.863~1-813b7]:main():gmm-est-fmllr-gpost.cc:141) For speaker MKAG0, auxf-impr from fMLLR is 5.08292, over 2372 frames.

LOG (gmm-est-fmllr-gpost[5.5.863~1-813b7]:ComputeFmllrMatrixDiagGmmFull():fmllr-diag-gmm.cc:262) fMLLR objf improvement is 5.05193 per frame over 2205 frames.
LOG (gmm-est-fmllr-gpost[5.5.863~1-813b7]:main():gmm-est-fmllr-gpost.cc:141) For speaker MKAH0, auxf-impr from fMLLR is 5.05193, over 2205 frames.

LOG (gmm-est-fmllr-gpost[5.5.863~1-813b7]:ComputeFmllrMatrixDiagGmmFull():fmllr-diag-gmm.cc:262) fMLLR objf improvement is 3.74557 per frame over 1805 frames.
LOG (gmm-est-fmllr-gpost[5.5.863~1-813b7]:main():gmm-est-fmllr-gpost.cc:141) For speaker MKAJ0, auxf-impr from fMLLR is 3.74557, over 1805 frames.

LOG (weight-silence-post[5.5.863~1-813b7]:main():weight-silence-post.cc:95) Done 128 posteriors.
LOG (apply-cmvn[5.5.863~1-813b7]:main():apply-cmvn.cc:162) Applied cepstral mean normalization to 128 utterances, errors on 0
LOG (gmm-est-fmllr-gpost[5.5.863~1-813b7]:ComputeFmllrMatrixDiagGmmFull():fmllr-diag-gmm.cc:262) fMLLR objf improvement is 5.64385 per frame over 2329 frames.
LOG (gmm-est-fmllr-gpost[5.5.863~1-813b7]:main():gmm-est-fmllr-gpost.cc:141) For speaker MKAM0, auxf-impr from fMLLR is 5.64385, over 2329 frames.

LOG (apply-cmvn[5.5.863~1-813b7]:main():apply-cmvn.cc:162) Applied cepstral mean normalization to 128 utterances, errors on 0
LOG (transform-feats[5.5.863~1-813b7]:main():transform-feats.cc:158) Overall average [pseudo-]logdet is -88.5311 over 39541 frames.
LOG (transform-feats[5.5.863~1-813b7]:main():transform-feats.cc:161) Applied transform to 128 utterances; 0 had errors.
LOG (gmm-post-to-gpost[5.5.863~1-813b7]:main():gmm-post-to-gpost.cc:124) Done 128 files, 0 with no posteriors, 0 with other errors.
LOG (gmm-post-to-gpost[5.5.863~1-813b7]:main():gmm-post-to-gpost.cc:128) Overall avg like per frame (Gaussian only) = -47.1509 over 35552 frames.
LOG (gmm-post-to-gpost[5.5.863~1-813b7]:main():gmm-post-to-gpost.cc:131) Done converting post to gpost
LOG (transform-feats[5.5.863~1-813b7]:main():transform-feats.cc:158) Overall average [pseudo-]logdet is -88.5311 over 39541 frames.
LOG (transform-feats[5.5.863~1-813b7]:main():transform-feats.cc:161) Applied transform to 128 utterances; 0 had errors.
LOG (gmm-est-fmllr-gpost[5.5.863~1-813b7]:ComputeFmllrMatrixDiagGmmFull():fmllr-diag-gmm.cc:262) fMLLR objf improvement is 5.6352 per frame over 2208 frames.
LOG (gmm-est-fmllr-gpost[5.5.863~1-813b7]:main():gmm-est-fmllr-gpost.cc:141) For speaker MKDB0, auxf-impr from fMLLR is 5.6352, over 2208 frames.

LOG (gmm-est-fmllr-gpost[5.5.863~1-813b7]:main():gmm-est-fmllr-gpost.cc:186) Done 128 files, 0 with no gposts, 0 with other errors.
LOG (gmm-est-fmllr-gpost[5.5.863~1-813b7]:main():gmm-est-fmllr-gpost.cc:188) Overall fMLLR auxf impr per frame is 6.04468 over 35552 frames.
# Accounting: time=5 threads=1
# Ended (code 0) at Tue Jan  5 17:22:14 EST 2021, elapsed time 5 seconds
