# ali-to-post "ark:gunzip -c exp/tri3_ali/pre_ali.11.gz|" ark:- | weight-silence-post 0.0 1 exp/tri3/final.alimdl ark:- ark:- | gmm-post-to-gpost exp/tri3/final.alimdl "ark,s,cs:apply-cmvn  --utt2spk=ark:data/train/split30/11/utt2spk scp:data/train/split30/11/cmvn.scp scp:data/train/split30/11/feats.scp ark:- | splice-feats --left-context=3 --right-context=3 ark:- ark:- | transform-feats exp/tri3/final.mat ark:- ark:- |" ark:- ark:- | gmm-est-fmllr-gpost --fmllr-update-type=full --spk2utt=ark:data/train/split30/11/spk2utt exp/tri3/final.mdl "ark,s,cs:apply-cmvn  --utt2spk=ark:data/train/split30/11/utt2spk scp:data/train/split30/11/cmvn.scp scp:data/train/split30/11/feats.scp ark:- | splice-feats --left-context=3 --right-context=3 ark:- ark:- | transform-feats exp/tri3/final.mat ark:- ark:- |" ark,s,cs:- ark:exp/tri3_ali/trans.11 
# Started at Tue Jan  5 17:22:01 EST 2021
#
ali-to-post 'ark:gunzip -c exp/tri3_ali/pre_ali.11.gz|' ark:- 
gmm-post-to-gpost exp/tri3/final.alimdl 'ark,s,cs:apply-cmvn  --utt2spk=ark:data/train/split30/11/utt2spk scp:data/train/split30/11/cmvn.scp scp:data/train/split30/11/feats.scp ark:- | splice-feats --left-context=3 --right-context=3 ark:- ark:- | transform-feats exp/tri3/final.mat ark:- ark:- |' ark:- ark:- 
weight-silence-post 0.0 1 exp/tri3/final.alimdl ark:- ark:- 
gmm-est-fmllr-gpost --fmllr-update-type=full --spk2utt=ark:data/train/split30/11/spk2utt exp/tri3/final.mdl 'ark,s,cs:apply-cmvn  --utt2spk=ark:data/train/split30/11/utt2spk scp:data/train/split30/11/cmvn.scp scp:data/train/split30/11/feats.scp ark:- | splice-feats --left-context=3 --right-context=3 ark:- ark:- | transform-feats exp/tri3/final.mat ark:- ark:- |' ark,s,cs:- ark:exp/tri3_ali/trans.11 
transform-feats exp/tri3/final.mat ark:- ark:- 
splice-feats --left-context=3 --right-context=3 ark:- ark:- 
apply-cmvn --utt2spk=ark:data/train/split30/11/utt2spk scp:data/train/split30/11/cmvn.scp scp:data/train/split30/11/feats.scp ark:- 
splice-feats --left-context=3 --right-context=3 ark:- ark:- 
transform-feats exp/tri3/final.mat ark:- ark:- 
apply-cmvn --utt2spk=ark:data/train/split30/11/utt2spk scp:data/train/split30/11/cmvn.scp scp:data/train/split30/11/feats.scp ark:- 
LOG (gmm-est-fmllr-gpost[5.5.863~1-813b7]:ComputeFmllrMatrixDiagGmmFull():fmllr-diag-gmm.cc:262) fMLLR objf improvement is 8.14917 per frame over 2162 frames.
LOG (gmm-est-fmllr-gpost[5.5.863~1-813b7]:main():gmm-est-fmllr-gpost.cc:141) For speaker MBMA0, auxf-impr from fMLLR is 8.14917, over 2162 frames.

LOG (gmm-est-fmllr-gpost[5.5.863~1-813b7]:ComputeFmllrMatrixDiagGmmFull():fmllr-diag-gmm.cc:262) fMLLR objf improvement is 6.70823 per frame over 2136 frames.
LOG (gmm-est-fmllr-gpost[5.5.863~1-813b7]:main():gmm-est-fmllr-gpost.cc:141) For speaker MBMA1, auxf-impr from fMLLR is 6.70823, over 2136 frames.

LOG (gmm-est-fmllr-gpost[5.5.863~1-813b7]:ComputeFmllrMatrixDiagGmmFull():fmllr-diag-gmm.cc:262) fMLLR objf improvement is 7.32802 per frame over 1960 frames.
LOG (gmm-est-fmllr-gpost[5.5.863~1-813b7]:main():gmm-est-fmllr-gpost.cc:141) For speaker MBML0, auxf-impr from fMLLR is 7.32802, over 1960 frames.

LOG (gmm-est-fmllr-gpost[5.5.863~1-813b7]:ComputeFmllrMatrixDiagGmmFull():fmllr-diag-gmm.cc:262) fMLLR objf improvement is 5.10002 per frame over 1918 frames.
LOG (gmm-est-fmllr-gpost[5.5.863~1-813b7]:main():gmm-est-fmllr-gpost.cc:141) For speaker MBOM0, auxf-impr from fMLLR is 5.10002, over 1918 frames.

LOG (gmm-est-fmllr-gpost[5.5.863~1-813b7]:ComputeFmllrMatrixDiagGmmFull():fmllr-diag-gmm.cc:262) fMLLR objf improvement is 5.66269 per frame over 1463 frames.
LOG (gmm-est-fmllr-gpost[5.5.863~1-813b7]:main():gmm-est-fmllr-gpost.cc:141) For speaker MBSB0, auxf-impr from fMLLR is 5.66269, over 1463 frames.

LOG (gmm-est-fmllr-gpost[5.5.863~1-813b7]:ComputeFmllrMatrixDiagGmmFull():fmllr-diag-gmm.cc:262) fMLLR objf improvement is 6.39507 per frame over 2371 frames.
LOG (gmm-est-fmllr-gpost[5.5.863~1-813b7]:main():gmm-est-fmllr-gpost.cc:141) For speaker MBTH0, auxf-impr from fMLLR is 6.39507, over 2371 frames.

LOG (gmm-est-fmllr-gpost[5.5.863~1-813b7]:ComputeFmllrMatrixDiagGmmFull():fmllr-diag-gmm.cc:262) fMLLR objf improvement is 5.76308 per frame over 2197 frames.
LOG (gmm-est-fmllr-gpost[5.5.863~1-813b7]:main():gmm-est-fmllr-gpost.cc:141) For speaker MBWP0, auxf-impr from fMLLR is 5.76308, over 2197 frames.

LOG (gmm-est-fmllr-gpost[5.5.863~1-813b7]:ComputeFmllrMatrixDiagGmmFull():fmllr-diag-gmm.cc:262) fMLLR objf improvement is 9.14803 per frame over 2860 frames.
LOG (gmm-est-fmllr-gpost[5.5.863~1-813b7]:main():gmm-est-fmllr-gpost.cc:141) For speaker MCAE0, auxf-impr from fMLLR is 9.14803, over 2860 frames.

LOG (gmm-est-fmllr-gpost[5.5.863~1-813b7]:ComputeFmllrMatrixDiagGmmFull():fmllr-diag-gmm.cc:262) fMLLR objf improvement is 8.9741 per frame over 2193 frames.
LOG (gmm-est-fmllr-gpost[5.5.863~1-813b7]:main():gmm-est-fmllr-gpost.cc:141) For speaker MCAL0, auxf-impr from fMLLR is 8.9741, over 2193 frames.

LOG (gmm-est-fmllr-gpost[5.5.863~1-813b7]:ComputeFmllrMatrixDiagGmmFull():fmllr-diag-gmm.cc:262) fMLLR objf improvement is 5.52188 per frame over 2100 frames.
LOG (gmm-est-fmllr-gpost[5.5.863~1-813b7]:main():gmm-est-fmllr-gpost.cc:141) For speaker MCDC0, auxf-impr from fMLLR is 5.52188, over 2100 frames.

LOG (gmm-est-fmllr-gpost[5.5.863~1-813b7]:ComputeFmllrMatrixDiagGmmFull():fmllr-diag-gmm.cc:262) fMLLR objf improvement is 6.1454 per frame over 1853 frames.
LOG (gmm-est-fmllr-gpost[5.5.863~1-813b7]:main():gmm-est-fmllr-gpost.cc:141) For speaker MCDD0, auxf-impr from fMLLR is 6.1454, over 1853 frames.

LOG (ali-to-post[5.5.863~1-813b7]:main():ali-to-post.cc:73) Converted 120 alignments.
LOG (gmm-est-fmllr-gpost[5.5.863~1-813b7]:ComputeFmllrMatrixDiagGmmFull():fmllr-diag-gmm.cc:262) fMLLR objf improvement is 6.35058 per frame over 2493 frames.
LOG (gmm-est-fmllr-gpost[5.5.863~1-813b7]:main():gmm-est-fmllr-gpost.cc:141) For speaker MCDR0, auxf-impr from fMLLR is 6.35058, over 2493 frames.

LOG (gmm-est-fmllr-gpost[5.5.863~1-813b7]:ComputeFmllrMatrixDiagGmmFull():fmllr-diag-gmm.cc:262) fMLLR objf improvement is 3.84374 per frame over 2060 frames.
LOG (gmm-est-fmllr-gpost[5.5.863~1-813b7]:main():gmm-est-fmllr-gpost.cc:141) For speaker MCEF0, auxf-impr from fMLLR is 3.84374, over 2060 frames.

LOG (weight-silence-post[5.5.863~1-813b7]:main():weight-silence-post.cc:95) Done 120 posteriors.
LOG (apply-cmvn[5.5.863~1-813b7]:main():apply-cmvn.cc:162) Applied cepstral mean normalization to 120 utterances, errors on 0
LOG (gmm-est-fmllr-gpost[5.5.863~1-813b7]:ComputeFmllrMatrixDiagGmmFull():fmllr-diag-gmm.cc:262) fMLLR objf improvement is 6.56382 per frame over 2381 frames.
LOG (gmm-est-fmllr-gpost[5.5.863~1-813b7]:main():gmm-est-fmllr-gpost.cc:141) For speaker MCEW0, auxf-impr from fMLLR is 6.56382, over 2381 frames.

LOG (apply-cmvn[5.5.863~1-813b7]:main():apply-cmvn.cc:162) Applied cepstral mean normalization to 120 utterances, errors on 0
LOG (transform-feats[5.5.863~1-813b7]:main():transform-feats.cc:158) Overall average [pseudo-]logdet is -88.5311 over 36323 frames.
LOG (transform-feats[5.5.863~1-813b7]:main():transform-feats.cc:161) Applied transform to 120 utterances; 0 had errors.
LOG (gmm-post-to-gpost[5.5.863~1-813b7]:main():gmm-post-to-gpost.cc:124) Done 120 files, 0 with no posteriors, 0 with other errors.
LOG (gmm-post-to-gpost[5.5.863~1-813b7]:main():gmm-post-to-gpost.cc:128) Overall avg like per frame (Gaussian only) = -47.359 over 32287 frames.
LOG (gmm-post-to-gpost[5.5.863~1-813b7]:main():gmm-post-to-gpost.cc:131) Done converting post to gpost
LOG (transform-feats[5.5.863~1-813b7]:main():transform-feats.cc:158) Overall average [pseudo-]logdet is -88.5311 over 36323 frames.
LOG (transform-feats[5.5.863~1-813b7]:main():transform-feats.cc:161) Applied transform to 120 utterances; 0 had errors.
LOG (gmm-est-fmllr-gpost[5.5.863~1-813b7]:ComputeFmllrMatrixDiagGmmFull():fmllr-diag-gmm.cc:262) fMLLR objf improvement is 9.70054 per frame over 2140 frames.
LOG (gmm-est-fmllr-gpost[5.5.863~1-813b7]:main():gmm-est-fmllr-gpost.cc:141) For speaker MCHL0, auxf-impr from fMLLR is 9.70054, over 2140 frames.

LOG (gmm-est-fmllr-gpost[5.5.863~1-813b7]:main():gmm-est-fmllr-gpost.cc:186) Done 120 files, 0 with no gposts, 0 with other errors.
LOG (gmm-est-fmllr-gpost[5.5.863~1-813b7]:main():gmm-est-fmllr-gpost.cc:188) Overall fMLLR auxf impr per frame is 6.84998 over 32287 frames.
# Accounting: time=4 threads=1
# Ended (code 0) at Tue Jan  5 17:22:05 EST 2021, elapsed time 4 seconds
