# ali-to-post "ark:gunzip -c exp/tri3_ali/pre_ali.12.gz|" ark:- | weight-silence-post 0.0 1 exp/tri3/final.alimdl ark:- ark:- | gmm-post-to-gpost exp/tri3/final.alimdl "ark,s,cs:apply-cmvn  --utt2spk=ark:data/train/split30/12/utt2spk scp:data/train/split30/12/cmvn.scp scp:data/train/split30/12/feats.scp ark:- | splice-feats --left-context=3 --right-context=3 ark:- ark:- | transform-feats exp/tri3/final.mat ark:- ark:- |" ark:- ark:- | gmm-est-fmllr-gpost --fmllr-update-type=full --spk2utt=ark:data/train/split30/12/spk2utt exp/tri3/final.mdl "ark,s,cs:apply-cmvn  --utt2spk=ark:data/train/split30/12/utt2spk scp:data/train/split30/12/cmvn.scp scp:data/train/split30/12/feats.scp ark:- | splice-feats --left-context=3 --right-context=3 ark:- ark:- | transform-feats exp/tri3/final.mat ark:- ark:- |" ark,s,cs:- ark:exp/tri3_ali/trans.12 
# Started at Tue Jan  5 17:22:01 EST 2021
#
ali-to-post 'ark:gunzip -c exp/tri3_ali/pre_ali.12.gz|' ark:- 
gmm-est-fmllr-gpost --fmllr-update-type=full --spk2utt=ark:data/train/split30/12/spk2utt exp/tri3/final.mdl 'ark,s,cs:apply-cmvn  --utt2spk=ark:data/train/split30/12/utt2spk scp:data/train/split30/12/cmvn.scp scp:data/train/split30/12/feats.scp ark:- | splice-feats --left-context=3 --right-context=3 ark:- ark:- | transform-feats exp/tri3/final.mat ark:- ark:- |' ark,s,cs:- ark:exp/tri3_ali/trans.12 
weight-silence-post 0.0 1 exp/tri3/final.alimdl ark:- ark:- 
gmm-post-to-gpost exp/tri3/final.alimdl 'ark,s,cs:apply-cmvn  --utt2spk=ark:data/train/split30/12/utt2spk scp:data/train/split30/12/cmvn.scp scp:data/train/split30/12/feats.scp ark:- | splice-feats --left-context=3 --right-context=3 ark:- ark:- | transform-feats exp/tri3/final.mat ark:- ark:- |' ark:- ark:- 
splice-feats --left-context=3 --right-context=3 ark:- ark:- 
transform-feats exp/tri3/final.mat ark:- ark:- 
apply-cmvn --utt2spk=ark:data/train/split30/12/utt2spk scp:data/train/split30/12/cmvn.scp scp:data/train/split30/12/feats.scp ark:- 
splice-feats --left-context=3 --right-context=3 ark:- ark:- 
transform-feats exp/tri3/final.mat ark:- ark:- 
apply-cmvn --utt2spk=ark:data/train/split30/12/utt2spk scp:data/train/split30/12/cmvn.scp scp:data/train/split30/12/feats.scp ark:- 
LOG (gmm-est-fmllr-gpost[5.5.863~1-813b7]:ComputeFmllrMatrixDiagGmmFull():fmllr-diag-gmm.cc:262) fMLLR objf improvement is 5.82814 per frame over 2186 frames.
LOG (gmm-est-fmllr-gpost[5.5.863~1-813b7]:main():gmm-est-fmllr-gpost.cc:141) For speaker MCLK0, auxf-impr from fMLLR is 5.82814, over 2186 frames.

LOG (gmm-est-fmllr-gpost[5.5.863~1-813b7]:ComputeFmllrMatrixDiagGmmFull():fmllr-diag-gmm.cc:262) fMLLR objf improvement is 7.54655 per frame over 1748 frames.
LOG (gmm-est-fmllr-gpost[5.5.863~1-813b7]:main():gmm-est-fmllr-gpost.cc:141) For speaker MCLM0, auxf-impr from fMLLR is 7.54655, over 1748 frames.

LOG (gmm-est-fmllr-gpost[5.5.863~1-813b7]:ComputeFmllrMatrixDiagGmmFull():fmllr-diag-gmm.cc:262) fMLLR objf improvement is 5.53651 per frame over 2028 frames.
LOG (gmm-est-fmllr-gpost[5.5.863~1-813b7]:main():gmm-est-fmllr-gpost.cc:141) For speaker MCPM0, auxf-impr from fMLLR is 5.53651, over 2028 frames.

LOG (gmm-est-fmllr-gpost[5.5.863~1-813b7]:ComputeFmllrMatrixDiagGmmFull():fmllr-diag-gmm.cc:262) fMLLR objf improvement is 4.68945 per frame over 2149 frames.
LOG (gmm-est-fmllr-gpost[5.5.863~1-813b7]:main():gmm-est-fmllr-gpost.cc:141) For speaker MCRE0, auxf-impr from fMLLR is 4.68945, over 2149 frames.

LOG (gmm-est-fmllr-gpost[5.5.863~1-813b7]:ComputeFmllrMatrixDiagGmmFull():fmllr-diag-gmm.cc:262) fMLLR objf improvement is 4.39884 per frame over 2338 frames.
LOG (gmm-est-fmllr-gpost[5.5.863~1-813b7]:main():gmm-est-fmllr-gpost.cc:141) For speaker MCSS0, auxf-impr from fMLLR is 4.39884, over 2338 frames.

LOG (gmm-est-fmllr-gpost[5.5.863~1-813b7]:ComputeFmllrMatrixDiagGmmFull():fmllr-diag-gmm.cc:262) fMLLR objf improvement is 8.17276 per frame over 2180 frames.
LOG (gmm-est-fmllr-gpost[5.5.863~1-813b7]:main():gmm-est-fmllr-gpost.cc:141) For speaker MCTH0, auxf-impr from fMLLR is 8.17276, over 2180 frames.

LOG (gmm-est-fmllr-gpost[5.5.863~1-813b7]:ComputeFmllrMatrixDiagGmmFull():fmllr-diag-gmm.cc:262) fMLLR objf improvement is 4.24889 per frame over 2126 frames.
LOG (gmm-est-fmllr-gpost[5.5.863~1-813b7]:main():gmm-est-fmllr-gpost.cc:141) For speaker MCTM0, auxf-impr from fMLLR is 4.24889, over 2126 frames.

LOG (gmm-est-fmllr-gpost[5.5.863~1-813b7]:ComputeFmllrMatrixDiagGmmFull():fmllr-diag-gmm.cc:262) fMLLR objf improvement is 9.52667 per frame over 2166 frames.
LOG (gmm-est-fmllr-gpost[5.5.863~1-813b7]:main():gmm-est-fmllr-gpost.cc:141) For speaker MCXM0, auxf-impr from fMLLR is 9.52667, over 2166 frames.

LOG (gmm-est-fmllr-gpost[5.5.863~1-813b7]:ComputeFmllrMatrixDiagGmmFull():fmllr-diag-gmm.cc:262) fMLLR objf improvement is 5.20063 per frame over 2256 frames.
LOG (gmm-est-fmllr-gpost[5.5.863~1-813b7]:main():gmm-est-fmllr-gpost.cc:141) For speaker MDAC0, auxf-impr from fMLLR is 5.20063, over 2256 frames.

LOG (gmm-est-fmllr-gpost[5.5.863~1-813b7]:ComputeFmllrMatrixDiagGmmFull():fmllr-diag-gmm.cc:262) fMLLR objf improvement is 5.21392 per frame over 1969 frames.
LOG (gmm-est-fmllr-gpost[5.5.863~1-813b7]:main():gmm-est-fmllr-gpost.cc:141) For speaker MDAS0, auxf-impr from fMLLR is 5.21392, over 1969 frames.

LOG (gmm-est-fmllr-gpost[5.5.863~1-813b7]:ComputeFmllrMatrixDiagGmmFull():fmllr-diag-gmm.cc:262) fMLLR objf improvement is 7.2492 per frame over 2052 frames.
LOG (gmm-est-fmllr-gpost[5.5.863~1-813b7]:main():gmm-est-fmllr-gpost.cc:141) For speaker MDBB1, auxf-impr from fMLLR is 7.2492, over 2052 frames.

LOG (ali-to-post[5.5.863~1-813b7]:main():ali-to-post.cc:73) Converted 128 alignments.
LOG (gmm-est-fmllr-gpost[5.5.863~1-813b7]:ComputeFmllrMatrixDiagGmmFull():fmllr-diag-gmm.cc:262) fMLLR objf improvement is 6.35932 per frame over 2398 frames.
LOG (gmm-est-fmllr-gpost[5.5.863~1-813b7]:main():gmm-est-fmllr-gpost.cc:141) For speaker MDBP0, auxf-impr from fMLLR is 6.35932, over 2398 frames.

LOG (gmm-est-fmllr-gpost[5.5.863~1-813b7]:ComputeFmllrMatrixDiagGmmFull():fmllr-diag-gmm.cc:262) fMLLR objf improvement is 8.30039 per frame over 2112 frames.
LOG (gmm-est-fmllr-gpost[5.5.863~1-813b7]:main():gmm-est-fmllr-gpost.cc:141) For speaker MDCD0, auxf-impr from fMLLR is 8.30039, over 2112 frames.

LOG (gmm-est-fmllr-gpost[5.5.863~1-813b7]:ComputeFmllrMatrixDiagGmmFull():fmllr-diag-gmm.cc:262) fMLLR objf improvement is 6.96587 per frame over 2188 frames.
LOG (gmm-est-fmllr-gpost[5.5.863~1-813b7]:main():gmm-est-fmllr-gpost.cc:141) For speaker MDCM0, auxf-impr from fMLLR is 6.96587, over 2188 frames.

LOG (weight-silence-post[5.5.863~1-813b7]:main():weight-silence-post.cc:95) Done 128 posteriors.
LOG (apply-cmvn[5.5.863~1-813b7]:main():apply-cmvn.cc:162) Applied cepstral mean normalization to 128 utterances, errors on 0
LOG (gmm-est-fmllr-gpost[5.5.863~1-813b7]:ComputeFmllrMatrixDiagGmmFull():fmllr-diag-gmm.cc:262) fMLLR objf improvement is 5.92618 per frame over 2020 frames.
LOG (gmm-est-fmllr-gpost[5.5.863~1-813b7]:main():gmm-est-fmllr-gpost.cc:141) For speaker MDDC0, auxf-impr from fMLLR is 5.92618, over 2020 frames.

LOG (apply-cmvn[5.5.863~1-813b7]:main():apply-cmvn.cc:162) Applied cepstral mean normalization to 128 utterances, errors on 0
LOG (transform-feats[5.5.863~1-813b7]:main():transform-feats.cc:158) Overall average [pseudo-]logdet is -88.5311 over 37763 frames.
LOG (transform-feats[5.5.863~1-813b7]:main():transform-feats.cc:161) Applied transform to 128 utterances; 0 had errors.
LOG (gmm-post-to-gpost[5.5.863~1-813b7]:main():gmm-post-to-gpost.cc:124) Done 128 files, 0 with no posteriors, 0 with other errors.
LOG (gmm-post-to-gpost[5.5.863~1-813b7]:main():gmm-post-to-gpost.cc:128) Overall avg like per frame (Gaussian only) = -48.0523 over 34230 frames.
LOG (gmm-post-to-gpost[5.5.863~1-813b7]:main():gmm-post-to-gpost.cc:131) Done converting post to gpost
LOG (transform-feats[5.5.863~1-813b7]:main():transform-feats.cc:158) Overall average [pseudo-]logdet is -88.5311 over 37763 frames.
LOG (transform-feats[5.5.863~1-813b7]:main():transform-feats.cc:161) Applied transform to 128 utterances; 0 had errors.
LOG (gmm-est-fmllr-gpost[5.5.863~1-813b7]:ComputeFmllrMatrixDiagGmmFull():fmllr-diag-gmm.cc:262) fMLLR objf improvement is 5.25455 per frame over 2314 frames.
LOG (gmm-est-fmllr-gpost[5.5.863~1-813b7]:main():gmm-est-fmllr-gpost.cc:141) For speaker MDED0, auxf-impr from fMLLR is 5.25455, over 2314 frames.

LOG (gmm-est-fmllr-gpost[5.5.863~1-813b7]:main():gmm-est-fmllr-gpost.cc:186) Done 128 files, 0 with no gposts, 0 with other errors.
LOG (gmm-est-fmllr-gpost[5.5.863~1-813b7]:main():gmm-est-fmllr-gpost.cc:188) Overall fMLLR auxf impr per frame is 6.25276 over 34230 frames.
# Accounting: time=5 threads=1
# Ended (code 0) at Tue Jan  5 17:22:06 EST 2021, elapsed time 5 seconds
